2025-07-06 11:12:16,783 - INFO - Logging initialized. Log file at: logs/20250706_111216_rsv-a_02.1_prep_metadata_nextstrain.log
2025-07-06 11:12:16,783 - INFO - Loading raw metadata from data/raw/rsv-a/raw_metadata.tsv...
2025-07-06 11:12:17,025 - INFO - Step 1: Applying quality filters from config...
2025-07-06 11:12:17,036 - INFO -   Filter 'accession notna None': Removed 0 rows.
2025-07-06 11:12:17,043 - INFO -   Filter 'date notna None': Removed 0 rows.
2025-07-06 11:12:17,052 - INFO -   Filter 'qc.overallStatus == good': Removed 960 rows.
2025-07-06 11:12:17,060 - INFO -   Filter 'missing_data <= 3': Removed 3889 rows.
2025-07-06 11:12:17,060 - INFO - Step 2: Checking for special characters in ID...
2025-07-06 11:12:17,078 - INFO -   Filter 'Special Chars in ID': Removed 0 rows.
2025-07-06 11:12:17,078 - INFO - Step 3: Processing lineage column...
2025-07-06 11:12:17,078 - INFO - Using source column 'clade' for lineage information.
2025-07-06 11:12:17,084 - INFO -   Identified and removed 0 non-classified rows (missing 'clade').
2025-07-06 11:12:17,084 - INFO - Step 4: Performing final formatting...
2025-07-06 11:12:17,088 - INFO - Formatting date columns...
2025-07-06 11:12:17,089 - INFO -   - Analyzing and formatting 'Collection date'
2025-07-06 11:12:17,105 - INFO -     Removed 2258 rows with incomplete 'XXXX' dates.
2025-07-06 11:12:17,157 - INFO -     Date format statistics for 'Collection date':
2025-07-06 11:12:17,157 - INFO -       YYYY-MM-DD format: 15643
2025-07-06 11:12:17,157 - INFO -       YYYY-MM format   : 0
2025-07-06 11:12:17,157 - INFO -       YYYY format      : 0
2025-07-06 11:12:17,157 - INFO -       Other/unparseable: 8992
2025-07-06 11:12:17,157 - INFO -       Missing (NA)     : 0
2025-07-06 11:12:17,210 - INFO -   - Analyzing and formatting 'Submission date'
2025-07-06 11:12:17,270 - INFO -     Date format statistics for 'Submission date':
2025-07-06 11:12:17,270 - INFO -       YYYY-MM-DD format: 24635
2025-07-06 11:12:17,270 - INFO -       YYYY-MM format   : 0
2025-07-06 11:12:17,270 - INFO -       YYYY format      : 0
2025-07-06 11:12:17,270 - INFO -       Other/unparseable: 0
2025-07-06 11:12:17,270 - INFO -       Missing (NA)     : 0
2025-07-06 11:12:17,325 - INFO - Formatting 'Location' column by combining 'region' and 'country'...
2025-07-06 11:12:17,577 - INFO - Preprocessing complete. Final dataset has 24635 rows.
2025-07-06 11:12:17,582 - INFO - Saving processed metadata (24635 rows) to data/processed/rsv-a/metadata.tsv...
2025-07-06 11:12:17,635 - INFO - Saving 7107 quality-filtered sequence IDs to data/processed/rsv-a/filtered_sequence_ids.txt...
2025-07-06 11:12:17,635 - INFO - Saving 0 non-classified sequence IDs to data/processed/rsv-a/non_classified_sequence_ids.txt...
2025-07-06 11:12:17,635 - INFO - Script finished successfully.
