2025-07-15 16:15:06,952 - INFO - Logging initialized. Log file at: logs/20250715_161506_monkeypox_02.1_prep_metadata_ncbi.log
2025-07-15 16:15:06,952 - INFO - Loading raw metadata from data/raw/monkeypox/raw_metadata.tsv...
2025-07-15 16:15:07,033 - INFO - Step 1: Applying quality filters from config and checking for special characters in ID...
2025-07-15 16:15:07,038 - INFO -   Filter 'Isolate Collection date notna None': Removed 474 rows.
2025-07-15 16:15:07,041 - INFO -   Filter 'Accession notna None': Removed 0 rows.
2025-07-15 16:15:07,044 - INFO -   Filter 'Length notna None': Removed 0 rows.
2025-07-15 16:15:07,047 - INFO -   Filter 'Length >= 180000': Removed 187 rows.
2025-07-15 16:15:07,054 - INFO -   Filter 'Special Chars in ID': Removed 0 rows.
2025-07-15 16:15:07,054 - INFO - Step 2: Processing lineage column...
2025-07-15 16:15:07,054 - INFO - Using source column 'Virus Pangolin Classification' for lineage information.
2025-07-15 16:15:07,060 - INFO -   Identified and removed 1411 non-classified rows (missing 'Virus Pangolin Classification').
2025-07-15 16:15:07,061 - INFO - Step 3: Performing final formatting on date and location columns...
2025-07-15 16:15:07,063 - INFO - Formatting date columns...
2025-07-15 16:15:07,063 - INFO -   - Analyzing and formatting 'Collection date'
2025-07-15 16:15:07,082 - INFO -     Date format statistics for 'Collection date':
2025-07-15 16:15:07,082 - INFO -       YYYY-MM-DD format: 4276
2025-07-15 16:15:07,082 - INFO -       YYYY-MM format   : 3901
2025-07-15 16:15:07,082 - INFO -       YYYY format      : 273
2025-07-15 16:15:07,082 - INFO -       Other/unparseable: 0
2025-07-15 16:15:07,082 - INFO -       Missing (NA)     : 0
2025-07-15 16:15:07,102 - INFO -   - Analyzing and formatting 'Submission date'
2025-07-15 16:15:07,121 - INFO -     Date format statistics for 'Submission date':
2025-07-15 16:15:07,121 - INFO -       YYYY-MM-DD format: 0
2025-07-15 16:15:07,121 - INFO -       YYYY-MM format   : 0
2025-07-15 16:15:07,121 - INFO -       YYYY format      : 0
2025-07-15 16:15:07,121 - INFO -       Other/unparseable: 8450
2025-07-15 16:15:07,121 - INFO -       Missing (NA)     : 0
2025-07-15 16:15:07,138 - INFO - Formatting 'Location' column by combining 'Geographic Region' and 'Geographic Location'...
2025-07-15 16:15:07,230 - INFO - Preprocessing complete. Final dataset has 8450 rows.
2025-07-15 16:15:07,232 - INFO - Saving processed metadata (8450 rows) to data/processed/monkeypox/metadata.tsv...
2025-07-15 16:15:07,252 - INFO - Saving 661 quality-filtered sequence IDs to data/processed/monkeypox/filtered_sequence_ids.txt...
2025-07-15 16:15:07,252 - INFO - Saving 1411 non-classified sequence IDs to data/processed/monkeypox/non_classified_sequence_ids.txt...
2025-07-15 16:15:07,252 - INFO - Script finished successfully.
