2025-07-13 14:43:57,427 - INFO - Logging initialized. Log file at: logs/20250713_144357_yellow-fever_06_run_recombinhunt.log
2025-07-13 14:43:57,427 - INFO - --- Starting Step 6: Run RecombinHunt for 'yellow-fever' ---
2025-07-13 14:43:57,427 - INFO - Loading RecombinHunt environment from: environments/yellow-fever/dist3size10
2025-07-13 14:43:57,480 - INFO - Loading lineage totals from 'samples/yellow-fever/dist3size10/samples_total.json'
2025-07-13 14:43:57,481 - INFO - Found 3 sample files in 'samples/yellow-fever/dist3size10'.
2025-07-13 14:43:57,599 - INFO -   Lineage 'A.1.NmC2', Mode 'all': Processing all 193 samples.
2025-07-13 14:44:02,567 - INFO -   Lineage 'A.1.NmC1', Mode 'all': Processing all 380 samples.
2025-07-13 14:44:14,464 - INFO -   Lineage 'A.1', Mode 'all': Processing all 836 samples.
2025-07-13 14:44:25,033 - WARNING - Gap made of only target mutations (How can it be? It's an almost impossible condition). Target mutation that minimizes the loss has been assigned to the right region).
2025-07-13 14:44:26,592 - WARNING - Gap made of only target mutations (How can it be? It's an almost impossible condition). Target mutation that minimizes the loss has been assigned to the right region).
2025-07-13 14:44:26,963 - WARNING - Gap made of only target mutations (How can it be? It's an almost impossible condition). Target mutation that minimizes the loss has been assigned to the right region).
2025-07-13 14:44:31,497 - WARNING - Gap made of only target mutations (How can it be? It's an almost impossible condition). Target mutation that minimizes the loss has been assigned to the right region).
2025-07-13 14:44:32,089 - WARNING - Gap made of only target mutations (How can it be? It's an almost impossible condition). Target mutation that minimizes the loss has been assigned to the right region).
2025-07-13 14:44:33,791 - ERROR -   Error on one sample in lineage A.1: No candidates found searching in both directions.
Traceback (most recent call last):
  File "/home/topcuoglu/openrecombinhunt/src/06_recombinhunt/run_recombinhunt.py", line 159, in run_recombinhunt_for_lineage
    result = experiment.run()
  File "/home/topcuoglu/openrecombinhunt/libs/recombinhunt-cov-7.0.0/src/recombinhunt/core/method.py", line 663, in run
    L1_reg: Region = search_L(self.merged_df, self.p_merged_df, self.change_probabilities, min_target_len=self.MIN_CANDIDATE_REGION_LENGTH, cache=self.cache)
  File "/home/topcuoglu/openrecombinhunt/libs/recombinhunt-cov-7.0.0/src/recombinhunt/core/method.py", line 1035, in search_L
    raise NoCandidatesFound("No candidates found searching in both directions.")
recombinhunt.core.method.NoCandidatesFound: No candidates found searching in both directions.
2025-07-13 14:44:36,969 - ERROR -   Error on one sample in lineage A.1: Reindexing only valid with uniquely valued Index objects
Traceback (most recent call last):
  File "/home/topcuoglu/openrecombinhunt/src/06_recombinhunt/run_recombinhunt.py", line 158, in run_recombinhunt_for_lineage
    experiment.set_target(nuc_change_data_list)
  File "/home/topcuoglu/openrecombinhunt/libs/recombinhunt-cov-7.0.0/src/recombinhunt/core/method.py", line 567, in set_target
    self.merged_df = self.env.make_merged_df(seq_df)
  File "/home/topcuoglu/openrecombinhunt/libs/recombinhunt-cov-7.0.0/src/recombinhunt/core/environment.py", line 104, in make_merged_df
    target_and_not_lc_df = pd.concat([
  File "/home/topcuoglu/.local/lib/python3.10/site-packages/pandas/core/reshape/concat.py", line 393, in concat
    return op.get_result()
  File "/home/topcuoglu/.local/lib/python3.10/site-packages/pandas/core/reshape/concat.py", line 676, in get_result
    indexers[ax] = obj_labels.get_indexer(new_labels)
  File "/home/topcuoglu/.local/lib/python3.10/site-packages/pandas/core/indexes/base.py", line 3874, in get_indexer
    raise InvalidIndexError(self._requires_unique_msg)
pandas.errors.InvalidIndexError: Reindexing only valid with uniquely valued Index objects
2025-07-13 14:44:42,399 - INFO - Text report saved to: results/recombinhunt_output/yellow-fever/dist3size10/experiment-output.all.txt
2025-07-13 14:44:42,399 - INFO - HTML report saved to: results/recombinhunt_output/yellow-fever/dist3size10/experiment-detail.all.html
2025-07-13 14:44:42,400 - INFO - RecombinHunt experiment step finished successfully.
