2025-07-18 08:39:08,214 - INFO - Logging initialized. Log file at: logs/20250718_083908_sars-cov-2_02.1_prep_metadata_nextstrain.log
2025-07-18 08:39:08,232 - INFO - Loading raw metadata from data/raw/sars-cov-2/raw_metadata.tsv...
2025-07-18 08:43:40,086 - INFO - Starting preprocessing of Nextstrain metadata with 9351099 rows.
2025-07-18 08:43:40,086 - INFO - Step 1: Applying quality filters from config...
2025-07-18 08:43:47,890 - INFO -   Filter 'missing_data < 589': Removed 1931672 rows.
2025-07-18 08:43:54,995 - INFO -   Filter 'coverage >= 0.99': Removed 1914663 rows.
2025-07-18 08:43:59,360 - INFO -   Filter 'virus == ncov': Removed 0 rows.
2025-07-18 08:44:03,542 - INFO -   Filter 'virus notna None': Removed 0 rows.
2025-07-18 08:44:07,839 - INFO -   Filter 'length notna None': Removed 0 rows.
2025-07-18 08:44:12,341 - INFO -   Filter 'date_submitted notna None': Removed 0 rows.
2025-07-18 08:44:16,819 - INFO -   Filter 'QC_overall_status notna None': Removed 0 rows.
2025-07-18 08:44:22,134 - INFO -   Filter 'QC_overall_status != bad': Removed 143624 rows.
2025-07-18 08:44:26,520 - INFO -   Filter 'QC_missing_data == good': Removed 0 rows.
2025-07-18 08:44:31,298 - INFO -   Filter 'QC_frame_shifts == good': Removed 71750 rows.
2025-07-18 08:44:36,171 - INFO -   Filter 'QC_stop_codons == good': Removed 8760 rows.
2025-07-18 08:44:41,304 - INFO -   Filter 'QC_mixed_sites == good': Removed 258033 rows.
2025-07-18 08:44:41,304 - INFO - Step 3: Processing lineage column...
2025-07-18 08:44:41,304 - INFO - Using source column 'pango_lineage' for lineage information.
2025-07-18 08:44:45,164 - INFO -   Identified and removed 0 non-classified rows (missing 'pango_lineage').
2025-07-18 08:44:45,164 - INFO - Step 4: Performing final formatting...
2025-07-18 08:44:48,767 - INFO - Formatting date columns...
2025-07-18 08:44:51,444 - INFO -   - Analyzing and formatting 'Collection date'
2025-07-18 08:45:01,758 - INFO -     Removed 423 rows with incomplete 'XXXX' dates.
2025-07-18 08:45:12,308 - INFO -     Date format statistics for 'Collection date':
2025-07-18 08:45:12,308 - INFO -       YYYY-MM-DD format: 4992986
2025-07-18 08:45:12,309 - INFO -       YYYY-MM format   : 17740
2025-07-18 08:45:12,309 - INFO -       YYYY format      : 10813
2025-07-18 08:45:12,309 - INFO -       Other/unparseable: 624
2025-07-18 08:45:12,309 - INFO -       Missing (NA)     : 11
2025-07-18 08:45:24,103 - INFO -   - Analyzing and formatting 'Submission date'
2025-07-18 08:45:36,136 - INFO -     Date format statistics for 'Submission date':
2025-07-18 08:45:36,136 - INFO -       YYYY-MM-DD format: 5022174
2025-07-18 08:45:36,136 - INFO -       YYYY-MM format   : 0
2025-07-18 08:45:36,137 - INFO -       YYYY format      : 0
2025-07-18 08:45:36,137 - INFO -       Other/unparseable: 0
2025-07-18 08:45:36,137 - INFO -       Missing (NA)     : 0
2025-07-18 08:45:51,468 - INFO - Formatting 'Location' column by combining 'region' and 'country'...
2025-07-18 08:46:51,023 - INFO - Preprocessing complete. Final dataset has 5022174 rows.
2025-07-18 08:46:58,650 - INFO - Saving processed metadata (5022174 rows) to data/processed/sars-cov-2/metadata.tsv...
2025-07-18 08:48:13,169 - INFO - Saving 4328925 quality-filtered sequence IDs to data/processed/sars-cov-2/filtered_sequence_ids.txt...
2025-07-18 08:48:13,723 - INFO - Saving 0 non-classified sequence IDs to data/processed/sars-cov-2/non_classified_sequence_ids.txt...
2025-07-18 08:48:13,724 - INFO - Script finished successfully.
