2025-08-30 15:39:17,169 - INFO - Logging initialized. Log file at: logs/20250830_153917_monkeypox_02.1_prep_metadata_ncbi.log
2025-08-30 15:39:17,169 - INFO - Loading raw metadata from data/raw/monkeypox/raw_metadata.tsv...
2025-08-30 15:39:17,255 - INFO - Step 1: Applying quality filters from config and checking for special characters in ID...
2025-08-30 15:39:17,260 - INFO -   Filter 'Isolate Collection date notna None': Removed 477 rows.
2025-08-30 15:39:17,264 - INFO -   Filter 'Accession notna None': Removed 0 rows.
2025-08-30 15:39:17,266 - INFO -   Filter 'Length notna None': Removed 0 rows.
2025-08-30 15:39:17,270 - INFO -   Filter 'Length >= 177488': Removed 280 rows.
2025-08-30 15:39:17,278 - INFO -   Filter 'Special Chars in ID': Removed 0 rows.
2025-08-30 15:39:17,278 - INFO - Step 2: Processing lineage column...
2025-08-30 15:39:17,278 - INFO - Using source column 'Virus Pangolin Classification' for lineage information.
2025-08-30 15:39:17,284 - INFO -   Identified and removed 1416 non-classified rows (missing 'Virus Pangolin Classification').
2025-08-30 15:39:17,284 - INFO - Step 3: Performing final formatting on date and location columns...
2025-08-30 15:39:17,286 - INFO - Formatting date columns...
2025-08-30 15:39:17,286 - INFO -   - Analyzing and formatting 'Collection date'
2025-08-30 15:39:17,305 - INFO -     Date format statistics for 'Collection date':
2025-08-30 15:39:17,305 - INFO -       YYYY-MM-DD format: 4341
2025-08-30 15:39:17,305 - INFO -       YYYY-MM format   : 3970
2025-08-30 15:39:17,305 - INFO -       YYYY format      : 273
2025-08-30 15:39:17,305 - INFO -       Other/unparseable: 0
2025-08-30 15:39:17,305 - INFO -       Missing (NA)     : 0
2025-08-30 15:39:17,327 - INFO -   - Analyzing and formatting 'Submission date'
2025-08-30 15:39:17,346 - INFO -     Date format statistics for 'Submission date':
2025-08-30 15:39:17,346 - INFO -       YYYY-MM-DD format: 0
2025-08-30 15:39:17,346 - INFO -       YYYY-MM format   : 0
2025-08-30 15:39:17,346 - INFO -       YYYY format      : 0
2025-08-30 15:39:17,346 - INFO -       Other/unparseable: 8584
2025-08-30 15:39:17,346 - INFO -       Missing (NA)     : 0
2025-08-30 15:39:17,363 - INFO - Formatting 'Location' column by combining 'Geographic Region' and 'Geographic Location'...
2025-08-30 15:39:17,455 - INFO - Preprocessing complete. Final dataset has 8584 rows.
2025-08-30 15:39:17,456 - INFO - Saving processed metadata (8584 rows) to data/processed/monkeypox/metadata.tsv...
2025-08-30 15:39:17,480 - INFO - Saving 757 quality-filtered sequence IDs to data/processed/monkeypox/filtered_sequence_ids.txt...
2025-08-30 15:39:17,480 - INFO - Saving 1416 non-classified sequence IDs to data/processed/monkeypox/non_classified_sequence_ids.txt...
2025-08-30 15:39:17,480 - INFO - Script finished successfully.
