2025-08-30 17:26:54,258 - INFO - Logging initialized. Log file at: logs/20250830_172654_sars-cov-2_06_run_recombinhunt.log
2025-08-30 17:26:54,259 - INFO - --- Starting Step 6: Run RecombinHunt for 'sars-cov-2' ---
2025-08-30 17:26:54,260 - INFO - Loading RecombinHunt environment from: environments/sars-cov-2/dist0size0
2025-08-30 17:27:10,114 - INFO - Loading lineage totals from 'samples/sars-cov-2/dist0size0/samples_total.json'
2025-08-30 17:27:10,116 - INFO - Found 132 sample files in 'samples/sars-cov-2/dist0size0'.
2025-08-30 17:27:10,127 - INFO -   Lineage 'XCJ', Mode 'random': Requested 100, available 1. Processing all available.
2025-08-30 17:27:14,173 - INFO -   Lineage 'XG', Mode 'random': Sampled 100 of 319 available.
2025-08-30 17:32:25,552 - INFO -   Lineage 'XM', Mode 'random': Sampled 100 of 188 available.
2025-08-30 17:37:34,600 - INFO -   Lineage 'XAT', Mode 'random': Requested 100, available 2. Processing all available.
2025-08-30 17:37:41,988 - INFO -   Lineage 'XDV', Mode 'random': Requested 100, available 7. Processing all available.
2025-08-30 17:38:02,520 - INFO -   Lineage 'XCV', Mode 'random': Requested 100, available 58. Processing all available.
2025-08-30 17:41:18,517 - INFO -   Lineage 'XCL', Mode 'random': Requested 100, available 71. Processing all available.
2025-08-30 17:45:44,708 - INFO -   Lineage 'XD', Mode 'random': Requested 100, available 11. Processing all available.
2025-08-30 17:46:26,417 - INFO -   Lineage 'XS', Mode 'random': Requested 100, available 23. Processing all available.
2025-08-30 17:47:37,401 - INFO -   Lineage 'XAM', Mode 'random': Requested 100, available 73. Processing all available.
2025-08-30 17:51:23,656 - INFO -   Lineage 'XFP', Mode 'random': Requested 100, available 9. Processing all available.
2025-08-30 17:51:56,271 - INFO -   Lineage 'XAF', Mode 'random': Requested 100, available 30. Processing all available.
2025-08-30 17:53:32,062 - INFO -   Lineage 'XEJ', Mode 'random': Requested 100, available 6. Processing all available.
2025-08-30 17:53:51,069 - INFO -   Lineage 'XF', Mode 'random': Requested 100, available 20. Processing all available.
2025-08-30 17:54:52,494 - INFO -   Lineage 'XAC', Mode 'random': Requested 100, available 37. Processing all available.
2025-08-30 17:57:09,670 - INFO -   Lineage 'XDK', Mode 'random': Sampled 100 of 150 available.
2025-08-30 18:02:28,500 - INFO -   Lineage 'XDH', Mode 'random': Requested 100, available 2. Processing all available.
2025-08-30 18:02:34,867 - INFO -   Lineage 'XAP', Mode 'random': Requested 100, available 41. Processing all available.
2025-08-30 18:05:09,380 - INFO -   Lineage 'XEE', Mode 'random': Requested 100, available 28. Processing all available.
2025-08-30 18:06:35,699 - INFO -   Lineage 'XAL', Mode 'random': Requested 100, available 60. Processing all available.
2025-08-30 18:09:41,494 - INFO -   Lineage 'XAG', Mode 'random': Requested 100, available 26. Processing all available.
2025-08-30 18:11:01,799 - INFO -   Lineage 'XCQ', Mode 'random': Requested 100, available 10. Processing all available.
2025-08-30 18:11:34,784 - INFO -   Lineage 'XL', Mode 'random': Requested 100, available 75. Processing all available.
2025-08-30 18:15:26,871 - INFO -   Lineage 'XBG', Mode 'random': Requested 100, available 66. Processing all available.
2025-08-30 18:19:48,383 - INFO -   Lineage 'XDY', Mode 'random': Sampled 100 of 220 available.
2025-08-30 18:21:18,790 - ERROR -   Error on one sample in lineage XDY: 
Traceback (most recent call last):
  File "/home/topcuoglu/openrecombinhunt/src/06_recombinhunt/run_recombinhunt.py", line 159, in run_recombinhunt_for_lineage
    assert set(nuc_change_data_list).issubset(set(experiment_environment.c2lp_df.index))
AssertionError
2025-08-30 18:24:52,387 - INFO -   Lineage 'XBT', Mode 'random': Requested 100, available 52. Processing all available.
2025-08-30 18:26:37,859 - ERROR -   Error on one sample in lineage XBT: 
Traceback (most recent call last):
  File "/home/topcuoglu/openrecombinhunt/src/06_recombinhunt/run_recombinhunt.py", line 159, in run_recombinhunt_for_lineage
    assert set(nuc_change_data_list).issubset(set(experiment_environment.c2lp_df.index))
AssertionError
2025-08-30 18:28:06,317 - INFO -   Lineage 'XFK', Mode 'random': Requested 100, available 1. Processing all available.
2025-08-30 18:28:09,085 - INFO -   Lineage 'XAZ', Mode 'random': Sampled 100 of 477 available.
2025-08-30 18:30:40,819 - ERROR -   Error on one sample in lineage XAZ: 
Traceback (most recent call last):
  File "/home/topcuoglu/openrecombinhunt/src/06_recombinhunt/run_recombinhunt.py", line 159, in run_recombinhunt_for_lineage
    assert set(nuc_change_data_list).issubset(set(experiment_environment.c2lp_df.index))
AssertionError
2025-08-30 18:33:50,144 - INFO -   Lineage 'XCU', Mode 'random': Requested 100, available 2. Processing all available.
2025-08-30 18:33:58,092 - INFO -   Lineage 'XBH', Mode 'random': Requested 100, available 11. Processing all available.
2025-08-30 18:34:39,119 - INFO -   Lineage 'XAJ', Mode 'random': Requested 100, available 46. Processing all available.
2025-08-30 18:36:56,315 - INFO -   Lineage 'XBF', Mode 'random': Sampled 100 of 606 available.
2025-08-30 18:40:23,140 - ERROR -   Error on one sample in lineage XBF: 
Traceback (most recent call last):
  File "/home/topcuoglu/openrecombinhunt/src/06_recombinhunt/run_recombinhunt.py", line 159, in run_recombinhunt_for_lineage
    assert set(nuc_change_data_list).issubset(set(experiment_environment.c2lp_df.index))
AssertionError
2025-08-30 18:44:08,647 - INFO -   Lineage 'XCA', Mode 'random': Requested 100, available 31. Processing all available.
2025-08-30 18:45:47,580 - INFO -   Lineage 'XBE', Mode 'random': Sampled 100 of 163 available.
2025-08-30 18:51:55,404 - INFO -   Lineage 'XCS', Mode 'random': Requested 100, available 1. Processing all available.
2025-08-30 18:51:58,548 - INFO -   Lineage 'XAA', Mode 'random': Requested 100, available 57. Processing all available.
2025-08-30 18:54:53,743 - INFO -   Lineage 'XEB', Mode 'random': Requested 100, available 12. Processing all available.
2025-08-30 18:55:33,410 - INFO -   Lineage 'XV', Mode 'random': Requested 100, available 24. Processing all available.
2025-08-30 18:56:48,228 - INFO -   Lineage 'XCZ', Mode 'random': Requested 100, available 17. Processing all available.
2025-08-30 18:57:53,601 - INFO -   Lineage 'XBL', Mode 'random': Requested 100, available 26. Processing all available.
2025-08-30 18:59:15,544 - INFO -   Lineage 'XDF', Mode 'random': Requested 100, available 3. Processing all available.
2025-08-30 18:59:24,889 - INFO -   Lineage 'XER', Mode 'random': Requested 100, available 2. Processing all available.
2025-08-30 18:59:31,335 - INFO -   Lineage 'XDQ', Mode 'random': Requested 100, available 10. Processing all available.
2025-08-30 18:59:45,927 - ERROR -   Error on one sample in lineage XDQ: 
Traceback (most recent call last):
  File "/home/topcuoglu/openrecombinhunt/src/06_recombinhunt/run_recombinhunt.py", line 159, in run_recombinhunt_for_lineage
    assert set(nuc_change_data_list).issubset(set(experiment_environment.c2lp_df.index))
AssertionError
2025-08-30 18:59:56,837 - INFO -   Lineage 'XAS', Mode 'random': Sampled 100 of 195 available.
2025-08-30 19:05:59,364 - INFO -   Lineage 'XCF', Mode 'random': Requested 100, available 52. Processing all available.
2025-08-30 19:08:54,727 - INFO -   Lineage 'XFJ', Mode 'random': Requested 100, available 24. Processing all available.
2025-08-30 19:10:14,706 - INFO -   Lineage 'XDN', Mode 'random': Sampled 100 of 137 available.
2025-08-30 19:14:49,505 - ERROR -   Error on one sample in lineage XDN: 
Traceback (most recent call last):
  File "/home/topcuoglu/openrecombinhunt/src/06_recombinhunt/run_recombinhunt.py", line 159, in run_recombinhunt_for_lineage
    assert set(nuc_change_data_list).issubset(set(experiment_environment.c2lp_df.index))
AssertionError
2025-08-30 19:15:28,039 - INFO -   Lineage 'XAK', Mode 'random': Requested 100, available 58. Processing all available.
2025-08-30 19:19:10,214 - INFO -   Lineage 'XW', Mode 'random': Requested 100, available 75. Processing all available.
2025-08-30 19:23:02,297 - INFO -   Lineage 'XBN', Mode 'random': Requested 100, available 19. Processing all available.
2025-08-30 19:24:01,689 - INFO -   Lineage 'XP', Mode 'random': Requested 100, available 52. Processing all available.
2025-08-30 19:26:20,541 - INFO -   Lineage 'XES', Mode 'random': Requested 100, available 59. Processing all available.
2025-08-30 19:29:56,414 - INFO -   Lineage 'XCP', Mode 'random': Requested 100, available 77. Processing all available.
2025-08-30 19:33:21,805 - ERROR -   Error on one sample in lineage XCP: 
Traceback (most recent call last):
  File "/home/topcuoglu/openrecombinhunt/src/06_recombinhunt/run_recombinhunt.py", line 159, in run_recombinhunt_for_lineage
    assert set(nuc_change_data_list).issubset(set(experiment_environment.c2lp_df.index))
AssertionError
2025-08-30 19:34:50,647 - INFO -   Lineage 'XAU', Mode 'random': Requested 100, available 12. Processing all available.
2025-08-30 19:35:27,758 - INFO -   Lineage 'XEQ', Mode 'random': Sampled 100 of 269 available.
2025-08-30 19:39:44,202 - ERROR -   Error on one sample in lineage XEQ: 
Traceback (most recent call last):
  File "/home/topcuoglu/openrecombinhunt/src/06_recombinhunt/run_recombinhunt.py", line 159, in run_recombinhunt_for_lineage
    assert set(nuc_change_data_list).issubset(set(experiment_environment.c2lp_df.index))
AssertionError
2025-08-30 19:40:49,726 - INFO -   Lineage 'XBV', Mode 'random': Requested 100, available 7. Processing all available.
2025-08-30 19:41:16,502 - INFO -   Lineage 'XCM', Mode 'random': Requested 100, available 33. Processing all available.
2025-08-30 19:42:59,925 - INFO -   Lineage 'XFG', Mode 'random': Sampled 100 of 530 available.
2025-08-30 19:48:21,810 - INFO -   Lineage 'XEG', Mode 'random': Requested 100, available 4. Processing all available.
2025-08-30 19:48:37,449 - INFO -   Lineage 'XEL', Mode 'random': Requested 100, available 33. Processing all available.
2025-08-30 19:50:31,100 - INFO -   Lineage 'XBD', Mode 'random': Requested 100, available 81. Processing all available.
2025-08-30 19:55:31,011 - INFO -   Lineage 'XFH', Mode 'random': Requested 100, available 4. Processing all available.
2025-08-30 19:55:43,785 - INFO -   Lineage 'XEK', Mode 'random': Sampled 100 of 289 available.
2025-08-30 20:01:05,569 - INFO -   Lineage 'XCK', Mode 'random': Requested 100, available 13. Processing all available.
2025-08-30 20:01:48,523 - INFO -   Lineage 'XQ', Mode 'random': Requested 100, available 83. Processing all available.
2025-08-30 20:06:07,514 - INFO -   Lineage 'XDL', Mode 'random': Requested 100, available 37. Processing all available.
2025-08-30 20:08:05,680 - INFO -   Lineage 'XAB', Mode 'random': Requested 100, available 70. Processing all available.
2025-08-30 20:11:43,408 - INFO -   Lineage 'XH', Mode 'random': Sampled 100 of 103 available.
2025-08-30 20:16:53,080 - INFO -   Lineage 'XBM', Mode 'random': Requested 100, available 65. Processing all available.
2025-08-30 20:18:52,859 - ERROR -   Error on one sample in lineage XBM: 
Traceback (most recent call last):
  File "/home/topcuoglu/openrecombinhunt/src/06_recombinhunt/run_recombinhunt.py", line 159, in run_recombinhunt_for_lineage
    assert set(nuc_change_data_list).issubset(set(experiment_environment.c2lp_df.index))
AssertionError
2025-08-30 20:20:52,962 - INFO -   Lineage 'XFL', Mode 'random': Requested 100, available 3. Processing all available.
2025-08-30 20:20:52,975 - ERROR -   Error on one sample in lineage XFL: 
Traceback (most recent call last):
  File "/home/topcuoglu/openrecombinhunt/src/06_recombinhunt/run_recombinhunt.py", line 159, in run_recombinhunt_for_lineage
    assert set(nuc_change_data_list).issubset(set(experiment_environment.c2lp_df.index))
AssertionError
2025-08-30 20:20:52,986 - ERROR -   Error on one sample in lineage XFL: 
Traceback (most recent call last):
  File "/home/topcuoglu/openrecombinhunt/src/06_recombinhunt/run_recombinhunt.py", line 159, in run_recombinhunt_for_lineage
    assert set(nuc_change_data_list).issubset(set(experiment_environment.c2lp_df.index))
AssertionError
2025-08-30 20:20:52,996 - ERROR -   Error on one sample in lineage XFL: 
Traceback (most recent call last):
  File "/home/topcuoglu/openrecombinhunt/src/06_recombinhunt/run_recombinhunt.py", line 159, in run_recombinhunt_for_lineage
    assert set(nuc_change_data_list).issubset(set(experiment_environment.c2lp_df.index))
AssertionError
2025-08-30 20:20:52,999 - INFO -   Lineage 'XFB', Mode 'random': Requested 100, available 9. Processing all available.
2025-08-30 20:21:22,645 - INFO -   Lineage 'XEC', Mode 'random': Sampled 100 of 5350 available.
2025-08-30 20:23:04,639 - ERROR -   Error on one sample in lineage XEC: 
Traceback (most recent call last):
  File "/home/topcuoglu/openrecombinhunt/src/06_recombinhunt/run_recombinhunt.py", line 159, in run_recombinhunt_for_lineage
    assert set(nuc_change_data_list).issubset(set(experiment_environment.c2lp_df.index))
AssertionError
2025-08-30 20:26:32,350 - INFO -   Lineage 'XA', Mode 'random': Requested 100, available 35. Processing all available.
2025-08-30 20:28:19,139 - INFO -   Lineage 'XCT', Mode 'random': Requested 100, available 31. Processing all available.
2025-08-30 20:29:51,818 - INFO -   Lineage 'XU', Mode 'random': Requested 100, available 2. Processing all available.
2025-08-30 20:29:58,056 - INFO -   Lineage 'XBU', Mode 'random': Requested 100, available 8. Processing all available.
2025-08-30 20:30:24,176 - ERROR -   Error on one sample in lineage XBU: 
Traceback (most recent call last):
  File "/home/topcuoglu/openrecombinhunt/src/06_recombinhunt/run_recombinhunt.py", line 159, in run_recombinhunt_for_lineage
    assert set(nuc_change_data_list).issubset(set(experiment_environment.c2lp_df.index))
AssertionError
2025-08-30 20:30:24,201 - INFO -   Lineage 'XBZ', Mode 'random': Sampled 100 of 150 available.
2025-08-30 20:35:42,501 - INFO -   Lineage 'XFC', Mode 'random': Requested 100, available 72. Processing all available.
2025-08-30 20:39:48,285 - INFO -   Lineage 'XCC', Mode 'random': Requested 100, available 12. Processing all available.
2025-08-30 20:40:25,320 - INFO -   Lineage 'XDG', Mode 'random': Requested 100, available 10. Processing all available.
2025-08-30 20:40:59,063 - INFO -   Lineage 'XFM', Mode 'random': Requested 100, available 4. Processing all available.
2025-08-30 20:41:10,629 - INFO -   Lineage 'XCE', Mode 'random': Requested 100, available 4. Processing all available.
2025-08-30 20:41:22,980 - INFO -   Lineage 'XDC', Mode 'random': Requested 100, available 3. Processing all available.
2025-08-30 20:41:32,224 - INFO -   Lineage 'XCY', Mode 'random': Requested 100, available 5. Processing all available.
2025-08-30 20:41:50,870 - INFO -   Lineage 'XR', Mode 'random': Requested 100, available 84. Processing all available.
2025-08-30 20:46:09,024 - INFO -   Lineage 'XAH', Mode 'random': Requested 100, available 5. Processing all available.
2025-08-30 20:46:27,795 - INFO -   Lineage 'XCW', Mode 'random': Requested 100, available 51. Processing all available.
2025-08-30 20:49:09,053 - INFO -   Lineage 'XN', Mode 'random': Sampled 100 of 190 available.
2025-08-30 20:53:38,886 - INFO -   Lineage 'XE', Mode 'random': Sampled 100 of 1654 available.
2025-08-30 20:56:19,531 - ERROR -   Error on one sample in lineage XE: 
Traceback (most recent call last):
  File "/home/topcuoglu/openrecombinhunt/src/06_recombinhunt/run_recombinhunt.py", line 159, in run_recombinhunt_for_lineage
    assert set(nuc_change_data_list).issubset(set(experiment_environment.c2lp_df.index))
AssertionError
2025-08-30 20:58:45,382 - INFO -   Lineage 'XFA', Mode 'random': Requested 100, available 2. Processing all available.
2025-08-30 20:58:53,254 - INFO -   Lineage 'XZ', Mode 'random': Requested 100, available 71. Processing all available.
2025-08-30 21:03:21,143 - INFO -   Lineage 'XBK', Mode 'random': Sampled 100 of 137 available.
2025-08-30 21:04:41,360 - ERROR -   Error on one sample in lineage XBK: 
Traceback (most recent call last):
  File "/home/topcuoglu/openrecombinhunt/src/06_recombinhunt/run_recombinhunt.py", line 159, in run_recombinhunt_for_lineage
    assert set(nuc_change_data_list).issubset(set(experiment_environment.c2lp_df.index))
AssertionError
2025-08-30 21:05:24,888 - ERROR -   Error on one sample in lineage XBK: 
Traceback (most recent call last):
  File "/home/topcuoglu/openrecombinhunt/src/06_recombinhunt/run_recombinhunt.py", line 159, in run_recombinhunt_for_lineage
    assert set(nuc_change_data_list).issubset(set(experiment_environment.c2lp_df.index))
AssertionError
2025-08-30 21:06:14,263 - ERROR -   Error on one sample in lineage XBK: 
Traceback (most recent call last):
  File "/home/topcuoglu/openrecombinhunt/src/06_recombinhunt/run_recombinhunt.py", line 159, in run_recombinhunt_for_lineage
    assert set(nuc_change_data_list).issubset(set(experiment_environment.c2lp_df.index))
AssertionError
2025-08-30 21:08:26,452 - INFO -   Lineage 'XDE', Mode 'random': Requested 100, available 10. Processing all available.
2025-08-30 21:08:57,892 - INFO -   Lineage 'XEN', Mode 'random': Requested 100, available 28. Processing all available.
2025-08-30 21:09:28,572 - ERROR -   Error on one sample in lineage XEN: 
Traceback (most recent call last):
  File "/home/topcuoglu/openrecombinhunt/src/06_recombinhunt/run_recombinhunt.py", line 159, in run_recombinhunt_for_lineage
    assert set(nuc_change_data_list).issubset(set(experiment_environment.c2lp_df.index))
AssertionError
2025-08-30 21:10:23,682 - INFO -   Lineage 'XDS', Mode 'random': Requested 100, available 35. Processing all available.
2025-08-30 21:12:14,245 - INFO -   Lineage 'XDA', Mode 'random': Sampled 100 of 330 available.
2025-08-30 21:17:32,781 - INFO -   Lineage 'XEV', Mode 'random': Requested 100, available 57. Processing all available.
2025-08-30 21:18:59,223 - ERROR -   Error on one sample in lineage XEV: 
Traceback (most recent call last):
  File "/home/topcuoglu/openrecombinhunt/src/06_recombinhunt/run_recombinhunt.py", line 159, in run_recombinhunt_for_lineage
    assert set(nuc_change_data_list).issubset(set(experiment_environment.c2lp_df.index))
AssertionError
2025-08-30 21:19:09,968 - ERROR -   Error on one sample in lineage XEV: 
Traceback (most recent call last):
  File "/home/topcuoglu/openrecombinhunt/src/06_recombinhunt/run_recombinhunt.py", line 159, in run_recombinhunt_for_lineage
    assert set(nuc_change_data_list).issubset(set(experiment_environment.c2lp_df.index))
AssertionError
2025-08-30 21:19:09,979 - ERROR -   Error on one sample in lineage XEV: 
Traceback (most recent call last):
  File "/home/topcuoglu/openrecombinhunt/src/06_recombinhunt/run_recombinhunt.py", line 159, in run_recombinhunt_for_lineage
    assert set(nuc_change_data_list).issubset(set(experiment_environment.c2lp_df.index))
AssertionError
2025-08-30 21:20:48,240 - INFO -   Lineage 'XBR', Mode 'random': Requested 100, available 11. Processing all available.
2025-08-30 21:21:30,511 - INFO -   Lineage 'XY', Mode 'random': Requested 100, available 63. Processing all available.
2025-08-30 21:24:46,792 - INFO -   Lineage 'XAD', Mode 'random': Requested 100, available 28. Processing all available.
2025-08-30 21:26:28,523 - INFO -   Lineage 'XEU', Mode 'random': Requested 100, available 19. Processing all available.
2025-08-30 21:27:38,344 - INFO -   Lineage 'XEW', Mode 'random': Requested 100, available 19. Processing all available.
2025-08-30 21:29:19,512 - INFO -   Lineage 'XBQ', Mode 'random': Requested 100, available 36. Processing all available.
2025-08-30 21:31:10,401 - ERROR -   Error on one sample in lineage XBQ: 
Traceback (most recent call last):
  File "/home/topcuoglu/openrecombinhunt/src/06_recombinhunt/run_recombinhunt.py", line 159, in run_recombinhunt_for_lineage
    assert set(nuc_change_data_list).issubset(set(experiment_environment.c2lp_df.index))
AssertionError
2025-08-30 21:31:16,808 - INFO -   Lineage 'XAY', Mode 'random': Requested 100, available 1. Processing all available.
2025-08-30 21:31:19,889 - INFO -   Lineage 'XAV', Mode 'random': Requested 100, available 25. Processing all available.
2025-08-30 21:32:38,380 - INFO -   Lineage 'XEH', Mode 'random': Requested 100, available 40. Processing all available.
2025-08-30 21:34:29,075 - INFO -   Lineage 'XAN', Mode 'random': Requested 100, available 51. Processing all available.
2025-08-30 21:36:25,615 - ERROR -   Error on one sample in lineage XAN: 
Traceback (most recent call last):
  File "/home/topcuoglu/openrecombinhunt/src/06_recombinhunt/run_recombinhunt.py", line 159, in run_recombinhunt_for_lineage
    assert set(nuc_change_data_list).issubset(set(experiment_environment.c2lp_df.index))
AssertionError
2025-08-30 21:36:25,626 - ERROR -   Error on one sample in lineage XAN: 
Traceback (most recent call last):
  File "/home/topcuoglu/openrecombinhunt/src/06_recombinhunt/run_recombinhunt.py", line 159, in run_recombinhunt_for_lineage
    assert set(nuc_change_data_list).issubset(set(experiment_environment.c2lp_df.index))
AssertionError
2025-08-30 21:37:06,882 - INFO -   Lineage 'XBB', Mode 'random': Sampled 100 of 318 available.
2025-08-30 21:39:11,845 - ERROR -   Error on one sample in lineage XBB: 
Traceback (most recent call last):
  File "/home/topcuoglu/openrecombinhunt/src/06_recombinhunt/run_recombinhunt.py", line 159, in run_recombinhunt_for_lineage
    assert set(nuc_change_data_list).issubset(set(experiment_environment.c2lp_df.index))
AssertionError
2025-08-30 21:40:17,387 - ERROR -   Error on one sample in lineage XBB: 
Traceback (most recent call last):
  File "/home/topcuoglu/openrecombinhunt/src/06_recombinhunt/run_recombinhunt.py", line 159, in run_recombinhunt_for_lineage
    assert set(nuc_change_data_list).issubset(set(experiment_environment.c2lp_df.index))
AssertionError
2025-08-30 21:42:11,211 - INFO -   Lineage 'XET', Mode 'random': Requested 100, available 4. Processing all available.
2025-08-30 21:42:22,068 - INFO -   Lineage 'XBJ', Mode 'random': Requested 100, available 8. Processing all available.
2025-08-30 21:42:45,774 - INFO -   Lineage 'XEY', Mode 'random': Requested 100, available 2. Processing all available.
2025-08-30 21:42:53,112 - INFO -   Lineage 'XEM', Mode 'random': Requested 100, available 4. Processing all available.
2025-08-30 21:43:05,010 - INFO -   Lineage 'XDD', Mode 'random': Sampled 100 of 214 available.
2025-08-30 21:45:27,797 - ERROR -   Error on one sample in lineage XDD: 
Traceback (most recent call last):
  File "/home/topcuoglu/openrecombinhunt/src/06_recombinhunt/run_recombinhunt.py", line 159, in run_recombinhunt_for_lineage
    assert set(nuc_change_data_list).issubset(set(experiment_environment.c2lp_df.index))
AssertionError
2025-08-30 21:48:21,494 - INFO -   Lineage 'XEP', Mode 'random': Requested 100, available 17. Processing all available.
2025-08-30 21:49:10,722 - INFO -   Lineage 'XBS', Mode 'random': Requested 100, available 18. Processing all available.
2025-08-30 21:50:10,099 - INFO -   Lineage 'XBW', Mode 'random': Requested 100, available 23. Processing all available.
2025-08-30 21:51:34,164 - INFO -   Lineage 'XJ', Mode 'random': Requested 100, available 3. Processing all available.
2025-08-30 21:51:43,402 - INFO -   Lineage 'XCH', Mode 'random': Sampled 100 of 159 available.
2025-08-30 21:57:25,228 - INFO -   Lineage 'XDB', Mode 'random': Requested 100, available 23. Processing all available.
2025-08-30 21:57:35,287 - ERROR -   Error on one sample in lineage XDB: 
Traceback (most recent call last):
  File "/home/topcuoglu/openrecombinhunt/src/06_recombinhunt/run_recombinhunt.py", line 159, in run_recombinhunt_for_lineage
    assert set(nuc_change_data_list).issubset(set(experiment_environment.c2lp_df.index))
AssertionError
2025-08-30 21:58:36,206 - INFO -   Lineage 'XED', Mode 'random': Requested 100, available 23. Processing all available.
2025-08-30 21:59:47,568 - INFO -   Lineage 'XDT', Mode 'random': Requested 100, available 18. Processing all available.
2025-08-30 22:00:09,556 - ERROR -   Error on one sample in lineage XDT: 
Traceback (most recent call last):
  File "/home/topcuoglu/openrecombinhunt/src/06_recombinhunt/run_recombinhunt.py", line 159, in run_recombinhunt_for_lineage
    assert set(nuc_change_data_list).issubset(set(experiment_environment.c2lp_df.index))
AssertionError
2025-08-30 22:00:42,467 - INFO -   Lineage 'XFN', Mode 'random': Requested 100, available 27. Processing all available.
2025-08-30 22:02:09,235 - INFO -   Lineage 'XDR', Mode 'random': Requested 100, available 23. Processing all available.
2025-08-30 22:02:44,279 - ERROR -   Error on one sample in lineage XDR: 
Traceback (most recent call last):
  File "/home/topcuoglu/openrecombinhunt/src/06_recombinhunt/run_recombinhunt.py", line 159, in run_recombinhunt_for_lineage
    assert set(nuc_change_data_list).issubset(set(experiment_environment.c2lp_df.index))
AssertionError
2025-08-30 22:03:18,687 - INFO -   Lineage 'XBP', Mode 'random': Requested 100, available 29. Processing all available.
2025-08-30 22:05:01,549 - INFO -   Lineage 'XEF', Mode 'random': Requested 100, available 48. Processing all available.
2025-08-30 22:07:35,264 - INFO -   Lineage 'XAE', Mode 'random': Requested 100, available 18. Processing all available.
2025-08-30 22:08:31,352 - INFO -   Lineage 'XDJ', Mode 'random': Requested 100, available 1. Processing all available.
2025-08-30 22:08:35,225 - INFO -   Lineage 'XCR', Mode 'random': Sampled 100 of 170 available.
2025-08-30 22:10:08,821 - ERROR -   Error on one sample in lineage XCR: 
Traceback (most recent call last):
  File "/home/topcuoglu/openrecombinhunt/src/06_recombinhunt/run_recombinhunt.py", line 159, in run_recombinhunt_for_lineage
    assert set(nuc_change_data_list).issubset(set(experiment_environment.c2lp_df.index))
AssertionError
2025-08-30 22:11:05,810 - ERROR -   Error on one sample in lineage XCR: 
Traceback (most recent call last):
  File "/home/topcuoglu/openrecombinhunt/src/06_recombinhunt/run_recombinhunt.py", line 159, in run_recombinhunt_for_lineage
    assert set(nuc_change_data_list).issubset(set(experiment_environment.c2lp_df.index))
AssertionError
2025-08-30 22:11:37,789 - ERROR -   Error on one sample in lineage XCR: 
Traceback (most recent call last):
  File "/home/topcuoglu/openrecombinhunt/src/06_recombinhunt/run_recombinhunt.py", line 159, in run_recombinhunt_for_lineage
    assert set(nuc_change_data_list).issubset(set(experiment_environment.c2lp_df.index))
AssertionError
2025-08-30 22:12:37,177 - ERROR -   Error on one sample in lineage XCR: 
Traceback (most recent call last):
  File "/home/topcuoglu/openrecombinhunt/src/06_recombinhunt/run_recombinhunt.py", line 159, in run_recombinhunt_for_lineage
    assert set(nuc_change_data_list).issubset(set(experiment_environment.c2lp_df.index))
AssertionError
2025-08-30 22:12:40,356 - ERROR -   Error on one sample in lineage XCR: 
Traceback (most recent call last):
  File "/home/topcuoglu/openrecombinhunt/src/06_recombinhunt/run_recombinhunt.py", line 159, in run_recombinhunt_for_lineage
    assert set(nuc_change_data_list).issubset(set(experiment_environment.c2lp_df.index))
AssertionError
2025-08-30 22:13:35,034 - INFO -   Lineage 'XCG', Mode 'random': Requested 100, available 18. Processing all available.
2025-08-30 22:14:32,892 - INFO -   Lineage 'XDM', Mode 'random': Requested 100, available 19. Processing all available.
2025-08-30 22:15:37,606 - INFO -   Lineage 'XDP', Mode 'random': Sampled 100 of 220 available.
2025-08-30 22:16:11,812 - ERROR -   Error on one sample in lineage XDP: 
Traceback (most recent call last):
  File "/home/topcuoglu/openrecombinhunt/src/06_recombinhunt/run_recombinhunt.py", line 159, in run_recombinhunt_for_lineage
    assert set(nuc_change_data_list).issubset(set(experiment_environment.c2lp_df.index))
AssertionError
2025-08-30 22:20:43,292 - INFO -   Lineage 'XB', Mode 'random': Sampled 100 of 770 available.
2025-08-30 22:23:07,074 - ERROR -   Error on one sample in lineage XB: 
Traceback (most recent call last):
  File "/home/topcuoglu/openrecombinhunt/src/06_recombinhunt/run_recombinhunt.py", line 159, in run_recombinhunt_for_lineage
    assert set(nuc_change_data_list).issubset(set(experiment_environment.c2lp_df.index))
AssertionError
2025-08-30 22:23:49,344 - ERROR -   Error on one sample in lineage XB: 
Traceback (most recent call last):
  File "/home/topcuoglu/openrecombinhunt/src/06_recombinhunt/run_recombinhunt.py", line 159, in run_recombinhunt_for_lineage
    assert set(nuc_change_data_list).issubset(set(experiment_environment.c2lp_df.index))
AssertionError
2025-08-30 22:25:44,480 - INFO - Recombinant summary saved to: results/recombinhunt_output/sars-cov-2/dist0size0/recombinant_summary.tsv
2025-08-30 22:25:44,805 - INFO - Saved extensive summary table to: results/recombinhunt_output/sars-cov-2/dist0size0/recombinant_summary_extensive.tsv
2025-08-30 22:25:44,806 - INFO - Text report saved to: results/recombinhunt_output/sars-cov-2/dist0size0/experiment-output.random-100.txt
2025-08-30 22:25:44,806 - INFO - HTML report saved to: results/recombinhunt_output/sars-cov-2/dist0size0/experiment-detail.random-100.html
2025-08-30 22:25:44,824 - INFO - RecombinHunt experiment step finished successfully.
