2025-08-30 14:05:13,181 - INFO - Logging initialized. Log file at: logs/20250830_140513_influenza_05.1_create_environment.log
2025-08-30 14:05:13,182 - INFO - Virus is 'influenza'. Using HaploCoV reformatted output as input.
2025-08-30 14:05:13,182 - INFO - Environment files will be saved to: environments/influenza/dist5size50
2025-08-30 14:05:13,182 - INFO - Loading data from: results/haplocov_output/influenza/dist5size50/haplocov_reformatted.tsv
2025-08-30 14:05:13,412 - INFO - Initial row count: 13,619
2025-08-30 14:05:13,418 - INFO - Dropped 1 rows with missing or empty 'mutations' column.
2025-08-30 14:05:13,418 - INFO - Row count after cleaning: 13,618
2025-08-30 14:05:13,418 - INFO - Calculating change probabilities...
2025-08-30 14:05:13,418 - INFO -   Total sequences for calculation: 13,618
2025-08-30 14:05:13,829 - INFO -   Found 1,910 unique mutations across all sequences.
2025-08-30 14:05:13,834 - INFO -   Finished calculating change probabilities. Shape of result: (1910, 2)
2025-08-30 14:05:13,860 - INFO - Calculating genome and variation counts per lineage...
2025-08-30 14:05:13,861 - INFO -   Found 15 unique lineages in the dataset.
2025-08-30 14:05:15,692 - INFO -   Finished calculating genome and variation counts.
2025-08-30 14:05:15,697 - INFO - 
Calculating 'lc_df.parquet'...
2025-08-30 14:05:15,697 - INFO - 
--- Running common logic: calculating lineage mutation frequencies ---
2025-08-30 14:05:15,697 - INFO - Selected 15 lineages with at least 10 genomes.
2025-08-30 14:05:15,706 - INFO - Removed 0 mutations that were not characteristic of any lineage.
2025-08-30 14:05:15,708 - INFO - lc_df calculation complete.
2025-08-30 14:05:15,708 - INFO - 
Calculating 'change2lineage_probability.parquet'...
2025-08-30 14:05:15,708 - INFO - 
--- Running common logic: calculating lineage mutation frequencies ---
2025-08-30 14:05:15,709 - INFO - Selected 15 lineages with at least 10 genomes.
2025-08-30 14:05:15,745 - INFO - change2lineage_probability calculation complete.
2025-08-30 14:05:15,745 - INFO - 
Calculating 'lc_quality_df.parquet'...
2025-08-30 14:05:15,745 - INFO - lc_quality_df calculation complete.
2025-08-30 14:05:15,746 - INFO - Saving environment files...
2025-08-30 14:05:15,785 - INFO - Environment creation complete.
