2025-08-30 15:54:18,537 - INFO - Logging initialized. Log file at: logs/20250830_155418_monkeypox_05.2_create_samples.log
2025-08-30 15:54:18,537 - INFO - --- Starting Step 5.2: Create Samples for 'monkeypox' ---
2025-08-30 15:54:18,537 - INFO - Virus is 'monkeypox'. Using HaploCoV reformatted output as input.
2025-08-30 15:54:18,537 - INFO - Sample files will be saved to: samples/monkeypox/dist3size10
2025-08-30 15:54:18,537 - INFO - Loading data from: results/haplocov_output/monkeypox/dist3size10/haplocov_reformatted.tsv
2025-08-30 15:54:18,616 - INFO - Cleaning data by dropping rows with missing pangoLin or mutations...
2025-08-30 15:54:18,618 - WARNING - Found 1 sequences with missing 'mutations'. They will be dropped.
2025-08-30 15:54:18,618 - WARNING -   Dropped IDs (missing mutations): ['NC_063383.1']
2025-08-30 15:54:18,621 - INFO - Initially, there were 8584 rows.
2025-08-30 15:54:18,622 - INFO - Data cleaning complete. 8583 rows remaining for sample creation.
2025-08-30 15:54:18,622 - INFO - Grouping by lineage and creating sample files...
2025-08-30 15:54:18,626 - INFO -   Saved: samples/monkeypox/dist3size10/samples_A.csv (58 rows)
2025-08-30 15:54:18,628 - INFO -   Saved: samples/monkeypox/dist3size10/samples_A.1.csv (16 rows)
2025-08-30 15:54:18,631 - INFO -   Saved: samples/monkeypox/dist3size10/samples_A.1.NmC1.csv (241 rows)
2025-08-30 15:54:18,633 - INFO -   Saved: samples/monkeypox/dist3size10/samples_A.1.NmC2.csv (82 rows)
2025-08-30 15:54:18,636 - INFO -   Saved: samples/monkeypox/dist3size10/samples_A.1.NmC3.csv (63 rows)
2025-08-30 15:54:18,638 - INFO -   Saved: samples/monkeypox/dist3size10/samples_A.2.csv (62 rows)
2025-08-30 15:54:18,640 - INFO -   Saved: samples/monkeypox/dist3size10/samples_A.2.1.csv (17 rows)
2025-08-30 15:54:18,644 - INFO -   Saved: samples/monkeypox/dist3size10/samples_A.2.2.csv (140 rows)
2025-08-30 15:54:18,646 - INFO -   Saved: samples/monkeypox/dist3size10/samples_A.2.3.csv (60 rows)
2025-08-30 15:54:18,648 - INFO -   Saved: samples/monkeypox/dist3size10/samples_A.3.csv (11 rows)
2025-08-30 15:54:18,657 - INFO -   Saved: samples/monkeypox/dist3size10/samples_B.1.csv (452 rows)
2025-08-30 15:54:18,665 - INFO -   Saved: samples/monkeypox/dist3size10/samples_B.1.1.csv (446 rows)
2025-08-30 15:54:18,667 - INFO -   Saved: samples/monkeypox/dist3size10/samples_B.1.1.NmC1.csv (35 rows)
2025-08-30 15:54:18,671 - INFO -   Saved: samples/monkeypox/dist3size10/samples_B.1.10.csv (103 rows)
2025-08-30 15:54:18,673 - INFO -   Saved: samples/monkeypox/dist3size10/samples_B.1.11.csv (72 rows)
2025-08-30 15:54:18,676 - INFO -   Saved: samples/monkeypox/dist3size10/samples_B.1.11.NmC1.csv (47 rows)
2025-08-30 15:54:18,678 - INFO -   Saved: samples/monkeypox/dist3size10/samples_B.1.11.NmC2.csv (36 rows)
2025-08-30 15:54:18,681 - INFO -   Saved: samples/monkeypox/dist3size10/samples_B.1.12.csv (86 rows)
2025-08-30 15:54:18,683 - INFO -   Saved: samples/monkeypox/dist3size10/samples_B.1.12.NmC1.csv (50 rows)
2025-08-30 15:54:18,685 - INFO -   Saved: samples/monkeypox/dist3size10/samples_B.1.12.NmC2.csv (25 rows)
2025-08-30 15:54:18,692 - INFO -   Saved: samples/monkeypox/dist3size10/samples_B.1.13.csv (353 rows)
2025-08-30 15:54:18,701 - INFO -   Saved: samples/monkeypox/dist3size10/samples_B.1.13.NmC1.csv (402 rows)
2025-08-30 15:54:18,706 - INFO -   Saved: samples/monkeypox/dist3size10/samples_B.1.13.NmC2.csv (242 rows)
2025-08-30 15:54:18,710 - INFO -   Saved: samples/monkeypox/dist3size10/samples_B.1.13.NmC3.csv (123 rows)
2025-08-30 15:54:18,712 - INFO -   Saved: samples/monkeypox/dist3size10/samples_B.1.14.csv (40 rows)
2025-08-30 15:54:18,714 - INFO -   Saved: samples/monkeypox/dist3size10/samples_B.1.15.csv (19 rows)
2025-08-30 15:54:18,716 - INFO -   Saved: samples/monkeypox/dist3size10/samples_B.1.16.csv (26 rows)
2025-08-30 15:54:18,717 - INFO -   Saved: samples/monkeypox/dist3size10/samples_B.1.17.csv (15 rows)
2025-08-30 15:54:18,724 - INFO -   Saved: samples/monkeypox/dist3size10/samples_B.1.17.NmC1.csv (375 rows)
2025-08-30 15:54:18,728 - INFO -   Saved: samples/monkeypox/dist3size10/samples_B.1.17.NmC2.csv (182 rows)
2025-08-30 15:54:18,730 - INFO -   Saved: samples/monkeypox/dist3size10/samples_B.1.17.NmC3.csv (53 rows)
2025-08-30 15:54:18,733 - INFO -   Saved: samples/monkeypox/dist3size10/samples_B.1.17.NmC4.csv (116 rows)
2025-08-30 15:54:18,736 - INFO -   Saved: samples/monkeypox/dist3size10/samples_B.1.17.NmC5.csv (119 rows)
2025-08-30 15:54:18,740 - INFO -   Saved: samples/monkeypox/dist3size10/samples_B.1.17.NmC6.csv (201 rows)
2025-08-30 15:54:18,743 - INFO -   Saved: samples/monkeypox/dist3size10/samples_B.1.18.csv (68 rows)
2025-08-30 15:54:18,745 - INFO -   Saved: samples/monkeypox/dist3size10/samples_B.1.19.csv (13 rows)
2025-08-30 15:54:18,748 - INFO -   Saved: samples/monkeypox/dist3size10/samples_B.1.2.csv (132 rows)
2025-08-30 15:54:18,751 - INFO -   Saved: samples/monkeypox/dist3size10/samples_B.1.2.NmC1.csv (56 rows)
2025-08-30 15:54:18,753 - INFO -   Saved: samples/monkeypox/dist3size10/samples_B.1.2.NmC2.csv (63 rows)
2025-08-30 15:54:18,755 - INFO -   Saved: samples/monkeypox/dist3size10/samples_B.1.2.NmC3.csv (26 rows)
2025-08-30 15:54:18,757 - INFO -   Saved: samples/monkeypox/dist3size10/samples_B.1.2.NmC4.csv (23 rows)
2025-08-30 15:54:18,759 - INFO -   Saved: samples/monkeypox/dist3size10/samples_B.1.2.NmC5.csv (21 rows)
2025-08-30 15:54:18,762 - INFO -   Saved: samples/monkeypox/dist3size10/samples_B.1.2.NmC6.csv (61 rows)
2025-08-30 15:54:18,765 - INFO -   Saved: samples/monkeypox/dist3size10/samples_B.1.20.csv (87 rows)
2025-08-30 15:54:18,768 - INFO -   Saved: samples/monkeypox/dist3size10/samples_B.1.20.NmC1.csv (92 rows)
2025-08-30 15:54:18,771 - INFO -   Saved: samples/monkeypox/dist3size10/samples_B.1.21.csv (75 rows)
2025-08-30 15:54:18,773 - INFO -   Saved: samples/monkeypox/dist3size10/samples_B.1.22.csv (36 rows)
2025-08-30 15:54:18,775 - INFO -   Saved: samples/monkeypox/dist3size10/samples_B.1.22.NmC1.csv (23 rows)
2025-08-30 15:54:18,776 - INFO -   Saved: samples/monkeypox/dist3size10/samples_B.1.23.csv (11 rows)
2025-08-30 15:54:18,780 - INFO -   Saved: samples/monkeypox/dist3size10/samples_B.1.3.csv (115 rows)
2025-08-30 15:54:18,782 - INFO -   Saved: samples/monkeypox/dist3size10/samples_B.1.3.NmC1.csv (58 rows)
2025-08-30 15:54:18,784 - INFO -   Saved: samples/monkeypox/dist3size10/samples_B.1.3.NmC2.csv (37 rows)
2025-08-30 15:54:18,786 - INFO -   Saved: samples/monkeypox/dist3size10/samples_B.1.4.csv (29 rows)
2025-08-30 15:54:18,788 - INFO -   Saved: samples/monkeypox/dist3size10/samples_B.1.5.csv (25 rows)
2025-08-30 15:54:18,790 - INFO -   Saved: samples/monkeypox/dist3size10/samples_B.1.6.csv (35 rows)
2025-08-30 15:54:18,793 - INFO -   Saved: samples/monkeypox/dist3size10/samples_B.1.7.csv (59 rows)
2025-08-30 15:54:18,795 - INFO -   Saved: samples/monkeypox/dist3size10/samples_B.1.7.NmC1.csv (49 rows)
2025-08-30 15:54:18,797 - INFO -   Saved: samples/monkeypox/dist3size10/samples_B.1.8.csv (49 rows)
2025-08-30 15:54:18,799 - INFO -   Saved: samples/monkeypox/dist3size10/samples_B.1.8.NmC1.csv (21 rows)
2025-08-30 15:54:18,801 - INFO -   Saved: samples/monkeypox/dist3size10/samples_B.1.8.NmC2.csv (24 rows)
2025-08-30 15:54:18,803 - INFO -   Saved: samples/monkeypox/dist3size10/samples_B.1.9.csv (21 rows)
2025-08-30 15:54:18,806 - INFO -   Saved: samples/monkeypox/dist3size10/samples_B.1.NmC1.csv (132 rows)
2025-08-30 15:54:18,811 - INFO -   Saved: samples/monkeypox/dist3size10/samples_B.1.NmC10.csv (223 rows)
2025-08-30 15:54:18,817 - INFO -   Saved: samples/monkeypox/dist3size10/samples_B.1.NmC2.csv (322 rows)
2025-08-30 15:54:18,823 - INFO -   Saved: samples/monkeypox/dist3size10/samples_B.1.NmC3.csv (263 rows)
2025-08-30 15:54:18,827 - INFO -   Saved: samples/monkeypox/dist3size10/samples_B.1.NmC4.csv (180 rows)
2025-08-30 15:54:18,833 - INFO -   Saved: samples/monkeypox/dist3size10/samples_B.1.NmC5.csv (256 rows)
2025-08-30 15:54:18,836 - INFO -   Saved: samples/monkeypox/dist3size10/samples_B.1.NmC6.csv (113 rows)
2025-08-30 15:54:18,841 - INFO -   Saved: samples/monkeypox/dist3size10/samples_B.1.NmC7.csv (172 rows)
2025-08-30 15:54:18,843 - INFO -   Saved: samples/monkeypox/dist3size10/samples_B.1.NmC8.csv (55 rows)
2025-08-30 15:54:18,845 - INFO -   Saved: samples/monkeypox/dist3size10/samples_B.1.NmC9.csv (44 rows)
2025-08-30 15:54:18,848 - INFO -   Saved: samples/monkeypox/dist3size10/samples_C.1.csv (87 rows)
2025-08-30 15:54:18,851 - INFO -   Saved: samples/monkeypox/dist3size10/samples_C.1.1.csv (90 rows)
2025-08-30 15:54:18,854 - INFO -   Saved: samples/monkeypox/dist3size10/samples_C.1.1.NmC1.csv (65 rows)
2025-08-30 15:54:18,857 - INFO -   Saved: samples/monkeypox/dist3size10/samples_C.1.NmC1.csv (66 rows)
2025-08-30 15:54:18,859 - INFO -   Saved: samples/monkeypox/dist3size10/samples_C.1.NmC2.csv (32 rows)
2025-08-30 15:54:18,861 - INFO -   Saved: samples/monkeypox/dist3size10/samples_D.1.csv (25 rows)
2025-08-30 15:54:18,864 - INFO -   Saved: samples/monkeypox/dist3size10/samples_E.1.csv (76 rows)
2025-08-30 15:54:18,867 - INFO -   Saved: samples/monkeypox/dist3size10/samples_E.2.csv (69 rows)
2025-08-30 15:54:18,869 - INFO -   Saved: samples/monkeypox/dist3size10/samples_E.3.csv (17 rows)
2025-08-30 15:54:18,873 - INFO -   Saved: samples/monkeypox/dist3size10/samples_F.1.csv (127 rows)
2025-08-30 15:54:18,876 - INFO -   Saved: samples/monkeypox/dist3size10/samples_F.1.NmC1.csv (79 rows)
2025-08-30 15:54:18,878 - INFO -   Saved: samples/monkeypox/dist3size10/samples_F.1.NmC2.csv (27 rows)
2025-08-30 15:54:18,881 - INFO -   Saved: samples/monkeypox/dist3size10/samples_F.2.csv (70 rows)
2025-08-30 15:54:18,883 - INFO -   Saved: samples/monkeypox/dist3size10/samples_F.2.NmC1.csv (41 rows)
2025-08-30 15:54:18,885 - INFO -   Saved: samples/monkeypox/dist3size10/samples_F.2.NmC2.csv (36 rows)
2025-08-30 15:54:18,888 - INFO -   Saved: samples/monkeypox/dist3size10/samples_F.3.csv (76 rows)
2025-08-30 15:54:18,892 - INFO -   Saved: samples/monkeypox/dist3size10/samples_F.4.csv (113 rows)
2025-08-30 15:54:18,894 - INFO -   Saved: samples/monkeypox/dist3size10/samples_F.5.csv (17 rows)
2025-08-30 15:54:18,896 - INFO -   Saved: samples/monkeypox/dist3size10/samples_F.6.csv (33 rows)
2025-08-30 15:54:18,896 - INFO - Saving lineage count summary to: samples/monkeypox/dist3size10/samples_total.json
2025-08-30 15:54:18,898 - INFO - Sample creation step finished successfully.
