2025-07-15 16:29:58,132 - INFO - Logging initialized. Log file at: logs/20250715_162958_monkeypox_05.1_create_environment.log
2025-07-15 16:29:58,132 - INFO - Virus is 'monkeypox'. Using HaploCoV reformatted output as input.
2025-07-15 16:29:58,132 - INFO - Environment files will be saved to: environments/monkeypox/dist3size10
2025-07-15 16:29:58,132 - INFO - Loading data from: results/haplocov_output/monkeypox/dist3size10/haplocov_reformatted.tsv
2025-07-15 16:29:58,210 - INFO - Initial row count: 8,450
2025-07-15 16:29:58,215 - INFO - Dropped 1 rows with missing or empty 'mutations' column.
2025-07-15 16:29:58,215 - INFO - Row count after cleaning: 8,449
2025-07-15 16:29:58,215 - INFO - Calculating change probabilities...
2025-07-15 16:29:58,215 - INFO -   Total sequences for calculation: 8,449
2025-07-15 16:29:58,318 - INFO -   Found 9,281 unique mutations across all sequences.
2025-07-15 16:29:58,331 - INFO -   Finished calculating change probabilities. Shape of result: (9281, 2)
2025-07-15 16:29:58,337 - INFO - Calculating genome and variation counts per lineage...
2025-07-15 16:29:58,338 - INFO -   Found 90 unique lineages in the dataset.
2025-07-15 16:29:59,186 - INFO -   Finished calculating genome and variation counts.
2025-07-15 16:29:59,188 - INFO - 
Calculating 'lc_df.parquet'...
2025-07-15 16:29:59,188 - INFO - 
--- Running common logic: calculating lineage mutation frequencies ---
2025-07-15 16:29:59,188 - INFO - Selected 90 lineages with at least 10 genomes.
2025-07-15 16:29:59,211 - INFO - Removed 0 mutations that were not characteristic of any lineage.
2025-07-15 16:29:59,213 - INFO - lc_df calculation complete.
2025-07-15 16:29:59,213 - INFO - 
Calculating 'change2lineage_probability.parquet'...
2025-07-15 16:29:59,213 - INFO - 
--- Running common logic: calculating lineage mutation frequencies ---
2025-07-15 16:29:59,213 - INFO - Selected 90 lineages with at least 10 genomes.
2025-07-15 16:29:59,578 - INFO - change2lineage_probability calculation complete.
2025-07-15 16:29:59,578 - INFO - 
Calculating 'lc_quality_df.parquet'...
2025-07-15 16:29:59,579 - INFO - lc_quality_df calculation complete.
2025-07-15 16:29:59,579 - INFO - Saving environment files...
2025-07-15 16:29:59,696 - INFO - Environment creation complete.
