2025-10-18 11:25:47,487 - INFO - Logging initialized. Log file at: logs/20251018_112547_sars-cov-2_05.2_create_samples.log
2025-10-18 11:25:47,487 - INFO - --- Starting Step 5.2: Create Samples for 'sars-cov-2' ---
2025-10-18 11:25:47,487 - INFO - Virus is 'sars-cov-2'. Using Nextstrain reformatted output as input.
2025-10-18 11:25:47,487 - INFO - Loading data from the last 6 months...
2025-10-18 11:25:47,487 - INFO - Sample files will be saved to: samples/sars-cov-2/dist0size0
2025-10-18 11:25:47,487 - INFO - FOR last 6 months, Sample files will be saved to: samples/sars-cov-2/dist0size0/last_6_months
2025-10-18 11:25:47,487 - INFO - Loading data from: results/nextstrain_output/sars-cov-2/nextstrain_reformatted.tsv
2025-10-18 11:26:24,017 - INFO - Cleaning data by dropping rows with missing pangoLin or mutations...
2025-10-18 11:26:24,683 - WARNING - Found 270 sequences with missing 'mutations'. They will be dropped.
2025-10-18 11:26:24,684 - WARNING -   Dropped IDs (missing mutations): ['BGD/NIB-BCSIR_02/2020', 'BRA/Ncov_/2023', 'CHN/HZ-162/2020', 'CHN/HZ-178/2020', 'CHN/HZ-185/2020', 'CHN/HZ-477/2020', 'CHN/HZ-48/2020', 'CHN/HZ-481/2020', 'CHN/HZ-49/2020', 'CHN/HZ-551/2020', 'CHN/HZ-576/2020', 'CHN/HZ-60/2020', 'CHN/HZ-62/2020', 'CHN/HZ-638/2020', 'CHN/HZ-79/2020', 'CHN/HZ-90/2020', 'CHN/HZ-91/2020', 'CHN/IME-HZ01/2020', 'CHN/SH-P01-2-Shanghai/2020', 'CHN/SH-P258-2-Wuhan/2020', 'CHN/SH-P53-2-Wuhan/2020', 'CHN/Wuhan_IME-WH02/2019', 'CHN/Wuhan_IME-WH04/2019', 'CHN/Wuhan_IME-WH05/2019', 'EGY/Egypt-Army-Thirdwave350/2021', 'EGY/Egypt-Army-Thirdwave351/2021', 'EGY/Egypt-Army-Thirdwave352/2021', 'EGY/Egypt-Army-Thirdwave353/2021', 'EGY/Third-Wave-EGY-ARMY47/2021', 'EGY/Third-Wave-EGY-ARMY48/2021', 'EGY/Third-Wave-EGY-ARMY49/2021', 'France/10001DM/2020', 'France/10004CF/2020', 'France/10020MM/2020', 'France/10021SB/2020', 'France/10053BP/2020', 'France/10060KV/2020', 'France/10064DR/2020', 'France/10072CG/2020', 'France/10074LD/2020', 'GMB/272/2021', 'Hangzhou/HZ-1/2020', 'Homosampiens/CHN/20200110298/2020', 'HongKong/57_0702/2020', 'HongKong/HKPU-00022/2020', 'HongKong/HKPU-00039/2020', 'IND/MP-GMC_B-IND-G19/2023', 'IND/hCoV-19_India_MP-AIIMSB-BCS3_NP_2024/2024', 'IND/hCoV-19_India_MP-AIIMSB-BCS4_SA_2024/2023', 'IND/hCoV-19_India_MP-AIIMSB-BCS4_ST_2024/2024', 'IND/hCoV-19_India_MP-AIIMSB-BCS6_SW_2023/2024', 'ISR/hCov-19-Israel-CVL-n2820/2020', 'Iceland/1234/2020', 'Iceland/263/2020', 'Iceland/274/2020', 'Iceland/288/2020', 'Iceland/447/2020', 'Iceland/516/2020', 'Iceland/909/2020', 'KAZ/KZ_Almaty/2020', 'OL549280', 'OM065385', 'OM065386', 'OM065388', 'OM108445', 'OU084341', 'OU093609', 'OY064540', 'OY066151', 'OY070411', 'OY076315', 'OY092342', 'OY093454', 'OY094667', 'OY096952', 'OY127390', 'OY174093', 'OY198974', 'OY199163', 'OY199677', 'OY199681', 'OY202251', 'OY202256', 'OY202261', 'OY203269', 'OY361781', 'OY393141', 'OY942843', 'OY959478', 'OY961005', 'OY966318', 'OY967520', 'PAK/JRCGR_SCV-54_IBGE-06/2020', 'PAK/WA-UW-1729/2020', 'PAK/hCov-19_Pakistan_S-10_PNC-1/2021', 'THA/SI200040-NT/2020', 'THA/SI200433-NT/2020', 'TWN/CGMH-CGU-01/2020', 'USA/54727432/2020', 'USA/64075/2020', 'USA/A2141/2020', 'USA/A2386/2020', 'USA/B0758/2020', 'USA/CA-CDC-ASC210452251/2021', 'USA/CA-CHLA-PLM08055689/2020', 'USA/CA-CHLA-PLM11119504/2020', 'USA/CA-CHLA-PLM24281864/2020', 'USA/CA-CHLA-PLM66141851/2020', 'USA/CA-CHLA-PLM67304813/2020', 'USA/CA-CHLA-PLM73818046/2020', 'USA/CA-CZB-1207/2020', 'USA/CA-CZB-1209/2020', 'USA/CA-CZB-1583/2020', 'USA/CA-CZB-1755/2020', 'USA/CA-CZB-1763/2020', 'USA/CA-CZB-3639/2020', 'USA/CA-CZB0706/2020', 'USA/CA-QDX-138/2020', 'USA/CA-QDX-1927/2020', 'USA/CA-QDX-2143/2020', 'USA/CA-QDX-2226/2020', 'USA/CA-QDX-2325/2020', 'USA/CA-QDX-2341/2020', 'USA/CA-QDX-2410/2020', 'USA/CA-QDX-2609/2020', 'USA/CA-QDX-2654/2020', 'USA/CA-QDX-545/2020', 'USA/D7035/2020', 'USA/E1802/2020', 'USA/IL-CDC-03066051-001/2020', 'USA/IL-CDC-03066054-001/2020', 'USA/IL-CDC-ASC210714968/2021', 'USA/MA-CDC-ASC210659724/2021', 'USA/MA-CDC-ASC210659890/2021', 'USA/MI-CDC-ASC210480409/2021', 'USA/MI-CDC-ASC210522712/2021', 'USA/MI-CDC-ASC210659926/2021', 'USA/MI-MDHHS-SC20296/2020', 'USA/MI-MDHHS-SC20310/2020', 'USA/MI-MDHHS-SC26826/2020', 'USA/MN-CDC-IBX053828150261/2021', 'USA/MN-CDC-IBX594102927782/2021', 'USA/NE-CDC-ASC210526736/2021', 'USA/NJ-QDX-39/2020', 'USA/NM-LANL-2020016089/2020', 'USA/NMINBRE-ILLUMINA-WGS-212410/2020', 'USA/NMINBRE-ILLUMINA-WGS-215737/2020', 'USA/NMINBRE-ILLUMINA-WGS-215738/2020', 'USA/NMINBRE-ILLUMINA-WGS-215739/2020', 'USA/NMINBRE-ILLUMINA-WGS-215740/2020', 'USA/NMINBRE-ILLUMINA-WGS-215741/2020', 'USA/NMINBRE-ILLUMINA-WGS-215742/2020', 'USA/NMINBRE-ILLUMINA-WGS-215743/2020', 'USA/NMINBRE-ILLUMINA-WGS-215746/2020', 'USA/NMINBRE-ILLUMINA-WGS-215747/2020', 'USA/NMINBRE-ILLUMINA-WGS-215749/2020', 'USA/NMINBRE-ILLUMINA-WGS-215750/2020', 'USA/NMINBRE-ILLUMINA-WGS-215751/2020', 'USA/NMINBRE-ILLUMINA-WGS-215752/2020', 'USA/NMINBRE-ILLUMINA-WGS-215753/2020', 'USA/NMINBRE-ILLUMINA-WGS-215754/2020', 'USA/NMINBRE-ILLUMINA-WGS-215757/2020', 'USA/NMINBRE-ILLUMINA-WGS-215758/2020', 'USA/NMINBRE-ILLUMINA-WGS-215761/2020', 'USA/NMINBRE-ILLUMINA-WGS-215762/2020', 'USA/NMINBRE-ILLUMINA-WGS-215763/2020', 'USA/NMINBRE-ILLUMINA-WGS-215764/2020', 'USA/NMINBRE-ILLUMINA-WGS-215766/2020', 'USA/NMINBRE-ILLUMINA-WGS-215767/2020', 'USA/NMINBRE-ILLUMINA-WGS-215768/2020', 'USA/NMINBRE-ILLUMINA-WGS-215770/2020', 'USA/NMINBRE-ILLUMINA-WGS-215771/2020', 'USA/NMINBRE-ILLUMINA-WGS-215772/2020', 'USA/NMINBRE-ILLUMINA-WGS-215773/2020', 'USA/NMINBRE-ILLUMINA-WGS-215774/2020', 'USA/NMINBRE-ILLUMINA-WGS-215775/2020', 'USA/NMINBRE-ILLUMINA-WGS-215776/2020', 'USA/NMINBRE-ILLUMINA-WGS-215778/2020', 'USA/NMINBRE-ILLUMINA-WGS-215779/2020', 'USA/NMINBRE-ILLUMINA-WGS-215780/2020', 'USA/NMINBRE-ILLUMINA-WGS-215781/2020', 'USA/NMINBRE-ILLUMINA-WGS-215782/2020', 'USA/NMINBRE-ILLUMINA-WGS-215783/2020', 'USA/NMINBRE-ILLUMINA-WGS-215784/2020', 'USA/NMINBRE-ILLUMINA-WGS-215786/2020', 'USA/NMINBRE-ILLUMINA-WGS-215788/2020', 'USA/NMINBRE-ILLUMINA-WGS-215791/2020', 'USA/NMINBRE-ILLUMINA-WGS-215794/2020', 'USA/NMINBRE-ILLUMINA-WGS-215795/2020', 'USA/NMINBRE-ILLUMINA-WGS-215796/2020', 'USA/NMINBRE-ILLUMINA-WGS-215797/2020', 'USA/NMINBRE-ILLUMINA-WGS-215798/2020', 'USA/NMINBRE-ILLUMINA-WGS-215799/2020', 'USA/NMINBRE-ILLUMINA-WGS-215800/2020', 'USA/NMINBRE-ILLUMINA-WGS-215801/2020', 'USA/NMINBRE-ILLUMINA-WGS-215802/2020', 'USA/NMINBRE-ILLUMINA-WGS-215803/2020', 'USA/NMINBRE-ILLUMINA-WGS-215804/2020', 'USA/NMINBRE-ILLUMINA-WGS-215805/2020', 'USA/NMINBRE-ILLUMINA-WGS-215807/2020', 'USA/NMINBRE-ILLUMINA-WGS-215808/2020', 'USA/NMINBRE-ILLUMINA-WGS-215809/2020', 'USA/NMINBRE-ILLUMINA-WGS-215812/2020', 'USA/NMINBRE-ILLUMINA-WGS-215813/2020', 'USA/NMINBRE-ILLUMINA-WGS-215814/2020', 'USA/NMINBRE-ILLUMINA-WGS-215815/2020', 'USA/NMINBRE-ILLUMINA-WGS-215816/2020', 'USA/NMINBRE-ILLUMINA-WGS-215817/2020', 'USA/NMINBRE-ILLUMINA-WGS-215818/2020', 'USA/NMINBRE-ILLUMINA-WGS-215819/2020', 'USA/NMINBRE-ILLUMINA-WGS-215820/2020', 'USA/NMINBRE-ILLUMINA-WGS-215821/2020', 'USA/NMINBRE-ILLUMINA-WGS-215822/2020', 'USA/NMINBRE-ILLUMINA-WGS-215823/2020', 'USA/NMINBRE-ILLUMINA-WGS-215825/2020', 'USA/NMINBRE-ILLUMINA-WGS-215829/2020', 'USA/NMINBRE-ILLUMINA-WGS-215832/2020', 'USA/NMINBRE-ILLUMINA-WGS-215835/2020', 'USA/NMINBRE-ILLUMINA-WGS-215837/2020', 'USA/NMINBRE-ILLUMINA-WGS-215850/2020', 'USA/NMINBRE-ILLUMINA-WGS-215851/2020', 'USA/NMINBRE-ILLUMINA-WGS-215860/2020', 'USA/NMINBRE-ILLUMINA-WGS-215861/2020', 'USA/NMINBRE-ILLUMINA-WGS-215862/2020', 'USA/NMINBRE-ILLUMINA-WGS-215865/2020', 'USA/NMINBRE-ILLUMINA-WGS-215866/2020', 'USA/NMINBRE-ILLUMINA-WGS-236204/2020', 'USA/NMINBRE-ILLUMINA-WGS-250930/2021', 'USA/NY-CDC-ASC210521770/2021', 'USA/SD-INBRE-0221/2022', 'USA/SD-INBRE-0227/2022', 'USA/SD-INBRE-0332/2022', 'USA/SD-INBRE-0347/2022', 'USA/SD-INBRE-0350/2022', 'USA/SD-INBRE-0375/2022', 'USA/SD-INBRE-0376/2022', 'USA/SD-INBRE-0377/2022', 'USA/SD-INBRE-0385/2022', 'USA/SD-INBRE-0390/2022', 'USA/SD-INBRE-0505/2021', 'USA/SD-INBRE-0507/2021', 'USA/TN-CDC-ASC210390427/2021', 'USA/TN-CDC-ASC210390471/2021', 'USA/TN-VUMC-000018/2020', 'USA/TN-VUMC-000046/2020', 'USA/TN-VUMC-000071/2020', 'USA/TX-CDC-ASC210273759/2021', 'USA/TX-CDC-ASC210390426/2021', 'USA/TX-CDC-ASC210442638/2021', 'USA/UT-QDX-1954/2020', 'USA/UT-QDX-2262/2020', 'USA/UT-QDX-2295/2020', 'USA/UT-UPHL-220119039913/2021', 'USA/UT-UPHL-220121702391/2022', 'USA/WI-CDC-3608213-001/2020', 'USA/WI-UW-270/2020', 'Wuhan-Hu-1/2019', 'Wuhan/IPBCAMS-WH-04/2019', 'Wuhan/WH03/2020', 'Wuhan/WHU01/2020', 'Wuhan/WHU02/2020', 'Wuhan/WIV04/2019', 'Wuhan/WIV06/2019', 'humans/USA/NM-LANL-2020016073/2020', 'humans/USA/NM-LANL-2020016074/2020', 'humans/USA/NM-LANL-2020016075/2020', 'humans/USA/NM-LANL-2020016077/2020', 'humans/USA/NM-LANL-2020016415/2020', 'humans/USA/NM-LANL-2020016419/2020', 'humans/USA/NM-LANL-2020016449/2020']
2025-10-18 11:26:26,066 - INFO - Initially, there were 5029153 rows.
2025-10-18 11:26:26,067 - INFO - Data cleaning complete. 5028883 rows remaining for sample creation.
2025-10-18 11:26:26,067 - INFO - Initially, there were 13127 rows.
2025-10-18 11:26:26,067 - INFO - Data cleaning complete. 13127 rows remaining for sample creation.
2025-10-18 11:26:26,067 - INFO - Applying special filter for SARS-CoV-2: Keeping only recombinant lineages.
2025-10-18 11:26:28,534 - INFO - 16277 rows remaining after keeping only recombinant lineages.
2025-10-18 11:26:28,536 - INFO - Grouping by lineage and creating sample files...
2025-10-18 11:26:28,560 - INFO - Processing lineage: XA (SARS-CoV-2 special handling)
2025-10-18 11:26:28,564 - INFO -   Saved: samples/sars-cov-2/dist0size0/samples_XA.csv (35 rows)
2025-10-18 11:26:28,564 - INFO - Processing lineage: XAA (SARS-CoV-2 special handling)
2025-10-18 11:26:28,567 - INFO -   Saved: samples/sars-cov-2/dist0size0/samples_XAA.csv (57 rows)
2025-10-18 11:26:28,567 - INFO - Processing lineage: XAB (SARS-CoV-2 special handling)
2025-10-18 11:26:28,570 - INFO -   Saved: samples/sars-cov-2/dist0size0/samples_XAB.csv (70 rows)
2025-10-18 11:26:28,571 - INFO - Processing lineage: XAC (SARS-CoV-2 special handling)
2025-10-18 11:26:28,573 - INFO -   Saved: samples/sars-cov-2/dist0size0/samples_XAC.csv (37 rows)
2025-10-18 11:26:28,573 - INFO - Processing lineage: XAD (SARS-CoV-2 special handling)
2025-10-18 11:26:28,575 - INFO -   Saved: samples/sars-cov-2/dist0size0/samples_XAD.csv (28 rows)
2025-10-18 11:26:28,575 - INFO - Processing lineage: XAE (SARS-CoV-2 special handling)
2025-10-18 11:26:28,577 - INFO -   Saved: samples/sars-cov-2/dist0size0/samples_XAE.csv (18 rows)
2025-10-18 11:26:28,577 - INFO - Processing lineage: XAF (SARS-CoV-2 special handling)
2025-10-18 11:26:28,579 - INFO -   Saved: samples/sars-cov-2/dist0size0/samples_XAF.csv (30 rows)
2025-10-18 11:26:28,579 - INFO - Processing lineage: XAG (SARS-CoV-2 special handling)
2025-10-18 11:26:28,581 - INFO -   Saved: samples/sars-cov-2/dist0size0/samples_XAG.csv (26 rows)
2025-10-18 11:26:28,581 - INFO - Processing lineage: XAH (SARS-CoV-2 special handling)
2025-10-18 11:26:28,583 - INFO -   Saved: samples/sars-cov-2/dist0size0/samples_XAH.csv (5 rows)
2025-10-18 11:26:28,583 - INFO - Processing lineage: XAJ (SARS-CoV-2 special handling)
2025-10-18 11:26:28,585 - INFO -   Saved: samples/sars-cov-2/dist0size0/samples_XAJ.csv (46 rows)
2025-10-18 11:26:28,585 - INFO - Processing lineage: XAK (SARS-CoV-2 special handling)
2025-10-18 11:26:28,588 - INFO -   Saved: samples/sars-cov-2/dist0size0/samples_XAK.csv (58 rows)
2025-10-18 11:26:28,588 - INFO - Processing lineage: XAL (SARS-CoV-2 special handling)
2025-10-18 11:26:28,591 - INFO -   Saved: samples/sars-cov-2/dist0size0/samples_XAL.csv (60 rows)
2025-10-18 11:26:28,591 - INFO - Processing lineage: XAM (SARS-CoV-2 special handling)
2025-10-18 11:26:28,594 - INFO -   Saved: samples/sars-cov-2/dist0size0/samples_XAM.csv (73 rows)
2025-10-18 11:26:28,594 - INFO - Processing lineage: XAN (SARS-CoV-2 special handling)
2025-10-18 11:26:28,596 - INFO -   Saved: samples/sars-cov-2/dist0size0/samples_XAN.csv (51 rows)
2025-10-18 11:26:28,596 - INFO - Processing lineage: XAP (SARS-CoV-2 special handling)
2025-10-18 11:26:28,599 - INFO -   Saved: samples/sars-cov-2/dist0size0/samples_XAP.csv (41 rows)
2025-10-18 11:26:28,599 - INFO - Processing lineage: XAS (SARS-CoV-2 special handling)
2025-10-18 11:26:28,604 - INFO -   Saved: samples/sars-cov-2/dist0size0/samples_XAS.csv (195 rows)
2025-10-18 11:26:28,604 - INFO - Processing lineage: XAT (SARS-CoV-2 special handling)
2025-10-18 11:26:28,606 - INFO -   Saved: samples/sars-cov-2/dist0size0/samples_XAT.csv (2 rows)
2025-10-18 11:26:28,606 - INFO - Processing lineage: XAU (SARS-CoV-2 special handling)
2025-10-18 11:26:28,608 - INFO -   Saved: samples/sars-cov-2/dist0size0/samples_XAU.csv (12 rows)
2025-10-18 11:26:28,608 - INFO - Processing lineage: XAV (SARS-CoV-2 special handling)
2025-10-18 11:26:28,610 - INFO -   Saved: samples/sars-cov-2/dist0size0/samples_XAV.csv (25 rows)
2025-10-18 11:26:28,610 - INFO - Processing lineage: XAY (SARS-CoV-2 special handling)
2025-10-18 11:26:28,611 - INFO -   Saved: samples/sars-cov-2/dist0size0/samples_XAY.csv (1 rows)
2025-10-18 11:26:28,611 - INFO - Processing lineage: XAZ (SARS-CoV-2 special handling)
2025-10-18 11:26:28,622 - INFO -   Saved: samples/sars-cov-2/dist0size0/samples_XAZ.csv (477 rows)
2025-10-18 11:26:28,622 - INFO - Processing lineage: XB (SARS-CoV-2 special handling)
2025-10-18 11:26:28,633 - INFO -   Saved: samples/sars-cov-2/dist0size0/samples_XB.csv (770 rows)
2025-10-18 11:26:28,633 - INFO - Processing lineage: XBB (SARS-CoV-2 special handling)
2025-10-18 11:26:28,642 - INFO -   Saved: samples/sars-cov-2/dist0size0/samples_XBB.csv (318 rows)
2025-10-18 11:26:28,642 - INFO - Processing lineage: XBD (SARS-CoV-2 special handling)
2025-10-18 11:26:28,645 - INFO -   Saved: samples/sars-cov-2/dist0size0/samples_XBD.csv (81 rows)
2025-10-18 11:26:28,646 - INFO - Processing lineage: XBE (SARS-CoV-2 special handling)
2025-10-18 11:26:28,650 - INFO -   Saved: samples/sars-cov-2/dist0size0/samples_XBE.csv (163 rows)
2025-10-18 11:26:28,650 - INFO - Processing lineage: XBF (SARS-CoV-2 special handling)
2025-10-18 11:26:28,667 - INFO -   Saved: samples/sars-cov-2/dist0size0/samples_XBF.csv (606 rows)
2025-10-18 11:26:28,667 - INFO - Processing lineage: XBG (SARS-CoV-2 special handling)
2025-10-18 11:26:28,670 - INFO -   Saved: samples/sars-cov-2/dist0size0/samples_XBG.csv (66 rows)
2025-10-18 11:26:28,670 - INFO - Processing lineage: XBH (SARS-CoV-2 special handling)
2025-10-18 11:26:28,671 - INFO -   Saved: samples/sars-cov-2/dist0size0/samples_XBH.csv (11 rows)
2025-10-18 11:26:28,672 - INFO - Processing lineage: XBJ (SARS-CoV-2 special handling)
2025-10-18 11:26:28,673 - INFO -   Saved: samples/sars-cov-2/dist0size0/samples_XBJ.csv (8 rows)
2025-10-18 11:26:28,673 - INFO - Processing lineage: XBK (SARS-CoV-2 special handling)
2025-10-18 11:26:28,679 - INFO -   Saved: samples/sars-cov-2/dist0size0/samples_XBK.csv (137 rows)
2025-10-18 11:26:28,679 - INFO - Processing lineage: XBL (SARS-CoV-2 special handling)
2025-10-18 11:26:28,682 - INFO -   Saved: samples/sars-cov-2/dist0size0/samples_XBL.csv (26 rows)
2025-10-18 11:26:28,682 - INFO - Processing lineage: XBM (SARS-CoV-2 special handling)
2025-10-18 11:26:28,684 - INFO -   Saved: samples/sars-cov-2/dist0size0/samples_XBM.csv (65 rows)
2025-10-18 11:26:28,685 - INFO - Processing lineage: XBN (SARS-CoV-2 special handling)
2025-10-18 11:26:28,687 - INFO -   Saved: samples/sars-cov-2/dist0size0/samples_XBN.csv (19 rows)
2025-10-18 11:26:28,687 - INFO - Processing lineage: XBP (SARS-CoV-2 special handling)
2025-10-18 11:26:28,689 - INFO -   Saved: samples/sars-cov-2/dist0size0/samples_XBP.csv (29 rows)
2025-10-18 11:26:28,689 - INFO - Processing lineage: XBQ (SARS-CoV-2 special handling)
2025-10-18 11:26:28,691 - INFO -   Saved: samples/sars-cov-2/dist0size0/samples_XBQ.csv (36 rows)
2025-10-18 11:26:28,691 - INFO - Processing lineage: XBR (SARS-CoV-2 special handling)
2025-10-18 11:26:28,693 - INFO -   Saved: samples/sars-cov-2/dist0size0/samples_XBR.csv (11 rows)
2025-10-18 11:26:28,693 - INFO - Processing lineage: XBS (SARS-CoV-2 special handling)
2025-10-18 11:26:28,695 - INFO -   Saved: samples/sars-cov-2/dist0size0/samples_XBS.csv (18 rows)
2025-10-18 11:26:28,695 - INFO - Processing lineage: XBT (SARS-CoV-2 special handling)
2025-10-18 11:26:28,698 - INFO -   Saved: samples/sars-cov-2/dist0size0/samples_XBT.csv (52 rows)
2025-10-18 11:26:28,698 - INFO - Processing lineage: XBU (SARS-CoV-2 special handling)
2025-10-18 11:26:28,700 - INFO -   Saved: samples/sars-cov-2/dist0size0/samples_XBU.csv (8 rows)
2025-10-18 11:26:28,700 - INFO - Processing lineage: XBV (SARS-CoV-2 special handling)
2025-10-18 11:26:28,702 - INFO -   Saved: samples/sars-cov-2/dist0size0/samples_XBV.csv (7 rows)
2025-10-18 11:26:28,702 - INFO - Processing lineage: XBW (SARS-CoV-2 special handling)
2025-10-18 11:26:28,704 - INFO -   Saved: samples/sars-cov-2/dist0size0/samples_XBW.csv (23 rows)
2025-10-18 11:26:28,704 - INFO - Processing lineage: XBZ (SARS-CoV-2 special handling)
2025-10-18 11:26:28,709 - INFO -   Saved: samples/sars-cov-2/dist0size0/samples_XBZ.csv (150 rows)
2025-10-18 11:26:28,709 - INFO - Processing lineage: XCA (SARS-CoV-2 special handling)
2025-10-18 11:26:28,711 - INFO -   Saved: samples/sars-cov-2/dist0size0/samples_XCA.csv (31 rows)
2025-10-18 11:26:28,711 - INFO - Processing lineage: XCC (SARS-CoV-2 special handling)
2025-10-18 11:26:28,713 - INFO -   Saved: samples/sars-cov-2/dist0size0/samples_XCC.csv (12 rows)
2025-10-18 11:26:28,713 - INFO - Processing lineage: XCE (SARS-CoV-2 special handling)
2025-10-18 11:26:28,715 - INFO -   Saved: samples/sars-cov-2/dist0size0/samples_XCE.csv (4 rows)
2025-10-18 11:26:28,715 - INFO - Processing lineage: XCF (SARS-CoV-2 special handling)
2025-10-18 11:26:28,718 - INFO -   Saved: samples/sars-cov-2/dist0size0/samples_XCF.csv (52 rows)
2025-10-18 11:26:28,718 - INFO - Processing lineage: XCG (SARS-CoV-2 special handling)
2025-10-18 11:26:28,720 - INFO -   Saved: samples/sars-cov-2/dist0size0/samples_XCG.csv (18 rows)
2025-10-18 11:26:28,720 - INFO - Processing lineage: XCH (SARS-CoV-2 special handling)
2025-10-18 11:26:28,726 - INFO -   Saved: samples/sars-cov-2/dist0size0/samples_XCH.csv (159 rows)
2025-10-18 11:26:28,726 - INFO - Processing lineage: XCJ (SARS-CoV-2 special handling)
2025-10-18 11:26:28,728 - INFO -   Saved: samples/sars-cov-2/dist0size0/samples_XCJ.csv (1 rows)
2025-10-18 11:26:28,728 - INFO - Processing lineage: XCK (SARS-CoV-2 special handling)
2025-10-18 11:26:28,730 - INFO -   Saved: samples/sars-cov-2/dist0size0/samples_XCK.csv (13 rows)
2025-10-18 11:26:28,730 - INFO - Processing lineage: XCL (SARS-CoV-2 special handling)
2025-10-18 11:26:28,733 - INFO -   Saved: samples/sars-cov-2/dist0size0/samples_XCL.csv (71 rows)
2025-10-18 11:26:28,733 - INFO - Processing lineage: XCM (SARS-CoV-2 special handling)
2025-10-18 11:26:28,736 - INFO -   Saved: samples/sars-cov-2/dist0size0/samples_XCM.csv (33 rows)
2025-10-18 11:26:28,736 - INFO - Processing lineage: XCP (SARS-CoV-2 special handling)
2025-10-18 11:26:28,739 - INFO -   Saved: samples/sars-cov-2/dist0size0/samples_XCP.csv (77 rows)
2025-10-18 11:26:28,739 - INFO - Processing lineage: XCQ (SARS-CoV-2 special handling)
2025-10-18 11:26:28,741 - INFO -   Saved: samples/sars-cov-2/dist0size0/samples_XCQ.csv (10 rows)
2025-10-18 11:26:28,741 - INFO - Processing lineage: XCR (SARS-CoV-2 special handling)
2025-10-18 11:26:28,748 - INFO -   Saved: samples/sars-cov-2/dist0size0/samples_XCR.csv (170 rows)
2025-10-18 11:26:28,748 - INFO - Processing lineage: XCS (SARS-CoV-2 special handling)
2025-10-18 11:26:28,749 - INFO -   Saved: samples/sars-cov-2/dist0size0/samples_XCS.csv (1 rows)
2025-10-18 11:26:28,749 - INFO - Processing lineage: XCT (SARS-CoV-2 special handling)
2025-10-18 11:26:28,752 - INFO -   Saved: samples/sars-cov-2/dist0size0/samples_XCT.csv (31 rows)
2025-10-18 11:26:28,752 - INFO - Processing lineage: XCU (SARS-CoV-2 special handling)
2025-10-18 11:26:28,753 - INFO -   Saved: samples/sars-cov-2/dist0size0/samples_XCU.csv (2 rows)
2025-10-18 11:26:28,754 - INFO - Processing lineage: XCV (SARS-CoV-2 special handling)
2025-10-18 11:26:28,757 - INFO -   Saved: samples/sars-cov-2/dist0size0/samples_XCV.csv (58 rows)
2025-10-18 11:26:28,757 - INFO - Processing lineage: XCW (SARS-CoV-2 special handling)
2025-10-18 11:26:28,760 - INFO -   Saved: samples/sars-cov-2/dist0size0/samples_XCW.csv (51 rows)
2025-10-18 11:26:28,760 - INFO - Processing lineage: XCY (SARS-CoV-2 special handling)
2025-10-18 11:26:28,761 - INFO -   Saved: samples/sars-cov-2/dist0size0/samples_XCY.csv (5 rows)
2025-10-18 11:26:28,762 - INFO - Processing lineage: XCZ (SARS-CoV-2 special handling)
2025-10-18 11:26:28,764 - INFO -   Saved: samples/sars-cov-2/dist0size0/samples_XCZ.csv (17 rows)
2025-10-18 11:26:28,764 - INFO - Processing lineage: XD (SARS-CoV-2 special handling)
2025-10-18 11:26:28,765 - INFO -   Saved: samples/sars-cov-2/dist0size0/samples_XD.csv (11 rows)
2025-10-18 11:26:28,765 - INFO - Processing lineage: XDA (SARS-CoV-2 special handling)
2025-10-18 11:26:28,776 - INFO -   Saved: samples/sars-cov-2/dist0size0/samples_XDA.csv (330 rows)
2025-10-18 11:26:28,776 - INFO - Processing lineage: XDB (SARS-CoV-2 special handling)
2025-10-18 11:26:28,779 - INFO -   Saved: samples/sars-cov-2/dist0size0/samples_XDB.csv (23 rows)
2025-10-18 11:26:28,779 - INFO - Processing lineage: XDC (SARS-CoV-2 special handling)
2025-10-18 11:26:28,780 - INFO -   Saved: samples/sars-cov-2/dist0size0/samples_XDC.csv (3 rows)
2025-10-18 11:26:28,780 - INFO - Processing lineage: XDD (SARS-CoV-2 special handling)
2025-10-18 11:26:28,789 - INFO -   Saved: samples/sars-cov-2/dist0size0/samples_XDD.csv (214 rows)
2025-10-18 11:26:28,789 - INFO - Processing lineage: XDE (SARS-CoV-2 special handling)
2025-10-18 11:26:28,790 - INFO -   Saved: samples/sars-cov-2/dist0size0/samples_XDE.csv (10 rows)
2025-10-18 11:26:28,791 - INFO - Processing lineage: XDF (SARS-CoV-2 special handling)
2025-10-18 11:26:28,792 - INFO -   Saved: samples/sars-cov-2/dist0size0/samples_XDF.csv (3 rows)
2025-10-18 11:26:28,792 - INFO - Processing lineage: XDG (SARS-CoV-2 special handling)
2025-10-18 11:26:28,794 - INFO -   Saved: samples/sars-cov-2/dist0size0/samples_XDG.csv (10 rows)
2025-10-18 11:26:28,794 - INFO - Processing lineage: XDH (SARS-CoV-2 special handling)
2025-10-18 11:26:28,796 - INFO -   Saved: samples/sars-cov-2/dist0size0/samples_XDH.csv (2 rows)
2025-10-18 11:26:28,796 - INFO - Processing lineage: XDJ (SARS-CoV-2 special handling)
2025-10-18 11:26:28,797 - INFO -   Saved: samples/sars-cov-2/dist0size0/samples_XDJ.csv (1 rows)
2025-10-18 11:26:28,797 - INFO - Processing lineage: XDK (SARS-CoV-2 special handling)
2025-10-18 11:26:28,804 - INFO -   Saved: samples/sars-cov-2/dist0size0/samples_XDK.csv (150 rows)
2025-10-18 11:26:28,804 - INFO - Processing lineage: XDL (SARS-CoV-2 special handling)
2025-10-18 11:26:28,806 - INFO -   Saved: samples/sars-cov-2/dist0size0/samples_XDL.csv (37 rows)
2025-10-18 11:26:28,806 - INFO - Processing lineage: XDM (SARS-CoV-2 special handling)
2025-10-18 11:26:28,808 - INFO -   Saved: samples/sars-cov-2/dist0size0/samples_XDM.csv (19 rows)
2025-10-18 11:26:28,808 - INFO - Processing lineage: XDN (SARS-CoV-2 special handling)
2025-10-18 11:26:28,814 - INFO -   Saved: samples/sars-cov-2/dist0size0/samples_XDN.csv (137 rows)
2025-10-18 11:26:28,814 - INFO - Processing lineage: XDP (SARS-CoV-2 special handling)
2025-10-18 11:26:28,823 - INFO -   Saved: samples/sars-cov-2/dist0size0/samples_XDP.csv (220 rows)
2025-10-18 11:26:28,823 - INFO - Processing lineage: XDQ (SARS-CoV-2 special handling)
2025-10-18 11:26:28,825 - INFO -   Saved: samples/sars-cov-2/dist0size0/samples_XDQ.csv (10 rows)
2025-10-18 11:26:28,825 - INFO - Processing lineage: XDR (SARS-CoV-2 special handling)
2025-10-18 11:26:28,827 - INFO -   Saved: samples/sars-cov-2/dist0size0/samples_XDR.csv (23 rows)
2025-10-18 11:26:28,827 - INFO - Processing lineage: XDS (SARS-CoV-2 special handling)
2025-10-18 11:26:28,830 - INFO -   Saved: samples/sars-cov-2/dist0size0/samples_XDS.csv (35 rows)
2025-10-18 11:26:28,830 - INFO - Processing lineage: XDT (SARS-CoV-2 special handling)
2025-10-18 11:26:28,832 - INFO -   Saved: samples/sars-cov-2/dist0size0/samples_XDT.csv (18 rows)
2025-10-18 11:26:28,832 - INFO - Processing lineage: XDV (SARS-CoV-2 special handling)
2025-10-18 11:26:28,834 - INFO -   Saved: samples/sars-cov-2/dist0size0/samples_XDV.csv (7 rows)
2025-10-18 11:26:28,834 - INFO - Processing lineage: XDY (SARS-CoV-2 special handling)
2025-10-18 11:26:28,843 - INFO -   Saved: samples/sars-cov-2/dist0size0/samples_XDY.csv (220 rows)
2025-10-18 11:26:28,843 - INFO - Processing lineage: XE (SARS-CoV-2 special handling)
2025-10-18 11:26:28,874 - INFO -   Saved: samples/sars-cov-2/dist0size0/samples_XE.csv (1654 rows)
2025-10-18 11:26:28,875 - INFO - Processing lineage: XEB (SARS-CoV-2 special handling)
2025-10-18 11:26:28,877 - INFO -   Saved: samples/sars-cov-2/dist0size0/samples_XEB.csv (12 rows)
2025-10-18 11:26:28,877 - INFO - Processing lineage: XEC (SARS-CoV-2 special handling)
2025-10-18 11:26:29,066 - INFO -   Saved: samples/sars-cov-2/dist0size0/samples_XEC.csv (5350 rows)
2025-10-18 11:26:29,066 - INFO - Processing lineage: XED (SARS-CoV-2 special handling)
2025-10-18 11:26:29,069 - INFO -   Saved: samples/sars-cov-2/dist0size0/samples_XED.csv (23 rows)
2025-10-18 11:26:29,069 - INFO - Processing lineage: XEE (SARS-CoV-2 special handling)
2025-10-18 11:26:29,071 - INFO -   Saved: samples/sars-cov-2/dist0size0/samples_XEE.csv (28 rows)
2025-10-18 11:26:29,071 - INFO - Processing lineage: XEF (SARS-CoV-2 special handling)
2025-10-18 11:26:29,074 - INFO -   Saved: samples/sars-cov-2/dist0size0/samples_XEF.csv (48 rows)
2025-10-18 11:26:29,074 - INFO - Processing lineage: XEG (SARS-CoV-2 special handling)
2025-10-18 11:26:29,076 - INFO -   Saved: samples/sars-cov-2/dist0size0/samples_XEG.csv (4 rows)
2025-10-18 11:26:29,076 - INFO - Processing lineage: XEH (SARS-CoV-2 special handling)
2025-10-18 11:26:29,079 - INFO -   Saved: samples/sars-cov-2/dist0size0/samples_XEH.csv (40 rows)
2025-10-18 11:26:29,079 - INFO - Processing lineage: XEJ (SARS-CoV-2 special handling)
2025-10-18 11:26:29,081 - INFO -   Saved: samples/sars-cov-2/dist0size0/samples_XEJ.csv (6 rows)
2025-10-18 11:26:29,081 - INFO - Processing lineage: XEK (SARS-CoV-2 special handling)
2025-10-18 11:26:29,093 - INFO -   Saved: samples/sars-cov-2/dist0size0/samples_XEK.csv (289 rows)
2025-10-18 11:26:29,093 - INFO - Processing lineage: XEL (SARS-CoV-2 special handling)
2025-10-18 11:26:29,096 - INFO -   Saved: samples/sars-cov-2/dist0size0/samples_XEL.csv (33 rows)
2025-10-18 11:26:29,096 - INFO - Processing lineage: XEM (SARS-CoV-2 special handling)
2025-10-18 11:26:29,097 - INFO -   Saved: samples/sars-cov-2/dist0size0/samples_XEM.csv (4 rows)
2025-10-18 11:26:29,097 - INFO - Processing lineage: XEN (SARS-CoV-2 special handling)
2025-10-18 11:26:29,100 - INFO -   Saved: samples/sars-cov-2/dist0size0/samples_XEN.csv (28 rows)
2025-10-18 11:26:29,100 - INFO - Processing lineage: XEP (SARS-CoV-2 special handling)
2025-10-18 11:26:29,102 - INFO -   Saved: samples/sars-cov-2/dist0size0/samples_XEP.csv (17 rows)
2025-10-18 11:26:29,102 - INFO - Processing lineage: XEQ (SARS-CoV-2 special handling)
2025-10-18 11:26:29,113 - INFO -   Saved: samples/sars-cov-2/dist0size0/samples_XEQ.csv (269 rows)
2025-10-18 11:26:29,113 - INFO - Processing lineage: XER (SARS-CoV-2 special handling)
2025-10-18 11:26:29,115 - INFO -   Saved: samples/sars-cov-2/dist0size0/samples_XER.csv (2 rows)
2025-10-18 11:26:29,115 - INFO - Processing lineage: XES (SARS-CoV-2 special handling)
2025-10-18 11:26:29,118 - INFO -   Saved: samples/sars-cov-2/dist0size0/samples_XES.csv (59 rows)
2025-10-18 11:26:29,119 - INFO - Processing lineage: XET (SARS-CoV-2 special handling)
2025-10-18 11:26:29,120 - INFO -   Saved: samples/sars-cov-2/dist0size0/samples_XET.csv (4 rows)
2025-10-18 11:26:29,120 - INFO - Processing lineage: XEU (SARS-CoV-2 special handling)
2025-10-18 11:26:29,122 - INFO -   Saved: samples/sars-cov-2/dist0size0/samples_XEU.csv (19 rows)
2025-10-18 11:26:29,122 - INFO - Processing lineage: XEV (SARS-CoV-2 special handling)
2025-10-18 11:26:29,126 - INFO -   Saved: samples/sars-cov-2/dist0size0/samples_XEV.csv (57 rows)
2025-10-18 11:26:29,126 - INFO - Processing lineage: XEW (SARS-CoV-2 special handling)
2025-10-18 11:26:29,128 - INFO -   Saved: samples/sars-cov-2/dist0size0/samples_XEW.csv (19 rows)
2025-10-18 11:26:29,128 - INFO - Processing lineage: XEY (SARS-CoV-2 special handling)
2025-10-18 11:26:29,130 - INFO -   Saved: samples/sars-cov-2/dist0size0/samples_XEY.csv (2 rows)
2025-10-18 11:26:29,130 - INFO - Processing lineage: XF (SARS-CoV-2 special handling)
2025-10-18 11:26:29,132 - INFO -   Saved: samples/sars-cov-2/dist0size0/samples_XF.csv (20 rows)
2025-10-18 11:26:29,132 - INFO - Processing lineage: XFA (SARS-CoV-2 special handling)
2025-10-18 11:26:29,133 - INFO -   Saved: samples/sars-cov-2/dist0size0/samples_XFA.csv (2 rows)
2025-10-18 11:26:29,134 - INFO - Processing lineage: XFB (SARS-CoV-2 special handling)
2025-10-18 11:26:29,135 - INFO -   Saved: samples/sars-cov-2/dist0size0/samples_XFB.csv (9 rows)
2025-10-18 11:26:29,135 - INFO - Processing lineage: XFC (SARS-CoV-2 special handling)
2025-10-18 11:26:29,140 - INFO -   Saved: samples/sars-cov-2/dist0size0/samples_XFC.csv (72 rows)
2025-10-18 11:26:29,140 - INFO - Processing lineage: XFG (SARS-CoV-2 special handling)
2025-10-18 11:26:29,162 - INFO -   Saved: samples/sars-cov-2/dist0size0/samples_XFG.csv (530 rows)
2025-10-18 11:26:29,162 - INFO - Processing lineage: XFH (SARS-CoV-2 special handling)
2025-10-18 11:26:29,163 - INFO -   Saved: samples/sars-cov-2/dist0size0/samples_XFH.csv (4 rows)
2025-10-18 11:26:29,163 - INFO - Processing lineage: XFJ (SARS-CoV-2 special handling)
2025-10-18 11:26:29,166 - INFO -   Saved: samples/sars-cov-2/dist0size0/samples_XFJ.csv (24 rows)
2025-10-18 11:26:29,166 - INFO - Processing lineage: XFK (SARS-CoV-2 special handling)
2025-10-18 11:26:29,167 - INFO -   Saved: samples/sars-cov-2/dist0size0/samples_XFK.csv (1 rows)
2025-10-18 11:26:29,168 - INFO - Processing lineage: XFL (SARS-CoV-2 special handling)
2025-10-18 11:26:29,169 - INFO -   Saved: samples/sars-cov-2/dist0size0/samples_XFL.csv (3 rows)
2025-10-18 11:26:29,169 - INFO - Processing lineage: XFM (SARS-CoV-2 special handling)
2025-10-18 11:26:29,171 - INFO -   Saved: samples/sars-cov-2/dist0size0/samples_XFM.csv (4 rows)
2025-10-18 11:26:29,171 - INFO - Processing lineage: XFN (SARS-CoV-2 special handling)
2025-10-18 11:26:29,173 - INFO -   Saved: samples/sars-cov-2/dist0size0/samples_XFN.csv (27 rows)
2025-10-18 11:26:29,173 - INFO - Processing lineage: XFP (SARS-CoV-2 special handling)
2025-10-18 11:26:29,175 - INFO -   Saved: samples/sars-cov-2/dist0size0/samples_XFP.csv (9 rows)
2025-10-18 11:26:29,175 - INFO - Processing lineage: XG (SARS-CoV-2 special handling)
2025-10-18 11:26:29,183 - INFO -   Saved: samples/sars-cov-2/dist0size0/samples_XG.csv (319 rows)
2025-10-18 11:26:29,183 - INFO - Processing lineage: XH (SARS-CoV-2 special handling)
2025-10-18 11:26:29,186 - INFO -   Saved: samples/sars-cov-2/dist0size0/samples_XH.csv (103 rows)
2025-10-18 11:26:29,186 - INFO - Processing lineage: XJ (SARS-CoV-2 special handling)
2025-10-18 11:26:29,188 - INFO -   Saved: samples/sars-cov-2/dist0size0/samples_XJ.csv (3 rows)
2025-10-18 11:26:29,188 - INFO - Processing lineage: XL (SARS-CoV-2 special handling)
2025-10-18 11:26:29,191 - INFO -   Saved: samples/sars-cov-2/dist0size0/samples_XL.csv (75 rows)
2025-10-18 11:26:29,191 - INFO - Processing lineage: XM (SARS-CoV-2 special handling)
2025-10-18 11:26:29,196 - INFO -   Saved: samples/sars-cov-2/dist0size0/samples_XM.csv (188 rows)
2025-10-18 11:26:29,196 - INFO - Processing lineage: XN (SARS-CoV-2 special handling)
2025-10-18 11:26:29,201 - INFO -   Saved: samples/sars-cov-2/dist0size0/samples_XN.csv (190 rows)
2025-10-18 11:26:29,201 - INFO - Processing lineage: XP (SARS-CoV-2 special handling)
2025-10-18 11:26:29,204 - INFO -   Saved: samples/sars-cov-2/dist0size0/samples_XP.csv (52 rows)
2025-10-18 11:26:29,204 - INFO - Processing lineage: XQ (SARS-CoV-2 special handling)
2025-10-18 11:26:29,207 - INFO -   Saved: samples/sars-cov-2/dist0size0/samples_XQ.csv (83 rows)
2025-10-18 11:26:29,207 - INFO - Processing lineage: XR (SARS-CoV-2 special handling)
2025-10-18 11:26:29,210 - INFO -   Saved: samples/sars-cov-2/dist0size0/samples_XR.csv (84 rows)
2025-10-18 11:26:29,210 - INFO - Processing lineage: XS (SARS-CoV-2 special handling)
2025-10-18 11:26:29,212 - INFO -   Saved: samples/sars-cov-2/dist0size0/samples_XS.csv (23 rows)
2025-10-18 11:26:29,212 - INFO - Processing lineage: XU (SARS-CoV-2 special handling)
2025-10-18 11:26:29,214 - INFO -   Saved: samples/sars-cov-2/dist0size0/samples_XU.csv (2 rows)
2025-10-18 11:26:29,214 - INFO - Processing lineage: XV (SARS-CoV-2 special handling)
2025-10-18 11:26:29,216 - INFO -   Saved: samples/sars-cov-2/dist0size0/samples_XV.csv (24 rows)
2025-10-18 11:26:29,216 - INFO - Processing lineage: XW (SARS-CoV-2 special handling)
2025-10-18 11:26:29,219 - INFO -   Saved: samples/sars-cov-2/dist0size0/samples_XW.csv (75 rows)
2025-10-18 11:26:29,219 - INFO - Processing lineage: XY (SARS-CoV-2 special handling)
2025-10-18 11:26:29,221 - INFO -   Saved: samples/sars-cov-2/dist0size0/samples_XY.csv (63 rows)
2025-10-18 11:26:29,222 - INFO - Processing lineage: XZ (SARS-CoV-2 special handling)
2025-10-18 11:26:29,224 - INFO -   Saved: samples/sars-cov-2/dist0size0/samples_XZ.csv (71 rows)
2025-10-18 11:26:29,229 - INFO -   Saved: samples/sars-cov-2/dist0size0/last_6_months/samples_BA.3.2.2.csv (1 rows)
2025-10-18 11:26:29,231 - INFO -   Saved: samples/sars-cov-2/dist0size0/last_6_months/samples_JN.1.16.5.csv (4 rows)
2025-10-18 11:26:29,232 - INFO -   Saved: samples/sars-cov-2/dist0size0/last_6_months/samples_KP.2.csv (1 rows)
2025-10-18 11:26:29,234 - INFO -   Saved: samples/sars-cov-2/dist0size0/last_6_months/samples_KP.2.25.1.csv (1 rows)
2025-10-18 11:26:29,236 - INFO -   Saved: samples/sars-cov-2/dist0size0/last_6_months/samples_KP.2.28.1.csv (5 rows)
2025-10-18 11:26:29,237 - INFO -   Saved: samples/sars-cov-2/dist0size0/last_6_months/samples_KP.2.3.csv (1 rows)
2025-10-18 11:26:29,239 - INFO -   Saved: samples/sars-cov-2/dist0size0/last_6_months/samples_KP.2.6.4.csv (1 rows)
2025-10-18 11:26:29,244 - INFO -   Saved: samples/sars-cov-2/dist0size0/last_6_months/samples_KP.3.1.1.csv (98 rows)
2025-10-18 11:26:29,245 - INFO -   Saved: samples/sars-cov-2/dist0size0/last_6_months/samples_KP.3.1.9.csv (2 rows)
2025-10-18 11:26:29,247 - INFO -   Saved: samples/sars-cov-2/dist0size0/last_6_months/samples_KP.3.2.csv (1 rows)
2025-10-18 11:26:29,248 - INFO -   Saved: samples/sars-cov-2/dist0size0/last_6_months/samples_KP.3.2.6.csv (1 rows)
2025-10-18 11:26:29,250 - INFO -   Saved: samples/sars-cov-2/dist0size0/last_6_months/samples_KP.3.2.8.csv (1 rows)
2025-10-18 11:26:29,252 - INFO -   Saved: samples/sars-cov-2/dist0size0/last_6_months/samples_KP.3.3.csv (5 rows)
2025-10-18 11:26:29,253 - INFO -   Saved: samples/sars-cov-2/dist0size0/last_6_months/samples_KP.3.3.2.csv (3 rows)
2025-10-18 11:26:29,255 - INFO -   Saved: samples/sars-cov-2/dist0size0/last_6_months/samples_KP.3.3.3.csv (3 rows)
2025-10-18 11:26:29,256 - INFO -   Saved: samples/sars-cov-2/dist0size0/last_6_months/samples_KP.3.3.5.csv (5 rows)
2025-10-18 11:26:29,258 - INFO -   Saved: samples/sars-cov-2/dist0size0/last_6_months/samples_KP.3.3.8.csv (1 rows)
2025-10-18 11:26:29,259 - INFO -   Saved: samples/sars-cov-2/dist0size0/last_6_months/samples_LB.1.2.2.csv (1 rows)
2025-10-18 11:26:29,263 - INFO -   Saved: samples/sars-cov-2/dist0size0/last_6_months/samples_LB.1.3.1.csv (43 rows)
2025-10-18 11:26:29,264 - INFO -   Saved: samples/sars-cov-2/dist0size0/last_6_months/samples_LB.1.3.4.csv (1 rows)
2025-10-18 11:26:29,267 - INFO -   Saved: samples/sars-cov-2/dist0size0/last_6_months/samples_LF.7.csv (28 rows)
2025-10-18 11:26:29,269 - INFO -   Saved: samples/sars-cov-2/dist0size0/last_6_months/samples_LF.7.1.csv (24 rows)
2025-10-18 11:26:29,271 - INFO -   Saved: samples/sars-cov-2/dist0size0/last_6_months/samples_LF.7.1.10.csv (13 rows)
2025-10-18 11:26:29,273 - INFO -   Saved: samples/sars-cov-2/dist0size0/last_6_months/samples_LF.7.1.11.csv (20 rows)
2025-10-18 11:26:29,275 - INFO -   Saved: samples/sars-cov-2/dist0size0/last_6_months/samples_LF.7.1.2.csv (5 rows)
2025-10-18 11:26:29,277 - INFO -   Saved: samples/sars-cov-2/dist0size0/last_6_months/samples_LF.7.1.4.csv (8 rows)
2025-10-18 11:26:29,278 - INFO -   Saved: samples/sars-cov-2/dist0size0/last_6_months/samples_LF.7.1.5.csv (5 rows)
2025-10-18 11:26:29,280 - INFO -   Saved: samples/sars-cov-2/dist0size0/last_6_months/samples_LF.7.1.6.csv (11 rows)
2025-10-18 11:26:29,282 - INFO -   Saved: samples/sars-cov-2/dist0size0/last_6_months/samples_LF.7.1.7.csv (5 rows)
2025-10-18 11:26:29,285 - INFO -   Saved: samples/sars-cov-2/dist0size0/last_6_months/samples_LF.7.1.8.csv (33 rows)
2025-10-18 11:26:29,286 - INFO -   Saved: samples/sars-cov-2/dist0size0/last_6_months/samples_LF.7.1.9.csv (5 rows)
2025-10-18 11:26:29,288 - INFO -   Saved: samples/sars-cov-2/dist0size0/last_6_months/samples_LF.7.2.csv (7 rows)
2025-10-18 11:26:29,290 - INFO -   Saved: samples/sars-cov-2/dist0size0/last_6_months/samples_LF.7.2.1.csv (13 rows)
2025-10-18 11:26:29,292 - INFO -   Saved: samples/sars-cov-2/dist0size0/last_6_months/samples_LF.7.3.csv (14 rows)
2025-10-18 11:26:29,294 - INFO -   Saved: samples/sars-cov-2/dist0size0/last_6_months/samples_LF.7.3.1.csv (8 rows)
2025-10-18 11:26:29,295 - INFO -   Saved: samples/sars-cov-2/dist0size0/last_6_months/samples_LF.7.3.3.csv (1 rows)
2025-10-18 11:26:29,297 - INFO -   Saved: samples/sars-cov-2/dist0size0/last_6_months/samples_LF.7.3.4.csv (6 rows)
2025-10-18 11:26:29,299 - INFO -   Saved: samples/sars-cov-2/dist0size0/last_6_months/samples_LF.7.3.5.csv (8 rows)
2025-10-18 11:26:29,300 - INFO -   Saved: samples/sars-cov-2/dist0size0/last_6_months/samples_LF.7.3.6.csv (1 rows)
2025-10-18 11:26:29,302 - INFO -   Saved: samples/sars-cov-2/dist0size0/last_6_months/samples_LF.7.5.csv (6 rows)
2025-10-18 11:26:29,304 - INFO -   Saved: samples/sars-cov-2/dist0size0/last_6_months/samples_LF.7.6.1.csv (7 rows)
2025-10-18 11:26:29,306 - INFO -   Saved: samples/sars-cov-2/dist0size0/last_6_months/samples_LF.7.6.2.csv (17 rows)
2025-10-18 11:26:29,313 - INFO -   Saved: samples/sars-cov-2/dist0size0/last_6_months/samples_LF.7.7.1.csv (145 rows)
2025-10-18 11:26:29,322 - INFO -   Saved: samples/sars-cov-2/dist0size0/last_6_months/samples_LF.7.7.2.csv (217 rows)
2025-10-18 11:26:29,324 - INFO -   Saved: samples/sars-cov-2/dist0size0/last_6_months/samples_LF.7.8.csv (1 rows)
2025-10-18 11:26:29,326 - INFO -   Saved: samples/sars-cov-2/dist0size0/last_6_months/samples_LF.7.9.csv (19 rows)
2025-10-18 11:26:29,329 - INFO -   Saved: samples/sars-cov-2/dist0size0/last_6_months/samples_LF.7.9.1.csv (48 rows)
2025-10-18 11:26:29,331 - INFO -   Saved: samples/sars-cov-2/dist0size0/last_6_months/samples_LF.7.9.2.csv (6 rows)
2025-10-18 11:26:29,333 - INFO -   Saved: samples/sars-cov-2/dist0size0/last_6_months/samples_LF.7.9.3.csv (7 rows)
2025-10-18 11:26:29,334 - INFO -   Saved: samples/sars-cov-2/dist0size0/last_6_months/samples_LP.5.csv (2 rows)
2025-10-18 11:26:29,360 - INFO -   Saved: samples/sars-cov-2/dist0size0/last_6_months/samples_LP.8.1.csv (665 rows)
2025-10-18 11:26:29,433 - INFO -   Saved: samples/sars-cov-2/dist0size0/last_6_months/samples_LP.8.1.1.csv (2003 rows)
2025-10-18 11:26:29,436 - INFO -   Saved: samples/sars-cov-2/dist0size0/last_6_months/samples_LP.8.1.10.csv (27 rows)
2025-10-18 11:26:29,438 - INFO -   Saved: samples/sars-cov-2/dist0size0/last_6_months/samples_LP.8.1.11.csv (36 rows)
2025-10-18 11:26:29,442 - INFO -   Saved: samples/sars-cov-2/dist0size0/last_6_months/samples_LP.8.1.12.csv (49 rows)
2025-10-18 11:26:29,445 - INFO -   Saved: samples/sars-cov-2/dist0size0/last_6_months/samples_LP.8.1.13.csv (44 rows)
2025-10-18 11:26:29,447 - INFO -   Saved: samples/sars-cov-2/dist0size0/last_6_months/samples_LP.8.1.14.csv (36 rows)
2025-10-18 11:26:29,449 - INFO -   Saved: samples/sars-cov-2/dist0size0/last_6_months/samples_LP.8.1.15.csv (1 rows)
2025-10-18 11:26:29,452 - INFO -   Saved: samples/sars-cov-2/dist0size0/last_6_months/samples_LP.8.1.2.csv (29 rows)
2025-10-18 11:26:29,455 - INFO -   Saved: samples/sars-cov-2/dist0size0/last_6_months/samples_LP.8.1.3.csv (51 rows)
2025-10-18 11:26:29,461 - INFO -   Saved: samples/sars-cov-2/dist0size0/last_6_months/samples_LP.8.1.4.csv (135 rows)
2025-10-18 11:26:29,466 - INFO -   Saved: samples/sars-cov-2/dist0size0/last_6_months/samples_LP.8.1.5.csv (100 rows)
2025-10-18 11:26:29,470 - INFO -   Saved: samples/sars-cov-2/dist0size0/last_6_months/samples_LP.8.1.6.csv (53 rows)
2025-10-18 11:26:29,472 - INFO -   Saved: samples/sars-cov-2/dist0size0/last_6_months/samples_LP.8.1.7.csv (21 rows)
2025-10-18 11:26:29,474 - INFO -   Saved: samples/sars-cov-2/dist0size0/last_6_months/samples_LP.8.1.8.csv (3 rows)
2025-10-18 11:26:29,475 - INFO -   Saved: samples/sars-cov-2/dist0size0/last_6_months/samples_LP.8.1.9.csv (1 rows)
2025-10-18 11:26:29,477 - INFO -   Saved: samples/sars-cov-2/dist0size0/last_6_months/samples_LU.2.1.1.csv (2 rows)
2025-10-18 11:26:29,478 - INFO -   Saved: samples/sars-cov-2/dist0size0/last_6_months/samples_LW.1.csv (2 rows)
2025-10-18 11:26:29,483 - INFO -   Saved: samples/sars-cov-2/dist0size0/last_6_months/samples_MC.1.csv (101 rows)
2025-10-18 11:26:29,486 - INFO -   Saved: samples/sars-cov-2/dist0size0/last_6_months/samples_MC.1.1.csv (23 rows)
2025-10-18 11:26:29,488 - INFO -   Saved: samples/sars-cov-2/dist0size0/last_6_months/samples_MC.1.2.csv (15 rows)
2025-10-18 11:26:29,490 - INFO -   Saved: samples/sars-cov-2/dist0size0/last_6_months/samples_MC.1.3.csv (6 rows)
2025-10-18 11:26:29,491 - INFO -   Saved: samples/sars-cov-2/dist0size0/last_6_months/samples_MC.1.4.csv (4 rows)
2025-10-18 11:26:29,494 - INFO -   Saved: samples/sars-cov-2/dist0size0/last_6_months/samples_MC.1.4.1.csv (31 rows)
2025-10-18 11:26:29,495 - INFO -   Saved: samples/sars-cov-2/dist0size0/last_6_months/samples_MC.1.5.csv (2 rows)
2025-10-18 11:26:29,497 - INFO -   Saved: samples/sars-cov-2/dist0size0/last_6_months/samples_MC.1.6.csv (1 rows)
2025-10-18 11:26:29,498 - INFO -   Saved: samples/sars-cov-2/dist0size0/last_6_months/samples_MC.1.7.csv (1 rows)
2025-10-18 11:26:29,500 - INFO -   Saved: samples/sars-cov-2/dist0size0/last_6_months/samples_MC.10.csv (4 rows)
2025-10-18 11:26:29,509 - INFO -   Saved: samples/sars-cov-2/dist0size0/last_6_months/samples_MC.10.1.csv (186 rows)
2025-10-18 11:26:29,512 - INFO -   Saved: samples/sars-cov-2/dist0size0/last_6_months/samples_MC.10.1.1.csv (40 rows)
2025-10-18 11:26:29,514 - INFO -   Saved: samples/sars-cov-2/dist0size0/last_6_months/samples_MC.10.1.3.csv (1 rows)
2025-10-18 11:26:29,515 - INFO -   Saved: samples/sars-cov-2/dist0size0/last_6_months/samples_MC.10.1.4.csv (7 rows)
2025-10-18 11:26:29,517 - INFO -   Saved: samples/sars-cov-2/dist0size0/last_6_months/samples_MC.10.1.5.csv (10 rows)
2025-10-18 11:26:29,519 - INFO -   Saved: samples/sars-cov-2/dist0size0/last_6_months/samples_MC.10.1.6.csv (4 rows)
2025-10-18 11:26:29,521 - INFO -   Saved: samples/sars-cov-2/dist0size0/last_6_months/samples_MC.10.1.7.csv (5 rows)
2025-10-18 11:26:29,524 - INFO -   Saved: samples/sars-cov-2/dist0size0/last_6_months/samples_MC.10.1.8.csv (41 rows)
2025-10-18 11:26:29,526 - INFO -   Saved: samples/sars-cov-2/dist0size0/last_6_months/samples_MC.10.2.csv (33 rows)
2025-10-18 11:26:29,528 - INFO -   Saved: samples/sars-cov-2/dist0size0/last_6_months/samples_MC.10.2.1.csv (10 rows)
2025-10-18 11:26:29,530 - INFO -   Saved: samples/sars-cov-2/dist0size0/last_6_months/samples_MC.10.2.2.csv (5 rows)
2025-10-18 11:26:29,531 - INFO -   Saved: samples/sars-cov-2/dist0size0/last_6_months/samples_MC.11.csv (1 rows)
2025-10-18 11:26:29,533 - INFO -   Saved: samples/sars-cov-2/dist0size0/last_6_months/samples_MC.11.2.csv (3 rows)
2025-10-18 11:26:29,534 - INFO -   Saved: samples/sars-cov-2/dist0size0/last_6_months/samples_MC.11.3.1.csv (2 rows)
2025-10-18 11:26:29,536 - INFO -   Saved: samples/sars-cov-2/dist0size0/last_6_months/samples_MC.13.csv (3 rows)
2025-10-18 11:26:29,538 - INFO -   Saved: samples/sars-cov-2/dist0size0/last_6_months/samples_MC.13.1.csv (1 rows)
2025-10-18 11:26:29,540 - INFO -   Saved: samples/sars-cov-2/dist0size0/last_6_months/samples_MC.13.2.csv (16 rows)
2025-10-18 11:26:29,541 - INFO -   Saved: samples/sars-cov-2/dist0size0/last_6_months/samples_MC.13.2.1.csv (4 rows)
2025-10-18 11:26:29,543 - INFO -   Saved: samples/sars-cov-2/dist0size0/last_6_months/samples_MC.13.2.2.csv (13 rows)
2025-10-18 11:26:29,545 - INFO -   Saved: samples/sars-cov-2/dist0size0/last_6_months/samples_MC.13.2.3.csv (4 rows)
2025-10-18 11:26:29,548 - INFO -   Saved: samples/sars-cov-2/dist0size0/last_6_months/samples_MC.13.2.4.csv (32 rows)
2025-10-18 11:26:29,549 - INFO -   Saved: samples/sars-cov-2/dist0size0/last_6_months/samples_MC.13.3.1.csv (4 rows)
2025-10-18 11:26:29,551 - INFO -   Saved: samples/sars-cov-2/dist0size0/last_6_months/samples_MC.15.csv (1 rows)
2025-10-18 11:26:29,552 - INFO -   Saved: samples/sars-cov-2/dist0size0/last_6_months/samples_MC.16.csv (6 rows)
2025-10-18 11:26:29,554 - INFO -   Saved: samples/sars-cov-2/dist0size0/last_6_months/samples_MC.17.1.csv (4 rows)
2025-10-18 11:26:29,556 - INFO -   Saved: samples/sars-cov-2/dist0size0/last_6_months/samples_MC.19.csv (15 rows)
2025-10-18 11:26:29,558 - INFO -   Saved: samples/sars-cov-2/dist0size0/last_6_months/samples_MC.19.1.csv (2 rows)
2025-10-18 11:26:29,559 - INFO -   Saved: samples/sars-cov-2/dist0size0/last_6_months/samples_MC.19.1.1.csv (3 rows)
2025-10-18 11:26:29,561 - INFO -   Saved: samples/sars-cov-2/dist0size0/last_6_months/samples_MC.2.csv (8 rows)
2025-10-18 11:26:29,563 - INFO -   Saved: samples/sars-cov-2/dist0size0/last_6_months/samples_MC.2.1.csv (1 rows)
2025-10-18 11:26:29,564 - INFO -   Saved: samples/sars-cov-2/dist0size0/last_6_months/samples_MC.21.csv (1 rows)
2025-10-18 11:26:29,569 - INFO -   Saved: samples/sars-cov-2/dist0size0/last_6_months/samples_MC.21.1.csv (96 rows)
2025-10-18 11:26:29,571 - INFO -   Saved: samples/sars-cov-2/dist0size0/last_6_months/samples_MC.24.csv (12 rows)
2025-10-18 11:26:29,573 - INFO -   Saved: samples/sars-cov-2/dist0size0/last_6_months/samples_MC.24.1.csv (3 rows)
2025-10-18 11:26:29,574 - INFO -   Saved: samples/sars-cov-2/dist0size0/last_6_months/samples_MC.26.csv (2 rows)
2025-10-18 11:26:29,576 - INFO -   Saved: samples/sars-cov-2/dist0size0/last_6_months/samples_MC.26.1.csv (5 rows)
2025-10-18 11:26:29,580 - INFO -   Saved: samples/sars-cov-2/dist0size0/last_6_months/samples_MC.28.1.1.csv (79 rows)
2025-10-18 11:26:29,582 - INFO -   Saved: samples/sars-cov-2/dist0size0/last_6_months/samples_MC.3.csv (1 rows)
2025-10-18 11:26:29,584 - INFO -   Saved: samples/sars-cov-2/dist0size0/last_6_months/samples_MC.30.csv (1 rows)
2025-10-18 11:26:29,585 - INFO -   Saved: samples/sars-cov-2/dist0size0/last_6_months/samples_MC.30.1.1.csv (7 rows)
2025-10-18 11:26:29,589 - INFO -   Saved: samples/sars-cov-2/dist0size0/last_6_months/samples_MC.31.csv (54 rows)
2025-10-18 11:26:29,590 - INFO -   Saved: samples/sars-cov-2/dist0size0/last_6_months/samples_MC.32.1.1.csv (1 rows)
2025-10-18 11:26:29,593 - INFO -   Saved: samples/sars-cov-2/dist0size0/last_6_months/samples_MC.33.1.csv (36 rows)
2025-10-18 11:26:29,595 - INFO -   Saved: samples/sars-cov-2/dist0size0/last_6_months/samples_MC.33.1.1.csv (3 rows)
2025-10-18 11:26:29,596 - INFO -   Saved: samples/sars-cov-2/dist0size0/last_6_months/samples_MC.35.csv (3 rows)
2025-10-18 11:26:29,598 - INFO -   Saved: samples/sars-cov-2/dist0size0/last_6_months/samples_MC.38.csv (2 rows)
2025-10-18 11:26:29,600 - INFO -   Saved: samples/sars-cov-2/dist0size0/last_6_months/samples_MC.39.csv (4 rows)
2025-10-18 11:26:29,601 - INFO -   Saved: samples/sars-cov-2/dist0size0/last_6_months/samples_MC.4.csv (3 rows)
2025-10-18 11:26:29,603 - INFO -   Saved: samples/sars-cov-2/dist0size0/last_6_months/samples_MC.40.1.csv (1 rows)
2025-10-18 11:26:29,604 - INFO -   Saved: samples/sars-cov-2/dist0size0/last_6_months/samples_MC.42.csv (1 rows)
2025-10-18 11:26:29,606 - INFO -   Saved: samples/sars-cov-2/dist0size0/last_6_months/samples_MC.43.csv (4 rows)
2025-10-18 11:26:29,607 - INFO -   Saved: samples/sars-cov-2/dist0size0/last_6_months/samples_MC.6.csv (2 rows)
2025-10-18 11:26:29,609 - INFO -   Saved: samples/sars-cov-2/dist0size0/last_6_months/samples_MC.8.csv (1 rows)
2025-10-18 11:26:29,611 - INFO -   Saved: samples/sars-cov-2/dist0size0/last_6_months/samples_MC.8.1.csv (16 rows)
2025-10-18 11:26:29,613 - INFO -   Saved: samples/sars-cov-2/dist0size0/last_6_months/samples_MC.9.csv (6 rows)
2025-10-18 11:26:29,614 - INFO -   Saved: samples/sars-cov-2/dist0size0/last_6_months/samples_MC.9.1.csv (1 rows)
2025-10-18 11:26:29,616 - INFO -   Saved: samples/sars-cov-2/dist0size0/last_6_months/samples_MC.9.2.csv (1 rows)
2025-10-18 11:26:29,617 - INFO -   Saved: samples/sars-cov-2/dist0size0/last_6_months/samples_MG.3.csv (1 rows)
2025-10-18 11:26:29,619 - INFO -   Saved: samples/sars-cov-2/dist0size0/last_6_months/samples_MT.1.1.csv (3 rows)
2025-10-18 11:26:29,620 - INFO -   Saved: samples/sars-cov-2/dist0size0/last_6_months/samples_MU.2.1.1.csv (1 rows)
2025-10-18 11:26:29,622 - INFO -   Saved: samples/sars-cov-2/dist0size0/last_6_months/samples_MU.6.csv (1 rows)
2025-10-18 11:26:29,624 - INFO -   Saved: samples/sars-cov-2/dist0size0/last_6_months/samples_MV.1.csv (4 rows)
2025-10-18 11:26:29,625 - INFO -   Saved: samples/sars-cov-2/dist0size0/last_6_months/samples_MV.1.1.csv (1 rows)
2025-10-18 11:26:29,627 - INFO -   Saved: samples/sars-cov-2/dist0size0/last_6_months/samples_MV.1.1.1.csv (2 rows)
2025-10-18 11:26:29,628 - INFO -   Saved: samples/sars-cov-2/dist0size0/last_6_months/samples_MV.1.3.csv (1 rows)
2025-10-18 11:26:29,630 - INFO -   Saved: samples/sars-cov-2/dist0size0/last_6_months/samples_MV.1.6.csv (1 rows)
2025-10-18 11:26:29,631 - INFO -   Saved: samples/sars-cov-2/dist0size0/last_6_months/samples_NA.2.csv (1 rows)
2025-10-18 11:26:29,633 - INFO -   Saved: samples/sars-cov-2/dist0size0/last_6_months/samples_NB.1.csv (2 rows)
2025-10-18 11:26:29,634 - INFO -   Saved: samples/sars-cov-2/dist0size0/last_6_months/samples_NB.1.2.csv (2 rows)
2025-10-18 11:26:29,636 - INFO -   Saved: samples/sars-cov-2/dist0size0/last_6_months/samples_NB.1.2.1.csv (1 rows)
2025-10-18 11:26:29,637 - INFO -   Saved: samples/sars-cov-2/dist0size0/last_6_months/samples_NB.1.6.1.csv (3 rows)
2025-10-18 11:26:29,639 - INFO -   Saved: samples/sars-cov-2/dist0size0/last_6_months/samples_NB.1.8.csv (6 rows)
2025-10-18 11:26:29,654 - INFO -   Saved: samples/sars-cov-2/dist0size0/last_6_months/samples_NB.1.8.1.csv (356 rows)
2025-10-18 11:26:29,656 - INFO -   Saved: samples/sars-cov-2/dist0size0/last_6_months/samples_NC.1.1.csv (1 rows)
2025-10-18 11:26:29,657 - INFO -   Saved: samples/sars-cov-2/dist0size0/last_6_months/samples_NC.1.2.csv (1 rows)
2025-10-18 11:26:29,659 - INFO -   Saved: samples/sars-cov-2/dist0size0/last_6_months/samples_NC.1.2.1.csv (1 rows)
2025-10-18 11:26:29,660 - INFO -   Saved: samples/sars-cov-2/dist0size0/last_6_months/samples_NC.1.2.2.csv (2 rows)
2025-10-18 11:26:29,662 - INFO -   Saved: samples/sars-cov-2/dist0size0/last_6_months/samples_ND.1.1.2.csv (1 rows)
2025-10-18 11:26:29,664 - INFO -   Saved: samples/sars-cov-2/dist0size0/last_6_months/samples_NF.1.csv (15 rows)
2025-10-18 11:26:29,665 - INFO -   Saved: samples/sars-cov-2/dist0size0/last_6_months/samples_NF.1.2.csv (1 rows)
2025-10-18 11:26:29,667 - INFO -   Saved: samples/sars-cov-2/dist0size0/last_6_months/samples_NF.1.3.csv (1 rows)
2025-10-18 11:26:29,668 - INFO -   Saved: samples/sars-cov-2/dist0size0/last_6_months/samples_NG.1.csv (1 rows)
2025-10-18 11:26:29,670 - INFO -   Saved: samples/sars-cov-2/dist0size0/last_6_months/samples_NL.1.1.csv (1 rows)
2025-10-18 11:26:29,673 - INFO -   Saved: samples/sars-cov-2/dist0size0/last_6_months/samples_NL.10.csv (48 rows)
2025-10-18 11:26:29,675 - INFO -   Saved: samples/sars-cov-2/dist0size0/last_6_months/samples_NL.11.csv (12 rows)
2025-10-18 11:26:29,677 - INFO -   Saved: samples/sars-cov-2/dist0size0/last_6_months/samples_NL.12.csv (9 rows)
2025-10-18 11:26:29,679 - INFO -   Saved: samples/sars-cov-2/dist0size0/last_6_months/samples_NL.13.csv (13 rows)
2025-10-18 11:26:29,680 - INFO -   Saved: samples/sars-cov-2/dist0size0/last_6_months/samples_NL.14.csv (4 rows)
2025-10-18 11:26:29,682 - INFO -   Saved: samples/sars-cov-2/dist0size0/last_6_months/samples_NL.15.csv (5 rows)
2025-10-18 11:26:29,684 - INFO -   Saved: samples/sars-cov-2/dist0size0/last_6_months/samples_NL.16.csv (9 rows)
2025-10-18 11:26:29,686 - INFO -   Saved: samples/sars-cov-2/dist0size0/last_6_months/samples_NL.16.1.csv (6 rows)
2025-10-18 11:26:29,687 - INFO -   Saved: samples/sars-cov-2/dist0size0/last_6_months/samples_NL.18.csv (3 rows)
2025-10-18 11:26:29,689 - INFO -   Saved: samples/sars-cov-2/dist0size0/last_6_months/samples_NL.19.csv (9 rows)
2025-10-18 11:26:29,691 - INFO -   Saved: samples/sars-cov-2/dist0size0/last_6_months/samples_NL.2.csv (17 rows)
2025-10-18 11:26:29,693 - INFO -   Saved: samples/sars-cov-2/dist0size0/last_6_months/samples_NL.2.1.csv (5 rows)
2025-10-18 11:26:29,695 - INFO -   Saved: samples/sars-cov-2/dist0size0/last_6_months/samples_NL.20.csv (6 rows)
2025-10-18 11:26:29,696 - INFO -   Saved: samples/sars-cov-2/dist0size0/last_6_months/samples_NL.21.csv (3 rows)
2025-10-18 11:26:29,698 - INFO -   Saved: samples/sars-cov-2/dist0size0/last_6_months/samples_NL.22.1.csv (5 rows)
2025-10-18 11:26:29,700 - INFO -   Saved: samples/sars-cov-2/dist0size0/last_6_months/samples_NL.3.csv (15 rows)
2025-10-18 11:26:29,703 - INFO -   Saved: samples/sars-cov-2/dist0size0/last_6_months/samples_NL.4.csv (34 rows)
2025-10-18 11:26:29,704 - INFO -   Saved: samples/sars-cov-2/dist0size0/last_6_months/samples_NL.4.1.csv (9 rows)
2025-10-18 11:26:29,706 - INFO -   Saved: samples/sars-cov-2/dist0size0/last_6_months/samples_NL.5.csv (5 rows)
2025-10-18 11:26:29,708 - INFO -   Saved: samples/sars-cov-2/dist0size0/last_6_months/samples_NL.5.1.csv (2 rows)
2025-10-18 11:26:29,710 - INFO -   Saved: samples/sars-cov-2/dist0size0/last_6_months/samples_NL.5.2.csv (39 rows)
2025-10-18 11:26:29,712 - INFO -   Saved: samples/sars-cov-2/dist0size0/last_6_months/samples_NL.6.csv (3 rows)
2025-10-18 11:26:29,715 - INFO -   Saved: samples/sars-cov-2/dist0size0/last_6_months/samples_NL.6.1.csv (40 rows)
2025-10-18 11:26:29,717 - INFO -   Saved: samples/sars-cov-2/dist0size0/last_6_months/samples_NL.8.1.csv (5 rows)
2025-10-18 11:26:29,718 - INFO -   Saved: samples/sars-cov-2/dist0size0/last_6_months/samples_NL.9.csv (3 rows)
2025-10-18 11:26:29,720 - INFO -   Saved: samples/sars-cov-2/dist0size0/last_6_months/samples_NP.1.csv (8 rows)
2025-10-18 11:26:29,722 - INFO -   Saved: samples/sars-cov-2/dist0size0/last_6_months/samples_NT.1.csv (1 rows)
2025-10-18 11:26:29,723 - INFO -   Saved: samples/sars-cov-2/dist0size0/last_6_months/samples_NT.2.csv (5 rows)
2025-10-18 11:26:29,729 - INFO -   Saved: samples/sars-cov-2/dist0size0/last_6_months/samples_NW.1.csv (107 rows)
2025-10-18 11:26:29,732 - INFO -   Saved: samples/sars-cov-2/dist0size0/last_6_months/samples_NW.1.2.csv (34 rows)
2025-10-18 11:26:29,733 - INFO -   Saved: samples/sars-cov-2/dist0size0/last_6_months/samples_NW.1.3.csv (2 rows)
2025-10-18 11:26:29,735 - INFO -   Saved: samples/sars-cov-2/dist0size0/last_6_months/samples_NY.1.csv (20 rows)
2025-10-18 11:26:29,737 - INFO -   Saved: samples/sars-cov-2/dist0size0/last_6_months/samples_NY.10.csv (7 rows)
2025-10-18 11:26:29,739 - INFO -   Saved: samples/sars-cov-2/dist0size0/last_6_months/samples_NY.11.csv (6 rows)
2025-10-18 11:26:29,741 - INFO -   Saved: samples/sars-cov-2/dist0size0/last_6_months/samples_NY.11.1.csv (20 rows)
2025-10-18 11:26:29,745 - INFO -   Saved: samples/sars-cov-2/dist0size0/last_6_months/samples_NY.12.csv (59 rows)
2025-10-18 11:26:29,747 - INFO -   Saved: samples/sars-cov-2/dist0size0/last_6_months/samples_NY.12.1.csv (17 rows)
2025-10-18 11:26:29,763 - INFO -   Saved: samples/sars-cov-2/dist0size0/last_6_months/samples_NY.13.csv (393 rows)
2025-10-18 11:26:29,765 - INFO -   Saved: samples/sars-cov-2/dist0size0/last_6_months/samples_NY.14.csv (36 rows)
2025-10-18 11:26:29,774 - INFO -   Saved: samples/sars-cov-2/dist0size0/last_6_months/samples_NY.15.csv (208 rows)
2025-10-18 11:26:29,780 - INFO -   Saved: samples/sars-cov-2/dist0size0/last_6_months/samples_NY.16.csv (123 rows)
2025-10-18 11:26:29,783 - INFO -   Saved: samples/sars-cov-2/dist0size0/last_6_months/samples_NY.16.1.csv (18 rows)
2025-10-18 11:26:29,784 - INFO -   Saved: samples/sars-cov-2/dist0size0/last_6_months/samples_NY.17.csv (2 rows)
2025-10-18 11:26:29,786 - INFO -   Saved: samples/sars-cov-2/dist0size0/last_6_months/samples_NY.17.1.csv (2 rows)
2025-10-18 11:26:29,787 - INFO -   Saved: samples/sars-cov-2/dist0size0/last_6_months/samples_NY.17.2.csv (1 rows)
2025-10-18 11:26:29,789 - INFO -   Saved: samples/sars-cov-2/dist0size0/last_6_months/samples_NY.2.csv (6 rows)
2025-10-18 11:26:29,797 - INFO -   Saved: samples/sars-cov-2/dist0size0/last_6_months/samples_NY.3.csv (187 rows)
2025-10-18 11:26:29,800 - INFO -   Saved: samples/sars-cov-2/dist0size0/last_6_months/samples_NY.3.1.csv (22 rows)
2025-10-18 11:26:29,801 - INFO -   Saved: samples/sars-cov-2/dist0size0/last_6_months/samples_NY.3.1.1.csv (2 rows)
2025-10-18 11:26:29,803 - INFO -   Saved: samples/sars-cov-2/dist0size0/last_6_months/samples_NY.3.2.csv (3 rows)
2025-10-18 11:26:29,804 - INFO -   Saved: samples/sars-cov-2/dist0size0/last_6_months/samples_NY.4.csv (1 rows)
2025-10-18 11:26:29,806 - INFO -   Saved: samples/sars-cov-2/dist0size0/last_6_months/samples_NY.4.1.csv (9 rows)
2025-10-18 11:26:29,808 - INFO -   Saved: samples/sars-cov-2/dist0size0/last_6_months/samples_NY.5.csv (12 rows)
2025-10-18 11:26:29,810 - INFO -   Saved: samples/sars-cov-2/dist0size0/last_6_months/samples_NY.6.csv (19 rows)
2025-10-18 11:26:29,813 - INFO -   Saved: samples/sars-cov-2/dist0size0/last_6_months/samples_NY.7.csv (33 rows)
2025-10-18 11:26:29,815 - INFO -   Saved: samples/sars-cov-2/dist0size0/last_6_months/samples_NY.7.1.csv (26 rows)
2025-10-18 11:26:29,817 - INFO -   Saved: samples/sars-cov-2/dist0size0/last_6_months/samples_NY.7.1.1.csv (15 rows)
2025-10-18 11:26:29,820 - INFO -   Saved: samples/sars-cov-2/dist0size0/last_6_months/samples_NY.7.2.csv (3 rows)
2025-10-18 11:26:29,822 - INFO -   Saved: samples/sars-cov-2/dist0size0/last_6_months/samples_NY.8.csv (12 rows)
2025-10-18 11:26:29,827 - INFO -   Saved: samples/sars-cov-2/dist0size0/last_6_months/samples_NY.9.csv (102 rows)
2025-10-18 11:26:29,830 - INFO -   Saved: samples/sars-cov-2/dist0size0/last_6_months/samples_PA.1.csv (42 rows)
2025-10-18 11:26:29,832 - INFO -   Saved: samples/sars-cov-2/dist0size0/last_6_months/samples_PA.1.1.csv (19 rows)
2025-10-18 11:26:29,834 - INFO -   Saved: samples/sars-cov-2/dist0size0/last_6_months/samples_PA.1.3.csv (13 rows)
2025-10-18 11:26:29,836 - INFO -   Saved: samples/sars-cov-2/dist0size0/last_6_months/samples_PA.1.4.csv (14 rows)
2025-10-18 11:26:29,838 - INFO -   Saved: samples/sars-cov-2/dist0size0/last_6_months/samples_PA.3.csv (15 rows)
2025-10-18 11:26:29,840 - INFO -   Saved: samples/sars-cov-2/dist0size0/last_6_months/samples_PA.4.1.csv (1 rows)
2025-10-18 11:26:29,841 - INFO -   Saved: samples/sars-cov-2/dist0size0/last_6_months/samples_PB.1.csv (2 rows)
2025-10-18 11:26:29,843 - INFO -   Saved: samples/sars-cov-2/dist0size0/last_6_months/samples_PC.2.csv (3 rows)
2025-10-18 11:26:29,844 - INFO -   Saved: samples/sars-cov-2/dist0size0/last_6_months/samples_PC.2.1.2.csv (1 rows)
2025-10-18 11:26:29,847 - INFO -   Saved: samples/sars-cov-2/dist0size0/last_6_months/samples_PC.3.csv (32 rows)
2025-10-18 11:26:29,849 - INFO -   Saved: samples/sars-cov-2/dist0size0/last_6_months/samples_PC.3.1.csv (16 rows)
2025-10-18 11:26:29,850 - INFO -   Saved: samples/sars-cov-2/dist0size0/last_6_months/samples_PC.3.2.csv (1 rows)
2025-10-18 11:26:29,852 - INFO -   Saved: samples/sars-cov-2/dist0size0/last_6_months/samples_PC.4.csv (7 rows)
2025-10-18 11:26:29,854 - INFO -   Saved: samples/sars-cov-2/dist0size0/last_6_months/samples_PC.4.1.csv (1 rows)
2025-10-18 11:26:29,855 - INFO -   Saved: samples/sars-cov-2/dist0size0/last_6_months/samples_PD.1.csv (5 rows)
2025-10-18 11:26:29,857 - INFO -   Saved: samples/sars-cov-2/dist0size0/last_6_months/samples_PD.2.csv (12 rows)
2025-10-18 11:26:29,859 - INFO -   Saved: samples/sars-cov-2/dist0size0/last_6_months/samples_PD.2.1.csv (8 rows)
2025-10-18 11:26:29,861 - INFO -   Saved: samples/sars-cov-2/dist0size0/last_6_months/samples_PD.3.csv (4 rows)
2025-10-18 11:26:29,862 - INFO -   Saved: samples/sars-cov-2/dist0size0/last_6_months/samples_PE.1.csv (4 rows)
2025-10-18 11:26:29,864 - INFO -   Saved: samples/sars-cov-2/dist0size0/last_6_months/samples_PF.1.csv (18 rows)
2025-10-18 11:26:29,868 - INFO -   Saved: samples/sars-cov-2/dist0size0/last_6_months/samples_PF.2.csv (48 rows)
2025-10-18 11:26:29,870 - INFO -   Saved: samples/sars-cov-2/dist0size0/last_6_months/samples_PF.2.1.csv (31 rows)
2025-10-18 11:26:29,872 - INFO -   Saved: samples/sars-cov-2/dist0size0/last_6_months/samples_PF.2.2.csv (3 rows)
2025-10-18 11:26:29,874 - INFO -   Saved: samples/sars-cov-2/dist0size0/last_6_months/samples_PF.2.2.1.csv (11 rows)
2025-10-18 11:26:29,876 - INFO -   Saved: samples/sars-cov-2/dist0size0/last_6_months/samples_PF.2.3.csv (30 rows)
2025-10-18 11:26:29,878 - INFO -   Saved: samples/sars-cov-2/dist0size0/last_6_months/samples_PF.2.4.csv (7 rows)
2025-10-18 11:26:29,880 - INFO -   Saved: samples/sars-cov-2/dist0size0/last_6_months/samples_PG.1.csv (2 rows)
2025-10-18 11:26:29,881 - INFO -   Saved: samples/sars-cov-2/dist0size0/last_6_months/samples_PG.2.csv (1 rows)
2025-10-18 11:26:29,884 - INFO -   Saved: samples/sars-cov-2/dist0size0/last_6_months/samples_PG.3.csv (29 rows)
2025-10-18 11:26:29,885 - INFO -   Saved: samples/sars-cov-2/dist0size0/last_6_months/samples_PG.4.csv (7 rows)
2025-10-18 11:26:29,887 - INFO -   Saved: samples/sars-cov-2/dist0size0/last_6_months/samples_PG.4.1.csv (2 rows)
2025-10-18 11:26:29,889 - INFO -   Saved: samples/sars-cov-2/dist0size0/last_6_months/samples_PG.6.csv (11 rows)
2025-10-18 11:26:29,892 - INFO -   Saved: samples/sars-cov-2/dist0size0/last_6_months/samples_PH.1.csv (49 rows)
2025-10-18 11:26:29,894 - INFO -   Saved: samples/sars-cov-2/dist0size0/last_6_months/samples_PJ.1.csv (2 rows)
2025-10-18 11:26:29,895 - INFO -   Saved: samples/sars-cov-2/dist0size0/last_6_months/samples_PL.1.csv (4 rows)
2025-10-18 11:26:29,897 - INFO -   Saved: samples/sars-cov-2/dist0size0/last_6_months/samples_PL.1.1.csv (12 rows)
2025-10-18 11:26:29,903 - INFO -   Saved: samples/sars-cov-2/dist0size0/last_6_months/samples_PP.1.csv (114 rows)
2025-10-18 11:26:29,905 - INFO -   Saved: samples/sars-cov-2/dist0size0/last_6_months/samples_PP.2.csv (8 rows)
2025-10-18 11:26:29,906 - INFO -   Saved: samples/sars-cov-2/dist0size0/last_6_months/samples_PP.2.1.csv (4 rows)
2025-10-18 11:26:29,910 - INFO -   Saved: samples/sars-cov-2/dist0size0/last_6_months/samples_PQ.1.csv (52 rows)
2025-10-18 11:26:29,911 - INFO -   Saved: samples/sars-cov-2/dist0size0/last_6_months/samples_PQ.1.1.csv (9 rows)
2025-10-18 11:26:29,914 - INFO -   Saved: samples/sars-cov-2/dist0size0/last_6_months/samples_PQ.10.csv (24 rows)
2025-10-18 11:26:29,916 - INFO -   Saved: samples/sars-cov-2/dist0size0/last_6_months/samples_PQ.11.csv (16 rows)
2025-10-18 11:26:29,918 - INFO -   Saved: samples/sars-cov-2/dist0size0/last_6_months/samples_PQ.12.csv (16 rows)
2025-10-18 11:26:29,920 - INFO -   Saved: samples/sars-cov-2/dist0size0/last_6_months/samples_PQ.13.csv (5 rows)
2025-10-18 11:26:29,922 - INFO -   Saved: samples/sars-cov-2/dist0size0/last_6_months/samples_PQ.14.csv (26 rows)
2025-10-18 11:26:29,924 - INFO -   Saved: samples/sars-cov-2/dist0size0/last_6_months/samples_PQ.15.csv (3 rows)
2025-10-18 11:26:29,925 - INFO -   Saved: samples/sars-cov-2/dist0size0/last_6_months/samples_PQ.16.csv (1 rows)
2025-10-18 11:26:29,930 - INFO -   Saved: samples/sars-cov-2/dist0size0/last_6_months/samples_PQ.2.csv (91 rows)
2025-10-18 11:26:29,932 - INFO -   Saved: samples/sars-cov-2/dist0size0/last_6_months/samples_PQ.3.csv (16 rows)
2025-10-18 11:26:29,935 - INFO -   Saved: samples/sars-cov-2/dist0size0/last_6_months/samples_PQ.4.csv (29 rows)
2025-10-18 11:26:29,937 - INFO -   Saved: samples/sars-cov-2/dist0size0/last_6_months/samples_PQ.5.csv (11 rows)
2025-10-18 11:26:29,938 - INFO -   Saved: samples/sars-cov-2/dist0size0/last_6_months/samples_PQ.6.csv (4 rows)
2025-10-18 11:26:29,940 - INFO -   Saved: samples/sars-cov-2/dist0size0/last_6_months/samples_PQ.7.csv (4 rows)
2025-10-18 11:26:29,942 - INFO -   Saved: samples/sars-cov-2/dist0size0/last_6_months/samples_PQ.8.csv (13 rows)
2025-10-18 11:26:29,944 - INFO -   Saved: samples/sars-cov-2/dist0size0/last_6_months/samples_PQ.9.csv (2 rows)
2025-10-18 11:26:29,946 - INFO -   Saved: samples/sars-cov-2/dist0size0/last_6_months/samples_PR.1.csv (19 rows)
2025-10-18 11:26:29,948 - INFO -   Saved: samples/sars-cov-2/dist0size0/last_6_months/samples_PR.2.csv (20 rows)
2025-10-18 11:26:29,951 - INFO -   Saved: samples/sars-cov-2/dist0size0/last_6_months/samples_PR.3.csv (28 rows)
2025-10-18 11:26:29,952 - INFO -   Saved: samples/sars-cov-2/dist0size0/last_6_months/samples_PS.1.csv (2 rows)
2025-10-18 11:26:29,954 - INFO -   Saved: samples/sars-cov-2/dist0size0/last_6_months/samples_PS.2.csv (5 rows)
2025-10-18 11:26:29,956 - INFO -   Saved: samples/sars-cov-2/dist0size0/last_6_months/samples_PT.1.csv (10 rows)
2025-10-18 11:26:29,957 - INFO -   Saved: samples/sars-cov-2/dist0size0/last_6_months/samples_PU.1.csv (2 rows)
2025-10-18 11:26:29,960 - INFO -   Saved: samples/sars-cov-2/dist0size0/last_6_months/samples_PV.1.csv (3 rows)
2025-10-18 11:26:29,962 - INFO -   Saved: samples/sars-cov-2/dist0size0/last_6_months/samples_PV.3.1.csv (4 rows)
2025-10-18 11:26:29,964 - INFO -   Saved: samples/sars-cov-2/dist0size0/last_6_months/samples_PW.1.csv (2 rows)
2025-10-18 11:26:29,966 - INFO -   Saved: samples/sars-cov-2/dist0size0/last_6_months/samples_PW.2.csv (9 rows)
2025-10-18 11:26:29,970 - INFO -   Saved: samples/sars-cov-2/dist0size0/last_6_months/samples_PY.1.csv (82 rows)
2025-10-18 11:26:29,972 - INFO -   Saved: samples/sars-cov-2/dist0size0/last_6_months/samples_PY.2.csv (17 rows)
2025-10-18 11:26:29,974 - INFO -   Saved: samples/sars-cov-2/dist0size0/last_6_months/samples_PY.3.csv (1 rows)
2025-10-18 11:26:29,976 - INFO -   Saved: samples/sars-cov-2/dist0size0/last_6_months/samples_PY.4.csv (10 rows)
2025-10-18 11:26:29,978 - INFO -   Saved: samples/sars-cov-2/dist0size0/last_6_months/samples_PY.5.csv (7 rows)
2025-10-18 11:26:29,979 - INFO -   Saved: samples/sars-cov-2/dist0size0/last_6_months/samples_PY.6.csv (3 rows)
2025-10-18 11:26:29,981 - INFO -   Saved: samples/sars-cov-2/dist0size0/last_6_months/samples_XDY.csv (3 rows)
2025-10-18 11:26:29,983 - INFO -   Saved: samples/sars-cov-2/dist0size0/last_6_months/samples_XDY.3.csv (8 rows)
2025-10-18 11:26:29,984 - INFO -   Saved: samples/sars-cov-2/dist0size0/last_6_months/samples_XDY.5.1.csv (1 rows)
2025-10-18 11:26:29,986 - INFO -   Saved: samples/sars-cov-2/dist0size0/last_6_months/samples_XDY.7.csv (1 rows)
2025-10-18 11:26:30,019 - INFO -   Saved: samples/sars-cov-2/dist0size0/last_6_months/samples_XEC.csv (894 rows)
2025-10-18 11:26:30,021 - INFO -   Saved: samples/sars-cov-2/dist0size0/last_6_months/samples_XEC.1.csv (19 rows)
2025-10-18 11:26:30,023 - INFO -   Saved: samples/sars-cov-2/dist0size0/last_6_months/samples_XEC.11.csv (4 rows)
2025-10-18 11:26:30,028 - INFO -   Saved: samples/sars-cov-2/dist0size0/last_6_months/samples_XEC.11.1.csv (102 rows)
2025-10-18 11:26:30,029 - INFO -   Saved: samples/sars-cov-2/dist0size0/last_6_months/samples_XEC.11.1.1.csv (3 rows)
2025-10-18 11:26:30,031 - INFO -   Saved: samples/sars-cov-2/dist0size0/last_6_months/samples_XEC.12.csv (14 rows)
2025-10-18 11:26:30,033 - INFO -   Saved: samples/sars-cov-2/dist0size0/last_6_months/samples_XEC.13.csv (8 rows)
2025-10-18 11:26:30,036 - INFO -   Saved: samples/sars-cov-2/dist0size0/last_6_months/samples_XEC.14.csv (25 rows)
2025-10-18 11:26:30,037 - INFO -   Saved: samples/sars-cov-2/dist0size0/last_6_months/samples_XEC.14.1.csv (4 rows)
2025-10-18 11:26:30,039 - INFO -   Saved: samples/sars-cov-2/dist0size0/last_6_months/samples_XEC.14.1.1.csv (3 rows)
2025-10-18 11:26:30,042 - INFO -   Saved: samples/sars-cov-2/dist0size0/last_6_months/samples_XEC.15.csv (25 rows)
2025-10-18 11:26:30,043 - INFO -   Saved: samples/sars-cov-2/dist0size0/last_6_months/samples_XEC.16.csv (7 rows)
2025-10-18 11:26:30,045 - INFO -   Saved: samples/sars-cov-2/dist0size0/last_6_months/samples_XEC.17.csv (4 rows)
2025-10-18 11:26:30,047 - INFO -   Saved: samples/sars-cov-2/dist0size0/last_6_months/samples_XEC.18.csv (23 rows)
2025-10-18 11:26:30,049 - INFO -   Saved: samples/sars-cov-2/dist0size0/last_6_months/samples_XEC.18.2.csv (9 rows)
2025-10-18 11:26:30,051 - INFO -   Saved: samples/sars-cov-2/dist0size0/last_6_months/samples_XEC.18.3.csv (5 rows)
2025-10-18 11:26:30,053 - INFO -   Saved: samples/sars-cov-2/dist0size0/last_6_months/samples_XEC.19.csv (8 rows)
2025-10-18 11:26:30,063 - INFO -   Saved: samples/sars-cov-2/dist0size0/last_6_months/samples_XEC.2.csv (242 rows)
2025-10-18 11:26:30,066 - INFO -   Saved: samples/sars-cov-2/dist0size0/last_6_months/samples_XEC.2.1.csv (42 rows)
2025-10-18 11:26:30,071 - INFO -   Saved: samples/sars-cov-2/dist0size0/last_6_months/samples_XEC.2.2.csv (105 rows)
2025-10-18 11:26:30,074 - INFO -   Saved: samples/sars-cov-2/dist0size0/last_6_months/samples_XEC.2.2.1.csv (37 rows)
2025-10-18 11:26:30,076 - INFO -   Saved: samples/sars-cov-2/dist0size0/last_6_months/samples_XEC.2.3.csv (12 rows)
2025-10-18 11:26:30,077 - INFO -   Saved: samples/sars-cov-2/dist0size0/last_6_months/samples_XEC.2.5.csv (6 rows)
2025-10-18 11:26:30,079 - INFO -   Saved: samples/sars-cov-2/dist0size0/last_6_months/samples_XEC.2.6.csv (4 rows)
2025-10-18 11:26:30,081 - INFO -   Saved: samples/sars-cov-2/dist0size0/last_6_months/samples_XEC.20.1.csv (1 rows)
2025-10-18 11:26:30,083 - INFO -   Saved: samples/sars-cov-2/dist0size0/last_6_months/samples_XEC.21.csv (21 rows)
2025-10-18 11:26:30,084 - INFO -   Saved: samples/sars-cov-2/dist0size0/last_6_months/samples_XEC.22.csv (6 rows)
2025-10-18 11:26:30,087 - INFO -   Saved: samples/sars-cov-2/dist0size0/last_6_months/samples_XEC.23.csv (38 rows)
2025-10-18 11:26:30,089 - INFO -   Saved: samples/sars-cov-2/dist0size0/last_6_months/samples_XEC.24.csv (3 rows)
2025-10-18 11:26:30,091 - INFO -   Saved: samples/sars-cov-2/dist0size0/last_6_months/samples_XEC.24.1.csv (11 rows)
2025-10-18 11:26:30,092 - INFO -   Saved: samples/sars-cov-2/dist0size0/last_6_months/samples_XEC.25.csv (3 rows)
2025-10-18 11:26:30,094 - INFO -   Saved: samples/sars-cov-2/dist0size0/last_6_months/samples_XEC.25.1.csv (2 rows)
2025-10-18 11:26:30,096 - INFO -   Saved: samples/sars-cov-2/dist0size0/last_6_months/samples_XEC.25.1.1.csv (6 rows)
2025-10-18 11:26:30,097 - INFO -   Saved: samples/sars-cov-2/dist0size0/last_6_months/samples_XEC.26.csv (2 rows)
2025-10-18 11:26:30,100 - INFO -   Saved: samples/sars-cov-2/dist0size0/last_6_months/samples_XEC.27.csv (25 rows)
2025-10-18 11:26:30,102 - INFO -   Saved: samples/sars-cov-2/dist0size0/last_6_months/samples_XEC.28.csv (13 rows)
2025-10-18 11:26:30,104 - INFO -   Saved: samples/sars-cov-2/dist0size0/last_6_months/samples_XEC.29.csv (16 rows)
2025-10-18 11:26:30,105 - INFO -   Saved: samples/sars-cov-2/dist0size0/last_6_months/samples_XEC.3.csv (4 rows)
2025-10-18 11:26:30,108 - INFO -   Saved: samples/sars-cov-2/dist0size0/last_6_months/samples_XEC.30.csv (24 rows)
2025-10-18 11:26:30,110 - INFO -   Saved: samples/sars-cov-2/dist0size0/last_6_months/samples_XEC.31.csv (16 rows)
2025-10-18 11:26:30,112 - INFO -   Saved: samples/sars-cov-2/dist0size0/last_6_months/samples_XEC.32.csv (11 rows)
2025-10-18 11:26:30,113 - INFO -   Saved: samples/sars-cov-2/dist0size0/last_6_months/samples_XEC.32.2.csv (4 rows)
2025-10-18 11:26:30,115 - INFO -   Saved: samples/sars-cov-2/dist0size0/last_6_months/samples_XEC.33.csv (18 rows)
2025-10-18 11:26:30,117 - INFO -   Saved: samples/sars-cov-2/dist0size0/last_6_months/samples_XEC.34.csv (8 rows)
2025-10-18 11:26:30,120 - INFO -   Saved: samples/sars-cov-2/dist0size0/last_6_months/samples_XEC.35.1.csv (24 rows)
2025-10-18 11:26:30,121 - INFO -   Saved: samples/sars-cov-2/dist0size0/last_6_months/samples_XEC.36.csv (8 rows)
2025-10-18 11:26:30,123 - INFO -   Saved: samples/sars-cov-2/dist0size0/last_6_months/samples_XEC.37.csv (2 rows)
2025-10-18 11:26:30,125 - INFO -   Saved: samples/sars-cov-2/dist0size0/last_6_months/samples_XEC.38.csv (11 rows)
2025-10-18 11:26:30,127 - INFO -   Saved: samples/sars-cov-2/dist0size0/last_6_months/samples_XEC.39.csv (18 rows)
2025-10-18 11:26:30,131 - INFO -   Saved: samples/sars-cov-2/dist0size0/last_6_months/samples_XEC.4.csv (78 rows)
2025-10-18 11:26:30,134 - INFO -   Saved: samples/sars-cov-2/dist0size0/last_6_months/samples_XEC.4.1.csv (28 rows)
2025-10-18 11:26:30,135 - INFO -   Saved: samples/sars-cov-2/dist0size0/last_6_months/samples_XEC.4.1.1.csv (4 rows)
2025-10-18 11:26:30,137 - INFO -   Saved: samples/sars-cov-2/dist0size0/last_6_months/samples_XEC.4.1.2.csv (4 rows)
2025-10-18 11:26:30,139 - INFO -   Saved: samples/sars-cov-2/dist0size0/last_6_months/samples_XEC.4.1.3.csv (4 rows)
2025-10-18 11:26:30,140 - INFO -   Saved: samples/sars-cov-2/dist0size0/last_6_months/samples_XEC.4.1.4.csv (6 rows)
2025-10-18 11:26:30,142 - INFO -   Saved: samples/sars-cov-2/dist0size0/last_6_months/samples_XEC.4.2.csv (5 rows)
2025-10-18 11:26:30,144 - INFO -   Saved: samples/sars-cov-2/dist0size0/last_6_months/samples_XEC.4.3.csv (3 rows)
2025-10-18 11:26:30,145 - INFO -   Saved: samples/sars-cov-2/dist0size0/last_6_months/samples_XEC.4.4.csv (7 rows)
2025-10-18 11:26:30,147 - INFO -   Saved: samples/sars-cov-2/dist0size0/last_6_months/samples_XEC.4.5.csv (2 rows)
2025-10-18 11:26:30,148 - INFO -   Saved: samples/sars-cov-2/dist0size0/last_6_months/samples_XEC.4.5.1.csv (1 rows)
2025-10-18 11:26:30,150 - INFO -   Saved: samples/sars-cov-2/dist0size0/last_6_months/samples_XEC.4.6.csv (8 rows)
2025-10-18 11:26:30,152 - INFO -   Saved: samples/sars-cov-2/dist0size0/last_6_months/samples_XEC.4.6.1.csv (11 rows)
2025-10-18 11:26:30,154 - INFO -   Saved: samples/sars-cov-2/dist0size0/last_6_months/samples_XEC.4.7.csv (12 rows)
2025-10-18 11:26:30,156 - INFO -   Saved: samples/sars-cov-2/dist0size0/last_6_months/samples_XEC.40.csv (12 rows)
2025-10-18 11:26:30,158 - INFO -   Saved: samples/sars-cov-2/dist0size0/last_6_months/samples_XEC.5.csv (33 rows)
2025-10-18 11:26:30,160 - INFO -   Saved: samples/sars-cov-2/dist0size0/last_6_months/samples_XEC.5.1.csv (2 rows)
2025-10-18 11:26:30,162 - INFO -   Saved: samples/sars-cov-2/dist0size0/last_6_months/samples_XEC.6.csv (6 rows)
2025-10-18 11:26:30,168 - INFO -   Saved: samples/sars-cov-2/dist0size0/last_6_months/samples_XEC.8.csv (134 rows)
2025-10-18 11:26:30,170 - INFO -   Saved: samples/sars-cov-2/dist0size0/last_6_months/samples_XEC.8.1.csv (8 rows)
2025-10-18 11:26:30,174 - INFO -   Saved: samples/sars-cov-2/dist0size0/last_6_months/samples_XEC.9.csv (79 rows)
2025-10-18 11:26:30,177 - INFO -   Saved: samples/sars-cov-2/dist0size0/last_6_months/samples_XEK.csv (45 rows)
2025-10-18 11:26:30,179 - INFO -   Saved: samples/sars-cov-2/dist0size0/last_6_months/samples_XEK.1.csv (15 rows)
2025-10-18 11:26:30,181 - INFO -   Saved: samples/sars-cov-2/dist0size0/last_6_months/samples_XEK.1.1.csv (4 rows)
2025-10-18 11:26:30,183 - INFO -   Saved: samples/sars-cov-2/dist0size0/last_6_months/samples_XEK.1.2.csv (9 rows)
2025-10-18 11:26:30,184 - INFO -   Saved: samples/sars-cov-2/dist0size0/last_6_months/samples_XEK.1.2.1.csv (5 rows)
2025-10-18 11:26:30,186 - INFO -   Saved: samples/sars-cov-2/dist0size0/last_6_months/samples_XEK.2.csv (16 rows)
2025-10-18 11:26:30,188 - INFO -   Saved: samples/sars-cov-2/dist0size0/last_6_months/samples_XEK.2.1.csv (2 rows)
2025-10-18 11:26:30,190 - INFO -   Saved: samples/sars-cov-2/dist0size0/last_6_months/samples_XEK.5.csv (9 rows)
2025-10-18 11:26:30,191 - INFO -   Saved: samples/sars-cov-2/dist0size0/last_6_months/samples_XEK.5.1.csv (3 rows)
2025-10-18 11:26:30,193 - INFO -   Saved: samples/sars-cov-2/dist0size0/last_6_months/samples_XEK.6.csv (12 rows)
2025-10-18 11:26:30,195 - INFO -   Saved: samples/sars-cov-2/dist0size0/last_6_months/samples_XEK.7.csv (4 rows)
2025-10-18 11:26:30,197 - INFO -   Saved: samples/sars-cov-2/dist0size0/last_6_months/samples_XEK.8.csv (1 rows)
2025-10-18 11:26:30,198 - INFO -   Saved: samples/sars-cov-2/dist0size0/last_6_months/samples_XEL.4.csv (2 rows)
2025-10-18 11:26:30,200 - INFO -   Saved: samples/sars-cov-2/dist0size0/last_6_months/samples_XEN.csv (3 rows)
2025-10-18 11:26:30,201 - INFO -   Saved: samples/sars-cov-2/dist0size0/last_6_months/samples_XEP.csv (5 rows)
2025-10-18 11:26:30,203 - INFO -   Saved: samples/sars-cov-2/dist0size0/last_6_months/samples_XEP.1.csv (10 rows)
2025-10-18 11:26:30,205 - INFO -   Saved: samples/sars-cov-2/dist0size0/last_6_months/samples_XEP.1.1.csv (3 rows)
2025-10-18 11:26:30,206 - INFO -   Saved: samples/sars-cov-2/dist0size0/last_6_months/samples_XEP.2.csv (1 rows)
2025-10-18 11:26:30,211 - INFO -   Saved: samples/sars-cov-2/dist0size0/last_6_months/samples_XEQ.csv (95 rows)
2025-10-18 11:26:30,212 - INFO -   Saved: samples/sars-cov-2/dist0size0/last_6_months/samples_XES.csv (1 rows)
2025-10-18 11:26:30,214 - INFO -   Saved: samples/sars-cov-2/dist0size0/last_6_months/samples_XEU.csv (2 rows)
2025-10-18 11:26:30,216 - INFO -   Saved: samples/sars-cov-2/dist0size0/last_6_months/samples_XEV.csv (15 rows)
2025-10-18 11:26:30,218 - INFO -   Saved: samples/sars-cov-2/dist0size0/last_6_months/samples_XEW.csv (8 rows)
2025-10-18 11:26:30,219 - INFO -   Saved: samples/sars-cov-2/dist0size0/last_6_months/samples_XFA.csv (1 rows)
2025-10-18 11:26:30,221 - INFO -   Saved: samples/sars-cov-2/dist0size0/last_6_months/samples_XFB.csv (6 rows)
2025-10-18 11:26:30,223 - INFO -   Saved: samples/sars-cov-2/dist0size0/last_6_months/samples_XFB.2.csv (4 rows)
2025-10-18 11:26:30,226 - INFO -   Saved: samples/sars-cov-2/dist0size0/last_6_months/samples_XFB.3.csv (55 rows)
2025-10-18 11:26:30,230 - INFO -   Saved: samples/sars-cov-2/dist0size0/last_6_months/samples_XFC.csv (65 rows)
2025-10-18 11:26:30,233 - INFO -   Saved: samples/sars-cov-2/dist0size0/last_6_months/samples_XFC.1.csv (46 rows)
2025-10-18 11:26:30,235 - INFO -   Saved: samples/sars-cov-2/dist0size0/last_6_months/samples_XFC.1.1.csv (6 rows)
2025-10-18 11:26:30,237 - INFO -   Saved: samples/sars-cov-2/dist0size0/last_6_months/samples_XFC.1.1.1.csv (21 rows)
2025-10-18 11:26:30,238 - INFO -   Saved: samples/sars-cov-2/dist0size0/last_6_months/samples_XFC.1.2.csv (1 rows)
2025-10-18 11:26:30,240 - INFO -   Saved: samples/sars-cov-2/dist0size0/last_6_months/samples_XFC.2.csv (4 rows)
2025-10-18 11:26:30,261 - INFO -   Saved: samples/sars-cov-2/dist0size0/last_6_months/samples_XFG.csv (526 rows)
2025-10-18 11:26:30,263 - INFO -   Saved: samples/sars-cov-2/dist0size0/last_6_months/samples_XFG.1.csv (14 rows)
2025-10-18 11:26:30,283 - INFO -   Saved: samples/sars-cov-2/dist0size0/last_6_months/samples_XFG.2.csv (496 rows)
2025-10-18 11:26:30,302 - INFO -   Saved: samples/sars-cov-2/dist0size0/last_6_months/samples_XFG.3.csv (477 rows)
2025-10-18 11:26:30,307 - INFO -   Saved: samples/sars-cov-2/dist0size0/last_6_months/samples_XFG.3.1.csv (87 rows)
2025-10-18 11:26:30,309 - INFO -   Saved: samples/sars-cov-2/dist0size0/last_6_months/samples_XFH.csv (3 rows)
2025-10-18 11:26:30,311 - INFO -   Saved: samples/sars-cov-2/dist0size0/last_6_months/samples_XFH.1.csv (10 rows)
2025-10-18 11:26:30,313 - INFO -   Saved: samples/sars-cov-2/dist0size0/last_6_months/samples_XFH.2.csv (14 rows)
2025-10-18 11:26:30,315 - INFO -   Saved: samples/sars-cov-2/dist0size0/last_6_months/samples_XFJ.csv (24 rows)
2025-10-18 11:26:30,318 - INFO -   Saved: samples/sars-cov-2/dist0size0/last_6_months/samples_XFJ.1.csv (59 rows)
2025-10-18 11:26:30,320 - INFO -   Saved: samples/sars-cov-2/dist0size0/last_6_months/samples_XFJ.2.csv (9 rows)
2025-10-18 11:26:30,322 - INFO -   Saved: samples/sars-cov-2/dist0size0/last_6_months/samples_XFJ.3.csv (14 rows)
2025-10-18 11:26:30,324 - INFO -   Saved: samples/sars-cov-2/dist0size0/last_6_months/samples_XFJ.4.csv (6 rows)
2025-10-18 11:26:30,325 - INFO -   Saved: samples/sars-cov-2/dist0size0/last_6_months/samples_XFK.csv (1 rows)
2025-10-18 11:26:30,327 - INFO -   Saved: samples/sars-cov-2/dist0size0/last_6_months/samples_XFL.csv (2 rows)
2025-10-18 11:26:30,329 - INFO -   Saved: samples/sars-cov-2/dist0size0/last_6_months/samples_XFM.csv (4 rows)
2025-10-18 11:26:30,331 - INFO -   Saved: samples/sars-cov-2/dist0size0/last_6_months/samples_XFN.csv (27 rows)
2025-10-18 11:26:30,333 - INFO -   Saved: samples/sars-cov-2/dist0size0/last_6_months/samples_XFP.csv (9 rows)
2025-10-18 11:26:30,333 - INFO - Saving lineage count summary to: samples/sars-cov-2/dist0size0/samples_total.json
2025-10-18 11:26:30,333 - INFO - Saving lineage count summary to: samples/sars-cov-2/dist0size0/last_6_months/samples_total.json
2025-10-18 11:26:30,374 - INFO - Sample creation step finished successfully.
