2025-09-15 14:59:45,062 - INFO - Logging initialized. Log file at: logs/20250915_145945_rsv-b_pipeline_run.log
2025-09-15 14:59:45,062 - INFO - ================== STARTING PIPELINE FOR: RSV-B ==================
2025-09-15 14:59:45,062 - INFO - --- Executing: /home/topcuoglu/miniconda3/envs/orh/bin/python src/03_haplocov/run_haplocov.py --virus rsv-b --config config/config.yaml ---
2025-09-15 15:03:39,470 - INFO - Stdout from step:
INFO: Logging initialized. Log file at: logs/20250915_145945_rsv-b_03_run_haplocov.log
INFO: --- Starting Step 3: Run HaploCoV for 'rsv-b' ---
INFO: Created temporary working directory: results/haplocov_output/rsv-b/dist5size100/temp_work
INFO: Creating symbolic links for input files in temporary directory...
INFO: Executing HaploCoV with designation_mode: 'both'
INFO: Executing: perl ../../../../../libs/haplocov/addToTableNCBI.pl --metadata metadata.tsv --ref reference.fasta --seq sequences.fasta --outfile out.HaploCoV --nproc 16
INFO: Executing: perl ../../../../../libs/haplocov/computeDefining.pl out.HaploCoV
INFO: Executing: perl ../../../../../libs/haplocov/assign.pl --dfile out.HaploCoV.definingVariants.txt --infile out.HaploCoV --outfile out.HaploCoV.assigned
INFO: Executing: perl ../../../../../libs/haplocov/augmentClusters.pl --metafile out.HaploCoV.assigned --deffile out.HaploCoV.definingVariants.txt --posFile out.HaploCoV.frequentVariants.txt --outfile out.HaploCoV.definingVariantsNew.txt --dist 5 --size 100
INFO: Executing: perl ../../../../../libs/haplocov/assign.pl --dfile out.HaploCoV.definingVariantsNew.txt --infile out.HaploCoV --outfile out.HaploCoV.assignedNew
INFO: Executing: cut -f 10 out.HaploCoV.assignedNew | sort | uniq -c > rsv-b-report.txt
INFO: Moving final output file 'out.HaploCoV.assignedNew' to 'results/haplocov_output/rsv-b/dist5size100/haplocov_assigned.tsv'
INFO: HaploCoV step completed.
INFO: HaploCoV step finished successfully.

2025-09-15 15:03:39,470 - INFO - --- Step Succeeded: /home/topcuoglu/miniconda3/envs/orh/bin/python src/03_haplocov/run_haplocov.py --virus rsv-b --config config/config.yaml ---
2025-09-15 15:03:39,470 - INFO - --- Executing: /home/topcuoglu/miniconda3/envs/orh/bin/python src/04_postprocessing/format_haplocov_variations.py --virus rsv-b --config config/config.yaml ---
2025-09-15 15:03:42,635 - INFO - Stdout from step:
INFO: Logging initialized. Log file at: logs/20250915_150340_rsv-b_04_postprocess_haplocov.log
INFO: Loading HaploCoV output from: results/haplocov_output/rsv-b/dist5size100/haplocov_assigned.tsv
INFO: Reformatting mutations in the 'listV' column...
INFO: Saving reformatted data to: results/haplocov_output/rsv-b/dist5size100/haplocov_reformatted.tsv
INFO: Script finished successfully.

2025-09-15 15:03:42,635 - WARNING - Stderr from step:

Formatting mutations:   0%|          | 0/18051 [00:00<?, ?it/s]
Formatting mutations:  15%|█▌        | 2784/18051 [00:00<00:00, 27837.31it/s]
Formatting mutations:  31%|███       | 5568/18051 [00:00<00:00, 21360.16it/s]
Formatting mutations:  43%|████▎     | 7795/18051 [00:00<00:00, 20140.67it/s]
Formatting mutations:  55%|█████▍    | 9853/18051 [00:00<00:00, 17568.01it/s]
Formatting mutations:  65%|██████▍   | 11658/18051 [00:00<00:00, 15408.53it/s]
Formatting mutations:  78%|███████▊  | 14148/18051 [00:00<00:00, 17963.34it/s]
Formatting mutations:  89%|████████▉ | 16041/18051 [00:00<00:00, 16275.81it/s]
Formatting mutations:  98%|█████████▊| 17748/18051 [00:01<00:00, 11231.87it/s]
Formatting mutations: 100%|██████████| 18051/18051 [00:01<00:00, 14166.36it/s]

2025-09-15 15:03:42,635 - INFO - --- Step Succeeded: /home/topcuoglu/miniconda3/envs/orh/bin/python src/04_postprocessing/format_haplocov_variations.py --virus rsv-b --config config/config.yaml ---
2025-09-15 15:03:42,636 - INFO - ================== PIPELINE FOR RSV-B FINISHED ==================


