2025-07-17 12:35:45,633 - INFO - Logging initialized. Log file at: logs/20250717_123545_sars-cov-2_05.1_create_environment.log
2025-07-17 12:35:45,633 - INFO - Virus is 'sars-cov-2'. Using Nextstrain reformatted as input.
2025-07-17 12:35:45,668 - INFO - Environment files will be saved to: environments/sars-cov-2/dist0size0
2025-07-17 12:35:45,668 - INFO - Loading data from: results/nextstrain_output/sars-cov-2/nextstrain_reformatted.tsv
2025-07-17 12:35:46,573 - INFO - Initial row count: 729,396
2025-07-17 12:35:46,602 - INFO - Dropped 729,396 rows with missing or empty 'mutations' column.
2025-07-17 12:35:46,602 - INFO - Row count after cleaning: 0
2025-07-17 12:35:46,602 - INFO - Calculating change probabilities...
2025-07-17 12:35:46,602 - WARNING - Input DataFrame is empty. Cannot calculate change probabilities.
2025-07-17 12:35:46,604 - INFO - Calculating genome and variation counts per lineage...
2025-07-17 12:35:46,604 - INFO -   Found 0 unique lineages in the dataset.
2025-07-17 12:35:46,604 - INFO -   Finished calculating genome and variation counts.
2025-07-17 12:35:46,604 - INFO - 
Calculating 'lc_df.parquet'...
2025-07-17 12:35:46,605 - INFO - 
--- Running common logic: calculating lineage mutation frequencies ---
2025-07-17 12:35:46,605 - INFO - Selected 0 lineages with at least 10 genomes.
2025-07-17 12:35:46,605 - INFO - Warning: No lineages met the min_genome_count requirement.
2025-07-17 12:35:46,605 - INFO - 
Calculating 'change2lineage_probability.parquet'...
2025-07-17 12:35:46,605 - INFO - 
--- Running common logic: calculating lineage mutation frequencies ---
2025-07-17 12:35:46,605 - INFO - Selected 0 lineages with at least 10 genomes.
2025-07-17 12:35:46,605 - INFO - Warning: No lineages met the min_genome_count requirement.
2025-07-17 12:35:46,606 - INFO - 
Calculating 'lc_quality_df.parquet'...
2025-07-17 12:35:46,606 - INFO - Saving environment files...
2025-07-17 12:35:47,348 - INFO - Virus is 'sars-cov-2'. Saving two versions of lineage characterisations.
2025-07-17 12:35:47,359 - INFO - Calculating genome and variation counts per lineage...
