2025-07-20 15:02:21,497 - INFO - Logging initialized. Log file at: logs/20250720_150221_influenza_02.2_fetch_sequences_by_id.log
2025-07-20 15:02:21,497 - INFO - --- Starting Step 2.2: Fetch Sequences by ID for 'influenza' ---
2025-07-20 15:02:21,513 - INFO - Created temporary working directory: data/processed/influenza/temp_fetch_sequences
2025-07-20 15:02:21,514 - INFO - Executing: datasets download nucleotide accession --inputfile influenza-accession-ids.txt --filename influenza-sequences.zip
2025-07-20 15:02:21,566 - ERROR - Command failed with exit code 1
2025-07-20 15:02:21,567 - ERROR - Command: datasets download nucleotide accession --inputfile influenza-accession-ids.txt --filename influenza-sequences.zip
2025-07-20 15:02:21,567 - ERROR - Stderr: Error: unknown flag: --inputfile

  datasets download [command]

Available Commands
  gene        Download a gene data package
  genome      Download a genome data package
  taxonomy    Download a taxonomy data package
  virus       Download a virus data package
Use datasets download <command> --help for detailed help about a command.


2025-07-20 15:02:21,567 - ERROR - Stdout: 
2025-07-20 15:02:21,567 - CRITICAL - Sequence fetching step failed with a critical error: Command 'datasets download nucleotide accession --inputfile influenza-accession-ids.txt --filename influenza-sequences.zip' returned non-zero exit status 1.
Traceback (most recent call last):
  File "/home/topcuoglu/openrecombinhunt/src/02_preprocessing/ftp/fetch_ftp_sequences_by_id.py", line 113, in main
    fetch_sequences_step(args.virus, config)
  File "/home/topcuoglu/openrecombinhunt/src/02_preprocessing/ftp/fetch_ftp_sequences_by_id.py", line 74, in fetch_sequences_step
    run_command(command, working_dir=temp_work_dir)
  File "/home/topcuoglu/openrecombinhunt/src/utils/utils.py", line 53, in run_command
    result = subprocess.run(
  File "/home/topcuoglu/miniconda3/envs/orh/lib/python3.10/subprocess.py", line 526, in run
    raise CalledProcessError(retcode, process.args,
subprocess.CalledProcessError: Command 'datasets download nucleotide accession --inputfile influenza-accession-ids.txt --filename influenza-sequences.zip' returned non-zero exit status 1.
