2025-08-30 16:31:01,663 - INFO - Logging initialized. Log file at: logs/20250830_163101_yellow-fever_06_run_recombinhunt.log
2025-08-30 16:31:01,663 - INFO - --- Starting Step 6: Run RecombinHunt for 'yellow-fever' ---
2025-08-30 16:31:01,664 - INFO - Loading RecombinHunt environment from: environments/yellow-fever/dist3size10
2025-08-30 16:31:01,713 - INFO - Loading lineage totals from 'samples/yellow-fever/dist3size10/samples_total.json'
2025-08-30 16:31:01,713 - INFO - Found 3 sample files in 'samples/yellow-fever/dist3size10'.
2025-08-30 16:31:01,767 - INFO -   Lineage 'A.1.NmC2', Mode 'all': Processing all 195 samples.
2025-08-30 16:31:06,845 - INFO -   Lineage 'A.1.NmC1', Mode 'all': Processing all 377 samples.
2025-08-30 16:31:18,437 - INFO -   Lineage 'A.1', Mode 'all': Processing all 835 samples.
2025-08-30 16:31:29,304 - WARNING - Gap made of only target mutations (How can it be? It's an almost impossible condition). Target mutation that minimizes the loss has been assigned to the right region).
2025-08-30 16:31:30,942 - WARNING - Gap made of only target mutations (How can it be? It's an almost impossible condition). Target mutation that minimizes the loss has been assigned to the right region).
2025-08-30 16:31:31,349 - WARNING - Gap made of only target mutations (How can it be? It's an almost impossible condition). Target mutation that minimizes the loss has been assigned to the right region).
2025-08-30 16:31:36,374 - WARNING - Gap made of only target mutations (How can it be? It's an almost impossible condition). Target mutation that minimizes the loss has been assigned to the right region).
2025-08-30 16:31:37,026 - WARNING - Gap made of only target mutations (How can it be? It's an almost impossible condition). Target mutation that minimizes the loss has been assigned to the right region).
2025-08-30 16:31:42,628 - ERROR -   Error on one sample in lineage A.1: Reindexing only valid with uniquely valued Index objects
Traceback (most recent call last):
  File "/home/topcuoglu/openrecombinhunt/src/06_recombinhunt/run_recombinhunt.py", line 162, in run_recombinhunt_for_lineage
    experiment.set_target(nuc_change_data_list)
  File "/home/topcuoglu/openrecombinhunt/libs/recombinhunt-cov-7.0.0/src/recombinhunt/core/method.py", line 567, in set_target
    self.merged_df = self.env.make_merged_df(seq_df)
  File "/home/topcuoglu/openrecombinhunt/libs/recombinhunt-cov-7.0.0/src/recombinhunt/core/environment.py", line 104, in make_merged_df
    target_and_not_lc_df = pd.concat([
  File "/home/topcuoglu/.local/lib/python3.10/site-packages/pandas/core/reshape/concat.py", line 393, in concat
    return op.get_result()
  File "/home/topcuoglu/.local/lib/python3.10/site-packages/pandas/core/reshape/concat.py", line 676, in get_result
    indexers[ax] = obj_labels.get_indexer(new_labels)
  File "/home/topcuoglu/.local/lib/python3.10/site-packages/pandas/core/indexes/base.py", line 3874, in get_indexer
    raise InvalidIndexError(self._requires_unique_msg)
pandas.errors.InvalidIndexError: Reindexing only valid with uniquely valued Index objects
2025-08-30 16:31:43,237 - ERROR -   Error on one sample in lineage A.1: Reindexing only valid with uniquely valued Index objects
Traceback (most recent call last):
  File "/home/topcuoglu/openrecombinhunt/src/06_recombinhunt/run_recombinhunt.py", line 162, in run_recombinhunt_for_lineage
    experiment.set_target(nuc_change_data_list)
  File "/home/topcuoglu/openrecombinhunt/libs/recombinhunt-cov-7.0.0/src/recombinhunt/core/method.py", line 567, in set_target
    self.merged_df = self.env.make_merged_df(seq_df)
  File "/home/topcuoglu/openrecombinhunt/libs/recombinhunt-cov-7.0.0/src/recombinhunt/core/environment.py", line 104, in make_merged_df
    target_and_not_lc_df = pd.concat([
  File "/home/topcuoglu/.local/lib/python3.10/site-packages/pandas/core/reshape/concat.py", line 393, in concat
    return op.get_result()
  File "/home/topcuoglu/.local/lib/python3.10/site-packages/pandas/core/reshape/concat.py", line 676, in get_result
    indexers[ax] = obj_labels.get_indexer(new_labels)
  File "/home/topcuoglu/.local/lib/python3.10/site-packages/pandas/core/indexes/base.py", line 3874, in get_indexer
    raise InvalidIndexError(self._requires_unique_msg)
pandas.errors.InvalidIndexError: Reindexing only valid with uniquely valued Index objects
2025-08-30 16:31:43,246 - ERROR -   Error on one sample in lineage A.1: Reindexing only valid with uniquely valued Index objects
Traceback (most recent call last):
  File "/home/topcuoglu/openrecombinhunt/src/06_recombinhunt/run_recombinhunt.py", line 162, in run_recombinhunt_for_lineage
    experiment.set_target(nuc_change_data_list)
  File "/home/topcuoglu/openrecombinhunt/libs/recombinhunt-cov-7.0.0/src/recombinhunt/core/method.py", line 567, in set_target
    self.merged_df = self.env.make_merged_df(seq_df)
  File "/home/topcuoglu/openrecombinhunt/libs/recombinhunt-cov-7.0.0/src/recombinhunt/core/environment.py", line 104, in make_merged_df
    target_and_not_lc_df = pd.concat([
  File "/home/topcuoglu/.local/lib/python3.10/site-packages/pandas/core/reshape/concat.py", line 393, in concat
    return op.get_result()
  File "/home/topcuoglu/.local/lib/python3.10/site-packages/pandas/core/reshape/concat.py", line 676, in get_result
    indexers[ax] = obj_labels.get_indexer(new_labels)
  File "/home/topcuoglu/.local/lib/python3.10/site-packages/pandas/core/indexes/base.py", line 3874, in get_indexer
    raise InvalidIndexError(self._requires_unique_msg)
pandas.errors.InvalidIndexError: Reindexing only valid with uniquely valued Index objects
2025-08-30 16:31:49,155 - INFO - Recombinant summary saved to: results/recombinhunt_output/yellow-fever/dist3size10/recombinant_summary.tsv
2025-08-30 16:31:49,173 - INFO - Saved extensive summary table to: results/recombinhunt_output/yellow-fever/dist3size10/recombinant_summary_extensive.tsv
2025-08-30 16:31:49,173 - INFO - Text report saved to: results/recombinhunt_output/yellow-fever/dist3size10/experiment-output.all.txt
2025-08-30 16:31:49,173 - INFO - HTML report saved to: results/recombinhunt_output/yellow-fever/dist3size10/experiment-detail.all.html
2025-08-30 16:31:49,174 - INFO - RecombinHunt experiment step finished successfully.
