2025-07-15 13:19:24,006 - INFO - Logging initialized. Log file at: logs/20250715_131924_rsv-b_05.1_create_environment.log
2025-07-15 13:19:24,006 - INFO - Virus is 'rsv-b'. Using HaploCoV reformatted output as input.
2025-07-15 13:19:24,007 - INFO - Environment files will be saved to: environments/rsv-b/dist5size50
2025-07-15 13:19:24,007 - INFO - Loading data from: results/haplocov_output/rsv-b/dist5size50/haplocov_reformatted.tsv
2025-07-15 13:19:24,271 - INFO - Initial row count: 17,264
2025-07-15 13:19:24,279 - INFO - Dropped 1 rows with missing or empty 'mutations' column.
2025-07-15 13:19:24,279 - INFO - Row count after cleaning: 17,263
2025-07-15 13:19:24,279 - INFO - Calculating change probabilities...
2025-07-15 13:19:24,279 - INFO -   Total sequences for calculation: 17,263
2025-07-15 13:19:24,779 - INFO -   Found 16,727 unique mutations across all sequences.
2025-07-15 13:19:24,802 - INFO -   Finished calculating change probabilities. Shape of result: (16727, 2)
2025-07-15 13:19:24,833 - INFO - Calculating genome and variation counts per lineage...
2025-07-15 13:19:24,835 - INFO -   Found 23 unique lineages in the dataset.
2025-07-15 13:19:27,010 - INFO -   Finished calculating genome and variation counts.
2025-07-15 13:19:27,014 - INFO - 
Calculating 'lc_df.parquet'...
2025-07-15 13:19:27,014 - INFO - 
--- Running common logic: calculating lineage mutation frequencies ---
2025-07-15 13:19:27,014 - INFO - Selected 22 lineages with at least 10 genomes.
2025-07-15 13:19:27,041 - INFO - Removed 0 mutations that were not characteristic of any lineage.
2025-07-15 13:19:27,044 - INFO - lc_df calculation complete.
2025-07-15 13:19:27,044 - INFO - 
Calculating 'change2lineage_probability.parquet'...
2025-07-15 13:19:27,044 - INFO - 
--- Running common logic: calculating lineage mutation frequencies ---
2025-07-15 13:19:27,044 - INFO - Selected 22 lineages with at least 10 genomes.
2025-07-15 13:19:27,384 - INFO - change2lineage_probability calculation complete.
2025-07-15 13:19:27,384 - INFO - 
Calculating 'lc_quality_df.parquet'...
2025-07-15 13:19:27,385 - INFO - lc_quality_df calculation complete.
2025-07-15 13:19:27,385 - INFO - Saving environment files...
2025-07-15 13:19:27,477 - INFO - Environment creation complete.
