2025-07-06 10:55:57,147 - INFO - Logging initialized. Log file at: logs/20250706_105557_rsv-a_02.1_prep_metadata_nextstrain.log
2025-07-06 10:55:57,148 - INFO - Loading raw metadata from data/raw/rsv-a/raw_metadata.tsv...
2025-07-06 10:55:57,388 - INFO - Step 1: Applying quality filters from config...
2025-07-06 10:55:57,399 - INFO -   Filter 'accession notna None': Removed 0 rows.
2025-07-06 10:55:57,408 - INFO -   Filter 'date notna None': Removed 0 rows.
2025-07-06 10:55:57,418 - INFO -   Filter 'qc.overallStatus == good': Removed 960 rows.
2025-07-06 10:55:57,426 - INFO -   Filter 'missing_data <= 3': Removed 3889 rows.
2025-07-06 10:55:57,426 - INFO - Step 2: Checking for special characters in ID...
2025-07-06 10:55:57,443 - INFO -   Filter 'Special Chars in ID': Removed 0 rows.
2025-07-06 10:55:57,444 - INFO - Step 3: Processing lineage column...
2025-07-06 10:55:57,444 - INFO - Using source column 'clade' for lineage information.
2025-07-06 10:55:57,450 - INFO -   Identified and removed 0 non-classified rows (missing 'clade').
2025-07-06 10:55:57,450 - INFO - Step 4: Performing final formatting...
2025-07-06 10:55:57,454 - INFO - Formatting date columns...
2025-07-06 10:55:57,454 - INFO -   - Analyzing and formatting 'Collection date'
2025-07-06 10:55:57,469 - INFO -     Removed 2258 rows with incomplete 'XXXX' dates.
2025-07-06 10:55:57,521 - INFO -     Date format statistics for 'Collection date':
2025-07-06 10:55:57,521 - INFO -       YYYY-MM-DD format: 15643
2025-07-06 10:55:57,521 - INFO -       YYYY-MM format   : 0
2025-07-06 10:55:57,521 - INFO -       YYYY format      : 0
2025-07-06 10:55:57,521 - INFO -       Other/unparseable: 8992
2025-07-06 10:55:57,521 - INFO -       Missing (NA)     : 0
2025-07-06 10:55:59,037 - INFO -   - Analyzing and formatting 'Submission date'
2025-07-06 10:55:59,099 - INFO -     Date format statistics for 'Submission date':
2025-07-06 10:55:59,099 - INFO -       YYYY-MM-DD format: 24635
2025-07-06 10:55:59,099 - INFO -       YYYY-MM format   : 0
2025-07-06 10:55:59,099 - INFO -       YYYY format      : 0
2025-07-06 10:55:59,099 - INFO -       Other/unparseable: 0
2025-07-06 10:55:59,099 - INFO -       Missing (NA)     : 0
2025-07-06 10:55:59,155 - INFO - Formatting 'Location' column by combining 'region' and 'country'...
2025-07-06 10:55:59,405 - INFO - Preprocessing complete. Final dataset has 24635 rows.
2025-07-06 10:55:59,411 - INFO - Saving processed metadata (24635 rows) to data/processed/rsv-a/metadata.tsv...
2025-07-06 10:55:59,462 - INFO - Saving 7107 quality-filtered sequence IDs to data/processed/rsv-a/filtered_sequence_ids.txt...
2025-07-06 10:55:59,463 - INFO - Saving 0 non-classified sequence IDs to data/processed/rsv-a/non_classified_sequence_ids.txt...
2025-07-06 10:55:59,463 - INFO - Script finished successfully.
