2025-07-06 13:15:18,599 - INFO - Logging initialized. Log file at: logs/20250706_131518_yellow-fever_03_run_haplocov.log
2025-07-06 13:15:18,599 - INFO - --- Starting Step 3: Run HaploCoV for 'yellow-fever' ---
2025-07-06 13:15:18,600 - INFO - Created temporary working directory: results/haplocov_output/yellow-fever/dist3size10/temp_work
2025-07-06 13:15:18,600 - INFO - Creating symbolic links for input files in temporary directory...
2025-07-06 13:15:18,600 - INFO - Executing HaploCoV with designation_mode: 'haplocov'
2025-07-06 13:15:18,600 - INFO - Executing: perl ../../../../../libs/haplocov/addToTableNCBI.pl --metadata metadata.tsv --ref reference.fasta --seq sequences.fasta --outfile out.HaploCoV --nproc 16
2025-07-06 13:15:18,702 - ERROR - Command failed with exit code 2
2025-07-06 13:15:18,702 - ERROR - Command: perl ../../../../../libs/haplocov/addToTableNCBI.pl --metadata metadata.tsv --ref reference.fasta --seq sequences.fasta --outfile out.HaploCoV --nproc 16
2025-07-06 13:15:18,702 - ERROR - Stderr: Can't open perl script "align.pl": No such file or directory
Can't open perl script "align.pl": No such file or directory
Can't open perl script "align.pl": No such file or directory
Can't open perl script "align.pl": No such file or directory
Can't open perl script "align.pl": No such file or directory
Can't open perl script "align.pl": No such file or directory
Can't open perl script "align.pl": No such file or directory
Can't open perl script "align.pl": No such file or directory
Can't open perl script "align.pl": No such file or directory
Can't open perl script "align.pl": No such file or directory
Can't open perl script "align.pl": No such file or directory
Can't open perl script "align.pl": No such file or directory
Can't open perl script "align.pl": No such file or directory
Can't open perl script "align.pl": No such file or directory
Can't open perl script "align.pl": No such file or directory
Can't open perl script "align.pl": No such file or directory
cat: SPLITalnSeqFaCOVID00_variants: No such file or directory
Died at ../../../../../libs/haplocov/addToTableNCBI.pl line 358, <IN> line 1410.

2025-07-06 13:15:18,702 - ERROR - Stdout: indexing done
Now reading input metadata file
Now aligning with 16 processes

2025-07-06 13:15:18,702 - INFO - HaploCoV step completed.
2025-07-06 13:15:18,702 - CRITICAL - HaploCoV step failed with a critical error: Command 'perl ../../../../../libs/haplocov/addToTableNCBI.pl --metadata metadata.tsv --ref reference.fasta --seq sequences.fasta --outfile out.HaploCoV --nproc 16' returned non-zero exit status 2.
Traceback (most recent call last):
  File "/home/topcuoglu/openrecombinhunt/src/03_haplocov/run_haplocov.py", line 146, in main
    run_haplocov_step(args.virus, config)
  File "/home/topcuoglu/openrecombinhunt/src/03_haplocov/run_haplocov.py", line 109, in run_haplocov_step
    run_command(command, working_dir=temp_work_dir)
  File "/home/topcuoglu/openrecombinhunt/src/utils/utils.py", line 53, in run_command
    result = subprocess.run(
  File "/home/topcuoglu/miniconda3/envs/orh/lib/python3.10/subprocess.py", line 526, in run
    raise CalledProcessError(retcode, process.args,
subprocess.CalledProcessError: Command 'perl ../../../../../libs/haplocov/addToTableNCBI.pl --metadata metadata.tsv --ref reference.fasta --seq sequences.fasta --outfile out.HaploCoV --nproc 16' returned non-zero exit status 2.
