2025-08-30 12:14:08,698 - INFO - Logging initialized. Log file at: logs/20250830_121408_rsv-a_02.1_prep_metadata_nextstrain.log
2025-08-30 12:14:08,698 - INFO - Loading raw metadata from data/raw/rsv-a/raw_metadata.tsv...
2025-08-30 12:14:08,976 - INFO - Starting preprocessing of Nextstrain metadata with 31657 rows.
2025-08-30 12:14:08,976 - INFO - Step 1: Applying quality filters from config...
2025-08-30 12:14:08,987 - INFO -   Filter 'accession notna None': Removed 0 rows.
2025-08-30 12:14:08,995 - INFO -   Filter 'date notna None': Removed 0 rows.
2025-08-30 12:14:09,005 - INFO -   Filter 'qc.overallStatus == good': Removed 1190 rows.
2025-08-30 12:14:09,013 - INFO -   Filter 'missing_data <= 3': Removed 3649 rows.
2025-08-30 12:14:09,013 - INFO - Step 2: Checking for special characters in ID...
2025-08-30 12:14:09,031 - INFO -   Filter 'Special Chars in ID': Removed 0 rows.
2025-08-30 12:14:09,031 - INFO - Step 3: Processing lineage column...
2025-08-30 12:14:09,031 - INFO - Using source column 'clade' for lineage information.
2025-08-30 12:14:09,037 - INFO -   Identified and removed 0 non-classified rows (missing 'clade').
2025-08-30 12:14:09,037 - INFO - Step 4: Performing final formatting...
2025-08-30 12:14:09,042 - INFO - Formatting date columns...
2025-08-30 12:14:09,045 - INFO -   - Analyzing and formatting 'Collection date'
2025-08-30 12:14:09,071 - INFO -     Removed 2258 rows with incomplete 'XXXX' dates.
2025-08-30 12:14:09,124 - INFO -     Date format statistics for 'Collection date':
2025-08-30 12:14:09,124 - INFO -       YYYY-MM-DD format: 15558
2025-08-30 12:14:09,124 - INFO -       YYYY-MM format   : 0
2025-08-30 12:14:09,124 - INFO -       YYYY format      : 0
2025-08-30 12:14:09,124 - INFO -       Other/unparseable: 9002
2025-08-30 12:14:09,124 - INFO -       Missing (NA)     : 0
2025-08-30 12:14:09,183 - INFO -   - Analyzing and formatting 'Submission date'
2025-08-30 12:14:09,244 - INFO -     Date format statistics for 'Submission date':
2025-08-30 12:14:09,245 - INFO -       YYYY-MM-DD format: 24560
2025-08-30 12:14:09,245 - INFO -       YYYY-MM format   : 0
2025-08-30 12:14:09,245 - INFO -       YYYY format      : 0
2025-08-30 12:14:09,245 - INFO -       Other/unparseable: 0
2025-08-30 12:14:09,245 - INFO -       Missing (NA)     : 0
2025-08-30 12:14:09,307 - INFO - Formatting 'Location' column by combining 'region' and 'country'...
2025-08-30 12:14:09,563 - INFO - Preprocessing complete. Final dataset has 24560 rows.
2025-08-30 12:14:09,569 - INFO - Saving processed metadata (24560 rows) to data/processed/rsv-a/metadata.tsv...
2025-08-30 12:14:09,623 - INFO - Saving 7097 quality-filtered sequence IDs to data/processed/rsv-a/filtered_sequence_ids.txt...
2025-08-30 12:14:09,623 - INFO - Saving 0 non-classified sequence IDs to data/processed/rsv-a/non_classified_sequence_ids.txt...
2025-08-30 12:14:09,623 - INFO - Script finished successfully.
