2025-09-18 08:03:46,948 - INFO - Logging initialized. Log file at: logs/20250918_080346_zika_pipeline_run.log
2025-09-18 08:03:46,948 - INFO - ================== STARTING PIPELINE FOR: ZIKA ==================
2025-09-18 08:03:46,948 - INFO - --- Executing: /home/topcuoglu/miniconda3/envs/orh/bin/python src/03_haplocov/run_haplocov.py --virus zika --config config/config.yaml ---
2025-09-18 08:03:54,796 - INFO - Stdout from step:
INFO: Logging initialized. Log file at: logs/20250918_080347_zika_03_run_haplocov.log
INFO: --- Starting Step 3: Run HaploCoV for 'zika' ---
INFO: Created temporary working directory: results/haplocov_output/zika/dist2size5/temp_work
INFO: Creating symbolic links for input files in temporary directory...
INFO: Executing HaploCoV with designation_mode: 'haplocov'
INFO: Executing: perl ../../../../../libs/haplocov/addToTableNCBI.pl --metadata metadata.tsv --ref reference.fasta --seq sequences.fasta --outfile out.HaploCoV --nproc 16
INFO: Executing: perl ../../../../../libs/haplocov/computeDefining.pl out.HaploCoV
INFO: Executing: perl ../../../../../libs/haplocov/assign.pl --dfile out.HaploCoV.definingVariants.txt --infile out.HaploCoV --outfile out.HaploCoV.assigned
INFO: Executing: perl ../../../../../libs/haplocov/augmentClusters.pl --metafile out.HaploCoV.assigned --deffile out.HaploCoV.definingVariants.txt --posFile out.HaploCoV.frequentVariants.txt --outfile out.HaploCoV.definingVariantsNew.txt --dist 2 --size 5
INFO: Executing: perl ../../../../../libs/haplocov/assign.pl --dfile out.HaploCoV.definingVariantsNew.txt --infile out.HaploCoV --outfile out.HaploCoV.assignedNew
INFO: Executing: cut -f 10 out.HaploCoV.assignedNew | sort | uniq -c > zika-report.txt
INFO: Moving final output file 'out.HaploCoV.assignedNew' to 'results/haplocov_output/zika/dist2size5/haplocov_assigned.tsv'
INFO: HaploCoV step completed.
INFO: HaploCoV step finished successfully.

2025-09-18 08:03:54,797 - INFO - --- Step Succeeded: /home/topcuoglu/miniconda3/envs/orh/bin/python src/03_haplocov/run_haplocov.py --virus zika --config config/config.yaml ---
2025-09-18 08:03:54,797 - INFO - --- Executing: /home/topcuoglu/miniconda3/envs/orh/bin/python src/04_postprocessing/format_haplocov_variations.py --virus zika --config config/config.yaml ---
2025-09-18 08:03:55,608 - INFO - Stdout from step:
INFO: Logging initialized. Log file at: logs/20250918_080355_zika_04_postprocess_haplocov.log
INFO: Loading HaploCoV output from: results/haplocov_output/zika/dist2size5/haplocov_assigned.tsv
INFO: Reformatting mutations in the 'listV' column...
INFO: Saving reformatted data to: results/haplocov_output/zika/dist2size5/haplocov_reformatted.tsv
INFO: Script finished successfully.

2025-09-18 08:03:55,610 - WARNING - Stderr from step:

Formatting mutations:   0%|          | 0/1262 [00:00<?, ?it/s]
Formatting mutations: 100%|██████████| 1262/1262 [00:00<00:00, 17505.57it/s]

2025-09-18 08:03:55,610 - INFO - --- Step Succeeded: /home/topcuoglu/miniconda3/envs/orh/bin/python src/04_postprocessing/format_haplocov_variations.py --virus zika --config config/config.yaml ---
2025-09-18 08:03:55,610 - INFO - ================== PIPELINE FOR ZIKA FINISHED ==================


