2025-07-18 10:50:19,380 - INFO - Logging initialized. Log file at: logs/20250718_105019_sars-cov-2_05.1_create_environment.log
2025-07-18 10:50:19,380 - INFO - Virus is 'sars-cov-2'. Using Nextstrain reformatted as input.
2025-07-18 10:50:19,380 - INFO - Environment files will be saved to: environments/sars-cov-2/dist0size0
2025-07-18 10:50:19,380 - INFO - Loading data from: results/nextstrain_output/sars-cov-2/nextstrain_reformatted.tsv
2025-07-18 10:50:55,562 - INFO - Initial row count: 5,022,174
2025-07-18 10:50:57,985 - INFO - Dropped 270 rows with missing or empty 'mutations' column.
2025-07-18 10:50:57,985 - INFO - Row count after cleaning: 5,021,904
2025-07-18 10:50:57,985 - INFO - Calculating change probabilities...
2025-07-18 10:50:57,985 - INFO -   Total sequences for calculation: 5,021,904
2025-07-18 10:51:58,516 - INFO -   Found 82,050 unique mutations across all sequences.
2025-07-18 10:51:58,635 - INFO -   Finished calculating change probabilities. Shape of result: (82050, 2)
2025-07-18 10:52:03,686 - INFO - Calculating genome and variation counts per lineage...
2025-07-18 10:52:03,931 - INFO -   Found 4,452 unique lineages in the dataset.
2025-07-18 11:00:24,822 - INFO -   Finished calculating genome and variation counts.
2025-07-18 11:00:24,822 - INFO - 
Calculating 'lc_df.parquet'...
2025-07-18 11:00:24,822 - INFO - 
--- Running common logic: calculating lineage mutation frequencies ---
2025-07-18 11:00:24,823 - INFO - Selected 3333 lineages with at least 10 genomes.
2025-07-18 11:00:32,583 - INFO - Removed 0 mutations that were not characteristic of any lineage.
2025-07-18 11:00:32,623 - INFO - lc_df calculation complete.
2025-07-18 11:00:32,640 - INFO - 
Calculating 'change2lineage_probability.parquet'...
2025-07-18 11:00:32,640 - INFO - 
--- Running common logic: calculating lineage mutation frequencies ---
2025-07-18 11:00:32,641 - INFO - Selected 3333 lineages with at least 10 genomes.
2025-07-18 11:02:10,646 - INFO - change2lineage_probability calculation complete.
2025-07-18 11:02:10,647 - INFO - 
Calculating 'lc_quality_df.parquet'...
2025-07-18 11:02:10,652 - INFO - lc_quality_df calculation complete.
2025-07-18 11:02:10,652 - INFO - Saving environment files...
2025-07-18 11:02:11,938 - INFO - Virus is 'sars-cov-2'. Saving two versions of lineage characterisations.
2025-07-18 11:02:30,863 - INFO - Calculating genome and variation counts per lineage...
2025-07-18 11:02:31,092 - INFO -   Found 4,320 unique lineages in the dataset.
2025-07-18 11:10:53,301 - INFO -   Finished calculating genome and variation counts.
2025-07-18 11:10:54,253 - INFO - 
Calculating 'change2lineage_probability.parquet'...
2025-07-18 11:10:54,253 - INFO - 
--- Running common logic: calculating lineage mutation frequencies ---
2025-07-18 11:10:54,254 - INFO - Selected 3233 lineages with at least 10 genomes.
2025-07-18 11:12:28,001 - INFO - change2lineage_probability calculation complete.
2025-07-18 11:12:28,002 - INFO - 
Calculating 'lc_df.parquet'...
2025-07-18 11:12:28,002 - INFO - 
--- Running common logic: calculating lineage mutation frequencies ---
2025-07-18 11:12:28,002 - INFO - Selected 3233 lineages with at least 10 genomes.
2025-07-18 11:12:35,310 - INFO - Removed 0 mutations that were not characteristic of any lineage.
2025-07-18 11:12:35,348 - INFO - lc_df calculation complete.
2025-07-18 11:12:47,937 - INFO - Environment creation complete.
