2025-09-06 15:29:40,498 - INFO - Logging initialized. Log file at: logs/20250906_152940_monkeypox_pipeline_run.log
2025-09-06 15:29:40,498 - INFO - ================== STARTING PIPELINE FOR: MONKEYPOX ==================
2025-09-06 15:29:40,498 - INFO - --- Executing: /home/topcuoglu/miniconda3/envs/orh/bin/python src/06_recombinhunt/run_recombinhunt.py --virus monkeypox --config config/config.yaml ---
2025-09-06 15:39:48,569 - INFO - Stdout from step:
INFO: Logging initialized. Log file at: logs/20250906_152941_monkeypox_06_run_recombinhunt.log
INFO: --- Starting Step 6: Run RecombinHunt for 'monkeypox' ---
INFO: Loading RecombinHunt environment from: environments/monkeypox/dist3size10
Starting formal checks of the environment...
INFO: Loading lineage totals from 'samples/monkeypox/dist3size10/samples_total.json'
INFO: Found 90 sample files in 'samples/monkeypox/dist3size10'.
INFO:   Lineage 'A.2.1', Mode 'all': Processing all 17 samples.
INFO:   Lineage 'B.1.20.NmC1', Mode 'all': Processing all 92 samples.
INFO:   Lineage 'B.1.1.NmC1', Mode 'all': Processing all 35 samples.
INFO:   Lineage 'B.1.2', Mode 'all': Processing all 132 samples.
INFO:   Lineage 'B.1.3.NmC2', Mode 'all': Processing all 37 samples.
INFO:   Lineage 'B.1.2.NmC1', Mode 'all': Processing all 56 samples.
INFO:   Lineage 'C.1', Mode 'all': Processing all 87 samples.
INFO:   Lineage 'E.2', Mode 'all': Processing all 69 samples.
INFO:   Lineage 'B.1.12.NmC2', Mode 'all': Processing all 25 samples.
INFO:   Lineage 'C.1.1', Mode 'all': Processing all 90 samples.
INFO:   Lineage 'B.1.9', Mode 'all': Processing all 21 samples.
INFO:   Lineage 'F.2.NmC1', Mode 'all': Processing all 41 samples.
INFO:   Lineage 'F.1.NmC2', Mode 'all': Processing all 27 samples.
INFO:   Lineage 'F.4', Mode 'all': Processing all 113 samples.
INFO:   Lineage 'B.1.5', Mode 'all': Processing all 25 samples.
INFO:   Lineage 'B.1.7', Mode 'all': Processing all 59 samples.
INFO:   Lineage 'B.1.8.NmC2', Mode 'all': Processing all 24 samples.
INFO:   Lineage 'A.2.3', Mode 'all': Processing all 60 samples.
INFO:   Lineage 'B.1.NmC3', Mode 'all': Processing all 263 samples.
INFO:   Lineage 'F.1', Mode 'all': Processing all 127 samples.
INFO:   Lineage 'B.1.16', Mode 'all': Processing all 26 samples.
INFO:   Lineage 'A.1.NmC3', Mode 'all': Processing all 63 samples.
INFO:   Lineage 'B.1.13.NmC1', Mode 'all': Processing all 402 samples.
INFO:   Lineage 'B.1.13', Mode 'all': Processing all 353 samples.
INFO:   Lineage 'B.1.NmC6', Mode 'all': Processing all 113 samples.
INFO:   Lineage 'B.1.17.NmC1', Mode 'all': Processing all 375 samples.
INFO:   Lineage 'A.2.2', Mode 'all': Processing all 140 samples.
INFO:   Lineage 'B.1.NmC7', Mode 'all': Processing all 172 samples.
INFO:   Lineage 'B.1.14', Mode 'all': Processing all 40 samples.
INFO:   Lineage 'B.1.2.NmC2', Mode 'all': Processing all 63 samples.
INFO:   Lineage 'F.2.NmC2', Mode 'all': Processing all 36 samples.
INFO:   Lineage 'A.2', Mode 'all': Processing all 62 samples.
INFO:   Lineage 'B.1.19', Mode 'all': Processing all 13 samples.
INFO:   Lineage 'C.1.1.NmC1', Mode 'all': Processing all 65 samples.
INFO:   Lineage 'B.1.22', Mode 'all': Processing all 36 samples.
INFO:   Lineage 'B.1.17.NmC5', Mode 'all': Processing all 119 samples.
INFO:   Lineage 'B.1.1', Mode 'all': Processing all 446 samples.
WARNING: Gap made of only target mutations (How can it be? It's an almost impossible condition). Target mutation that minimizes the loss has been assigned to the right region).
INFO:   Lineage 'B.1.17.NmC4', Mode 'all': Processing all 116 samples.
INFO:   Lineage 'B.1.2.NmC3', Mode 'all': Processing all 26 samples.
INFO:   Lineage 'B.1.3.NmC1', Mode 'all': Processing all 58 samples.
INFO:   Lineage 'B.1.NmC10', Mode 'all': Processing all 223 samples.
INFO:   Lineage 'B.1.20', Mode 'all': Processing all 87 samples.
INFO:   Lineage 'F.5', Mode 'all': Processing all 17 samples.
INFO:   Lineage 'B.1.11', Mode 'all': Processing all 72 samples.
INFO:   Lineage 'B.1.17.NmC6', Mode 'all': Processing all 201 samples.
INFO:   Lineage 'B.1.7.NmC1', Mode 'all': Processing all 49 samples.
INFO:   Lineage 'F.2', Mode 'all': Processing all 70 samples.
INFO:   Lineage 'B.1.8.NmC1', Mode 'all': Processing all 21 samples.
INFO:   Lineage 'B.1.15', Mode 'all': Processing all 19 samples.
INFO:   Lineage 'B.1.18', Mode 'all': Processing all 68 samples.
INFO:   Lineage 'B.1.11.NmC1', Mode 'all': Processing all 47 samples.
INFO:   Lineage 'A.1.NmC2', Mode 'all': Processing all 82 samples.
INFO:   Lineage 'B.1', Mode 'all': Processing all 452 samples.
WARNING: Gap made of only target mutations (How can it be? It's an almost impossible condition). Target mutation that minimizes the loss has been assigned to the right region).
INFO:   Lineage 'B.1.10', Mode 'all': Processing all 103 samples.
INFO:   Lineage 'A.3', Mode 'all': Processing all 11 samples.
INFO:   Lineage 'B.1.NmC1', Mode 'all': Processing all 132 samples.
INFO:   Lineage 'F.1.NmC1', Mode 'all': Processing all 79 samples.
INFO:   Lineage 'C.1.NmC2', Mode 'all': Processing all 32 samples.
INFO:   Lineage 'A.1.NmC1', Mode 'all': Processing all 241 samples.
INFO:   Lineage 'B.1.11.NmC2', Mode 'all': Processing all 36 samples.
INFO:   Lineage 'B.1.17.NmC2', Mode 'all': Processing all 182 samples.
INFO:   Lineage 'A.1', Mode 'all': Processing all 16 samples.
INFO:   Lineage 'F.6', Mode 'all': Processing all 33 samples.
INFO:   Lineage 'B.1.2.NmC4', Mode 'all': Processing all 23 samples.
INFO:   Lineage 'B.1.13.NmC3', Mode 'all': Processing all 123 samples.
INFO:   Lineage 'B.1.6', Mode 'all': Processing all 35 samples.
INFO:   Lineage 'D.1', Mode 'all': Processing all 25 samples.
INFO:   Lineage 'B.1.2.NmC6', Mode 'all': Processing all 61 samples.
INFO:   Lineage 'A', Mode 'all': Processing all 58 samples.
ERROR:   Error on one sample in lineage A: No candidates found searching in both directions.
Traceback (most recent call last):
  File "/home/topcuoglu/openrecombinhunt/src/06_recombinhunt/run_recombinhunt.py", line 179, in run_recombinhunt_for_lineage
    result = experiment.run()
  File "/home/topcuoglu/openrecombinhunt/libs/recombinhunt-cov-7.0.0/src/recombinhunt/core/method.py", line 663, in run
    L1_reg: Region = search_L(self.merged_df, self.p_merged_df, self.change_probabilities, min_target_len=self.MIN_CANDIDATE_REGION_LENGTH, cache=self.cache)
  File "/home/topcuoglu/openrecombinhunt/libs/recombinhunt-cov-7.0.0/src/recombinhunt/core/method.py", line 1035, in search_L
    raise NoCandidatesFound("No candidates found searching in both directions.")
recombinhunt.core.method.NoCandidatesFound: No candidates found searching in both directions.
ERROR:   Error on one sample in lineage A: No candidates found searching in both directions.
Traceback (most recent call last):
  File "/home/topcuoglu/openrecombinhunt/src/06_recombinhunt/run_recombinhunt.py", line 179, in run_recombinhunt_for_lineage
    result = experiment.run()
  File "/home/topcuoglu/openrecombinhunt/libs/recombinhunt-cov-7.0.0/src/recombinhunt/core/method.py", line 663, in run
    L1_reg: Region = search_L(self.merged_df, self.p_merged_df, self.change_probabilities, min_target_len=self.MIN_CANDIDATE_REGION_LENGTH, cache=self.cache)
  File "/home/topcuoglu/openrecombinhunt/libs/recombinhunt-cov-7.0.0/src/recombinhunt/core/method.py", line 1035, in search_L
    raise NoCandidatesFound("No candidates found searching in both directions.")
recombinhunt.core.method.NoCandidatesFound: No candidates found searching in both directions.
INFO:   Lineage 'B.1.NmC5', Mode 'all': Processing all 256 samples.
INFO:   Lineage 'B.1.2.NmC5', Mode 'all': Processing all 21 samples.
INFO:   Lineage 'B.1.17', Mode 'all': Processing all 15 samples.
INFO:   Lineage 'B.1.23', Mode 'all': Processing all 11 samples.
INFO:   Lineage 'B.1.22.NmC1', Mode 'all': Processing all 23 samples.
INFO:   Lineage 'B.1.12.NmC1', Mode 'all': Processing all 50 samples.
INFO:   Lineage 'F.3', Mode 'all': Processing all 76 samples.
INFO:   Lineage 'B.1.3', Mode 'all': Processing all 115 samples.
INFO:   Lineage 'B.1.NmC8', Mode 'all': Processing all 55 samples.
INFO:   Lineage 'B.1.17.NmC3', Mode 'all': Processing all 53 samples.
INFO:   Lineage 'C.1.NmC1', Mode 'all': Processing all 66 samples.
INFO:   Lineage 'B.1.NmC9', Mode 'all': Processing all 44 samples.
INFO:   Lineage 'E.3', Mode 'all': Processing all 17 samples.
INFO:   Lineage 'B.1.4', Mode 'all': Processing all 29 samples.
INFO:   Lineage 'E.1', Mode 'all': Processing all 76 samples.
INFO:   Lineage 'B.1.NmC2', Mode 'all': Processing all 322 samples.
WARNING: Gap made of only target mutations (How can it be? It's an almost impossible condition). Target mutation that minimizes the loss has been assigned to the right region).
INFO:   Lineage 'B.1.NmC4', Mode 'all': Processing all 180 samples.
WARNING: Gap made of only target mutations (How can it be? It's an almost impossible condition). Target mutation that minimizes the loss has been assigned to the right region).
INFO:   Lineage 'B.1.8', Mode 'all': Processing all 49 samples.
INFO:   Lineage 'B.1.13.NmC2', Mode 'all': Processing all 242 samples.
WARNING: Gap made of only target mutations (How can it be? It's an almost impossible condition). Target mutation that minimizes the loss has been assigned to the right region).
WARNING: Gap made of only target mutations (How can it be? It's an almost impossible condition). Target mutation that minimizes the loss has been assigned to the right region).
INFO:   Lineage 'B.1.21', Mode 'all': Processing all 75 samples.
INFO:   Lineage 'B.1.12', Mode 'all': Processing all 86 samples.
INFO: Recombinant summary saved to: results/recombinhunt_output/monkeypox/dist3size10/recombinant_summary.tsv
INFO: Saved extensive summary table to: results/recombinhunt_output/monkeypox/dist3size10/recombinant_summary_extensive.tsv
INFO: Text report saved to: results/recombinhunt_output/monkeypox/dist3size10/experiment-output.all.txt
INFO: HTML report saved to: results/recombinhunt_output/monkeypox/dist3size10/experiment-detail.all.html
INFO: RecombinHunt experiment step finished successfully with given config and run mode.

2025-09-06 15:39:48,570 - WARNING - Stderr from step:
/home/topcuoglu/openrecombinhunt/libs/recombinhunt-cov-7.0.0/src/recombinhunt/core/environment.py:238: UserWarning: RecombinHunt 5.+ expects a candidates_hierarchy.json in the environment dir but the file is missing. Backward compatibility is possible by calling Environment.embed_candidates_hierarchy() with a CandidatesHierarchy object. Resorting to default CandidatesHierarchy.
  warnings.warn("RecombinHunt 5.+ expects a candidates_hierarchy.json in the environment dir but the file is missing. Backward compatibility is possible by"

Running Experiments:   0%|          | 0/90 [00:00<?, ?it/s]
Running Experiments:   1%|          | 1/90 [00:00<01:08,  1.30it/s]
Running Experiments:   2%|▏         | 2/90 [00:05<04:56,  3.37s/it]
Running Experiments:   3%|▎         | 3/90 [00:07<03:58,  2.75s/it]
Running Experiments:   4%|▍         | 4/90 [00:15<06:39,  4.65s/it]
Running Experiments:   6%|▌         | 5/90 [00:17<05:25,  3.83s/it]
Running Experiments:   7%|▋         | 6/90 [00:20<04:56,  3.53s/it]
Running Experiments:   8%|▊         | 7/90 [00:25<05:13,  3.78s/it]
Running Experiments:   9%|▉         | 8/90 [00:28<04:58,  3.64s/it]
Running Experiments:  10%|█         | 9/90 [00:29<03:56,  2.92s/it]
Running Experiments:  11%|█         | 10/90 [00:34<04:33,  3.42s/it]
Running Experiments:  12%|█▏        | 11/90 [00:35<03:38,  2.76s/it]
Running Experiments:  13%|█▎        | 12/90 [00:37<03:25,  2.64s/it]
Running Experiments:  14%|█▍        | 13/90 [00:39<03:03,  2.38s/it]
Running Experiments:  16%|█▌        | 14/90 [00:45<04:18,  3.40s/it]
Running Experiments:  17%|█▋        | 15/90 [00:46<03:29,  2.79s/it]
Running Experiments:  18%|█▊        | 16/90 [00:49<03:32,  2.88s/it]
Running Experiments:  19%|█▉        | 17/90 [00:51<02:53,  2.37s/it]
Running Experiments:  20%|██        | 18/90 [00:53<02:59,  2.49s/it]
Running Experiments:  21%|██        | 19/90 [01:10<07:52,  6.66s/it]
Running Experiments:  22%|██▏       | 20/90 [01:18<08:14,  7.07s/it]
Running Experiments:  23%|██▎       | 21/90 [01:19<06:09,  5.36s/it]
Running Experiments:  24%|██▍       | 22/90 [01:24<05:55,  5.23s/it]
Running Experiments:  26%|██▌       | 23/90 [01:50<12:39, 11.33s/it]
Running Experiments:  27%|██▋       | 24/90 [02:13<16:24, 14.91s/it]
Running Experiments:  28%|██▊       | 25/90 [02:20<13:27, 12.42s/it]
Running Experiments:  29%|██▉       | 26/90 [02:51<19:20, 18.14s/it]
Running Experiments:  30%|███       | 27/90 [02:58<15:30, 14.77s/it]
Running Experiments:  31%|███       | 28/90 [03:18<16:48, 16.27s/it]
Running Experiments:  32%|███▏      | 29/90 [03:20<12:19, 12.13s/it]
Running Experiments:  33%|███▎      | 30/90 [03:23<09:28,  9.47s/it]
Running Experiments:  34%|███▍      | 31/90 [03:25<07:04,  7.20s/it]
Running Experiments:  36%|███▌      | 32/90 [03:28<05:41,  5.88s/it]
Running Experiments:  37%|███▋      | 33/90 [03:29<04:08,  4.37s/it]
Running Experiments:  38%|███▊      | 34/90 [03:32<03:48,  4.09s/it]
Running Experiments:  39%|███▉      | 35/90 [03:35<03:23,  3.70s/it]
Running Experiments:  40%|████      | 36/90 [03:48<05:38,  6.28s/it]
Running Experiments:  41%|████      | 37/90 [04:22<13:01, 14.75s/it]
Running Experiments:  42%|████▏     | 38/90 [04:35<12:15, 14.14s/it]
Running Experiments:  43%|████▎     | 39/90 [04:36<08:45, 10.30s/it]
Running Experiments:  44%|████▍     | 40/90 [04:39<06:46,  8.13s/it]
Running Experiments:  46%|████▌     | 41/90 [04:56<08:42, 10.66s/it]
Running Experiments:  47%|████▋     | 42/90 [05:02<07:29,  9.36s/it]
Running Experiments:  48%|████▊     | 43/90 [05:03<05:19,  6.80s/it]
Running Experiments:  49%|████▉     | 44/90 [05:07<04:41,  6.12s/it]
Running Experiments:  50%|█████     | 45/90 [05:24<07:01,  9.36s/it]
Running Experiments:  51%|█████     | 46/90 [05:27<05:26,  7.42s/it]
Running Experiments:  52%|█████▏    | 47/90 [05:32<04:41,  6.55s/it]
Running Experiments:  53%|█████▎    | 48/90 [05:33<03:27,  4.94s/it]
Running Experiments:  54%|█████▍    | 49/90 [05:35<02:44,  4.01s/it]
Running Experiments:  56%|█████▌    | 50/90 [05:40<02:53,  4.33s/it]
Running Experiments:  57%|█████▋    | 51/90 [05:43<02:31,  3.89s/it]
Running Experiments:  58%|█████▊    | 52/90 [05:49<02:49,  4.47s/it]
Running Experiments:  59%|█████▉    | 53/90 [06:23<08:14, 13.37s/it]
Running Experiments:  60%|██████    | 54/90 [06:35<07:53, 13.16s/it]
Running Experiments:  61%|██████    | 55/90 [06:36<05:27,  9.37s/it]
Running Experiments:  62%|██████▏   | 56/90 [06:47<05:38,  9.94s/it]
Running Experiments:  63%|██████▎   | 57/90 [06:53<04:44,  8.61s/it]
Running Experiments:  64%|██████▍   | 58/90 [06:55<03:30,  6.58s/it]
Running Experiments:  66%|██████▌   | 59/90 [07:11<04:55,  9.52s/it]
Running Experiments:  67%|██████▋   | 60/90 [07:13<03:37,  7.24s/it]
Running Experiments:  68%|██████▊   | 61/90 [07:30<04:57, 10.25s/it]
Running Experiments:  69%|██████▉   | 62/90 [07:31<03:31,  7.57s/it]
Running Experiments:  70%|███████   | 63/90 [07:34<02:43,  6.07s/it]
Running Experiments:  71%|███████   | 64/90 [07:35<02:00,  4.63s/it]
Running Experiments:  72%|███████▏  | 65/90 [07:48<02:59,  7.16s/it]
Running Experiments:  73%|███████▎  | 66/90 [07:52<02:25,  6.05s/it]
Running Experiments:  74%|███████▍  | 67/90 [07:54<01:49,  4.75s/it]
Running Experiments:  76%|███████▌  | 68/90 [07:57<01:34,  4.28s/it]
Running Experiments:  77%|███████▋  | 69/90 [08:00<01:21,  3.90s/it]
Running Experiments:  78%|███████▊  | 70/90 [08:19<02:47,  8.40s/it]
Running Experiments:  79%|███████▉  | 71/90 [08:20<01:58,  6.23s/it]
Running Experiments:  80%|████████  | 72/90 [08:21<01:24,  4.72s/it]
Running Experiments:  81%|████████  | 73/90 [08:21<00:58,  3.46s/it]
Running Experiments:  82%|████████▏ | 74/90 [08:23<00:48,  3.02s/it]
Running Experiments:  83%|████████▎ | 75/90 [08:26<00:43,  2.90s/it]
Running Experiments:  84%|████████▍ | 76/90 [08:30<00:45,  3.24s/it]
Running Experiments:  86%|████████▌ | 77/90 [08:36<00:53,  4.12s/it]
Running Experiments:  87%|████████▋ | 78/90 [08:40<00:48,  4.01s/it]
Running Experiments:  88%|████████▊ | 79/90 [08:44<00:43,  3.95s/it]
Running Experiments:  89%|████████▉ | 80/90 [08:48<00:38,  3.86s/it]
Running Experiments:  90%|█████████ | 81/90 [08:50<00:31,  3.47s/it]
Running Experiments:  91%|█████████ | 82/90 [08:51<00:21,  2.70s/it]
Running Experiments:  92%|█████████▏| 83/90 [08:53<00:16,  2.38s/it]
Running Experiments:  93%|█████████▎| 84/90 [08:56<00:16,  2.75s/it]
Running Experiments:  94%|█████████▍| 85/90 [09:17<00:41,  8.21s/it]
Running Experiments:  96%|█████████▌| 86/90 [09:38<00:47, 11.97s/it]
Running Experiments:  97%|█████████▋| 87/90 [09:42<00:28,  9.46s/it]
Running Experiments:  98%|█████████▊| 88/90 [09:57<00:22, 11.21s/it]
Running Experiments:  99%|█████████▉| 89/90 [10:01<00:09,  9.25s/it]
Running Experiments: 100%|██████████| 90/90 [10:06<00:00,  7.84s/it]
Running Experiments: 100%|██████████| 90/90 [10:06<00:00,  6.74s/it]

2025-09-06 15:39:48,570 - INFO - --- Step Succeeded: /home/topcuoglu/miniconda3/envs/orh/bin/python src/06_recombinhunt/run_recombinhunt.py --virus monkeypox --config config/config.yaml ---
2025-09-06 15:39:48,570 - INFO - ================== PIPELINE FOR MONKEYPOX FINISHED ==================


