2025-09-04 16:50:07,477 - INFO - Logging initialized. Log file at: logs/20250904_165007_sars-cov-2_06_run_recombinhunt.log
2025-09-04 16:50:07,477 - INFO - --- Starting Step 6: Run RecombinHunt for 'sars-cov-2' ---
2025-09-04 16:50:07,478 - INFO - Loading RecombinHunt environment from: environments/sars-cov-2/dist0size0
2025-09-04 16:50:31,918 - INFO - Loading lineage totals from 'samples/sars-cov-2/dist0size0/samples_total.json'
2025-09-04 16:50:31,921 - INFO - Found 132 sample files in 'samples/sars-cov-2/dist0size0'.
2025-09-04 16:50:31,938 - WARNING - Warning: Running 'all' mode for SARS-CoV-2 may be resource-intensive due to large sample sizes. Reducing to last 6 months.
2025-09-04 16:50:31,938 - INFO - Filtering samples to those collected in the last 6 months based on 'Collection date'.
2025-09-04 16:50:31,938 - INFO - Initial sample count: 1
2025-09-04 16:50:31,945 - INFO - Filtered samples to last 6 months. 0 samples remain.
2025-09-04 16:50:31,953 - WARNING - Warning: Running 'all' mode for SARS-CoV-2 may be resource-intensive due to large sample sizes. Reducing to last 6 months.
2025-09-04 16:50:31,953 - INFO - Filtering samples to those collected in the last 6 months based on 'Collection date'.
2025-09-04 16:50:31,953 - INFO - Initial sample count: 319
2025-09-04 16:50:31,955 - INFO - Filtered samples to last 6 months. 0 samples remain.
2025-09-04 16:50:31,959 - WARNING - Warning: Running 'all' mode for SARS-CoV-2 may be resource-intensive due to large sample sizes. Reducing to last 6 months.
2025-09-04 16:50:31,959 - INFO - Filtering samples to those collected in the last 6 months based on 'Collection date'.
2025-09-04 16:50:31,959 - INFO - Initial sample count: 188
2025-09-04 16:50:31,961 - INFO - Filtered samples to last 6 months. 0 samples remain.
2025-09-04 16:50:31,962 - WARNING - Warning: Running 'all' mode for SARS-CoV-2 may be resource-intensive due to large sample sizes. Reducing to last 6 months.
2025-09-04 16:50:31,962 - INFO - Filtering samples to those collected in the last 6 months based on 'Collection date'.
2025-09-04 16:50:31,962 - INFO - Initial sample count: 2
2025-09-04 16:50:31,964 - INFO - Filtered samples to last 6 months. 0 samples remain.
2025-09-04 16:50:31,966 - WARNING - Warning: Running 'all' mode for SARS-CoV-2 may be resource-intensive due to large sample sizes. Reducing to last 6 months.
2025-09-04 16:50:31,966 - INFO - Filtering samples to those collected in the last 6 months based on 'Collection date'.
2025-09-04 16:50:31,966 - INFO - Initial sample count: 7
2025-09-04 16:50:31,968 - INFO - Filtered samples to last 6 months. 0 samples remain.
2025-09-04 16:50:31,971 - WARNING - Warning: Running 'all' mode for SARS-CoV-2 may be resource-intensive due to large sample sizes. Reducing to last 6 months.
2025-09-04 16:50:31,971 - INFO - Filtering samples to those collected in the last 6 months based on 'Collection date'.
2025-09-04 16:50:31,971 - INFO - Initial sample count: 58
2025-09-04 16:50:31,972 - INFO - Filtered samples to last 6 months. 0 samples remain.
2025-09-04 16:50:31,975 - WARNING - Warning: Running 'all' mode for SARS-CoV-2 may be resource-intensive due to large sample sizes. Reducing to last 6 months.
2025-09-04 16:50:31,975 - INFO - Filtering samples to those collected in the last 6 months based on 'Collection date'.
2025-09-04 16:50:31,975 - INFO - Initial sample count: 71
2025-09-04 16:50:31,977 - INFO - Filtered samples to last 6 months. 0 samples remain.
2025-09-04 16:50:31,979 - WARNING - Warning: Running 'all' mode for SARS-CoV-2 may be resource-intensive due to large sample sizes. Reducing to last 6 months.
2025-09-04 16:50:31,979 - INFO - Filtering samples to those collected in the last 6 months based on 'Collection date'.
2025-09-04 16:50:31,979 - INFO - Initial sample count: 11
2025-09-04 16:50:31,981 - INFO - Filtered samples to last 6 months. 0 samples remain.
2025-09-04 16:50:31,983 - WARNING - Warning: Running 'all' mode for SARS-CoV-2 may be resource-intensive due to large sample sizes. Reducing to last 6 months.
2025-09-04 16:50:31,983 - INFO - Filtering samples to those collected in the last 6 months based on 'Collection date'.
2025-09-04 16:50:31,983 - INFO - Initial sample count: 23
2025-09-04 16:50:31,984 - INFO - Filtered samples to last 6 months. 0 samples remain.
2025-09-04 16:50:31,987 - WARNING - Warning: Running 'all' mode for SARS-CoV-2 may be resource-intensive due to large sample sizes. Reducing to last 6 months.
2025-09-04 16:50:31,987 - INFO - Filtering samples to those collected in the last 6 months based on 'Collection date'.
2025-09-04 16:50:31,987 - INFO - Initial sample count: 73
2025-09-04 16:50:31,988 - INFO - Filtered samples to last 6 months. 0 samples remain.
2025-09-04 16:50:31,990 - WARNING - Warning: Running 'all' mode for SARS-CoV-2 may be resource-intensive due to large sample sizes. Reducing to last 6 months.
2025-09-04 16:50:31,990 - INFO - Filtering samples to those collected in the last 6 months based on 'Collection date'.
2025-09-04 16:50:31,990 - INFO - Initial sample count: 9
2025-09-04 16:50:31,992 - INFO - Filtered samples to last 6 months. 9 samples remain.
2025-09-04 16:50:31,993 - INFO -   Lineage 'XFP', Mode 'all': Processing all 9 samples.
2025-09-04 16:51:04,982 - WARNING - Warning: Running 'all' mode for SARS-CoV-2 may be resource-intensive due to large sample sizes. Reducing to last 6 months.
2025-09-04 16:51:04,982 - INFO - Filtering samples to those collected in the last 6 months based on 'Collection date'.
2025-09-04 16:51:04,982 - INFO - Initial sample count: 30
2025-09-04 16:51:04,984 - INFO - Filtered samples to last 6 months. 0 samples remain.
2025-09-04 16:51:04,986 - WARNING - Warning: Running 'all' mode for SARS-CoV-2 may be resource-intensive due to large sample sizes. Reducing to last 6 months.
2025-09-04 16:51:04,986 - INFO - Filtering samples to those collected in the last 6 months based on 'Collection date'.
2025-09-04 16:51:04,986 - INFO - Initial sample count: 6
2025-09-04 16:51:04,988 - INFO - Filtered samples to last 6 months. 0 samples remain.
2025-09-04 16:51:04,989 - WARNING - Warning: Running 'all' mode for SARS-CoV-2 may be resource-intensive due to large sample sizes. Reducing to last 6 months.
2025-09-04 16:51:04,989 - INFO - Filtering samples to those collected in the last 6 months based on 'Collection date'.
2025-09-04 16:51:04,989 - INFO - Initial sample count: 20
2025-09-04 16:51:04,991 - INFO - Filtered samples to last 6 months. 0 samples remain.
2025-09-04 16:51:04,993 - WARNING - Warning: Running 'all' mode for SARS-CoV-2 may be resource-intensive due to large sample sizes. Reducing to last 6 months.
2025-09-04 16:51:04,993 - INFO - Filtering samples to those collected in the last 6 months based on 'Collection date'.
2025-09-04 16:51:04,993 - INFO - Initial sample count: 37
2025-09-04 16:51:04,995 - INFO - Filtered samples to last 6 months. 0 samples remain.
2025-09-04 16:51:04,999 - WARNING - Warning: Running 'all' mode for SARS-CoV-2 may be resource-intensive due to large sample sizes. Reducing to last 6 months.
2025-09-04 16:51:04,999 - INFO - Filtering samples to those collected in the last 6 months based on 'Collection date'.
2025-09-04 16:51:04,999 - INFO - Initial sample count: 150
2025-09-04 16:51:05,000 - INFO - Filtered samples to last 6 months. 0 samples remain.
2025-09-04 16:51:05,002 - WARNING - Warning: Running 'all' mode for SARS-CoV-2 may be resource-intensive due to large sample sizes. Reducing to last 6 months.
2025-09-04 16:51:05,002 - INFO - Filtering samples to those collected in the last 6 months based on 'Collection date'.
2025-09-04 16:51:05,002 - INFO - Initial sample count: 2
2025-09-04 16:51:05,004 - INFO - Filtered samples to last 6 months. 0 samples remain.
2025-09-04 16:51:05,006 - WARNING - Warning: Running 'all' mode for SARS-CoV-2 may be resource-intensive due to large sample sizes. Reducing to last 6 months.
2025-09-04 16:51:05,006 - INFO - Filtering samples to those collected in the last 6 months based on 'Collection date'.
2025-09-04 16:51:05,006 - INFO - Initial sample count: 41
2025-09-04 16:51:05,007 - INFO - Filtered samples to last 6 months. 0 samples remain.
2025-09-04 16:51:05,009 - WARNING - Warning: Running 'all' mode for SARS-CoV-2 may be resource-intensive due to large sample sizes. Reducing to last 6 months.
2025-09-04 16:51:05,010 - INFO - Filtering samples to those collected in the last 6 months based on 'Collection date'.
2025-09-04 16:51:05,010 - INFO - Initial sample count: 28
2025-09-04 16:51:05,011 - INFO - Filtered samples to last 6 months. 0 samples remain.
2025-09-04 16:51:05,013 - WARNING - Warning: Running 'all' mode for SARS-CoV-2 may be resource-intensive due to large sample sizes. Reducing to last 6 months.
2025-09-04 16:51:05,013 - INFO - Filtering samples to those collected in the last 6 months based on 'Collection date'.
2025-09-04 16:51:05,013 - INFO - Initial sample count: 60
2025-09-04 16:51:05,016 - INFO - Filtered samples to last 6 months. 0 samples remain.
2025-09-04 16:51:05,017 - WARNING - Warning: Running 'all' mode for SARS-CoV-2 may be resource-intensive due to large sample sizes. Reducing to last 6 months.
2025-09-04 16:51:05,017 - INFO - Filtering samples to those collected in the last 6 months based on 'Collection date'.
2025-09-04 16:51:05,018 - INFO - Initial sample count: 26
2025-09-04 16:51:05,019 - INFO - Filtered samples to last 6 months. 0 samples remain.
2025-09-04 16:51:05,021 - WARNING - Warning: Running 'all' mode for SARS-CoV-2 may be resource-intensive due to large sample sizes. Reducing to last 6 months.
2025-09-04 16:51:05,021 - INFO - Filtering samples to those collected in the last 6 months based on 'Collection date'.
2025-09-04 16:51:05,021 - INFO - Initial sample count: 10
2025-09-04 16:51:05,022 - INFO - Filtered samples to last 6 months. 0 samples remain.
2025-09-04 16:51:05,025 - WARNING - Warning: Running 'all' mode for SARS-CoV-2 may be resource-intensive due to large sample sizes. Reducing to last 6 months.
2025-09-04 16:51:05,025 - INFO - Filtering samples to those collected in the last 6 months based on 'Collection date'.
2025-09-04 16:51:05,025 - INFO - Initial sample count: 75
2025-09-04 16:51:05,027 - INFO - Filtered samples to last 6 months. 0 samples remain.
2025-09-04 16:51:05,029 - WARNING - Warning: Running 'all' mode for SARS-CoV-2 may be resource-intensive due to large sample sizes. Reducing to last 6 months.
2025-09-04 16:51:05,029 - INFO - Filtering samples to those collected in the last 6 months based on 'Collection date'.
2025-09-04 16:51:05,029 - INFO - Initial sample count: 66
2025-09-04 16:51:05,031 - INFO - Filtered samples to last 6 months. 0 samples remain.
2025-09-04 16:51:05,036 - WARNING - Warning: Running 'all' mode for SARS-CoV-2 may be resource-intensive due to large sample sizes. Reducing to last 6 months.
2025-09-04 16:51:05,036 - INFO - Filtering samples to those collected in the last 6 months based on 'Collection date'.
2025-09-04 16:51:05,036 - INFO - Initial sample count: 220
2025-09-04 16:51:05,039 - INFO - Filtered samples to last 6 months. 1 samples remain.
2025-09-04 16:51:05,039 - INFO -   Lineage 'XDY', Mode 'all': Processing all 1 samples.
2025-09-04 16:51:08,164 - WARNING - Warning: Running 'all' mode for SARS-CoV-2 may be resource-intensive due to large sample sizes. Reducing to last 6 months.
2025-09-04 16:51:08,164 - INFO - Filtering samples to those collected in the last 6 months based on 'Collection date'.
2025-09-04 16:51:08,164 - INFO - Initial sample count: 52
2025-09-04 16:51:08,166 - INFO - Filtered samples to last 6 months. 0 samples remain.
2025-09-04 16:51:08,167 - WARNING - Warning: Running 'all' mode for SARS-CoV-2 may be resource-intensive due to large sample sizes. Reducing to last 6 months.
2025-09-04 16:51:08,167 - INFO - Filtering samples to those collected in the last 6 months based on 'Collection date'.
2025-09-04 16:51:08,168 - INFO - Initial sample count: 1
2025-09-04 16:51:08,169 - INFO - Filtered samples to last 6 months. 0 samples remain.
2025-09-04 16:51:08,175 - WARNING - Warning: Running 'all' mode for SARS-CoV-2 may be resource-intensive due to large sample sizes. Reducing to last 6 months.
2025-09-04 16:51:08,175 - INFO - Filtering samples to those collected in the last 6 months based on 'Collection date'.
2025-09-04 16:51:08,175 - INFO - Initial sample count: 477
2025-09-04 16:51:08,177 - INFO - Filtered samples to last 6 months. 0 samples remain.
2025-09-04 16:51:08,179 - WARNING - Warning: Running 'all' mode for SARS-CoV-2 may be resource-intensive due to large sample sizes. Reducing to last 6 months.
2025-09-04 16:51:08,179 - INFO - Filtering samples to those collected in the last 6 months based on 'Collection date'.
2025-09-04 16:51:08,179 - INFO - Initial sample count: 2
2025-09-04 16:51:08,181 - INFO - Filtered samples to last 6 months. 0 samples remain.
2025-09-04 16:51:08,183 - WARNING - Warning: Running 'all' mode for SARS-CoV-2 may be resource-intensive due to large sample sizes. Reducing to last 6 months.
2025-09-04 16:51:08,183 - INFO - Filtering samples to those collected in the last 6 months based on 'Collection date'.
2025-09-04 16:51:08,183 - INFO - Initial sample count: 11
2025-09-04 16:51:08,184 - INFO - Filtered samples to last 6 months. 0 samples remain.
2025-09-04 16:51:08,186 - WARNING - Warning: Running 'all' mode for SARS-CoV-2 may be resource-intensive due to large sample sizes. Reducing to last 6 months.
2025-09-04 16:51:08,186 - INFO - Filtering samples to those collected in the last 6 months based on 'Collection date'.
2025-09-04 16:51:08,187 - INFO - Initial sample count: 46
2025-09-04 16:51:08,188 - INFO - Filtered samples to last 6 months. 0 samples remain.
2025-09-04 16:51:08,195 - WARNING - Warning: Running 'all' mode for SARS-CoV-2 may be resource-intensive due to large sample sizes. Reducing to last 6 months.
2025-09-04 16:51:08,196 - INFO - Filtering samples to those collected in the last 6 months based on 'Collection date'.
2025-09-04 16:51:08,196 - INFO - Initial sample count: 606
2025-09-04 16:51:08,198 - INFO - Filtered samples to last 6 months. 0 samples remain.
2025-09-04 16:51:08,200 - WARNING - Warning: Running 'all' mode for SARS-CoV-2 may be resource-intensive due to large sample sizes. Reducing to last 6 months.
2025-09-04 16:51:08,200 - INFO - Filtering samples to those collected in the last 6 months based on 'Collection date'.
2025-09-04 16:51:08,200 - INFO - Initial sample count: 31
2025-09-04 16:51:08,202 - INFO - Filtered samples to last 6 months. 0 samples remain.
2025-09-04 16:51:08,205 - WARNING - Warning: Running 'all' mode for SARS-CoV-2 may be resource-intensive due to large sample sizes. Reducing to last 6 months.
2025-09-04 16:51:08,205 - INFO - Filtering samples to those collected in the last 6 months based on 'Collection date'.
2025-09-04 16:51:08,205 - INFO - Initial sample count: 163
2025-09-04 16:51:08,207 - INFO - Filtered samples to last 6 months. 0 samples remain.
2025-09-04 16:51:08,208 - WARNING - Warning: Running 'all' mode for SARS-CoV-2 may be resource-intensive due to large sample sizes. Reducing to last 6 months.
2025-09-04 16:51:08,208 - INFO - Filtering samples to those collected in the last 6 months based on 'Collection date'.
2025-09-04 16:51:08,208 - INFO - Initial sample count: 1
2025-09-04 16:51:08,210 - INFO - Filtered samples to last 6 months. 0 samples remain.
2025-09-04 16:51:08,212 - WARNING - Warning: Running 'all' mode for SARS-CoV-2 may be resource-intensive due to large sample sizes. Reducing to last 6 months.
2025-09-04 16:51:08,212 - INFO - Filtering samples to those collected in the last 6 months based on 'Collection date'.
2025-09-04 16:51:08,212 - INFO - Initial sample count: 57
2025-09-04 16:51:08,214 - INFO - Filtered samples to last 6 months. 0 samples remain.
2025-09-04 16:51:08,215 - WARNING - Warning: Running 'all' mode for SARS-CoV-2 may be resource-intensive due to large sample sizes. Reducing to last 6 months.
2025-09-04 16:51:08,216 - INFO - Filtering samples to those collected in the last 6 months based on 'Collection date'.
2025-09-04 16:51:08,216 - INFO - Initial sample count: 12
2025-09-04 16:51:08,217 - INFO - Filtered samples to last 6 months. 0 samples remain.
2025-09-04 16:51:08,219 - WARNING - Warning: Running 'all' mode for SARS-CoV-2 may be resource-intensive due to large sample sizes. Reducing to last 6 months.
2025-09-04 16:51:08,219 - INFO - Filtering samples to those collected in the last 6 months based on 'Collection date'.
2025-09-04 16:51:08,219 - INFO - Initial sample count: 24
2025-09-04 16:51:08,221 - INFO - Filtered samples to last 6 months. 0 samples remain.
2025-09-04 16:51:08,222 - WARNING - Warning: Running 'all' mode for SARS-CoV-2 may be resource-intensive due to large sample sizes. Reducing to last 6 months.
2025-09-04 16:51:08,223 - INFO - Filtering samples to those collected in the last 6 months based on 'Collection date'.
2025-09-04 16:51:08,223 - INFO - Initial sample count: 17
2025-09-04 16:51:08,224 - INFO - Filtered samples to last 6 months. 0 samples remain.
2025-09-04 16:51:08,226 - WARNING - Warning: Running 'all' mode for SARS-CoV-2 may be resource-intensive due to large sample sizes. Reducing to last 6 months.
2025-09-04 16:51:08,226 - INFO - Filtering samples to those collected in the last 6 months based on 'Collection date'.
2025-09-04 16:51:08,226 - INFO - Initial sample count: 26
2025-09-04 16:51:08,228 - INFO - Filtered samples to last 6 months. 0 samples remain.
2025-09-04 16:51:08,229 - WARNING - Warning: Running 'all' mode for SARS-CoV-2 may be resource-intensive due to large sample sizes. Reducing to last 6 months.
2025-09-04 16:51:08,230 - INFO - Filtering samples to those collected in the last 6 months based on 'Collection date'.
2025-09-04 16:51:08,230 - INFO - Initial sample count: 3
2025-09-04 16:51:08,231 - INFO - Filtered samples to last 6 months. 0 samples remain.
2025-09-04 16:51:08,233 - WARNING - Warning: Running 'all' mode for SARS-CoV-2 may be resource-intensive due to large sample sizes. Reducing to last 6 months.
2025-09-04 16:51:08,233 - INFO - Filtering samples to those collected in the last 6 months based on 'Collection date'.
2025-09-04 16:51:08,233 - INFO - Initial sample count: 2
2025-09-04 16:51:08,234 - INFO - Filtered samples to last 6 months. 0 samples remain.
2025-09-04 16:51:08,236 - WARNING - Warning: Running 'all' mode for SARS-CoV-2 may be resource-intensive due to large sample sizes. Reducing to last 6 months.
2025-09-04 16:51:08,236 - INFO - Filtering samples to those collected in the last 6 months based on 'Collection date'.
2025-09-04 16:51:08,236 - INFO - Initial sample count: 10
2025-09-04 16:51:08,238 - INFO - Filtered samples to last 6 months. 0 samples remain.
2025-09-04 16:51:08,241 - WARNING - Warning: Running 'all' mode for SARS-CoV-2 may be resource-intensive due to large sample sizes. Reducing to last 6 months.
2025-09-04 16:51:08,241 - INFO - Filtering samples to those collected in the last 6 months based on 'Collection date'.
2025-09-04 16:51:08,241 - INFO - Initial sample count: 195
2025-09-04 16:51:08,243 - INFO - Filtered samples to last 6 months. 0 samples remain.
2025-09-04 16:51:08,245 - WARNING - Warning: Running 'all' mode for SARS-CoV-2 may be resource-intensive due to large sample sizes. Reducing to last 6 months.
2025-09-04 16:51:08,245 - INFO - Filtering samples to those collected in the last 6 months based on 'Collection date'.
2025-09-04 16:51:08,246 - INFO - Initial sample count: 52
2025-09-04 16:51:08,247 - INFO - Filtered samples to last 6 months. 0 samples remain.
2025-09-04 16:51:08,249 - WARNING - Warning: Running 'all' mode for SARS-CoV-2 may be resource-intensive due to large sample sizes. Reducing to last 6 months.
2025-09-04 16:51:08,249 - INFO - Filtering samples to those collected in the last 6 months based on 'Collection date'.
2025-09-04 16:51:08,249 - INFO - Initial sample count: 24
2025-09-04 16:51:08,251 - INFO - Filtered samples to last 6 months. 24 samples remain.
2025-09-04 16:51:08,253 - INFO -   Lineage 'XFJ', Mode 'all': Processing all 24 samples.
2025-09-04 16:52:28,868 - WARNING - Warning: Running 'all' mode for SARS-CoV-2 may be resource-intensive due to large sample sizes. Reducing to last 6 months.
2025-09-04 16:52:28,868 - INFO - Filtering samples to those collected in the last 6 months based on 'Collection date'.
2025-09-04 16:52:28,868 - INFO - Initial sample count: 137
2025-09-04 16:52:28,871 - INFO - Filtered samples to last 6 months. 0 samples remain.
2025-09-04 16:52:28,873 - WARNING - Warning: Running 'all' mode for SARS-CoV-2 may be resource-intensive due to large sample sizes. Reducing to last 6 months.
2025-09-04 16:52:28,873 - INFO - Filtering samples to those collected in the last 6 months based on 'Collection date'.
2025-09-04 16:52:28,873 - INFO - Initial sample count: 58
2025-09-04 16:52:28,874 - INFO - Filtered samples to last 6 months. 0 samples remain.
2025-09-04 16:52:28,877 - WARNING - Warning: Running 'all' mode for SARS-CoV-2 may be resource-intensive due to large sample sizes. Reducing to last 6 months.
2025-09-04 16:52:28,877 - INFO - Filtering samples to those collected in the last 6 months based on 'Collection date'.
2025-09-04 16:52:28,877 - INFO - Initial sample count: 75
2025-09-04 16:52:28,878 - INFO - Filtered samples to last 6 months. 0 samples remain.
2025-09-04 16:52:28,880 - WARNING - Warning: Running 'all' mode for SARS-CoV-2 may be resource-intensive due to large sample sizes. Reducing to last 6 months.
2025-09-04 16:52:28,880 - INFO - Filtering samples to those collected in the last 6 months based on 'Collection date'.
2025-09-04 16:52:28,880 - INFO - Initial sample count: 19
2025-09-04 16:52:28,882 - INFO - Filtered samples to last 6 months. 0 samples remain.
2025-09-04 16:52:28,884 - WARNING - Warning: Running 'all' mode for SARS-CoV-2 may be resource-intensive due to large sample sizes. Reducing to last 6 months.
2025-09-04 16:52:28,884 - INFO - Filtering samples to those collected in the last 6 months based on 'Collection date'.
2025-09-04 16:52:28,884 - INFO - Initial sample count: 52
2025-09-04 16:52:28,886 - INFO - Filtered samples to last 6 months. 0 samples remain.
2025-09-04 16:52:28,888 - WARNING - Warning: Running 'all' mode for SARS-CoV-2 may be resource-intensive due to large sample sizes. Reducing to last 6 months.
2025-09-04 16:52:28,888 - INFO - Filtering samples to those collected in the last 6 months based on 'Collection date'.
2025-09-04 16:52:28,888 - INFO - Initial sample count: 59
2025-09-04 16:52:28,890 - INFO - Filtered samples to last 6 months. 1 samples remain.
2025-09-04 16:52:28,890 - INFO -   Lineage 'XES', Mode 'all': Processing all 1 samples.
2025-09-04 16:52:32,761 - WARNING - Warning: Running 'all' mode for SARS-CoV-2 may be resource-intensive due to large sample sizes. Reducing to last 6 months.
2025-09-04 16:52:32,762 - INFO - Filtering samples to those collected in the last 6 months based on 'Collection date'.
2025-09-04 16:52:32,762 - INFO - Initial sample count: 77
2025-09-04 16:52:32,763 - INFO - Filtered samples to last 6 months. 0 samples remain.
2025-09-04 16:52:32,765 - WARNING - Warning: Running 'all' mode for SARS-CoV-2 may be resource-intensive due to large sample sizes. Reducing to last 6 months.
2025-09-04 16:52:32,765 - INFO - Filtering samples to those collected in the last 6 months based on 'Collection date'.
2025-09-04 16:52:32,765 - INFO - Initial sample count: 12
2025-09-04 16:52:32,767 - INFO - Filtered samples to last 6 months. 0 samples remain.
2025-09-04 16:52:32,773 - WARNING - Warning: Running 'all' mode for SARS-CoV-2 may be resource-intensive due to large sample sizes. Reducing to last 6 months.
2025-09-04 16:52:32,773 - INFO - Filtering samples to those collected in the last 6 months based on 'Collection date'.
2025-09-04 16:52:32,773 - INFO - Initial sample count: 269
2025-09-04 16:52:32,775 - INFO - Filtered samples to last 6 months. 41 samples remain.
2025-09-04 16:52:32,779 - INFO -   Lineage 'XEQ', Mode 'all': Processing all 41 samples.
2025-09-04 16:54:51,384 - WARNING - Warning: Running 'all' mode for SARS-CoV-2 may be resource-intensive due to large sample sizes. Reducing to last 6 months.
2025-09-04 16:54:51,384 - INFO - Filtering samples to those collected in the last 6 months based on 'Collection date'.
2025-09-04 16:54:51,384 - INFO - Initial sample count: 7
2025-09-04 16:54:51,386 - INFO - Filtered samples to last 6 months. 0 samples remain.
2025-09-04 16:54:51,388 - WARNING - Warning: Running 'all' mode for SARS-CoV-2 may be resource-intensive due to large sample sizes. Reducing to last 6 months.
2025-09-04 16:54:51,388 - INFO - Filtering samples to those collected in the last 6 months based on 'Collection date'.
2025-09-04 16:54:51,388 - INFO - Initial sample count: 33
2025-09-04 16:54:51,390 - INFO - Filtered samples to last 6 months. 0 samples remain.
2025-09-04 16:54:51,400 - WARNING - Warning: Running 'all' mode for SARS-CoV-2 may be resource-intensive due to large sample sizes. Reducing to last 6 months.
2025-09-04 16:54:51,400 - INFO - Filtering samples to those collected in the last 6 months based on 'Collection date'.
2025-09-04 16:54:51,400 - INFO - Initial sample count: 530
2025-09-04 16:54:51,402 - INFO - Filtered samples to last 6 months. 526 samples remain.
2025-09-04 16:54:51,445 - INFO -   Lineage 'XFG', Mode 'all': Processing all 526 samples.
2025-09-04 16:57:26,138 - ERROR -   Error on one sample in lineage XFG: 
Traceback (most recent call last):
  File "/home/topcuoglu/openrecombinhunt/src/06_recombinhunt/run_recombinhunt.py", line 175, in run_recombinhunt_for_lineage
    assert set(nuc_change_data_list).issubset(set(experiment_environment.c2lp_df.index))
AssertionError
2025-09-04 16:58:14,421 - WARNING - Gap made of only target mutations (How can it be? It's an almost impossible condition). Target mutation that minimizes the loss has been assigned to the right region).
2025-09-04 17:03:41,112 - ERROR -   Error on one sample in lineage XFG: 
Traceback (most recent call last):
  File "/home/topcuoglu/openrecombinhunt/src/06_recombinhunt/run_recombinhunt.py", line 175, in run_recombinhunt_for_lineage
    assert set(nuc_change_data_list).issubset(set(experiment_environment.c2lp_df.index))
AssertionError
2025-09-04 17:04:49,855 - ERROR -   Error on one sample in lineage XFG: 
Traceback (most recent call last):
  File "/home/topcuoglu/openrecombinhunt/src/06_recombinhunt/run_recombinhunt.py", line 175, in run_recombinhunt_for_lineage
    assert set(nuc_change_data_list).issubset(set(experiment_environment.c2lp_df.index))
AssertionError
2025-09-04 17:09:17,838 - ERROR -   Error on one sample in lineage XFG: 
Traceback (most recent call last):
  File "/home/topcuoglu/openrecombinhunt/src/06_recombinhunt/run_recombinhunt.py", line 175, in run_recombinhunt_for_lineage
    assert set(nuc_change_data_list).issubset(set(experiment_environment.c2lp_df.index))
AssertionError
2025-09-04 17:22:26,101 - ERROR -   Error on one sample in lineage XFG: 
Traceback (most recent call last):
  File "/home/topcuoglu/openrecombinhunt/src/06_recombinhunt/run_recombinhunt.py", line 175, in run_recombinhunt_for_lineage
    assert set(nuc_change_data_list).issubset(set(experiment_environment.c2lp_df.index))
AssertionError
2025-09-04 17:23:28,704 - WARNING - Warning: Running 'all' mode for SARS-CoV-2 may be resource-intensive due to large sample sizes. Reducing to last 6 months.
2025-09-04 17:23:28,704 - INFO - Filtering samples to those collected in the last 6 months based on 'Collection date'.
2025-09-04 17:23:28,705 - INFO - Initial sample count: 4
2025-09-04 17:23:28,708 - INFO - Filtered samples to last 6 months. 0 samples remain.
2025-09-04 17:23:28,711 - WARNING - Warning: Running 'all' mode for SARS-CoV-2 may be resource-intensive due to large sample sizes. Reducing to last 6 months.
2025-09-04 17:23:28,712 - INFO - Filtering samples to those collected in the last 6 months based on 'Collection date'.
2025-09-04 17:23:28,712 - INFO - Initial sample count: 33
2025-09-04 17:23:28,715 - INFO - Filtered samples to last 6 months. 0 samples remain.
2025-09-04 17:23:28,719 - WARNING - Warning: Running 'all' mode for SARS-CoV-2 may be resource-intensive due to large sample sizes. Reducing to last 6 months.
2025-09-04 17:23:28,719 - INFO - Filtering samples to those collected in the last 6 months based on 'Collection date'.
2025-09-04 17:23:28,719 - INFO - Initial sample count: 81
2025-09-04 17:23:28,722 - INFO - Filtered samples to last 6 months. 0 samples remain.
2025-09-04 17:23:28,725 - WARNING - Warning: Running 'all' mode for SARS-CoV-2 may be resource-intensive due to large sample sizes. Reducing to last 6 months.
2025-09-04 17:23:28,725 - INFO - Filtering samples to those collected in the last 6 months based on 'Collection date'.
2025-09-04 17:23:28,725 - INFO - Initial sample count: 4
2025-09-04 17:23:28,727 - INFO - Filtered samples to last 6 months. 1 samples remain.
2025-09-04 17:23:28,727 - INFO -   Lineage 'XFH', Mode 'all': Processing all 1 samples.
2025-09-04 17:23:32,568 - WARNING - Warning: Running 'all' mode for SARS-CoV-2 may be resource-intensive due to large sample sizes. Reducing to last 6 months.
2025-09-04 17:23:32,569 - INFO - Filtering samples to those collected in the last 6 months based on 'Collection date'.
2025-09-04 17:23:32,569 - INFO - Initial sample count: 289
2025-09-04 17:23:32,571 - INFO - Filtered samples to last 6 months. 19 samples remain.
2025-09-04 17:23:32,573 - INFO -   Lineage 'XEK', Mode 'all': Processing all 19 samples.
2025-09-04 17:24:36,329 - WARNING - Warning: Running 'all' mode for SARS-CoV-2 may be resource-intensive due to large sample sizes. Reducing to last 6 months.
2025-09-04 17:24:36,330 - INFO - Filtering samples to those collected in the last 6 months based on 'Collection date'.
2025-09-04 17:24:36,330 - INFO - Initial sample count: 13
2025-09-04 17:24:36,332 - INFO - Filtered samples to last 6 months. 0 samples remain.
2025-09-04 17:24:36,334 - WARNING - Warning: Running 'all' mode for SARS-CoV-2 may be resource-intensive due to large sample sizes. Reducing to last 6 months.
2025-09-04 17:24:36,334 - INFO - Filtering samples to those collected in the last 6 months based on 'Collection date'.
2025-09-04 17:24:36,334 - INFO - Initial sample count: 83
2025-09-04 17:24:36,336 - INFO - Filtered samples to last 6 months. 0 samples remain.
2025-09-04 17:24:36,338 - WARNING - Warning: Running 'all' mode for SARS-CoV-2 may be resource-intensive due to large sample sizes. Reducing to last 6 months.
2025-09-04 17:24:36,338 - INFO - Filtering samples to those collected in the last 6 months based on 'Collection date'.
2025-09-04 17:24:36,338 - INFO - Initial sample count: 37
2025-09-04 17:24:36,340 - INFO - Filtered samples to last 6 months. 0 samples remain.
2025-09-04 17:24:36,342 - WARNING - Warning: Running 'all' mode for SARS-CoV-2 may be resource-intensive due to large sample sizes. Reducing to last 6 months.
2025-09-04 17:24:36,342 - INFO - Filtering samples to those collected in the last 6 months based on 'Collection date'.
2025-09-04 17:24:36,342 - INFO - Initial sample count: 70
2025-09-04 17:24:36,344 - INFO - Filtered samples to last 6 months. 0 samples remain.
2025-09-04 17:24:36,346 - WARNING - Warning: Running 'all' mode for SARS-CoV-2 may be resource-intensive due to large sample sizes. Reducing to last 6 months.
2025-09-04 17:24:36,346 - INFO - Filtering samples to those collected in the last 6 months based on 'Collection date'.
2025-09-04 17:24:36,346 - INFO - Initial sample count: 103
2025-09-04 17:24:36,348 - INFO - Filtered samples to last 6 months. 0 samples remain.
2025-09-04 17:24:36,350 - WARNING - Warning: Running 'all' mode for SARS-CoV-2 may be resource-intensive due to large sample sizes. Reducing to last 6 months.
2025-09-04 17:24:36,350 - INFO - Filtering samples to those collected in the last 6 months based on 'Collection date'.
2025-09-04 17:24:36,350 - INFO - Initial sample count: 65
2025-09-04 17:24:36,352 - INFO - Filtered samples to last 6 months. 0 samples remain.
2025-09-04 17:24:36,353 - WARNING - Warning: Running 'all' mode for SARS-CoV-2 may be resource-intensive due to large sample sizes. Reducing to last 6 months.
2025-09-04 17:24:36,353 - INFO - Filtering samples to those collected in the last 6 months based on 'Collection date'.
2025-09-04 17:24:36,353 - INFO - Initial sample count: 3
2025-09-04 17:24:36,355 - INFO - Filtered samples to last 6 months. 2 samples remain.
2025-09-04 17:24:36,356 - INFO -   Lineage 'XFL', Mode 'all': Processing all 2 samples.
2025-09-04 17:24:36,368 - ERROR -   Error on one sample in lineage XFL: 
Traceback (most recent call last):
  File "/home/topcuoglu/openrecombinhunt/src/06_recombinhunt/run_recombinhunt.py", line 175, in run_recombinhunt_for_lineage
    assert set(nuc_change_data_list).issubset(set(experiment_environment.c2lp_df.index))
AssertionError
2025-09-04 17:24:36,380 - ERROR -   Error on one sample in lineage XFL: 
Traceback (most recent call last):
  File "/home/topcuoglu/openrecombinhunt/src/06_recombinhunt/run_recombinhunt.py", line 175, in run_recombinhunt_for_lineage
    assert set(nuc_change_data_list).issubset(set(experiment_environment.c2lp_df.index))
AssertionError
2025-09-04 17:24:36,381 - WARNING - Warning: Running 'all' mode for SARS-CoV-2 may be resource-intensive due to large sample sizes. Reducing to last 6 months.
2025-09-04 17:24:36,382 - INFO - Filtering samples to those collected in the last 6 months based on 'Collection date'.
2025-09-04 17:24:36,382 - INFO - Initial sample count: 9
2025-09-04 17:24:36,383 - INFO - Filtered samples to last 6 months. 6 samples remain.
2025-09-04 17:24:36,384 - INFO -   Lineage 'XFB', Mode 'all': Processing all 6 samples.
2025-09-04 17:24:57,217 - WARNING - Warning: Running 'all' mode for SARS-CoV-2 may be resource-intensive due to large sample sizes. Reducing to last 6 months.
2025-09-04 17:24:57,217 - INFO - Filtering samples to those collected in the last 6 months based on 'Collection date'.
2025-09-04 17:24:57,217 - INFO - Initial sample count: 5350
2025-09-04 17:24:57,221 - INFO - Filtered samples to last 6 months. 298 samples remain.
2025-09-04 17:24:57,245 - INFO -   Lineage 'XEC', Mode 'all': Processing all 298 samples.
2025-09-04 17:27:36,627 - ERROR -   Error on one sample in lineage XEC: 
Traceback (most recent call last):
  File "/home/topcuoglu/openrecombinhunt/src/06_recombinhunt/run_recombinhunt.py", line 175, in run_recombinhunt_for_lineage
    assert set(nuc_change_data_list).issubset(set(experiment_environment.c2lp_df.index))
AssertionError
2025-09-04 17:27:48,310 - ERROR -   Error on one sample in lineage XEC: 
Traceback (most recent call last):
  File "/home/topcuoglu/openrecombinhunt/src/06_recombinhunt/run_recombinhunt.py", line 175, in run_recombinhunt_for_lineage
    assert set(nuc_change_data_list).issubset(set(experiment_environment.c2lp_df.index))
AssertionError
2025-09-04 17:35:52,117 - ERROR -   Error on one sample in lineage XEC: 
Traceback (most recent call last):
  File "/home/topcuoglu/openrecombinhunt/src/06_recombinhunt/run_recombinhunt.py", line 175, in run_recombinhunt_for_lineage
    assert set(nuc_change_data_list).issubset(set(experiment_environment.c2lp_df.index))
AssertionError
2025-09-04 17:40:59,261 - WARNING - Warning: Running 'all' mode for SARS-CoV-2 may be resource-intensive due to large sample sizes. Reducing to last 6 months.
2025-09-04 17:40:59,261 - INFO - Filtering samples to those collected in the last 6 months based on 'Collection date'.
2025-09-04 17:40:59,261 - INFO - Initial sample count: 35
2025-09-04 17:40:59,263 - INFO - Filtered samples to last 6 months. 0 samples remain.
2025-09-04 17:40:59,265 - WARNING - Warning: Running 'all' mode for SARS-CoV-2 may be resource-intensive due to large sample sizes. Reducing to last 6 months.
2025-09-04 17:40:59,265 - INFO - Filtering samples to those collected in the last 6 months based on 'Collection date'.
2025-09-04 17:40:59,265 - INFO - Initial sample count: 31
2025-09-04 17:40:59,267 - INFO - Filtered samples to last 6 months. 0 samples remain.
2025-09-04 17:40:59,268 - WARNING - Warning: Running 'all' mode for SARS-CoV-2 may be resource-intensive due to large sample sizes. Reducing to last 6 months.
2025-09-04 17:40:59,268 - INFO - Filtering samples to those collected in the last 6 months based on 'Collection date'.
2025-09-04 17:40:59,268 - INFO - Initial sample count: 2
2025-09-04 17:40:59,270 - INFO - Filtered samples to last 6 months. 0 samples remain.
2025-09-04 17:40:59,272 - WARNING - Warning: Running 'all' mode for SARS-CoV-2 may be resource-intensive due to large sample sizes. Reducing to last 6 months.
2025-09-04 17:40:59,272 - INFO - Filtering samples to those collected in the last 6 months based on 'Collection date'.
2025-09-04 17:40:59,272 - INFO - Initial sample count: 8
2025-09-04 17:40:59,273 - INFO - Filtered samples to last 6 months. 0 samples remain.
2025-09-04 17:40:59,277 - WARNING - Warning: Running 'all' mode for SARS-CoV-2 may be resource-intensive due to large sample sizes. Reducing to last 6 months.
2025-09-04 17:40:59,277 - INFO - Filtering samples to those collected in the last 6 months based on 'Collection date'.
2025-09-04 17:40:59,277 - INFO - Initial sample count: 150
2025-09-04 17:40:59,279 - INFO - Filtered samples to last 6 months. 0 samples remain.
2025-09-04 17:40:59,282 - WARNING - Warning: Running 'all' mode for SARS-CoV-2 may be resource-intensive due to large sample sizes. Reducing to last 6 months.
2025-09-04 17:40:59,282 - INFO - Filtering samples to those collected in the last 6 months based on 'Collection date'.
2025-09-04 17:40:59,282 - INFO - Initial sample count: 72
2025-09-04 17:40:59,284 - INFO - Filtered samples to last 6 months. 63 samples remain.
2025-09-04 17:40:59,289 - INFO -   Lineage 'XFC', Mode 'all': Processing all 63 samples.
2025-09-04 17:44:38,868 - WARNING - Warning: Running 'all' mode for SARS-CoV-2 may be resource-intensive due to large sample sizes. Reducing to last 6 months.
2025-09-04 17:44:38,869 - INFO - Filtering samples to those collected in the last 6 months based on 'Collection date'.
2025-09-04 17:44:38,869 - INFO - Initial sample count: 12
2025-09-04 17:44:38,871 - INFO - Filtered samples to last 6 months. 0 samples remain.
2025-09-04 17:44:38,872 - WARNING - Warning: Running 'all' mode for SARS-CoV-2 may be resource-intensive due to large sample sizes. Reducing to last 6 months.
2025-09-04 17:44:38,873 - INFO - Filtering samples to those collected in the last 6 months based on 'Collection date'.
2025-09-04 17:44:38,873 - INFO - Initial sample count: 10
2025-09-04 17:44:38,874 - INFO - Filtered samples to last 6 months. 0 samples remain.
2025-09-04 17:44:38,876 - WARNING - Warning: Running 'all' mode for SARS-CoV-2 may be resource-intensive due to large sample sizes. Reducing to last 6 months.
2025-09-04 17:44:38,876 - INFO - Filtering samples to those collected in the last 6 months based on 'Collection date'.
2025-09-04 17:44:38,876 - INFO - Initial sample count: 4
2025-09-04 17:44:38,878 - INFO - Filtered samples to last 6 months. 3 samples remain.
2025-09-04 17:44:38,879 - INFO -   Lineage 'XFM', Mode 'all': Processing all 3 samples.
2025-09-04 17:44:48,018 - WARNING - Warning: Running 'all' mode for SARS-CoV-2 may be resource-intensive due to large sample sizes. Reducing to last 6 months.
2025-09-04 17:44:48,018 - INFO - Filtering samples to those collected in the last 6 months based on 'Collection date'.
2025-09-04 17:44:48,018 - INFO - Initial sample count: 4
2025-09-04 17:44:48,020 - INFO - Filtered samples to last 6 months. 0 samples remain.
2025-09-04 17:44:48,022 - WARNING - Warning: Running 'all' mode for SARS-CoV-2 may be resource-intensive due to large sample sizes. Reducing to last 6 months.
2025-09-04 17:44:48,022 - INFO - Filtering samples to those collected in the last 6 months based on 'Collection date'.
2025-09-04 17:44:48,022 - INFO - Initial sample count: 3
2025-09-04 17:44:48,024 - INFO - Filtered samples to last 6 months. 0 samples remain.
2025-09-04 17:44:48,026 - WARNING - Warning: Running 'all' mode for SARS-CoV-2 may be resource-intensive due to large sample sizes. Reducing to last 6 months.
2025-09-04 17:44:48,026 - INFO - Filtering samples to those collected in the last 6 months based on 'Collection date'.
2025-09-04 17:44:48,026 - INFO - Initial sample count: 5
2025-09-04 17:44:48,028 - INFO - Filtered samples to last 6 months. 0 samples remain.
2025-09-04 17:44:48,030 - WARNING - Warning: Running 'all' mode for SARS-CoV-2 may be resource-intensive due to large sample sizes. Reducing to last 6 months.
2025-09-04 17:44:48,030 - INFO - Filtering samples to those collected in the last 6 months based on 'Collection date'.
2025-09-04 17:44:48,030 - INFO - Initial sample count: 84
2025-09-04 17:44:48,032 - INFO - Filtered samples to last 6 months. 0 samples remain.
2025-09-04 17:44:48,034 - WARNING - Warning: Running 'all' mode for SARS-CoV-2 may be resource-intensive due to large sample sizes. Reducing to last 6 months.
2025-09-04 17:44:48,034 - INFO - Filtering samples to those collected in the last 6 months based on 'Collection date'.
2025-09-04 17:44:48,034 - INFO - Initial sample count: 5
2025-09-04 17:44:48,035 - INFO - Filtered samples to last 6 months. 0 samples remain.
2025-09-04 17:44:48,038 - WARNING - Warning: Running 'all' mode for SARS-CoV-2 may be resource-intensive due to large sample sizes. Reducing to last 6 months.
2025-09-04 17:44:48,038 - INFO - Filtering samples to those collected in the last 6 months based on 'Collection date'.
2025-09-04 17:44:48,038 - INFO - Initial sample count: 51
2025-09-04 17:44:48,039 - INFO - Filtered samples to last 6 months. 0 samples remain.
2025-09-04 17:44:48,043 - WARNING - Warning: Running 'all' mode for SARS-CoV-2 may be resource-intensive due to large sample sizes. Reducing to last 6 months.
2025-09-04 17:44:48,043 - INFO - Filtering samples to those collected in the last 6 months based on 'Collection date'.
2025-09-04 17:44:48,043 - INFO - Initial sample count: 190
2025-09-04 17:44:48,045 - INFO - Filtered samples to last 6 months. 0 samples remain.
2025-09-04 17:44:48,056 - WARNING - Warning: Running 'all' mode for SARS-CoV-2 may be resource-intensive due to large sample sizes. Reducing to last 6 months.
2025-09-04 17:44:48,056 - INFO - Filtering samples to those collected in the last 6 months based on 'Collection date'.
2025-09-04 17:44:48,056 - INFO - Initial sample count: 1654
2025-09-04 17:44:48,059 - INFO - Filtered samples to last 6 months. 0 samples remain.
2025-09-04 17:44:48,060 - WARNING - Warning: Running 'all' mode for SARS-CoV-2 may be resource-intensive due to large sample sizes. Reducing to last 6 months.
2025-09-04 17:44:48,060 - INFO - Filtering samples to those collected in the last 6 months based on 'Collection date'.
2025-09-04 17:44:48,060 - INFO - Initial sample count: 2
2025-09-04 17:44:48,062 - INFO - Filtered samples to last 6 months. 1 samples remain.
2025-09-04 17:44:48,063 - INFO -   Lineage 'XFA', Mode 'all': Processing all 1 samples.
2025-09-04 17:44:52,129 - WARNING - Warning: Running 'all' mode for SARS-CoV-2 may be resource-intensive due to large sample sizes. Reducing to last 6 months.
2025-09-04 17:44:52,129 - INFO - Filtering samples to those collected in the last 6 months based on 'Collection date'.
2025-09-04 17:44:52,129 - INFO - Initial sample count: 71
2025-09-04 17:44:52,131 - INFO - Filtered samples to last 6 months. 0 samples remain.
2025-09-04 17:44:52,135 - WARNING - Warning: Running 'all' mode for SARS-CoV-2 may be resource-intensive due to large sample sizes. Reducing to last 6 months.
2025-09-04 17:44:52,136 - INFO - Filtering samples to those collected in the last 6 months based on 'Collection date'.
2025-09-04 17:44:52,136 - INFO - Initial sample count: 137
2025-09-04 17:44:52,137 - INFO - Filtered samples to last 6 months. 0 samples remain.
2025-09-04 17:44:52,139 - WARNING - Warning: Running 'all' mode for SARS-CoV-2 may be resource-intensive due to large sample sizes. Reducing to last 6 months.
2025-09-04 17:44:52,139 - INFO - Filtering samples to those collected in the last 6 months based on 'Collection date'.
2025-09-04 17:44:52,139 - INFO - Initial sample count: 10
2025-09-04 17:44:52,141 - INFO - Filtered samples to last 6 months. 0 samples remain.
2025-09-04 17:44:52,143 - WARNING - Warning: Running 'all' mode for SARS-CoV-2 may be resource-intensive due to large sample sizes. Reducing to last 6 months.
2025-09-04 17:44:52,143 - INFO - Filtering samples to those collected in the last 6 months based on 'Collection date'.
2025-09-04 17:44:52,143 - INFO - Initial sample count: 28
2025-09-04 17:44:52,145 - INFO - Filtered samples to last 6 months. 1 samples remain.
2025-09-04 17:44:52,145 - INFO -   Lineage 'XEN', Mode 'all': Processing all 1 samples.
2025-09-04 17:44:52,160 - ERROR -   Error on one sample in lineage XEN: 
Traceback (most recent call last):
  File "/home/topcuoglu/openrecombinhunt/src/06_recombinhunt/run_recombinhunt.py", line 175, in run_recombinhunt_for_lineage
    assert set(nuc_change_data_list).issubset(set(experiment_environment.c2lp_df.index))
AssertionError
2025-09-04 17:44:52,162 - WARNING - Warning: Running 'all' mode for SARS-CoV-2 may be resource-intensive due to large sample sizes. Reducing to last 6 months.
2025-09-04 17:44:52,162 - INFO - Filtering samples to those collected in the last 6 months based on 'Collection date'.
2025-09-04 17:44:52,162 - INFO - Initial sample count: 35
2025-09-04 17:44:52,164 - INFO - Filtered samples to last 6 months. 0 samples remain.
2025-09-04 17:44:52,172 - WARNING - Warning: Running 'all' mode for SARS-CoV-2 may be resource-intensive due to large sample sizes. Reducing to last 6 months.
2025-09-04 17:44:52,172 - INFO - Filtering samples to those collected in the last 6 months based on 'Collection date'.
2025-09-04 17:44:52,172 - INFO - Initial sample count: 330
2025-09-04 17:44:52,176 - INFO - Filtered samples to last 6 months. 0 samples remain.
2025-09-04 17:44:52,180 - WARNING - Warning: Running 'all' mode for SARS-CoV-2 may be resource-intensive due to large sample sizes. Reducing to last 6 months.
2025-09-04 17:44:52,180 - INFO - Filtering samples to those collected in the last 6 months based on 'Collection date'.
2025-09-04 17:44:52,181 - INFO - Initial sample count: 57
2025-09-04 17:44:52,183 - INFO - Filtered samples to last 6 months. 4 samples remain.
2025-09-04 17:44:52,185 - INFO -   Lineage 'XEV', Mode 'all': Processing all 4 samples.
2025-09-04 17:45:05,679 - WARNING - Warning: Running 'all' mode for SARS-CoV-2 may be resource-intensive due to large sample sizes. Reducing to last 6 months.
2025-09-04 17:45:05,679 - INFO - Filtering samples to those collected in the last 6 months based on 'Collection date'.
2025-09-04 17:45:05,679 - INFO - Initial sample count: 11
2025-09-04 17:45:05,682 - INFO - Filtered samples to last 6 months. 0 samples remain.
2025-09-04 17:45:05,685 - WARNING - Warning: Running 'all' mode for SARS-CoV-2 may be resource-intensive due to large sample sizes. Reducing to last 6 months.
2025-09-04 17:45:05,685 - INFO - Filtering samples to those collected in the last 6 months based on 'Collection date'.
2025-09-04 17:45:05,685 - INFO - Initial sample count: 63
2025-09-04 17:45:05,686 - INFO - Filtered samples to last 6 months. 0 samples remain.
2025-09-04 17:45:05,688 - WARNING - Warning: Running 'all' mode for SARS-CoV-2 may be resource-intensive due to large sample sizes. Reducing to last 6 months.
2025-09-04 17:45:05,688 - INFO - Filtering samples to those collected in the last 6 months based on 'Collection date'.
2025-09-04 17:45:05,688 - INFO - Initial sample count: 28
2025-09-04 17:45:05,690 - INFO - Filtered samples to last 6 months. 0 samples remain.
2025-09-04 17:45:05,692 - WARNING - Warning: Running 'all' mode for SARS-CoV-2 may be resource-intensive due to large sample sizes. Reducing to last 6 months.
2025-09-04 17:45:05,692 - INFO - Filtering samples to those collected in the last 6 months based on 'Collection date'.
2025-09-04 17:45:05,692 - INFO - Initial sample count: 19
2025-09-04 17:45:05,694 - INFO - Filtered samples to last 6 months. 0 samples remain.
2025-09-04 17:45:05,695 - WARNING - Warning: Running 'all' mode for SARS-CoV-2 may be resource-intensive due to large sample sizes. Reducing to last 6 months.
2025-09-04 17:45:05,695 - INFO - Filtering samples to those collected in the last 6 months based on 'Collection date'.
2025-09-04 17:45:05,696 - INFO - Initial sample count: 19
2025-09-04 17:45:05,697 - INFO - Filtered samples to last 6 months. 4 samples remain.
2025-09-04 17:45:05,698 - INFO -   Lineage 'XEW', Mode 'all': Processing all 4 samples.
2025-09-04 17:45:49,031 - WARNING - Warning: Running 'all' mode for SARS-CoV-2 may be resource-intensive due to large sample sizes. Reducing to last 6 months.
2025-09-04 17:45:49,031 - INFO - Filtering samples to those collected in the last 6 months based on 'Collection date'.
2025-09-04 17:45:49,031 - INFO - Initial sample count: 36
2025-09-04 17:45:49,034 - INFO - Filtered samples to last 6 months. 0 samples remain.
2025-09-04 17:45:49,036 - WARNING - Warning: Running 'all' mode for SARS-CoV-2 may be resource-intensive due to large sample sizes. Reducing to last 6 months.
2025-09-04 17:45:49,036 - INFO - Filtering samples to those collected in the last 6 months based on 'Collection date'.
2025-09-04 17:45:49,036 - INFO - Initial sample count: 1
2025-09-04 17:45:49,037 - INFO - Filtered samples to last 6 months. 0 samples remain.
2025-09-04 17:45:49,039 - WARNING - Warning: Running 'all' mode for SARS-CoV-2 may be resource-intensive due to large sample sizes. Reducing to last 6 months.
2025-09-04 17:45:49,039 - INFO - Filtering samples to those collected in the last 6 months based on 'Collection date'.
2025-09-04 17:45:49,039 - INFO - Initial sample count: 25
2025-09-04 17:45:49,041 - INFO - Filtered samples to last 6 months. 0 samples remain.
2025-09-04 17:45:49,044 - WARNING - Warning: Running 'all' mode for SARS-CoV-2 may be resource-intensive due to large sample sizes. Reducing to last 6 months.
2025-09-04 17:45:49,044 - INFO - Filtering samples to those collected in the last 6 months based on 'Collection date'.
2025-09-04 17:45:49,044 - INFO - Initial sample count: 40
2025-09-04 17:45:49,045 - INFO - Filtered samples to last 6 months. 0 samples remain.
2025-09-04 17:45:49,047 - WARNING - Warning: Running 'all' mode for SARS-CoV-2 may be resource-intensive due to large sample sizes. Reducing to last 6 months.
2025-09-04 17:45:49,048 - INFO - Filtering samples to those collected in the last 6 months based on 'Collection date'.
2025-09-04 17:45:49,048 - INFO - Initial sample count: 51
2025-09-04 17:45:49,050 - INFO - Filtered samples to last 6 months. 0 samples remain.
2025-09-04 17:45:49,056 - WARNING - Warning: Running 'all' mode for SARS-CoV-2 may be resource-intensive due to large sample sizes. Reducing to last 6 months.
2025-09-04 17:45:49,056 - INFO - Filtering samples to those collected in the last 6 months based on 'Collection date'.
2025-09-04 17:45:49,056 - INFO - Initial sample count: 318
2025-09-04 17:45:49,058 - INFO - Filtered samples to last 6 months. 0 samples remain.
2025-09-04 17:45:49,059 - WARNING - Warning: Running 'all' mode for SARS-CoV-2 may be resource-intensive due to large sample sizes. Reducing to last 6 months.
2025-09-04 17:45:49,060 - INFO - Filtering samples to those collected in the last 6 months based on 'Collection date'.
2025-09-04 17:45:49,060 - INFO - Initial sample count: 4
2025-09-04 17:45:49,061 - INFO - Filtered samples to last 6 months. 0 samples remain.
2025-09-04 17:45:49,063 - WARNING - Warning: Running 'all' mode for SARS-CoV-2 may be resource-intensive due to large sample sizes. Reducing to last 6 months.
2025-09-04 17:45:49,063 - INFO - Filtering samples to those collected in the last 6 months based on 'Collection date'.
2025-09-04 17:45:49,063 - INFO - Initial sample count: 8
2025-09-04 17:45:49,065 - INFO - Filtered samples to last 6 months. 0 samples remain.
2025-09-04 17:45:49,066 - WARNING - Warning: Running 'all' mode for SARS-CoV-2 may be resource-intensive due to large sample sizes. Reducing to last 6 months.
2025-09-04 17:45:49,066 - INFO - Filtering samples to those collected in the last 6 months based on 'Collection date'.
2025-09-04 17:45:49,066 - INFO - Initial sample count: 2
2025-09-04 17:45:49,068 - INFO - Filtered samples to last 6 months. 0 samples remain.
2025-09-04 17:45:49,070 - WARNING - Warning: Running 'all' mode for SARS-CoV-2 may be resource-intensive due to large sample sizes. Reducing to last 6 months.
2025-09-04 17:45:49,070 - INFO - Filtering samples to those collected in the last 6 months based on 'Collection date'.
2025-09-04 17:45:49,070 - INFO - Initial sample count: 4
2025-09-04 17:45:49,071 - INFO - Filtered samples to last 6 months. 0 samples remain.
2025-09-04 17:45:49,076 - WARNING - Warning: Running 'all' mode for SARS-CoV-2 may be resource-intensive due to large sample sizes. Reducing to last 6 months.
2025-09-04 17:45:49,076 - INFO - Filtering samples to those collected in the last 6 months based on 'Collection date'.
2025-09-04 17:45:49,076 - INFO - Initial sample count: 214
2025-09-04 17:45:49,078 - INFO - Filtered samples to last 6 months. 0 samples remain.
2025-09-04 17:45:49,080 - WARNING - Warning: Running 'all' mode for SARS-CoV-2 may be resource-intensive due to large sample sizes. Reducing to last 6 months.
2025-09-04 17:45:49,080 - INFO - Filtering samples to those collected in the last 6 months based on 'Collection date'.
2025-09-04 17:45:49,080 - INFO - Initial sample count: 17
2025-09-04 17:45:49,082 - INFO - Filtered samples to last 6 months. 2 samples remain.
2025-09-04 17:45:49,082 - INFO -   Lineage 'XEP', Mode 'all': Processing all 2 samples.
2025-09-04 17:45:55,769 - WARNING - Warning: Running 'all' mode for SARS-CoV-2 may be resource-intensive due to large sample sizes. Reducing to last 6 months.
2025-09-04 17:45:55,769 - INFO - Filtering samples to those collected in the last 6 months based on 'Collection date'.
2025-09-04 17:45:55,769 - INFO - Initial sample count: 18
2025-09-04 17:45:55,771 - INFO - Filtered samples to last 6 months. 0 samples remain.
2025-09-04 17:45:55,773 - WARNING - Warning: Running 'all' mode for SARS-CoV-2 may be resource-intensive due to large sample sizes. Reducing to last 6 months.
2025-09-04 17:45:55,773 - INFO - Filtering samples to those collected in the last 6 months based on 'Collection date'.
2025-09-04 17:45:55,773 - INFO - Initial sample count: 23
2025-09-04 17:45:55,775 - INFO - Filtered samples to last 6 months. 0 samples remain.
2025-09-04 17:45:55,776 - WARNING - Warning: Running 'all' mode for SARS-CoV-2 may be resource-intensive due to large sample sizes. Reducing to last 6 months.
2025-09-04 17:45:55,777 - INFO - Filtering samples to those collected in the last 6 months based on 'Collection date'.
2025-09-04 17:45:55,777 - INFO - Initial sample count: 3
2025-09-04 17:45:55,778 - INFO - Filtered samples to last 6 months. 0 samples remain.
2025-09-04 17:45:55,782 - WARNING - Warning: Running 'all' mode for SARS-CoV-2 may be resource-intensive due to large sample sizes. Reducing to last 6 months.
2025-09-04 17:45:55,782 - INFO - Filtering samples to those collected in the last 6 months based on 'Collection date'.
2025-09-04 17:45:55,782 - INFO - Initial sample count: 159
2025-09-04 17:45:55,784 - INFO - Filtered samples to last 6 months. 0 samples remain.
2025-09-04 17:45:55,786 - WARNING - Warning: Running 'all' mode for SARS-CoV-2 may be resource-intensive due to large sample sizes. Reducing to last 6 months.
2025-09-04 17:45:55,786 - INFO - Filtering samples to those collected in the last 6 months based on 'Collection date'.
2025-09-04 17:45:55,786 - INFO - Initial sample count: 23
2025-09-04 17:45:55,787 - INFO - Filtered samples to last 6 months. 0 samples remain.
2025-09-04 17:45:55,789 - WARNING - Warning: Running 'all' mode for SARS-CoV-2 may be resource-intensive due to large sample sizes. Reducing to last 6 months.
2025-09-04 17:45:55,789 - INFO - Filtering samples to those collected in the last 6 months based on 'Collection date'.
2025-09-04 17:45:55,789 - INFO - Initial sample count: 23
2025-09-04 17:45:55,791 - INFO - Filtered samples to last 6 months. 0 samples remain.
2025-09-04 17:45:55,793 - WARNING - Warning: Running 'all' mode for SARS-CoV-2 may be resource-intensive due to large sample sizes. Reducing to last 6 months.
2025-09-04 17:45:55,793 - INFO - Filtering samples to those collected in the last 6 months based on 'Collection date'.
2025-09-04 17:45:55,793 - INFO - Initial sample count: 18
2025-09-04 17:45:55,795 - INFO - Filtered samples to last 6 months. 0 samples remain.
2025-09-04 17:45:55,797 - WARNING - Warning: Running 'all' mode for SARS-CoV-2 may be resource-intensive due to large sample sizes. Reducing to last 6 months.
2025-09-04 17:45:55,797 - INFO - Filtering samples to those collected in the last 6 months based on 'Collection date'.
2025-09-04 17:45:55,797 - INFO - Initial sample count: 27
2025-09-04 17:45:55,798 - INFO - Filtered samples to last 6 months. 27 samples remain.
2025-09-04 17:45:55,801 - INFO -   Lineage 'XFN', Mode 'all': Processing all 27 samples.
2025-09-04 17:47:23,928 - WARNING - Warning: Running 'all' mode for SARS-CoV-2 may be resource-intensive due to large sample sizes. Reducing to last 6 months.
2025-09-04 17:47:23,929 - INFO - Filtering samples to those collected in the last 6 months based on 'Collection date'.
2025-09-04 17:47:23,929 - INFO - Initial sample count: 23
2025-09-04 17:47:23,931 - INFO - Filtered samples to last 6 months. 0 samples remain.
2025-09-04 17:47:23,933 - WARNING - Warning: Running 'all' mode for SARS-CoV-2 may be resource-intensive due to large sample sizes. Reducing to last 6 months.
2025-09-04 17:47:23,933 - INFO - Filtering samples to those collected in the last 6 months based on 'Collection date'.
2025-09-04 17:47:23,933 - INFO - Initial sample count: 29
2025-09-04 17:47:23,934 - INFO - Filtered samples to last 6 months. 0 samples remain.
2025-09-04 17:47:23,937 - WARNING - Warning: Running 'all' mode for SARS-CoV-2 may be resource-intensive due to large sample sizes. Reducing to last 6 months.
2025-09-04 17:47:23,937 - INFO - Filtering samples to those collected in the last 6 months based on 'Collection date'.
2025-09-04 17:47:23,937 - INFO - Initial sample count: 48
2025-09-04 17:47:23,939 - INFO - Filtered samples to last 6 months. 0 samples remain.
2025-09-04 17:47:23,940 - WARNING - Warning: Running 'all' mode for SARS-CoV-2 may be resource-intensive due to large sample sizes. Reducing to last 6 months.
2025-09-04 17:47:23,940 - INFO - Filtering samples to those collected in the last 6 months based on 'Collection date'.
2025-09-04 17:47:23,940 - INFO - Initial sample count: 18
2025-09-04 17:47:23,942 - INFO - Filtered samples to last 6 months. 0 samples remain.
2025-09-04 17:47:23,943 - WARNING - Warning: Running 'all' mode for SARS-CoV-2 may be resource-intensive due to large sample sizes. Reducing to last 6 months.
2025-09-04 17:47:23,944 - INFO - Filtering samples to those collected in the last 6 months based on 'Collection date'.
2025-09-04 17:47:23,944 - INFO - Initial sample count: 1
2025-09-04 17:47:23,945 - INFO - Filtered samples to last 6 months. 0 samples remain.
2025-09-04 17:47:23,949 - WARNING - Warning: Running 'all' mode for SARS-CoV-2 may be resource-intensive due to large sample sizes. Reducing to last 6 months.
2025-09-04 17:47:23,949 - INFO - Filtering samples to those collected in the last 6 months based on 'Collection date'.
2025-09-04 17:47:23,949 - INFO - Initial sample count: 170
2025-09-04 17:47:23,951 - INFO - Filtered samples to last 6 months. 0 samples remain.
2025-09-04 17:47:23,953 - WARNING - Warning: Running 'all' mode for SARS-CoV-2 may be resource-intensive due to large sample sizes. Reducing to last 6 months.
2025-09-04 17:47:23,953 - INFO - Filtering samples to those collected in the last 6 months based on 'Collection date'.
2025-09-04 17:47:23,953 - INFO - Initial sample count: 18
2025-09-04 17:47:23,955 - INFO - Filtered samples to last 6 months. 0 samples remain.
2025-09-04 17:47:23,956 - WARNING - Warning: Running 'all' mode for SARS-CoV-2 may be resource-intensive due to large sample sizes. Reducing to last 6 months.
2025-09-04 17:47:23,956 - INFO - Filtering samples to those collected in the last 6 months based on 'Collection date'.
2025-09-04 17:47:23,956 - INFO - Initial sample count: 19
2025-09-04 17:47:23,958 - INFO - Filtered samples to last 6 months. 0 samples remain.
2025-09-04 17:47:23,963 - WARNING - Warning: Running 'all' mode for SARS-CoV-2 may be resource-intensive due to large sample sizes. Reducing to last 6 months.
2025-09-04 17:47:23,963 - INFO - Filtering samples to those collected in the last 6 months based on 'Collection date'.
2025-09-04 17:47:23,963 - INFO - Initial sample count: 220
2025-09-04 17:47:23,964 - INFO - Filtered samples to last 6 months. 0 samples remain.
2025-09-04 17:47:23,969 - WARNING - Warning: Running 'all' mode for SARS-CoV-2 may be resource-intensive due to large sample sizes. Reducing to last 6 months.
2025-09-04 17:47:23,970 - INFO - Filtering samples to those collected in the last 6 months based on 'Collection date'.
2025-09-04 17:47:23,970 - INFO - Initial sample count: 770
2025-09-04 17:47:23,972 - INFO - Filtered samples to last 6 months. 0 samples remain.
2025-09-04 17:47:23,997 - INFO - Recombinant summary saved to: results/recombinhunt_output/sars-cov-2/dist0size0/all/recombinant_summary.tsv
2025-09-04 17:47:24,029 - INFO - Saved extensive summary table to: results/recombinhunt_output/sars-cov-2/dist0size0/all/recombinant_summary_extensive.tsv
2025-09-04 17:47:24,029 - INFO - Text report saved to: results/recombinhunt_output/sars-cov-2/dist0size0/all/experiment-output.all.txt
2025-09-04 17:47:24,029 - INFO - HTML report saved to: results/recombinhunt_output/sars-cov-2/dist0size0/all/experiment-detail.all.html
2025-09-04 17:47:24,042 - INFO - RecombinHunt experiment step finished successfully with given config and run mode.
2025-09-04 17:47:24,042 - INFO - For sars-cov-2, it's recommended to run the CONSENSUS mode next for a comprehensive analysis.
2025-09-04 17:47:24,042 - INFO - Now running the CONSENSUS mode as a follow-up step.
2025-09-04 17:47:24,042 - INFO - --- Starting Step 6: Run RecombinHunt for 'sars-cov-2' ---
2025-09-04 17:47:24,042 - INFO - Loading RecombinHunt environment from: environments/sars-cov-2/dist0size0
2025-09-04 17:47:39,223 - INFO - Loading lineage totals from 'samples/sars-cov-2/dist0size0/samples_total.json'
2025-09-04 17:47:39,224 - INFO - Found 132 sample files in 'samples/sars-cov-2/dist0size0'.
2025-09-04 17:47:39,227 - INFO - get rid of the collection_date column for all rows - SARS-CoV-2 specific handling.
2025-09-04 17:47:39,228 - INFO -   Lineage 'XCJ', Mode 'consensus': Processing 1 consensus sequence.
2025-09-04 17:47:43,259 - INFO - get rid of the collection_date column for all rows - SARS-CoV-2 specific handling.
2025-09-04 17:47:43,289 - INFO -   Lineage 'XG', Mode 'consensus': Processing 1 consensus sequence.
2025-09-04 17:47:46,589 - INFO - get rid of the collection_date column for all rows - SARS-CoV-2 specific handling.
2025-09-04 17:47:46,607 - INFO -   Lineage 'XM', Mode 'consensus': Processing 1 consensus sequence.
2025-09-04 17:47:49,723 - INFO - get rid of the collection_date column for all rows - SARS-CoV-2 specific handling.
2025-09-04 17:47:49,723 - INFO -   Lineage 'XAT', Mode 'consensus': Processing 1 consensus sequence.
2025-09-04 17:47:53,538 - INFO - get rid of the collection_date column for all rows - SARS-CoV-2 specific handling.
2025-09-04 17:47:53,539 - INFO -   Lineage 'XDV', Mode 'consensus': Processing 1 consensus sequence.
2025-09-04 17:47:56,248 - INFO - get rid of the collection_date column for all rows - SARS-CoV-2 specific handling.
2025-09-04 17:47:56,254 - INFO -   Lineage 'XCV', Mode 'consensus': Processing 1 consensus sequence.
2025-09-04 17:47:59,459 - INFO - get rid of the collection_date column for all rows - SARS-CoV-2 specific handling.
2025-09-04 17:47:59,466 - INFO -   Lineage 'XCL', Mode 'consensus': Processing 1 consensus sequence.
2025-09-04 17:48:03,478 - INFO - get rid of the collection_date column for all rows - SARS-CoV-2 specific handling.
2025-09-04 17:48:03,480 - INFO -   Lineage 'XD', Mode 'consensus': Processing 1 consensus sequence.
2025-09-04 17:48:07,357 - INFO - get rid of the collection_date column for all rows - SARS-CoV-2 specific handling.
2025-09-04 17:48:07,361 - INFO -   Lineage 'XS', Mode 'consensus': Processing 1 consensus sequence.
2025-09-04 17:48:10,507 - INFO - get rid of the collection_date column for all rows - SARS-CoV-2 specific handling.
2025-09-04 17:48:10,514 - INFO -   Lineage 'XAM', Mode 'consensus': Processing 1 consensus sequence.
2025-09-04 17:48:13,579 - INFO - get rid of the collection_date column for all rows - SARS-CoV-2 specific handling.
2025-09-04 17:48:13,581 - INFO -   Lineage 'XFP', Mode 'consensus': Processing 1 consensus sequence.
2025-09-04 17:48:17,507 - INFO - get rid of the collection_date column for all rows - SARS-CoV-2 specific handling.
2025-09-04 17:48:17,510 - INFO -   Lineage 'XAF', Mode 'consensus': Processing 1 consensus sequence.
2025-09-04 17:48:20,652 - INFO - get rid of the collection_date column for all rows - SARS-CoV-2 specific handling.
2025-09-04 17:48:20,653 - INFO -   Lineage 'XEJ', Mode 'consensus': Processing 1 consensus sequence.
2025-09-04 17:48:23,365 - INFO - get rid of the collection_date column for all rows - SARS-CoV-2 specific handling.
2025-09-04 17:48:23,368 - INFO -   Lineage 'XF', Mode 'consensus': Processing 1 consensus sequence.
2025-09-04 17:48:26,533 - INFO - get rid of the collection_date column for all rows - SARS-CoV-2 specific handling.
2025-09-04 17:48:26,537 - INFO -   Lineage 'XAC', Mode 'consensus': Processing 1 consensus sequence.
2025-09-04 17:48:30,341 - INFO - get rid of the collection_date column for all rows - SARS-CoV-2 specific handling.
2025-09-04 17:48:30,357 - INFO -   Lineage 'XDK', Mode 'consensus': Processing 1 consensus sequence.
2025-09-04 17:48:33,541 - INFO - get rid of the collection_date column for all rows - SARS-CoV-2 specific handling.
2025-09-04 17:48:33,542 - INFO -   Lineage 'XDH', Mode 'consensus': Processing 1 consensus sequence.
2025-09-04 17:48:36,764 - INFO - get rid of the collection_date column for all rows - SARS-CoV-2 specific handling.
2025-09-04 17:48:36,769 - INFO -   Lineage 'XAP', Mode 'consensus': Processing 1 consensus sequence.
2025-09-04 17:48:40,552 - INFO - get rid of the collection_date column for all rows - SARS-CoV-2 specific handling.
2025-09-04 17:48:40,556 - INFO -   Lineage 'XEE', Mode 'consensus': Processing 1 consensus sequence.
2025-09-04 17:48:43,324 - INFO - get rid of the collection_date column for all rows - SARS-CoV-2 specific handling.
2025-09-04 17:48:43,330 - INFO -   Lineage 'XAL', Mode 'consensus': Processing 1 consensus sequence.
2025-09-04 17:48:46,450 - INFO - get rid of the collection_date column for all rows - SARS-CoV-2 specific handling.
2025-09-04 17:48:46,453 - INFO -   Lineage 'XAG', Mode 'consensus': Processing 1 consensus sequence.
2025-09-04 17:48:49,701 - INFO - get rid of the collection_date column for all rows - SARS-CoV-2 specific handling.
2025-09-04 17:48:49,703 - INFO -   Lineage 'XCQ', Mode 'consensus': Processing 1 consensus sequence.
2025-09-04 17:48:52,873 - INFO - get rid of the collection_date column for all rows - SARS-CoV-2 specific handling.
2025-09-04 17:48:52,881 - INFO -   Lineage 'XL', Mode 'consensus': Processing 1 consensus sequence.
2025-09-04 17:48:56,050 - INFO - get rid of the collection_date column for all rows - SARS-CoV-2 specific handling.
2025-09-04 17:48:56,056 - INFO -   Lineage 'XBG', Mode 'consensus': Processing 1 consensus sequence.
2025-09-04 17:48:59,978 - INFO - get rid of the collection_date column for all rows - SARS-CoV-2 specific handling.
2025-09-04 17:49:00,001 - INFO -   Lineage 'XDY', Mode 'consensus': Processing 1 consensus sequence.
2025-09-04 17:49:02,702 - INFO - get rid of the collection_date column for all rows - SARS-CoV-2 specific handling.
2025-09-04 17:49:02,707 - INFO -   Lineage 'XBT', Mode 'consensus': Processing 1 consensus sequence.
2025-09-04 17:49:06,662 - INFO - get rid of the collection_date column for all rows - SARS-CoV-2 specific handling.
2025-09-04 17:49:06,662 - INFO -   Lineage 'XFK', Mode 'consensus': Processing 1 consensus sequence.
2025-09-04 17:49:09,407 - INFO - get rid of the collection_date column for all rows - SARS-CoV-2 specific handling.
2025-09-04 17:49:09,452 - INFO -   Lineage 'XAZ', Mode 'consensus': Processing 1 consensus sequence.
2025-09-04 17:49:12,628 - INFO - get rid of the collection_date column for all rows - SARS-CoV-2 specific handling.
2025-09-04 17:49:12,629 - INFO -   Lineage 'XCU', Mode 'consensus': Processing 1 consensus sequence.
2025-09-04 17:49:16,703 - INFO - get rid of the collection_date column for all rows - SARS-CoV-2 specific handling.
2025-09-04 17:49:16,705 - INFO -   Lineage 'XBH', Mode 'consensus': Processing 1 consensus sequence.
2025-09-04 17:49:20,572 - INFO - get rid of the collection_date column for all rows - SARS-CoV-2 specific handling.
2025-09-04 17:49:20,577 - INFO -   Lineage 'XAJ', Mode 'consensus': Processing 1 consensus sequence.
2025-09-04 17:49:23,382 - INFO - get rid of the collection_date column for all rows - SARS-CoV-2 specific handling.
2025-09-04 17:49:23,441 - INFO -   Lineage 'XBF', Mode 'consensus': Processing 1 consensus sequence.
2025-09-04 17:49:31,218 - INFO - get rid of the collection_date column for all rows - SARS-CoV-2 specific handling.
2025-09-04 17:49:31,221 - INFO -   Lineage 'XCA', Mode 'consensus': Processing 1 consensus sequence.
2025-09-04 17:49:35,171 - INFO - get rid of the collection_date column for all rows - SARS-CoV-2 specific handling.
2025-09-04 17:49:35,187 - INFO -   Lineage 'XBE', Mode 'consensus': Processing 1 consensus sequence.
2025-09-04 17:49:39,024 - INFO - get rid of the collection_date column for all rows - SARS-CoV-2 specific handling.
2025-09-04 17:49:39,025 - INFO -   Lineage 'XCS', Mode 'consensus': Processing 1 consensus sequence.
2025-09-04 17:49:42,178 - INFO - get rid of the collection_date column for all rows - SARS-CoV-2 specific handling.
2025-09-04 17:49:42,183 - INFO -   Lineage 'XAA', Mode 'consensus': Processing 1 consensus sequence.
2025-09-04 17:49:45,353 - INFO - get rid of the collection_date column for all rows - SARS-CoV-2 specific handling.
2025-09-04 17:49:45,355 - INFO -   Lineage 'XEB', Mode 'consensus': Processing 1 consensus sequence.
2025-09-04 17:49:48,927 - INFO - get rid of the collection_date column for all rows - SARS-CoV-2 specific handling.
2025-09-04 17:49:48,930 - INFO -   Lineage 'XV', Mode 'consensus': Processing 1 consensus sequence.
2025-09-04 17:49:52,071 - INFO - get rid of the collection_date column for all rows - SARS-CoV-2 specific handling.
2025-09-04 17:49:52,073 - INFO -   Lineage 'XCZ', Mode 'consensus': Processing 1 consensus sequence.
2025-09-04 17:49:56,104 - INFO - get rid of the collection_date column for all rows - SARS-CoV-2 specific handling.
2025-09-04 17:49:56,107 - INFO -   Lineage 'XBL', Mode 'consensus': Processing 1 consensus sequence.
2025-09-04 17:49:58,778 - INFO - get rid of the collection_date column for all rows - SARS-CoV-2 specific handling.
2025-09-04 17:49:58,778 - INFO -   Lineage 'XDF', Mode 'consensus': Processing 1 consensus sequence.
2025-09-04 17:50:01,977 - INFO - get rid of the collection_date column for all rows - SARS-CoV-2 specific handling.
2025-09-04 17:50:01,978 - INFO -   Lineage 'XER', Mode 'consensus': Processing 1 consensus sequence.
2025-09-04 17:50:04,697 - INFO - get rid of the collection_date column for all rows - SARS-CoV-2 specific handling.
2025-09-04 17:50:04,699 - INFO -   Lineage 'XDQ', Mode 'consensus': Processing 1 consensus sequence.
2025-09-04 17:50:07,472 - INFO - get rid of the collection_date column for all rows - SARS-CoV-2 specific handling.
2025-09-04 17:50:07,491 - INFO -   Lineage 'XAS', Mode 'consensus': Processing 1 consensus sequence.
2025-09-04 17:50:11,289 - INFO - get rid of the collection_date column for all rows - SARS-CoV-2 specific handling.
2025-09-04 17:50:11,294 - INFO -   Lineage 'XCF', Mode 'consensus': Processing 1 consensus sequence.
2025-09-04 17:50:14,028 - INFO - get rid of the collection_date column for all rows - SARS-CoV-2 specific handling.
2025-09-04 17:50:14,031 - INFO -   Lineage 'XFJ', Mode 'consensus': Processing 1 consensus sequence.
2025-09-04 17:50:16,795 - INFO - get rid of the collection_date column for all rows - SARS-CoV-2 specific handling.
2025-09-04 17:50:16,810 - INFO -   Lineage 'XDN', Mode 'consensus': Processing 1 consensus sequence.
2025-09-04 17:50:19,991 - INFO - get rid of the collection_date column for all rows - SARS-CoV-2 specific handling.
2025-09-04 17:50:19,997 - INFO -   Lineage 'XAK', Mode 'consensus': Processing 1 consensus sequence.
2025-09-04 17:50:24,041 - INFO - get rid of the collection_date column for all rows - SARS-CoV-2 specific handling.
2025-09-04 17:50:24,048 - INFO -   Lineage 'XW', Mode 'consensus': Processing 1 consensus sequence.
2025-09-04 17:50:27,156 - INFO - get rid of the collection_date column for all rows - SARS-CoV-2 specific handling.
2025-09-04 17:50:27,158 - INFO -   Lineage 'XBN', Mode 'consensus': Processing 1 consensus sequence.
2025-09-04 17:50:30,368 - INFO - get rid of the collection_date column for all rows - SARS-CoV-2 specific handling.
2025-09-04 17:50:30,373 - INFO -   Lineage 'XP', Mode 'consensus': Processing 1 consensus sequence.
2025-09-04 17:50:33,078 - INFO - get rid of the collection_date column for all rows - SARS-CoV-2 specific handling.
2025-09-04 17:50:33,084 - INFO -   Lineage 'XES', Mode 'consensus': Processing 1 consensus sequence.
2025-09-04 17:50:36,936 - INFO - get rid of the collection_date column for all rows - SARS-CoV-2 specific handling.
2025-09-04 17:50:36,944 - INFO -   Lineage 'XCP', Mode 'consensus': Processing 1 consensus sequence.
2025-09-04 17:50:40,830 - INFO - get rid of the collection_date column for all rows - SARS-CoV-2 specific handling.
2025-09-04 17:50:40,831 - INFO -   Lineage 'XAU', Mode 'consensus': Processing 1 consensus sequence.
2025-09-04 17:50:43,976 - INFO - get rid of the collection_date column for all rows - SARS-CoV-2 specific handling.
2025-09-04 17:50:44,004 - INFO -   Lineage 'XEQ', Mode 'consensus': Processing 1 consensus sequence.
2025-09-04 17:50:46,792 - INFO - get rid of the collection_date column for all rows - SARS-CoV-2 specific handling.
2025-09-04 17:50:46,794 - INFO -   Lineage 'XBV', Mode 'consensus': Processing 1 consensus sequence.
2025-09-04 17:50:50,652 - INFO - get rid of the collection_date column for all rows - SARS-CoV-2 specific handling.
2025-09-04 17:50:50,659 - INFO -   Lineage 'XCM', Mode 'consensus': Processing 1 consensus sequence.
2025-09-04 17:50:53,886 - INFO - get rid of the collection_date column for all rows - SARS-CoV-2 specific handling.
2025-09-04 17:50:53,944 - INFO -   Lineage 'XFG', Mode 'consensus': Processing 1 consensus sequence.
2025-09-04 17:50:56,724 - INFO - get rid of the collection_date column for all rows - SARS-CoV-2 specific handling.
2025-09-04 17:50:56,725 - INFO -   Lineage 'XEG', Mode 'consensus': Processing 1 consensus sequence.
2025-09-04 17:51:00,644 - INFO - get rid of the collection_date column for all rows - SARS-CoV-2 specific handling.
2025-09-04 17:51:00,648 - INFO -   Lineage 'XEL', Mode 'consensus': Processing 1 consensus sequence.
2025-09-04 17:51:03,411 - INFO - get rid of the collection_date column for all rows - SARS-CoV-2 specific handling.
2025-09-04 17:51:03,420 - INFO -   Lineage 'XBD', Mode 'consensus': Processing 1 consensus sequence.
2025-09-04 17:51:07,236 - INFO - get rid of the collection_date column for all rows - SARS-CoV-2 specific handling.
2025-09-04 17:51:07,237 - INFO -   Lineage 'XFH', Mode 'consensus': Processing 1 consensus sequence.
2025-09-04 17:51:10,011 - INFO - get rid of the collection_date column for all rows - SARS-CoV-2 specific handling.
2025-09-04 17:51:10,041 - INFO -   Lineage 'XEK', Mode 'consensus': Processing 1 consensus sequence.
2025-09-04 17:51:12,756 - INFO - get rid of the collection_date column for all rows - SARS-CoV-2 specific handling.
2025-09-04 17:51:12,758 - INFO -   Lineage 'XCK', Mode 'consensus': Processing 1 consensus sequence.
2025-09-04 17:51:15,951 - INFO - get rid of the collection_date column for all rows - SARS-CoV-2 specific handling.
2025-09-04 17:51:15,959 - INFO -   Lineage 'XQ', Mode 'consensus': Processing 1 consensus sequence.
2025-09-04 17:51:19,173 - INFO - get rid of the collection_date column for all rows - SARS-CoV-2 specific handling.
2025-09-04 17:51:19,177 - INFO -   Lineage 'XDL', Mode 'consensus': Processing 1 consensus sequence.
2025-09-04 17:51:22,396 - INFO - get rid of the collection_date column for all rows - SARS-CoV-2 specific handling.
2025-09-04 17:51:22,403 - INFO -   Lineage 'XAB', Mode 'consensus': Processing 1 consensus sequence.
2025-09-04 17:51:25,574 - INFO - get rid of the collection_date column for all rows - SARS-CoV-2 specific handling.
2025-09-04 17:51:25,584 - INFO -   Lineage 'XH', Mode 'consensus': Processing 1 consensus sequence.
2025-09-04 17:51:28,673 - INFO - get rid of the collection_date column for all rows - SARS-CoV-2 specific handling.
2025-09-04 17:51:28,680 - INFO -   Lineage 'XBM', Mode 'consensus': Processing 1 consensus sequence.
2025-09-04 17:51:32,690 - INFO - get rid of the collection_date column for all rows - SARS-CoV-2 specific handling.
2025-09-04 17:51:32,690 - INFO -   Lineage 'XFL', Mode 'consensus': Processing 1 consensus sequence.
2025-09-04 17:51:32,706 - ERROR -   Error on one sample in lineage XFL: 
Traceback (most recent call last):
  File "/home/topcuoglu/openrecombinhunt/src/06_recombinhunt/run_recombinhunt.py", line 175, in run_recombinhunt_for_lineage
    assert set(nuc_change_data_list).issubset(set(experiment_environment.c2lp_df.index))
AssertionError
2025-09-04 17:51:32,708 - INFO - get rid of the collection_date column for all rows - SARS-CoV-2 specific handling.
2025-09-04 17:51:32,709 - INFO -   Lineage 'XFB', Mode 'consensus': Processing 1 consensus sequence.
2025-09-04 17:51:35,544 - INFO - get rid of the collection_date column for all rows - SARS-CoV-2 specific handling.
2025-09-04 17:51:36,195 - INFO -   Lineage 'XEC', Mode 'consensus': Processing 1 consensus sequence.
2025-09-04 17:51:38,879 - INFO - get rid of the collection_date column for all rows - SARS-CoV-2 specific handling.
2025-09-04 17:51:38,882 - INFO -   Lineage 'XA', Mode 'consensus': Processing 1 consensus sequence.
2025-09-04 17:51:42,044 - INFO - get rid of the collection_date column for all rows - SARS-CoV-2 specific handling.
2025-09-04 17:51:42,047 - INFO -   Lineage 'XCT', Mode 'consensus': Processing 1 consensus sequence.
2025-09-04 17:51:44,757 - INFO - get rid of the collection_date column for all rows - SARS-CoV-2 specific handling.
2025-09-04 17:51:44,758 - INFO -   Lineage 'XU', Mode 'consensus': Processing 1 consensus sequence.
2025-09-04 17:51:47,900 - INFO - get rid of the collection_date column for all rows - SARS-CoV-2 specific handling.
2025-09-04 17:51:47,901 - INFO -   Lineage 'XBU', Mode 'consensus': Processing 1 consensus sequence.
2025-09-04 17:51:51,774 - INFO - get rid of the collection_date column for all rows - SARS-CoV-2 specific handling.
2025-09-04 17:51:51,789 - INFO -   Lineage 'XBZ', Mode 'consensus': Processing 1 consensus sequence.
2025-09-04 17:51:54,935 - INFO - get rid of the collection_date column for all rows - SARS-CoV-2 specific handling.
2025-09-04 17:51:54,948 - INFO -   Lineage 'XFC', Mode 'consensus': Processing 1 consensus sequence.
2025-09-04 17:51:57,728 - INFO - get rid of the collection_date column for all rows - SARS-CoV-2 specific handling.
2025-09-04 17:51:57,730 - INFO -   Lineage 'XCC', Mode 'consensus': Processing 1 consensus sequence.
2025-09-04 17:52:00,865 - INFO - get rid of the collection_date column for all rows - SARS-CoV-2 specific handling.
2025-09-04 17:52:00,866 - INFO -   Lineage 'XDG', Mode 'consensus': Processing 1 consensus sequence.
2025-09-04 17:52:04,066 - INFO - get rid of the collection_date column for all rows - SARS-CoV-2 specific handling.
2025-09-04 17:52:04,067 - INFO -   Lineage 'XFM', Mode 'consensus': Processing 1 consensus sequence.
2025-09-04 17:52:06,801 - INFO - get rid of the collection_date column for all rows - SARS-CoV-2 specific handling.
2025-09-04 17:52:06,802 - INFO -   Lineage 'XCE', Mode 'consensus': Processing 1 consensus sequence.
2025-09-04 17:52:10,013 - INFO - get rid of the collection_date column for all rows - SARS-CoV-2 specific handling.
2025-09-04 17:52:10,014 - INFO -   Lineage 'XDC', Mode 'consensus': Processing 1 consensus sequence.
2025-09-04 17:52:13,225 - INFO - get rid of the collection_date column for all rows - SARS-CoV-2 specific handling.
2025-09-04 17:52:13,226 - INFO -   Lineage 'XCY', Mode 'consensus': Processing 1 consensus sequence.
2025-09-04 17:52:17,124 - INFO - get rid of the collection_date column for all rows - SARS-CoV-2 specific handling.
2025-09-04 17:52:17,132 - INFO -   Lineage 'XR', Mode 'consensus': Processing 1 consensus sequence.
2025-09-04 17:52:20,305 - INFO - get rid of the collection_date column for all rows - SARS-CoV-2 specific handling.
2025-09-04 17:52:20,306 - INFO -   Lineage 'XAH', Mode 'consensus': Processing 1 consensus sequence.
2025-09-04 17:52:24,075 - INFO - get rid of the collection_date column for all rows - SARS-CoV-2 specific handling.
2025-09-04 17:52:24,081 - INFO -   Lineage 'XCW', Mode 'consensus': Processing 1 consensus sequence.
2025-09-04 17:52:27,278 - INFO - get rid of the collection_date column for all rows - SARS-CoV-2 specific handling.
2025-09-04 17:52:27,296 - INFO -   Lineage 'XN', Mode 'consensus': Processing 1 consensus sequence.
2025-09-04 17:52:30,019 - INFO - get rid of the collection_date column for all rows - SARS-CoV-2 specific handling.
2025-09-04 17:52:30,171 - INFO -   Lineage 'XE', Mode 'consensus': Processing 1 consensus sequence.
2025-09-04 17:52:33,218 - INFO - get rid of the collection_date column for all rows - SARS-CoV-2 specific handling.
2025-09-04 17:52:33,219 - INFO -   Lineage 'XFA', Mode 'consensus': Processing 1 consensus sequence.
2025-09-04 17:52:37,193 - INFO - get rid of the collection_date column for all rows - SARS-CoV-2 specific handling.
2025-09-04 17:52:37,200 - INFO -   Lineage 'XZ', Mode 'consensus': Processing 1 consensus sequence.
2025-09-04 17:52:40,990 - INFO - get rid of the collection_date column for all rows - SARS-CoV-2 specific handling.
2025-09-04 17:52:41,003 - INFO -   Lineage 'XBK', Mode 'consensus': Processing 1 consensus sequence.
2025-09-04 17:52:43,719 - INFO - get rid of the collection_date column for all rows - SARS-CoV-2 specific handling.
2025-09-04 17:52:43,720 - INFO -   Lineage 'XDE', Mode 'consensus': Processing 1 consensus sequence.
2025-09-04 17:52:46,900 - INFO - get rid of the collection_date column for all rows - SARS-CoV-2 specific handling.
2025-09-04 17:52:46,904 - INFO -   Lineage 'XEN', Mode 'consensus': Processing 1 consensus sequence.
2025-09-04 17:52:49,604 - INFO - get rid of the collection_date column for all rows - SARS-CoV-2 specific handling.
2025-09-04 17:52:49,608 - INFO -   Lineage 'XDS', Mode 'consensus': Processing 1 consensus sequence.
2025-09-04 17:52:52,803 - INFO - get rid of the collection_date column for all rows - SARS-CoV-2 specific handling.
2025-09-04 17:52:52,835 - INFO -   Lineage 'XDA', Mode 'consensus': Processing 1 consensus sequence.
2025-09-04 17:52:55,522 - INFO - get rid of the collection_date column for all rows - SARS-CoV-2 specific handling.
2025-09-04 17:52:55,528 - INFO -   Lineage 'XEV', Mode 'consensus': Processing 1 consensus sequence.
2025-09-04 17:52:59,294 - INFO - get rid of the collection_date column for all rows - SARS-CoV-2 specific handling.
2025-09-04 17:52:59,296 - INFO -   Lineage 'XBR', Mode 'consensus': Processing 1 consensus sequence.
2025-09-04 17:53:03,240 - INFO - get rid of the collection_date column for all rows - SARS-CoV-2 specific handling.
2025-09-04 17:53:03,246 - INFO -   Lineage 'XY', Mode 'consensus': Processing 1 consensus sequence.
2025-09-04 17:53:06,354 - INFO - get rid of the collection_date column for all rows - SARS-CoV-2 specific handling.
2025-09-04 17:53:06,357 - INFO -   Lineage 'XAD', Mode 'consensus': Processing 1 consensus sequence.
2025-09-04 17:53:10,190 - INFO - get rid of the collection_date column for all rows - SARS-CoV-2 specific handling.
2025-09-04 17:53:10,193 - INFO -   Lineage 'XEU', Mode 'consensus': Processing 1 consensus sequence.
2025-09-04 17:53:14,014 - INFO - get rid of the collection_date column for all rows - SARS-CoV-2 specific handling.
2025-09-04 17:53:14,017 - INFO -   Lineage 'XEW', Mode 'consensus': Processing 1 consensus sequence.
2025-09-04 17:53:16,767 - INFO - get rid of the collection_date column for all rows - SARS-CoV-2 specific handling.
2025-09-04 17:53:16,770 - INFO -   Lineage 'XBQ', Mode 'consensus': Processing 1 consensus sequence.
2025-09-04 17:53:19,900 - INFO - get rid of the collection_date column for all rows - SARS-CoV-2 specific handling.
2025-09-04 17:53:19,901 - INFO -   Lineage 'XAY', Mode 'consensus': Processing 1 consensus sequence.
2025-09-04 17:53:23,125 - INFO - get rid of the collection_date column for all rows - SARS-CoV-2 specific handling.
2025-09-04 17:53:23,128 - INFO -   Lineage 'XAV', Mode 'consensus': Processing 1 consensus sequence.
2025-09-04 17:53:25,867 - INFO - get rid of the collection_date column for all rows - SARS-CoV-2 specific handling.
2025-09-04 17:53:25,872 - INFO -   Lineage 'XEH', Mode 'consensus': Processing 1 consensus sequence.
2025-09-04 17:53:28,567 - INFO - get rid of the collection_date column for all rows - SARS-CoV-2 specific handling.
2025-09-04 17:53:28,572 - INFO -   Lineage 'XAN', Mode 'consensus': Processing 1 consensus sequence.
2025-09-04 17:53:31,825 - INFO - get rid of the collection_date column for all rows - SARS-CoV-2 specific handling.
2025-09-04 17:53:31,855 - INFO -   Lineage 'XBB', Mode 'consensus': Processing 1 consensus sequence.
2025-09-04 17:53:34,529 - INFO - get rid of the collection_date column for all rows - SARS-CoV-2 specific handling.
2025-09-04 17:53:34,530 - INFO -   Lineage 'XET', Mode 'consensus': Processing 1 consensus sequence.
2025-09-04 17:53:37,285 - INFO - get rid of the collection_date column for all rows - SARS-CoV-2 specific handling.
2025-09-04 17:53:37,287 - INFO -   Lineage 'XBJ', Mode 'consensus': Processing 1 consensus sequence.
2025-09-04 17:53:39,954 - INFO - get rid of the collection_date column for all rows - SARS-CoV-2 specific handling.
2025-09-04 17:53:39,954 - INFO -   Lineage 'XEY', Mode 'consensus': Processing 1 consensus sequence.
2025-09-04 17:53:43,694 - INFO - get rid of the collection_date column for all rows - SARS-CoV-2 specific handling.
2025-09-04 17:53:43,695 - INFO -   Lineage 'XEM', Mode 'consensus': Processing 1 consensus sequence.
2025-09-04 17:53:46,449 - INFO - get rid of the collection_date column for all rows - SARS-CoV-2 specific handling.
2025-09-04 17:53:46,471 - INFO -   Lineage 'XDD', Mode 'consensus': Processing 1 consensus sequence.
2025-09-04 17:53:49,144 - INFO - get rid of the collection_date column for all rows - SARS-CoV-2 specific handling.
2025-09-04 17:53:49,146 - INFO -   Lineage 'XEP', Mode 'consensus': Processing 1 consensus sequence.
2025-09-04 17:53:51,905 - INFO - get rid of the collection_date column for all rows - SARS-CoV-2 specific handling.
2025-09-04 17:53:51,908 - INFO -   Lineage 'XBS', Mode 'consensus': Processing 1 consensus sequence.
2025-09-04 17:53:55,004 - INFO - get rid of the collection_date column for all rows - SARS-CoV-2 specific handling.
2025-09-04 17:53:55,007 - INFO -   Lineage 'XBW', Mode 'consensus': Processing 1 consensus sequence.
2025-09-04 17:53:58,823 - INFO - get rid of the collection_date column for all rows - SARS-CoV-2 specific handling.
2025-09-04 17:53:58,824 - INFO -   Lineage 'XJ', Mode 'consensus': Processing 1 consensus sequence.
2025-09-04 17:54:01,948 - INFO - get rid of the collection_date column for all rows - SARS-CoV-2 specific handling.
2025-09-04 17:54:01,964 - INFO -   Lineage 'XCH', Mode 'consensus': Processing 1 consensus sequence.
2025-09-04 17:54:04,636 - INFO - get rid of the collection_date column for all rows - SARS-CoV-2 specific handling.
2025-09-04 17:54:04,638 - INFO -   Lineage 'XDB', Mode 'consensus': Processing 1 consensus sequence.
2025-09-04 17:54:08,055 - INFO - get rid of the collection_date column for all rows - SARS-CoV-2 specific handling.
2025-09-04 17:54:08,058 - INFO -   Lineage 'XED', Mode 'consensus': Processing 1 consensus sequence.
2025-09-04 17:54:10,741 - INFO - get rid of the collection_date column for all rows - SARS-CoV-2 specific handling.
2025-09-04 17:54:10,744 - INFO -   Lineage 'XDT', Mode 'consensus': Processing 1 consensus sequence.
2025-09-04 17:54:13,926 - INFO - get rid of the collection_date column for all rows - SARS-CoV-2 specific handling.
2025-09-04 17:54:13,930 - INFO -   Lineage 'XFN', Mode 'consensus': Processing 1 consensus sequence.
2025-09-04 17:54:17,081 - INFO - get rid of the collection_date column for all rows - SARS-CoV-2 specific handling.
2025-09-04 17:54:17,084 - INFO -   Lineage 'XDR', Mode 'consensus': Processing 1 consensus sequence.
2025-09-04 17:54:20,247 - INFO - get rid of the collection_date column for all rows - SARS-CoV-2 specific handling.
2025-09-04 17:54:20,250 - INFO -   Lineage 'XBP', Mode 'consensus': Processing 1 consensus sequence.
2025-09-04 17:54:23,433 - INFO - get rid of the collection_date column for all rows - SARS-CoV-2 specific handling.
2025-09-04 17:54:23,439 - INFO -   Lineage 'XEF', Mode 'consensus': Processing 1 consensus sequence.
2025-09-04 17:54:26,156 - INFO - get rid of the collection_date column for all rows - SARS-CoV-2 specific handling.
2025-09-04 17:54:26,158 - INFO -   Lineage 'XAE', Mode 'consensus': Processing 1 consensus sequence.
2025-09-04 17:54:29,366 - INFO - get rid of the collection_date column for all rows - SARS-CoV-2 specific handling.
2025-09-04 17:54:29,367 - INFO -   Lineage 'XDJ', Mode 'consensus': Processing 1 consensus sequence.
2025-09-04 17:54:33,303 - INFO - get rid of the collection_date column for all rows - SARS-CoV-2 specific handling.
2025-09-04 17:54:33,320 - INFO -   Lineage 'XCR', Mode 'consensus': Processing 1 consensus sequence.
2025-09-04 17:54:36,498 - INFO - get rid of the collection_date column for all rows - SARS-CoV-2 specific handling.
2025-09-04 17:54:36,501 - INFO -   Lineage 'XCG', Mode 'consensus': Processing 1 consensus sequence.
2025-09-04 17:54:39,750 - INFO - get rid of the collection_date column for all rows - SARS-CoV-2 specific handling.
2025-09-04 17:54:39,753 - INFO -   Lineage 'XDM', Mode 'consensus': Processing 1 consensus sequence.
2025-09-04 17:54:42,879 - INFO - get rid of the collection_date column for all rows - SARS-CoV-2 specific handling.
2025-09-04 17:54:42,901 - INFO -   Lineage 'XDP', Mode 'consensus': Processing 1 consensus sequence.
2025-09-04 17:54:45,673 - INFO - get rid of the collection_date column for all rows - SARS-CoV-2 specific handling.
2025-09-04 17:54:45,741 - INFO -   Lineage 'XB', Mode 'consensus': Processing 1 consensus sequence.
2025-09-04 17:54:48,402 - INFO - Recombinant summary saved to: results/recombinhunt_output/sars-cov-2/dist0size0/consensus/recombinant_summary.tsv
2025-09-04 17:54:48,415 - INFO - Saved extensive summary table to: results/recombinhunt_output/sars-cov-2/dist0size0/consensus/recombinant_summary_extensive.tsv
2025-09-04 17:54:48,415 - INFO - Text report saved to: results/recombinhunt_output/sars-cov-2/dist0size0/consensus/experiment-output.consensus-0.75.txt
2025-09-04 17:54:48,415 - INFO - HTML report saved to: results/recombinhunt_output/sars-cov-2/dist0size0/consensus/experiment-detail.consensus-0.75.html
2025-09-04 17:54:48,428 - INFO - Follow-up CONSENSUS mode run finished successfully.
