2025-07-15 16:30:01,896 - INFO - Logging initialized. Log file at: logs/20250715_163001_monkeypox_06_run_recombinhunt.log
2025-07-15 16:30:01,896 - INFO - --- Starting Step 6: Run RecombinHunt for 'monkeypox' ---
2025-07-15 16:30:01,896 - INFO - Loading RecombinHunt environment from: environments/monkeypox/dist3size10
2025-07-15 16:30:02,171 - INFO - Loading lineage totals from 'samples/monkeypox/dist3size10/samples_total.json'
2025-07-15 16:30:02,173 - INFO - Found 90 sample files in 'samples/monkeypox/dist3size10'.
2025-07-15 16:30:02,181 - INFO -   Lineage 'A.2.1', Mode 'all': Processing all 16 samples.
2025-07-15 16:30:02,954 - INFO -   Lineage 'B.1.20.NmC1', Mode 'all': Processing all 107 samples.
2025-07-15 16:30:10,864 - INFO -   Lineage 'B.1.1.NmC1', Mode 'all': Processing all 35 samples.
2025-07-15 16:30:12,872 - INFO -   Lineage 'B.1.2', Mode 'all': Processing all 131 samples.
2025-07-15 16:30:20,076 - INFO -   Lineage 'B.1.3.NmC2', Mode 'all': Processing all 34 samples.
2025-07-15 16:30:22,067 - INFO -   Lineage 'B.1.2.NmC1', Mode 'all': Processing all 56 samples.
2025-07-15 16:30:25,189 - INFO -   Lineage 'C.1', Mode 'all': Processing all 87 samples.
2025-07-15 16:30:29,949 - INFO -   Lineage 'E.2', Mode 'all': Processing all 63 samples.
2025-07-15 16:30:33,110 - INFO -   Lineage 'B.1.12.NmC2', Mode 'all': Processing all 25 samples.
2025-07-15 16:30:34,475 - INFO -   Lineage 'C.1.1', Mode 'all': Processing all 94 samples.
2025-07-15 16:30:39,383 - INFO -   Lineage 'B.1.9', Mode 'all': Processing all 21 samples.
2025-07-15 16:30:40,753 - INFO -   Lineage 'F.2.NmC1', Mode 'all': Processing all 41 samples.
2025-07-15 16:30:43,190 - INFO -   Lineage 'F.1.NmC2', Mode 'all': Processing all 79 samples.
2025-07-15 16:30:48,715 - INFO -   Lineage 'F.4', Mode 'all': Processing all 108 samples.
2025-07-15 16:30:54,463 - INFO -   Lineage 'B.1.5', Mode 'all': Processing all 23 samples.
2025-07-15 16:30:55,819 - INFO -   Lineage 'B.1.7', Mode 'all': Processing all 79 samples.
2025-07-15 16:31:00,770 - INFO -   Lineage 'B.1.8.NmC2', Mode 'all': Processing all 24 samples.
2025-07-15 16:31:02,041 - INFO -   Lineage 'A.2.3', Mode 'all': Processing all 59 samples.
2025-07-15 16:31:04,903 - INFO -   Lineage 'B.1.NmC3', Mode 'all': Processing all 262 samples.
2025-07-15 16:31:21,567 - INFO -   Lineage 'F.1', Mode 'all': Processing all 127 samples.
2025-07-15 16:31:29,150 - INFO -   Lineage 'B.1.16', Mode 'all': Processing all 26 samples.
2025-07-15 16:31:30,353 - INFO -   Lineage 'A.1.NmC3', Mode 'all': Processing all 63 samples.
2025-07-15 16:31:34,620 - INFO -   Lineage 'B.1.13.NmC1', Mode 'all': Processing all 393 samples.
2025-07-15 16:31:58,289 - INFO -   Lineage 'B.1.13', Mode 'all': Processing all 383 samples.
2025-07-15 16:32:22,802 - INFO -   Lineage 'B.1.NmC6', Mode 'all': Processing all 112 samples.
2025-07-15 16:32:29,447 - INFO -   Lineage 'B.1.17.NmC1', Mode 'all': Processing all 370 samples.
2025-07-15 16:32:59,724 - INFO -   Lineage 'A.2.2', Mode 'all': Processing all 113 samples.
2025-07-15 16:33:04,742 - INFO -   Lineage 'B.1.NmC7', Mode 'all': Processing all 55 samples.
2025-07-15 16:33:08,219 - INFO -   Lineage 'B.1.14', Mode 'all': Processing all 40 samples.
2025-07-15 16:33:10,571 - INFO -   Lineage 'B.1.2.NmC2', Mode 'all': Processing all 64 samples.
2025-07-15 16:33:13,804 - INFO -   Lineage 'F.2.NmC2', Mode 'all': Processing all 36 samples.
2025-07-15 16:33:15,750 - INFO -   Lineage 'A.2', Mode 'all': Processing all 33 samples.
2025-07-15 16:33:17,204 - INFO -   Lineage 'B.1.19', Mode 'all': Processing all 15 samples.
2025-07-15 16:33:18,105 - INFO -   Lineage 'C.1.1.NmC1', Mode 'all': Processing all 66 samples.
2025-07-15 16:33:21,267 - INFO -   Lineage 'B.1.22', Mode 'all': Processing all 39 samples.
2025-07-15 16:33:24,024 - INFO -   Lineage 'B.1.17.NmC5', Mode 'all': Processing all 112 samples.
2025-07-15 16:33:32,846 - INFO -   Lineage 'B.1.1', Mode 'all': Processing all 400 samples.
2025-07-15 16:34:02,140 - INFO -   Lineage 'B.1.17.NmC4', Mode 'all': Processing all 120 samples.
2025-07-15 16:34:13,206 - INFO -   Lineage 'B.1.2.NmC3', Mode 'all': Processing all 24 samples.
2025-07-15 16:34:14,421 - INFO -   Lineage 'B.1.3.NmC1', Mode 'all': Processing all 57 samples.
2025-07-15 16:34:17,363 - INFO -   Lineage 'B.1.NmC10', Mode 'all': Processing all 207 samples.
2025-07-15 16:34:31,907 - INFO -   Lineage 'B.1.20', Mode 'all': Processing all 91 samples.
2025-07-15 16:34:38,723 - INFO -   Lineage 'F.5', Mode 'all': Processing all 17 samples.
2025-07-15 16:34:39,584 - INFO -   Lineage 'B.1.11', Mode 'all': Processing all 68 samples.
2025-07-15 16:34:43,603 - INFO -   Lineage 'B.1.17.NmC6', Mode 'all': Processing all 202 samples.
2025-07-15 16:34:59,210 - INFO -   Lineage 'B.1.7.NmC1', Mode 'all': Processing all 52 samples.
2025-07-15 16:35:02,173 - INFO -   Lineage 'F.2', Mode 'all': Processing all 55 samples.
2025-07-15 16:35:05,787 - INFO -   Lineage 'B.1.8.NmC1', Mode 'all': Processing all 19 samples.
2025-07-15 16:35:06,751 - INFO -   Lineage 'B.1.15', Mode 'all': Processing all 19 samples.
2025-07-15 16:35:08,438 - INFO -   Lineage 'B.1.18', Mode 'all': Processing all 68 samples.
2025-07-15 16:35:13,357 - INFO -   Lineage 'B.1.11.NmC1', Mode 'all': Processing all 48 samples.
2025-07-15 16:35:16,226 - INFO -   Lineage 'A.1.NmC2', Mode 'all': Processing all 80 samples.
2025-07-15 16:35:22,052 - INFO -   Lineage 'B.1', Mode 'all': Processing all 435 samples.
2025-07-15 16:35:42,064 - WARNING - Gap made of only target mutations (How can it be? It's an almost impossible condition). Target mutation that minimizes the loss has been assigned to the right region).
2025-07-15 16:35:52,873 - INFO -   Lineage 'B.1.10', Mode 'all': Processing all 103 samples.
2025-07-15 16:36:03,889 - INFO -   Lineage 'A.3', Mode 'all': Processing all 11 samples.
2025-07-15 16:36:04,413 - INFO -   Lineage 'B.1.NmC1', Mode 'all': Processing all 132 samples.
2025-07-15 16:36:15,127 - INFO -   Lineage 'F.1.NmC1', Mode 'all': Processing all 35 samples.
2025-07-15 16:36:17,777 - INFO -   Lineage 'C.1.NmC2', Mode 'all': Processing all 32 samples.
2025-07-15 16:36:19,497 - INFO -   Lineage 'A.1.NmC1', Mode 'all': Processing all 239 samples.
2025-07-15 16:36:35,116 - INFO -   Lineage 'B.1.11.NmC2', Mode 'all': Processing all 36 samples.
2025-07-15 16:36:37,009 - INFO -   Lineage 'B.1.17.NmC2', Mode 'all': Processing all 180 samples.
2025-07-15 16:36:52,339 - INFO -   Lineage 'A.1', Mode 'all': Processing all 16 samples.
2025-07-15 16:36:53,567 - INFO -   Lineage 'F.6', Mode 'all': Processing all 32 samples.
2025-07-15 16:36:55,942 - INFO -   Lineage 'B.1.2.NmC4', Mode 'all': Processing all 23 samples.
2025-07-15 16:36:57,185 - INFO -   Lineage 'B.1.13.NmC3', Mode 'all': Processing all 122 samples.
2025-07-15 16:37:08,880 - INFO -   Lineage 'B.1.6', Mode 'all': Processing all 46 samples.
2025-07-15 16:37:13,365 - INFO -   Lineage 'D.1', Mode 'all': Processing all 25 samples.
2025-07-15 16:37:15,147 - INFO -   Lineage 'B.1.2.NmC6', Mode 'all': Processing all 58 samples.
2025-07-15 16:37:18,344 - INFO -   Lineage 'A', Mode 'all': Processing all 66 samples.
2025-07-15 16:37:19,575 - ERROR -   Error on one sample in lineage A: No candidates found searching in both directions.
Traceback (most recent call last):
  File "/home/topcuoglu/openrecombinhunt/src/06_recombinhunt/run_recombinhunt.py", line 159, in run_recombinhunt_for_lineage
    result = experiment.run()
  File "/home/topcuoglu/openrecombinhunt/libs/recombinhunt-cov-7.0.0/src/recombinhunt/core/method.py", line 663, in run
    L1_reg: Region = search_L(self.merged_df, self.p_merged_df, self.change_probabilities, min_target_len=self.MIN_CANDIDATE_REGION_LENGTH, cache=self.cache)
  File "/home/topcuoglu/openrecombinhunt/libs/recombinhunt-cov-7.0.0/src/recombinhunt/core/method.py", line 1035, in search_L
    raise NoCandidatesFound("No candidates found searching in both directions.")
recombinhunt.core.method.NoCandidatesFound: No candidates found searching in both directions.
2025-07-15 16:37:19,616 - ERROR -   Error on one sample in lineage A: No candidates found searching in both directions.
Traceback (most recent call last):
  File "/home/topcuoglu/openrecombinhunt/src/06_recombinhunt/run_recombinhunt.py", line 159, in run_recombinhunt_for_lineage
    result = experiment.run()
  File "/home/topcuoglu/openrecombinhunt/libs/recombinhunt-cov-7.0.0/src/recombinhunt/core/method.py", line 663, in run
    L1_reg: Region = search_L(self.merged_df, self.p_merged_df, self.change_probabilities, min_target_len=self.MIN_CANDIDATE_REGION_LENGTH, cache=self.cache)
  File "/home/topcuoglu/openrecombinhunt/libs/recombinhunt-cov-7.0.0/src/recombinhunt/core/method.py", line 1035, in search_L
    raise NoCandidatesFound("No candidates found searching in both directions.")
recombinhunt.core.method.NoCandidatesFound: No candidates found searching in both directions.
2025-07-15 16:37:21,712 - INFO -   Lineage 'B.1.NmC5', Mode 'all': Processing all 252 samples.
2025-07-15 16:37:39,272 - INFO -   Lineage 'B.1.2.NmC5', Mode 'all': Processing all 20 samples.
2025-07-15 16:37:40,513 - INFO -   Lineage 'B.1.17', Mode 'all': Processing all 15 samples.
2025-07-15 16:37:41,699 - INFO -   Lineage 'B.1.23', Mode 'all': Processing all 11 samples.
2025-07-15 16:37:42,223 - INFO -   Lineage 'B.1.22.NmC1', Mode 'all': Processing all 25 samples.
2025-07-15 16:37:44,337 - INFO -   Lineage 'B.1.12.NmC1', Mode 'all': Processing all 50 samples.
2025-07-15 16:37:47,065 - INFO -   Lineage 'F.3', Mode 'all': Processing all 78 samples.
2025-07-15 16:37:51,534 - INFO -   Lineage 'B.1.3', Mode 'all': Processing all 113 samples.
2025-07-15 16:37:57,792 - INFO -   Lineage 'B.1.NmC8', Mode 'all': Processing all 158 samples.
2025-07-15 16:38:12,765 - INFO -   Lineage 'B.1.17.NmC3', Mode 'all': Processing all 50 samples.
2025-07-15 16:38:16,090 - INFO -   Lineage 'C.1.NmC1', Mode 'all': Processing all 66 samples.
2025-07-15 16:38:19,687 - INFO -   Lineage 'B.1.NmC9', Mode 'all': Processing all 41 samples.
2025-07-15 16:38:22,040 - INFO -   Lineage 'E.3', Mode 'all': Processing all 17 samples.
2025-07-15 16:38:22,953 - INFO -   Lineage 'B.1.4', Mode 'all': Processing all 36 samples.
2025-07-15 16:38:25,426 - INFO -   Lineage 'E.1', Mode 'all': Processing all 74 samples.
2025-07-15 16:38:29,035 - INFO -   Lineage 'B.1.NmC2', Mode 'all': Processing all 320 samples.
2025-07-15 16:38:41,024 - WARNING - Gap made of only target mutations (How can it be? It's an almost impossible condition). Target mutation that minimizes the loss has been assigned to the right region).
2025-07-15 16:38:48,297 - WARNING - Gap made of only target mutations (How can it be? It's an almost impossible condition). Target mutation that minimizes the loss has been assigned to the right region).
2025-07-15 16:38:48,408 - INFO -   Lineage 'B.1.NmC4', Mode 'all': Processing all 176 samples.
2025-07-15 16:38:50,635 - WARNING - Gap made of only target mutations (How can it be? It's an almost impossible condition). Target mutation that minimizes the loss has been assigned to the right region).
2025-07-15 16:39:05,852 - INFO -   Lineage 'B.1.8', Mode 'all': Processing all 48 samples.
2025-07-15 16:39:10,374 - INFO -   Lineage 'B.1.13.NmC2', Mode 'all': Processing all 231 samples.
2025-07-15 16:39:11,361 - WARNING - Gap made of only target mutations (How can it be? It's an almost impossible condition). Target mutation that minimizes the loss has been assigned to the right region).
2025-07-15 16:39:11,383 - WARNING - Gap made of only target mutations (How can it be? It's an almost impossible condition). Target mutation that minimizes the loss has been assigned to the right region).
2025-07-15 16:39:24,001 - INFO -   Lineage 'B.1.21', Mode 'all': Processing all 74 samples.
2025-07-15 16:39:28,531 - INFO -   Lineage 'B.1.12', Mode 'all': Processing all 85 samples.
2025-07-15 16:39:32,967 - INFO - Text report saved to: results/recombinhunt_output/monkeypox/dist3size10/experiment-output.all.txt
2025-07-15 16:39:32,967 - INFO - HTML report saved to: results/recombinhunt_output/monkeypox/dist3size10/experiment-detail.all.html
2025-07-15 16:39:32,969 - INFO - RecombinHunt experiment step finished successfully.
