2025-07-20 21:27:34,627 - INFO - Logging initialized. Log file at: logs/20250720_212734_influenza_06_run_recombinhunt.log
2025-07-20 21:27:34,627 - INFO - --- Starting Step 6: Run RecombinHunt for 'influenza' ---
2025-07-20 21:27:34,627 - INFO - Loading RecombinHunt environment from: environments/influenza/dist5size50
2025-07-20 21:27:34,672 - INFO - Loading lineage totals from 'samples/influenza/dist5size50/samples_total.json'
2025-07-20 21:27:34,672 - INFO - Found 11 sample files in 'samples/influenza/dist5size50'.
2025-07-20 21:27:34,723 - INFO -   Lineage 'A.1.NmC3', Mode 'all': Processing all 409 samples.
2025-07-20 21:27:37,042 - WARNING - Gap made of only target mutations (How can it be? It's an almost impossible condition). Target mutation that minimizes the loss has been assigned to the right region).
2025-07-20 21:27:42,039 - WARNING - Gap made of only target mutations (How can it be? It's an almost impossible condition). Target mutation that minimizes the loss has been assigned to the right region).
2025-07-20 21:27:43,973 - WARNING - Gap made of only target mutations (How can it be? It's an almost impossible condition). Target mutation that minimizes the loss has been assigned to the right region).
2025-07-20 21:27:46,876 - INFO -   Lineage 'A.1.NmC9', Mode 'all': Processing all 198 samples.
2025-07-20 21:27:54,306 - INFO -   Lineage 'A.1.NmC7', Mode 'all': Processing all 84 samples.
2025-07-20 21:27:56,798 - INFO -   Lineage 'A.1.NmC2', Mode 'all': Processing all 2052 samples.
2025-07-20 21:27:58,273 - WARNING - Gap made of only target mutations (How can it be? It's an almost impossible condition). Target mutation that minimizes the loss has been assigned to the right region).
2025-07-20 21:28:03,051 - WARNING - Gap made of only target mutations (How can it be? It's an almost impossible condition). Target mutation that minimizes the loss has been assigned to the right region).
2025-07-20 21:28:04,231 - WARNING - Gap made of only target mutations (How can it be? It's an almost impossible condition). Target mutation that minimizes the loss has been assigned to the right region).
2025-07-20 21:28:06,026 - WARNING - Gap made of only target mutations (How can it be? It's an almost impossible condition). Target mutation that minimizes the loss has been assigned to the right region).
2025-07-20 21:28:07,548 - WARNING - Gap made of only target mutations (How can it be? It's an almost impossible condition). Target mutation that minimizes the loss has been assigned to the right region).
2025-07-20 21:28:08,635 - WARNING - Gap made of only target mutations (How can it be? It's an almost impossible condition). Target mutation that minimizes the loss has been assigned to the right region).
2025-07-20 21:28:13,858 - WARNING - Gap made of only target mutations (How can it be? It's an almost impossible condition). Target mutation that minimizes the loss has been assigned to the right region).
2025-07-20 21:28:13,985 - WARNING - Gap made of only target mutations (How can it be? It's an almost impossible condition). Target mutation that minimizes the loss has been assigned to the right region).
2025-07-20 21:28:14,026 - WARNING - Gap made of only target mutations (How can it be? It's an almost impossible condition). Target mutation that minimizes the loss has been assigned to the right region).
2025-07-20 21:28:14,066 - WARNING - Gap made of only target mutations (How can it be? It's an almost impossible condition). Target mutation that minimizes the loss has been assigned to the right region).
2025-07-20 21:28:14,192 - WARNING - Gap made of only target mutations (How can it be? It's an almost impossible condition). Target mutation that minimizes the loss has been assigned to the right region).
2025-07-20 21:28:14,347 - WARNING - Gap made of only target mutations (How can it be? It's an almost impossible condition). Target mutation that minimizes the loss has been assigned to the right region).
2025-07-20 21:28:14,388 - WARNING - Gap made of only target mutations (How can it be? It's an almost impossible condition). Target mutation that minimizes the loss has been assigned to the right region).
2025-07-20 21:28:14,429 - WARNING - Gap made of only target mutations (How can it be? It's an almost impossible condition). Target mutation that minimizes the loss has been assigned to the right region).
2025-07-20 21:28:14,556 - WARNING - Gap made of only target mutations (How can it be? It's an almost impossible condition). Target mutation that minimizes the loss has been assigned to the right region).
2025-07-20 21:28:18,404 - WARNING - Gap made of only target mutations (How can it be? It's an almost impossible condition). Target mutation that minimizes the loss has been assigned to the right region).
2025-07-20 21:28:19,489 - WARNING - Gap made of only target mutations (How can it be? It's an almost impossible condition). Target mutation that minimizes the loss has been assigned to the right region).
2025-07-20 21:28:19,555 - WARNING - Gap made of only target mutations (How can it be? It's an almost impossible condition). Target mutation that minimizes the loss has been assigned to the right region).
2025-07-20 21:28:22,574 - WARNING - Gap made of only target mutations (How can it be? It's an almost impossible condition). Target mutation that minimizes the loss has been assigned to the right region).
2025-07-20 21:28:27,746 - WARNING - Gap made of only target mutations (How can it be? It's an almost impossible condition). Target mutation that minimizes the loss has been assigned to the right region).
2025-07-20 21:28:28,652 - WARNING - Gap made of only target mutations (How can it be? It's an almost impossible condition). Target mutation that minimizes the loss has been assigned to the right region).
2025-07-20 21:28:29,932 - WARNING - Gap made of only target mutations (How can it be? It's an almost impossible condition). Target mutation that minimizes the loss has been assigned to the right region).
2025-07-20 21:28:29,997 - WARNING - Gap made of only target mutations (How can it be? It's an almost impossible condition). Target mutation that minimizes the loss has been assigned to the right region).
2025-07-20 21:28:33,978 - WARNING - Gap made of only target mutations (How can it be? It's an almost impossible condition). Target mutation that minimizes the loss has been assigned to the right region).
2025-07-20 21:28:42,023 - WARNING - Gap made of only target mutations (How can it be? It's an almost impossible condition). Target mutation that minimizes the loss has been assigned to the right region).
2025-07-20 21:28:46,799 - WARNING - Gap made of only target mutations (How can it be? It's an almost impossible condition). Target mutation that minimizes the loss has been assigned to the right region).
2025-07-20 21:28:46,839 - WARNING - Gap made of only target mutations (How can it be? It's an almost impossible condition). Target mutation that minimizes the loss has been assigned to the right region).
2025-07-20 21:28:47,101 - WARNING - Gap made of only target mutations (How can it be? It's an almost impossible condition). Target mutation that minimizes the loss has been assigned to the right region).
2025-07-20 21:28:47,142 - WARNING - Gap made of only target mutations (How can it be? It's an almost impossible condition). Target mutation that minimizes the loss has been assigned to the right region).
2025-07-20 21:28:49,412 - WARNING - Gap made of only target mutations (How can it be? It's an almost impossible condition). Target mutation that minimizes the loss has been assigned to the right region).
2025-07-20 21:28:49,479 - WARNING - Gap made of only target mutations (How can it be? It's an almost impossible condition). Target mutation that minimizes the loss has been assigned to the right region).
2025-07-20 21:28:53,789 - WARNING - Gap made of only target mutations (How can it be? It's an almost impossible condition). Target mutation that minimizes the loss has been assigned to the right region).
2025-07-20 21:28:55,879 - WARNING - Gap made of only target mutations (How can it be? It's an almost impossible condition). Target mutation that minimizes the loss has been assigned to the right region).
2025-07-20 21:28:56,181 - INFO -   Lineage 'A.1.NmC1', Mode 'all': Processing all 1556 samples.
2025-07-20 21:29:00,659 - WARNING - Gap made of only target mutations (How can it be? It's an almost impossible condition). Target mutation that minimizes the loss has been assigned to the right region).
2025-07-20 21:29:06,107 - WARNING - Gap made of only target mutations (How can it be? It's an almost impossible condition). Target mutation that minimizes the loss has been assigned to the right region).
2025-07-20 21:29:10,743 - WARNING - Gap made of only target mutations (How can it be? It's an almost impossible condition). Target mutation that minimizes the loss has been assigned to the right region).
2025-07-20 21:29:11,493 - WARNING - Gap made of only target mutations (How can it be? It's an almost impossible condition). Target mutation that minimizes the loss has been assigned to the right region).
2025-07-20 21:29:11,531 - WARNING - Gap made of only target mutations (How can it be? It's an almost impossible condition). Target mutation that minimizes the loss has been assigned to the right region).
2025-07-20 21:29:11,921 - WARNING - Gap made of only target mutations (How can it be? It's an almost impossible condition). Target mutation that minimizes the loss has been assigned to the right region).
2025-07-20 21:29:17,228 - WARNING - Gap made of only target mutations (How can it be? It's an almost impossible condition). Target mutation that minimizes the loss has been assigned to the right region).
2025-07-20 21:29:18,114 - WARNING - Gap made of only target mutations (How can it be? It's an almost impossible condition). Target mutation that minimizes the loss has been assigned to the right region).
2025-07-20 21:29:26,472 - WARNING - Gap made of only target mutations (How can it be? It's an almost impossible condition). Target mutation that minimizes the loss has been assigned to the right region).
2025-07-20 21:29:26,810 - WARNING - Gap made of only target mutations (How can it be? It's an almost impossible condition). Target mutation that minimizes the loss has been assigned to the right region).
2025-07-20 21:29:28,237 - WARNING - Gap made of only target mutations (How can it be? It's an almost impossible condition). Target mutation that minimizes the loss has been assigned to the right region).
2025-07-20 21:29:32,488 - WARNING - Gap made of only target mutations (How can it be? It's an almost impossible condition). Target mutation that minimizes the loss has been assigned to the right region).
2025-07-20 21:29:32,555 - WARNING - Gap made of only target mutations (How can it be? It's an almost impossible condition). Target mutation that minimizes the loss has been assigned to the right region).
2025-07-20 21:29:33,668 - WARNING - Gap made of only target mutations (How can it be? It's an almost impossible condition). Target mutation that minimizes the loss has been assigned to the right region).
2025-07-20 21:29:35,800 - WARNING - Gap made of only target mutations (How can it be? It's an almost impossible condition). Target mutation that minimizes the loss has been assigned to the right region).
2025-07-20 21:29:35,838 - WARNING - Gap made of only target mutations (How can it be? It's an almost impossible condition). Target mutation that minimizes the loss has been assigned to the right region).
2025-07-20 21:29:40,596 - WARNING - Gap made of only target mutations (How can it be? It's an almost impossible condition). Target mutation that minimizes the loss has been assigned to the right region).
2025-07-20 21:29:41,059 - WARNING - Gap made of only target mutations (How can it be? It's an almost impossible condition). Target mutation that minimizes the loss has been assigned to the right region).
2025-07-20 21:29:42,658 - WARNING - Gap made of only target mutations (How can it be? It's an almost impossible condition). Target mutation that minimizes the loss has been assigned to the right region).
2025-07-20 21:29:42,696 - WARNING - Gap made of only target mutations (How can it be? It's an almost impossible condition). Target mutation that minimizes the loss has been assigned to the right region).
2025-07-20 21:29:42,734 - WARNING - Gap made of only target mutations (How can it be? It's an almost impossible condition). Target mutation that minimizes the loss has been assigned to the right region).
2025-07-20 21:29:42,772 - WARNING - Gap made of only target mutations (How can it be? It's an almost impossible condition). Target mutation that minimizes the loss has been assigned to the right region).
2025-07-20 21:29:42,817 - WARNING - Gap made of only target mutations (How can it be? It's an almost impossible condition). Target mutation that minimizes the loss has been assigned to the right region).
2025-07-20 21:29:47,525 - WARNING - Gap made of only target mutations (How can it be? It's an almost impossible condition). Target mutation that minimizes the loss has been assigned to the right region).
2025-07-20 21:29:47,759 - INFO -   Lineage 'A.1', Mode 'all': Processing all 1082 samples.
2025-07-20 21:29:50,915 - WARNING - Gap made of only target mutations (How can it be? It's an almost impossible condition). Target mutation that minimizes the loss has been assigned to the right region).
2025-07-20 21:29:50,955 - WARNING - Gap made of only target mutations (How can it be? It's an almost impossible condition). Target mutation that minimizes the loss has been assigned to the right region).
2025-07-20 21:29:50,996 - WARNING - Gap made of only target mutations (How can it be? It's an almost impossible condition). Target mutation that minimizes the loss has been assigned to the right region).
2025-07-20 21:29:51,178 - WARNING - Gap made of only target mutations (How can it be? It's an almost impossible condition). Target mutation that minimizes the loss has been assigned to the right region).
2025-07-20 21:29:51,218 - WARNING - Gap made of only target mutations (How can it be? It's an almost impossible condition). Target mutation that minimizes the loss has been assigned to the right region).
2025-07-20 21:29:51,259 - WARNING - Gap made of only target mutations (How can it be? It's an almost impossible condition). Target mutation that minimizes the loss has been assigned to the right region).
2025-07-20 21:29:58,890 - WARNING - Gap made of only target mutations (How can it be? It's an almost impossible condition). Target mutation that minimizes the loss has been assigned to the right region).
2025-07-20 21:29:59,009 - WARNING - Gap made of only target mutations (How can it be? It's an almost impossible condition). Target mutation that minimizes the loss has been assigned to the right region).
2025-07-20 21:29:59,323 - WARNING - Gap made of only target mutations (How can it be? It's an almost impossible condition). Target mutation that minimizes the loss has been assigned to the right region).
2025-07-20 21:29:59,329 - WARNING - Gap made of only target mutations (How can it be? It's an almost impossible condition). Target mutation that minimizes the loss has been assigned to the right region).
2025-07-20 21:29:59,468 - WARNING - Gap made of only target mutations (How can it be? It's an almost impossible condition). Target mutation that minimizes the loss has been assigned to the right region).
2025-07-20 21:29:59,474 - WARNING - Gap made of only target mutations (How can it be? It's an almost impossible condition). Target mutation that minimizes the loss has been assigned to the right region).
2025-07-20 21:30:06,759 - WARNING - Gap made of only target mutations (How can it be? It's an almost impossible condition). Target mutation that minimizes the loss has been assigned to the right region).
2025-07-20 21:30:07,058 - WARNING - Gap made of only target mutations (How can it be? It's an almost impossible condition). Target mutation that minimizes the loss has been assigned to the right region).
2025-07-20 21:30:09,202 - WARNING - Gap made of only target mutations (How can it be? It's an almost impossible condition). Target mutation that minimizes the loss has been assigned to the right region).
2025-07-20 21:30:11,189 - WARNING - Gap made of only target mutations (How can it be? It's an almost impossible condition). Target mutation that minimizes the loss has been assigned to the right region).
2025-07-20 21:30:11,420 - WARNING - Gap made of only target mutations (How can it be? It's an almost impossible condition). Target mutation that minimizes the loss has been assigned to the right region).
2025-07-20 21:30:11,816 - WARNING - Gap made of only target mutations (How can it be? It's an almost impossible condition). Target mutation that minimizes the loss has been assigned to the right region).
2025-07-20 21:30:12,442 - WARNING - Gap made of only target mutations (How can it be? It's an almost impossible condition). Target mutation that minimizes the loss has been assigned to the right region).
2025-07-20 21:30:12,960 - WARNING - Gap made of only target mutations (How can it be? It's an almost impossible condition). Target mutation that minimizes the loss has been assigned to the right region).
2025-07-20 21:30:12,967 - WARNING - Gap made of only target mutations (How can it be? It's an almost impossible condition). Target mutation that minimizes the loss has been assigned to the right region).
2025-07-20 21:30:13,128 - WARNING - Gap made of only target mutations (How can it be? It's an almost impossible condition). Target mutation that minimizes the loss has been assigned to the right region).
2025-07-20 21:30:13,504 - WARNING - Gap made of only target mutations (How can it be? It's an almost impossible condition). Target mutation that minimizes the loss has been assigned to the right region).
2025-07-20 21:30:13,511 - WARNING - Gap made of only target mutations (How can it be? It's an almost impossible condition). Target mutation that minimizes the loss has been assigned to the right region).
2025-07-20 21:30:13,677 - WARNING - Gap made of only target mutations (How can it be? It's an almost impossible condition). Target mutation that minimizes the loss has been assigned to the right region).
2025-07-20 21:30:13,684 - WARNING - Gap made of only target mutations (How can it be? It's an almost impossible condition). Target mutation that minimizes the loss has been assigned to the right region).
2025-07-20 21:30:13,821 - WARNING - Gap made of only target mutations (How can it be? It's an almost impossible condition). Target mutation that minimizes the loss has been assigned to the right region).
2025-07-20 21:30:14,070 - WARNING - Gap made of only target mutations (How can it be? It's an almost impossible condition). Target mutation that minimizes the loss has been assigned to the right region).
2025-07-20 21:30:17,177 - WARNING - Gap made of only target mutations (How can it be? It's an almost impossible condition). Target mutation that minimizes the loss has been assigned to the right region).
2025-07-20 21:30:19,239 - WARNING - Gap made of only target mutations (How can it be? It's an almost impossible condition). Target mutation that minimizes the loss has been assigned to the right region).
2025-07-20 21:30:19,814 - WARNING - Gap made of only target mutations (How can it be? It's an almost impossible condition). Target mutation that minimizes the loss has been assigned to the right region).
2025-07-20 21:30:19,821 - WARNING - Gap made of only target mutations (How can it be? It's an almost impossible condition). Target mutation that minimizes the loss has been assigned to the right region).
2025-07-20 21:30:20,450 - WARNING - Gap made of only target mutations (How can it be? It's an almost impossible condition). Target mutation that minimizes the loss has been assigned to the right region).
2025-07-20 21:30:20,757 - WARNING - Gap made of only target mutations (How can it be? It's an almost impossible condition). Target mutation that minimizes the loss has been assigned to the right region).
2025-07-20 21:30:21,297 - WARNING - Gap made of only target mutations (How can it be? It's an almost impossible condition). Target mutation that minimizes the loss has been assigned to the right region).
2025-07-20 21:30:21,482 - WARNING - Gap made of only target mutations (How can it be? It's an almost impossible condition). Target mutation that minimizes the loss has been assigned to the right region).
2025-07-20 21:30:21,489 - WARNING - Gap made of only target mutations (How can it be? It's an almost impossible condition). Target mutation that minimizes the loss has been assigned to the right region).
2025-07-20 21:30:21,756 - WARNING - Gap made of only target mutations (How can it be? It's an almost impossible condition). Target mutation that minimizes the loss has been assigned to the right region).
2025-07-20 21:30:22,128 - WARNING - Gap made of only target mutations (How can it be? It's an almost impossible condition). Target mutation that minimizes the loss has been assigned to the right region).
2025-07-20 21:30:22,495 - WARNING - Gap made of only target mutations (How can it be? It's an almost impossible condition). Target mutation that minimizes the loss has been assigned to the right region).
2025-07-20 21:30:22,853 - WARNING - Gap made of only target mutations (How can it be? It's an almost impossible condition). Target mutation that minimizes the loss has been assigned to the right region).
2025-07-20 21:30:23,569 - WARNING - Gap made of only target mutations (How can it be? It's an almost impossible condition). Target mutation that minimizes the loss has been assigned to the right region).
2025-07-20 21:30:23,651 - WARNING - Gap made of only target mutations (How can it be? It's an almost impossible condition). Target mutation that minimizes the loss has been assigned to the right region).
2025-07-20 21:30:23,735 - WARNING - Gap made of only target mutations (How can it be? It's an almost impossible condition). Target mutation that minimizes the loss has been assigned to the right region).
2025-07-20 21:30:23,818 - WARNING - Gap made of only target mutations (How can it be? It's an almost impossible condition). Target mutation that minimizes the loss has been assigned to the right region).
2025-07-20 21:30:23,900 - WARNING - Gap made of only target mutations (How can it be? It's an almost impossible condition). Target mutation that minimizes the loss has been assigned to the right region).
2025-07-20 21:30:24,268 - WARNING - Gap made of only target mutations (How can it be? It's an almost impossible condition). Target mutation that minimizes the loss has been assigned to the right region).
2025-07-20 21:30:24,351 - WARNING - Gap made of only target mutations (How can it be? It's an almost impossible condition). Target mutation that minimizes the loss has been assigned to the right region).
2025-07-20 21:30:24,433 - WARNING - Gap made of only target mutations (How can it be? It's an almost impossible condition). Target mutation that minimizes the loss has been assigned to the right region).
2025-07-20 21:30:25,004 - WARNING - Gap made of only target mutations (How can it be? It's an almost impossible condition). Target mutation that minimizes the loss has been assigned to the right region).
2025-07-20 21:30:25,091 - WARNING - Gap made of only target mutations (How can it be? It's an almost impossible condition). Target mutation that minimizes the loss has been assigned to the right region).
2025-07-20 21:30:25,874 - INFO -   Lineage 'A.1.NmC4', Mode 'all': Processing all 1653 samples.
2025-07-20 21:31:25,359 - INFO -   Lineage 'A.1.NmC10', Mode 'all': Processing all 66 samples.
2025-07-20 21:31:27,567 - INFO -   Lineage 'A.1.NmC6', Mode 'all': Processing all 2579 samples.
2025-07-20 21:31:28,510 - WARNING - Gap made of only target mutations (How can it be? It's an almost impossible condition). Target mutation that minimizes the loss has been assigned to the right region).
2025-07-20 21:31:35,164 - WARNING - Gap made of only target mutations (How can it be? It's an almost impossible condition). Target mutation that minimizes the loss has been assigned to the right region).
2025-07-20 21:31:42,102 - WARNING - Gap made of only target mutations (How can it be? It's an almost impossible condition). Target mutation that minimizes the loss has been assigned to the right region).
2025-07-20 21:31:42,903 - WARNING - Gap made of only target mutations (How can it be? It's an almost impossible condition). Target mutation that minimizes the loss has been assigned to the right region).
2025-07-20 21:31:43,549 - WARNING - Gap made of only target mutations (How can it be? It's an almost impossible condition). Target mutation that minimizes the loss has been assigned to the right region).
2025-07-20 21:31:43,618 - WARNING - Gap made of only target mutations (How can it be? It's an almost impossible condition). Target mutation that minimizes the loss has been assigned to the right region).
2025-07-20 21:31:45,352 - WARNING - Gap made of only target mutations (How can it be? It's an almost impossible condition). Target mutation that minimizes the loss has been assigned to the right region).
2025-07-20 21:31:45,776 - WARNING - Gap made of only target mutations (How can it be? It's an almost impossible condition). Target mutation that minimizes the loss has been assigned to the right region).
2025-07-20 21:31:47,164 - WARNING - Gap made of only target mutations (How can it be? It's an almost impossible condition). Target mutation that minimizes the loss has been assigned to the right region).
2025-07-20 21:31:48,364 - WARNING - Gap made of only target mutations (How can it be? It's an almost impossible condition). Target mutation that minimizes the loss has been assigned to the right region).
2025-07-20 21:31:49,633 - WARNING - Gap made of only target mutations (How can it be? It's an almost impossible condition). Target mutation that minimizes the loss has been assigned to the right region).
2025-07-20 21:31:50,117 - WARNING - Gap made of only target mutations (How can it be? It's an almost impossible condition). Target mutation that minimizes the loss has been assigned to the right region).
2025-07-20 21:31:51,194 - WARNING - Gap made of only target mutations (How can it be? It's an almost impossible condition). Target mutation that minimizes the loss has been assigned to the right region).
2025-07-20 21:31:51,527 - WARNING - Gap made of only target mutations (How can it be? It's an almost impossible condition). Target mutation that minimizes the loss has been assigned to the right region).
2025-07-20 21:31:54,261 - WARNING - Gap made of only target mutations (How can it be? It's an almost impossible condition). Target mutation that minimizes the loss has been assigned to the right region).
2025-07-20 21:31:54,267 - WARNING - Gap made of only target mutations (How can it be? It's an almost impossible condition). Target mutation that minimizes the loss has been assigned to the right region).
2025-07-20 21:31:54,568 - WARNING - Gap made of only target mutations (How can it be? It's an almost impossible condition). Target mutation that minimizes the loss has been assigned to the right region).
2025-07-20 21:31:55,238 - WARNING - Gap made of only target mutations (How can it be? It's an almost impossible condition). Target mutation that minimizes the loss has been assigned to the right region).
2025-07-20 21:31:56,493 - WARNING - Gap made of only target mutations (How can it be? It's an almost impossible condition). Target mutation that minimizes the loss has been assigned to the right region).
2025-07-20 21:31:56,563 - WARNING - Gap made of only target mutations (How can it be? It's an almost impossible condition). Target mutation that minimizes the loss has been assigned to the right region).
2025-07-20 21:31:57,368 - WARNING - Gap made of only target mutations (How can it be? It's an almost impossible condition). Target mutation that minimizes the loss has been assigned to the right region).
2025-07-20 21:31:59,707 - WARNING - Gap made of only target mutations (How can it be? It's an almost impossible condition). Target mutation that minimizes the loss has been assigned to the right region).
2025-07-20 21:31:59,713 - WARNING - Gap made of only target mutations (How can it be? It's an almost impossible condition). Target mutation that minimizes the loss has been assigned to the right region).
2025-07-20 21:31:59,791 - WARNING - Gap made of only target mutations (How can it be? It's an almost impossible condition). Target mutation that minimizes the loss has been assigned to the right region).
2025-07-20 21:31:59,797 - WARNING - Gap made of only target mutations (How can it be? It's an almost impossible condition). Target mutation that minimizes the loss has been assigned to the right region).
2025-07-20 21:31:59,875 - WARNING - Gap made of only target mutations (How can it be? It's an almost impossible condition). Target mutation that minimizes the loss has been assigned to the right region).
2025-07-20 21:31:59,881 - WARNING - Gap made of only target mutations (How can it be? It's an almost impossible condition). Target mutation that minimizes the loss has been assigned to the right region).
2025-07-20 21:32:01,642 - WARNING - Gap made of only target mutations (How can it be? It's an almost impossible condition). Target mutation that minimizes the loss has been assigned to the right region).
2025-07-20 21:32:01,648 - WARNING - Gap made of only target mutations (How can it be? It's an almost impossible condition). Target mutation that minimizes the loss has been assigned to the right region).
2025-07-20 21:32:02,255 - WARNING - Gap made of only target mutations (How can it be? It's an almost impossible condition). Target mutation that minimizes the loss has been assigned to the right region).
2025-07-20 21:32:03,341 - WARNING - Gap made of only target mutations (How can it be? It's an almost impossible condition). Target mutation that minimizes the loss has been assigned to the right region).
2025-07-20 21:32:03,890 - WARNING - Gap made of only target mutations (How can it be? It's an almost impossible condition). Target mutation that minimizes the loss has been assigned to the right region).
2025-07-20 21:32:05,055 - WARNING - Gap made of only target mutations (How can it be? It's an almost impossible condition). Target mutation that minimizes the loss has been assigned to the right region).
2025-07-20 21:32:07,113 - WARNING - Gap made of only target mutations (How can it be? It's an almost impossible condition). Target mutation that minimizes the loss has been assigned to the right region).
2025-07-20 21:32:08,612 - WARNING - Gap made of only target mutations (How can it be? It's an almost impossible condition). Target mutation that minimizes the loss has been assigned to the right region).
2025-07-20 21:32:08,653 - WARNING - Gap made of only target mutations (How can it be? It's an almost impossible condition). Target mutation that minimizes the loss has been assigned to the right region).
2025-07-20 21:32:08,660 - WARNING - Gap made of only target mutations (How can it be? It's an almost impossible condition). Target mutation that minimizes the loss has been assigned to the right region).
2025-07-20 21:32:10,286 - WARNING - Gap made of only target mutations (How can it be? It's an almost impossible condition). Target mutation that minimizes the loss has been assigned to the right region).
2025-07-20 21:32:10,413 - WARNING - Gap made of only target mutations (How can it be? It's an almost impossible condition). Target mutation that minimizes the loss has been assigned to the right region).
2025-07-20 21:32:10,946 - WARNING - Gap made of only target mutations (How can it be? It's an almost impossible condition). Target mutation that minimizes the loss has been assigned to the right region).
2025-07-20 21:32:12,590 - WARNING - Gap made of only target mutations (How can it be? It's an almost impossible condition). Target mutation that minimizes the loss has been assigned to the right region).
2025-07-20 21:32:13,018 - WARNING - Gap made of only target mutations (How can it be? It's an almost impossible condition). Target mutation that minimizes the loss has been assigned to the right region).
2025-07-20 21:32:13,059 - WARNING - Gap made of only target mutations (How can it be? It's an almost impossible condition). Target mutation that minimizes the loss has been assigned to the right region).
2025-07-20 21:32:15,556 - WARNING - Gap made of only target mutations (How can it be? It's an almost impossible condition). Target mutation that minimizes the loss has been assigned to the right region).
2025-07-20 21:32:15,625 - WARNING - Gap made of only target mutations (How can it be? It's an almost impossible condition). Target mutation that minimizes the loss has been assigned to the right region).
2025-07-20 21:32:16,172 - WARNING - Gap made of only target mutations (How can it be? It's an almost impossible condition). Target mutation that minimizes the loss has been assigned to the right region).
2025-07-20 21:32:16,179 - WARNING - Gap made of only target mutations (How can it be? It's an almost impossible condition). Target mutation that minimizes the loss has been assigned to the right region).
2025-07-20 21:32:16,256 - WARNING - Gap made of only target mutations (How can it be? It's an almost impossible condition). Target mutation that minimizes the loss has been assigned to the right region).
2025-07-20 21:32:16,262 - WARNING - Gap made of only target mutations (How can it be? It's an almost impossible condition). Target mutation that minimizes the loss has been assigned to the right region).
2025-07-20 21:32:19,067 - WARNING - Gap made of only target mutations (How can it be? It's an almost impossible condition). Target mutation that minimizes the loss has been assigned to the right region).
2025-07-20 21:32:19,073 - WARNING - Gap made of only target mutations (How can it be? It's an almost impossible condition). Target mutation that minimizes the loss has been assigned to the right region).
2025-07-20 21:32:20,696 - WARNING - Gap made of only target mutations (How can it be? It's an almost impossible condition). Target mutation that minimizes the loss has been assigned to the right region).
2025-07-20 21:32:21,709 - WARNING - Gap made of only target mutations (How can it be? It's an almost impossible condition). Target mutation that minimizes the loss has been assigned to the right region).
2025-07-20 21:32:21,715 - WARNING - Gap made of only target mutations (How can it be? It's an almost impossible condition). Target mutation that minimizes the loss has been assigned to the right region).
2025-07-20 21:32:22,971 - WARNING - Gap made of only target mutations (How can it be? It's an almost impossible condition). Target mutation that minimizes the loss has been assigned to the right region).
2025-07-20 21:32:23,151 - WARNING - Gap made of only target mutations (How can it be? It's an almost impossible condition). Target mutation that minimizes the loss has been assigned to the right region).
2025-07-20 21:32:24,556 - WARNING - Gap made of only target mutations (How can it be? It's an almost impossible condition). Target mutation that minimizes the loss has been assigned to the right region).
2025-07-20 21:32:24,562 - WARNING - Gap made of only target mutations (How can it be? It's an almost impossible condition). Target mutation that minimizes the loss has been assigned to the right region).
2025-07-20 21:32:25,600 - WARNING - Gap made of only target mutations (How can it be? It's an almost impossible condition). Target mutation that minimizes the loss has been assigned to the right region).
2025-07-20 21:32:28,402 - WARNING - Gap made of only target mutations (How can it be? It's an almost impossible condition). Target mutation that minimizes the loss has been assigned to the right region).
2025-07-20 21:32:29,659 - WARNING - Gap made of only target mutations (How can it be? It's an almost impossible condition). Target mutation that minimizes the loss has been assigned to the right region).
2025-07-20 21:32:37,638 - WARNING - Gap made of only target mutations (How can it be? It's an almost impossible condition). Target mutation that minimizes the loss has been assigned to the right region).
2025-07-20 21:32:37,676 - WARNING - Gap made of only target mutations (How can it be? It's an almost impossible condition). Target mutation that minimizes the loss has been assigned to the right region).
2025-07-20 21:32:37,714 - WARNING - Gap made of only target mutations (How can it be? It's an almost impossible condition). Target mutation that minimizes the loss has been assigned to the right region).
2025-07-20 21:32:37,753 - WARNING - Gap made of only target mutations (How can it be? It's an almost impossible condition). Target mutation that minimizes the loss has been assigned to the right region).
2025-07-20 21:32:38,234 - WARNING - Gap made of only target mutations (How can it be? It's an almost impossible condition). Target mutation that minimizes the loss has been assigned to the right region).
2025-07-20 21:32:38,363 - WARNING - Gap made of only target mutations (How can it be? It's an almost impossible condition). Target mutation that minimizes the loss has been assigned to the right region).
2025-07-20 21:32:38,401 - WARNING - Gap made of only target mutations (How can it be? It's an almost impossible condition). Target mutation that minimizes the loss has been assigned to the right region).
2025-07-20 21:32:38,467 - WARNING - Gap made of only target mutations (How can it be? It's an almost impossible condition). Target mutation that minimizes the loss has been assigned to the right region).
2025-07-20 21:32:38,927 - WARNING - Gap made of only target mutations (How can it be? It's an almost impossible condition). Target mutation that minimizes the loss has been assigned to the right region).
2025-07-20 21:32:39,060 - WARNING - Gap made of only target mutations (How can it be? It's an almost impossible condition). Target mutation that minimizes the loss has been assigned to the right region).
2025-07-20 21:32:40,495 - WARNING - Gap made of only target mutations (How can it be? It's an almost impossible condition). Target mutation that minimizes the loss has been assigned to the right region).
2025-07-20 21:32:40,938 - WARNING - Gap made of only target mutations (How can it be? It's an almost impossible condition). Target mutation that minimizes the loss has been assigned to the right region).
2025-07-20 21:32:42,021 - WARNING - Gap made of only target mutations (How can it be? It's an almost impossible condition). Target mutation that minimizes the loss has been assigned to the right region).
2025-07-20 21:32:42,060 - WARNING - Gap made of only target mutations (How can it be? It's an almost impossible condition). Target mutation that minimizes the loss has been assigned to the right region).
2025-07-20 21:32:42,714 - WARNING - Gap made of only target mutations (How can it be? It's an almost impossible condition). Target mutation that minimizes the loss has been assigned to the right region).
2025-07-20 21:32:42,780 - WARNING - Gap made of only target mutations (How can it be? It's an almost impossible condition). Target mutation that minimizes the loss has been assigned to the right region).
2025-07-20 21:32:43,164 - WARNING - Gap made of only target mutations (How can it be? It's an almost impossible condition). Target mutation that minimizes the loss has been assigned to the right region).
2025-07-20 21:32:46,624 - WARNING - Gap made of only target mutations (How can it be? It's an almost impossible condition). Target mutation that minimizes the loss has been assigned to the right region).
2025-07-20 21:32:48,201 - WARNING - Gap made of only target mutations (How can it be? It's an almost impossible condition). Target mutation that minimizes the loss has been assigned to the right region).
2025-07-20 21:32:48,207 - WARNING - Gap made of only target mutations (How can it be? It's an almost impossible condition). Target mutation that minimizes the loss has been assigned to the right region).
2025-07-20 21:32:48,306 - WARNING - Gap made of only target mutations (How can it be? It's an almost impossible condition). Target mutation that minimizes the loss has been assigned to the right region).
2025-07-20 21:32:48,312 - WARNING - Gap made of only target mutations (How can it be? It's an almost impossible condition). Target mutation that minimizes the loss has been assigned to the right region).
2025-07-20 21:32:48,711 - WARNING - Gap made of only target mutations (How can it be? It's an almost impossible condition). Target mutation that minimizes the loss has been assigned to the right region).
2025-07-20 21:32:50,461 - WARNING - Gap made of only target mutations (How can it be? It's an almost impossible condition). Target mutation that minimizes the loss has been assigned to the right region).
2025-07-20 21:32:52,880 - INFO -   Lineage 'A.1.NmC8', Mode 'all': Processing all 85 samples.
2025-07-20 21:32:55,260 - INFO -   Lineage 'A.1.NmC5', Mode 'all': Processing all 518 samples.
2025-07-20 21:33:08,559 - WARNING - Gap made of only target mutations (How can it be? It's an almost impossible condition). Target mutation that minimizes the loss has been assigned to the right region).
2025-07-20 21:33:08,640 - WARNING - Gap made of only target mutations (How can it be? It's an almost impossible condition). Target mutation that minimizes the loss has been assigned to the right region).
2025-07-20 21:33:10,823 - INFO - Text report saved to: results/recombinhunt_output/influenza/dist5size50/experiment-output.all.txt
2025-07-20 21:33:10,824 - INFO - HTML report saved to: results/recombinhunt_output/influenza/dist5size50/experiment-detail.all.html
2025-07-20 21:33:10,824 - INFO - RecombinHunt experiment step finished successfully.
