2025-08-30 16:30:57,920 - INFO - Logging initialized. Log file at: logs/20250830_163057_yellow-fever_05.1_create_environment.log
2025-08-30 16:30:57,920 - INFO - Virus is 'yellow-fever'. Using HaploCoV reformatted output as input.
2025-08-30 16:30:57,920 - INFO - Environment files will be saved to: environments/yellow-fever/dist3size10
2025-08-30 16:30:57,920 - INFO - Loading data from: results/haplocov_output/yellow-fever/dist3size10/haplocov_reformatted.tsv
2025-08-30 16:30:58,079 - INFO - Initial row count: 1,407
2025-08-30 16:30:58,081 - INFO - Row count after cleaning: 1,407
2025-08-30 16:30:58,081 - INFO - Calculating change probabilities...
2025-08-30 16:30:58,081 - INFO -   Total sequences for calculation: 1,407
2025-08-30 16:30:58,451 - INFO -   Found 7,609 unique mutations across all sequences.
2025-08-30 16:30:58,462 - INFO -   Finished calculating change probabilities. Shape of result: (7609, 2)
2025-08-30 16:30:58,483 - INFO - Calculating genome and variation counts per lineage...
2025-08-30 16:30:58,484 - INFO -   Found 3 unique lineages in the dataset.
2025-08-30 16:30:59,127 - INFO -   Finished calculating genome and variation counts.
2025-08-30 16:30:59,127 - INFO - 
Calculating 'lc_df.parquet'...
2025-08-30 16:30:59,127 - INFO - 
--- Running common logic: calculating lineage mutation frequencies ---
2025-08-30 16:30:59,127 - INFO - Selected 3 lineages with at least 10 genomes.
2025-08-30 16:30:59,151 - INFO - Removed 0 mutations that were not characteristic of any lineage.
2025-08-30 16:30:59,154 - INFO - lc_df calculation complete.
2025-08-30 16:30:59,154 - INFO - 
Calculating 'change2lineage_probability.parquet'...
2025-08-30 16:30:59,154 - INFO - 
--- Running common logic: calculating lineage mutation frequencies ---
2025-08-30 16:30:59,154 - INFO - Selected 3 lineages with at least 10 genomes.
2025-08-30 16:30:59,262 - INFO - change2lineage_probability calculation complete.
2025-08-30 16:30:59,262 - INFO - 
Calculating 'lc_quality_df.parquet'...
2025-08-30 16:30:59,263 - INFO - lc_quality_df calculation complete.
2025-08-30 16:30:59,263 - INFO - Saving environment files...
2025-08-30 16:30:59,299 - INFO - Environment creation complete.
