2025-07-06 13:10:57,913 - INFO - Logging initialized. Log file at: logs/20250706_131057_yellow-fever_03_run_haplocov.log
2025-07-06 13:10:57,913 - INFO - --- Starting Step 3: Run HaploCoV for 'yellow-fever' ---
2025-07-06 13:10:57,914 - INFO - Created temporary working directory: results/haplocov_output/yellow-fever/dist3size10/temp_work
2025-07-06 13:10:57,914 - INFO - Creating symbolic links for input files in temporary directory...
2025-07-06 13:10:57,914 - INFO - Executing HaploCoV with designation_mode: 'haplocov'
2025-07-06 13:10:57,914 - INFO - Executing: perl ../../../../../libs/haplocov/addToTableNCBI.pl --metadata metadata.tsv --ref reference.fasta --seq sequences.fasta --outfile out.HaploCoV --nproc 16
2025-07-06 13:10:57,975 - ERROR - Command failed with exit code 2
2025-07-06 13:10:57,975 - ERROR - Command: perl ../../../../../libs/haplocov/addToTableNCBI.pl --metadata metadata.tsv --ref reference.fasta --seq sequences.fasta --outfile out.HaploCoV --nproc 16
2025-07-06 13:10:57,975 - ERROR - Stderr: Could not retrieve the required file areafile. The file is not in the current folder. Please download it!

2025-07-06 13:10:57,975 - ERROR - Stdout: Area file, not found in the current folder
addToTable.pl will try to Download the file from github
Please download this file manually, if this fails

2025-07-06 13:10:57,975 - INFO - HaploCoV step completed.
2025-07-06 13:10:57,975 - CRITICAL - HaploCoV step failed with a critical error: Command 'perl ../../../../../libs/haplocov/addToTableNCBI.pl --metadata metadata.tsv --ref reference.fasta --seq sequences.fasta --outfile out.HaploCoV --nproc 16' returned non-zero exit status 2.
Traceback (most recent call last):
  File "/home/topcuoglu/openrecombinhunt/src/03_haplocov/run_haplocov.py", line 145, in main
    run_haplocov_step(args.virus, config)
  File "/home/topcuoglu/openrecombinhunt/src/03_haplocov/run_haplocov.py", line 108, in run_haplocov_step
    run_command(command, working_dir=temp_work_dir)
  File "/home/topcuoglu/openrecombinhunt/src/utils/utils.py", line 53, in run_command
    result = subprocess.run(
  File "/home/topcuoglu/miniconda3/envs/orh/lib/python3.10/subprocess.py", line 526, in run
    raise CalledProcessError(retcode, process.args,
subprocess.CalledProcessError: Command 'perl ../../../../../libs/haplocov/addToTableNCBI.pl --metadata metadata.tsv --ref reference.fasta --seq sequences.fasta --outfile out.HaploCoV --nproc 16' returned non-zero exit status 2.
