2025-09-06 15:29:41,589 - INFO - Logging initialized. Log file at: logs/20250906_152941_monkeypox_06_run_recombinhunt.log
2025-09-06 15:29:41,590 - INFO - --- Starting Step 6: Run RecombinHunt for 'monkeypox' ---
2025-09-06 15:29:41,590 - INFO - Loading RecombinHunt environment from: environments/monkeypox/dist3size10
2025-09-06 15:29:41,723 - INFO - Loading lineage totals from 'samples/monkeypox/dist3size10/samples_total.json'
2025-09-06 15:29:41,724 - INFO - Found 90 sample files in 'samples/monkeypox/dist3size10'.
2025-09-06 15:29:41,736 - INFO -   Lineage 'A.2.1', Mode 'all': Processing all 17 samples.
2025-09-06 15:29:42,511 - INFO -   Lineage 'B.1.20.NmC1', Mode 'all': Processing all 92 samples.
2025-09-06 15:29:47,691 - INFO -   Lineage 'B.1.1.NmC1', Mode 'all': Processing all 35 samples.
2025-09-06 15:29:49,708 - INFO -   Lineage 'B.1.2', Mode 'all': Processing all 132 samples.
2025-09-06 15:29:57,266 - INFO -   Lineage 'B.1.3.NmC2', Mode 'all': Processing all 37 samples.
2025-09-06 15:29:59,653 - INFO -   Lineage 'B.1.2.NmC1', Mode 'all': Processing all 56 samples.
2025-09-06 15:30:02,594 - INFO -   Lineage 'C.1', Mode 'all': Processing all 87 samples.
2025-09-06 15:30:06,881 - INFO -   Lineage 'E.2', Mode 'all': Processing all 69 samples.
2025-09-06 15:30:10,238 - INFO -   Lineage 'B.1.12.NmC2', Mode 'all': Processing all 25 samples.
2025-09-06 15:30:11,558 - INFO -   Lineage 'C.1.1', Mode 'all': Processing all 90 samples.
2025-09-06 15:30:16,103 - INFO -   Lineage 'B.1.9', Mode 'all': Processing all 21 samples.
2025-09-06 15:30:17,379 - INFO -   Lineage 'F.2.NmC1', Mode 'all': Processing all 41 samples.
2025-09-06 15:30:19,728 - INFO -   Lineage 'F.1.NmC2', Mode 'all': Processing all 27 samples.
2025-09-06 15:30:21,522 - INFO -   Lineage 'F.4', Mode 'all': Processing all 113 samples.
2025-09-06 15:30:27,261 - INFO -   Lineage 'B.1.5', Mode 'all': Processing all 25 samples.
2025-09-06 15:30:28,643 - INFO -   Lineage 'B.1.7', Mode 'all': Processing all 59 samples.
2025-09-06 15:30:31,723 - INFO -   Lineage 'B.1.8.NmC2', Mode 'all': Processing all 24 samples.
2025-09-06 15:30:32,916 - INFO -   Lineage 'A.2.3', Mode 'all': Processing all 60 samples.
2025-09-06 15:30:35,696 - INFO -   Lineage 'B.1.NmC3', Mode 'all': Processing all 263 samples.
2025-09-06 15:30:52,069 - INFO -   Lineage 'F.1', Mode 'all': Processing all 127 samples.
2025-09-06 15:31:00,083 - INFO -   Lineage 'B.1.16', Mode 'all': Processing all 26 samples.
2025-09-06 15:31:01,465 - INFO -   Lineage 'A.1.NmC3', Mode 'all': Processing all 63 samples.
2025-09-06 15:31:06,417 - INFO -   Lineage 'B.1.13.NmC1', Mode 'all': Processing all 402 samples.
2025-09-06 15:31:31,992 - INFO -   Lineage 'B.1.13', Mode 'all': Processing all 353 samples.
2025-09-06 15:31:55,211 - INFO -   Lineage 'B.1.NmC6', Mode 'all': Processing all 113 samples.
2025-09-06 15:32:01,847 - INFO -   Lineage 'B.1.17.NmC1', Mode 'all': Processing all 375 samples.
2025-09-06 15:32:33,297 - INFO -   Lineage 'A.2.2', Mode 'all': Processing all 140 samples.
2025-09-06 15:32:40,226 - INFO -   Lineage 'B.1.NmC7', Mode 'all': Processing all 172 samples.
2025-09-06 15:32:59,977 - INFO -   Lineage 'B.1.14', Mode 'all': Processing all 40 samples.
2025-09-06 15:33:02,439 - INFO -   Lineage 'B.1.2.NmC2', Mode 'all': Processing all 63 samples.
2025-09-06 15:33:05,697 - INFO -   Lineage 'F.2.NmC2', Mode 'all': Processing all 36 samples.
2025-09-06 15:33:07,621 - INFO -   Lineage 'A.2', Mode 'all': Processing all 62 samples.
2025-09-06 15:33:10,412 - INFO -   Lineage 'B.1.19', Mode 'all': Processing all 13 samples.
2025-09-06 15:33:11,252 - INFO -   Lineage 'C.1.1.NmC1', Mode 'all': Processing all 65 samples.
2025-09-06 15:33:14,685 - INFO -   Lineage 'B.1.22', Mode 'all': Processing all 36 samples.
2025-09-06 15:33:17,488 - INFO -   Lineage 'B.1.17.NmC5', Mode 'all': Processing all 119 samples.
2025-09-06 15:33:29,806 - INFO -   Lineage 'B.1.1', Mode 'all': Processing all 446 samples.
2025-09-06 15:33:48,109 - WARNING - Gap made of only target mutations (How can it be? It's an almost impossible condition). Target mutation that minimizes the loss has been assigned to the right region).
2025-09-06 15:34:04,313 - INFO -   Lineage 'B.1.17.NmC4', Mode 'all': Processing all 116 samples.
2025-09-06 15:34:17,007 - INFO -   Lineage 'B.1.2.NmC3', Mode 'all': Processing all 26 samples.
2025-09-06 15:34:18,354 - INFO -   Lineage 'B.1.3.NmC1', Mode 'all': Processing all 58 samples.
2025-09-06 15:34:21,422 - INFO -   Lineage 'B.1.NmC10', Mode 'all': Processing all 223 samples.
2025-09-06 15:34:37,979 - INFO -   Lineage 'B.1.20', Mode 'all': Processing all 87 samples.
2025-09-06 15:34:44,304 - INFO -   Lineage 'F.5', Mode 'all': Processing all 17 samples.
2025-09-06 15:34:45,148 - INFO -   Lineage 'B.1.11', Mode 'all': Processing all 72 samples.
2025-09-06 15:34:49,698 - INFO -   Lineage 'B.1.17.NmC6', Mode 'all': Processing all 201 samples.
2025-09-06 15:35:06,599 - INFO -   Lineage 'B.1.7.NmC1', Mode 'all': Processing all 49 samples.
2025-09-06 15:35:09,476 - INFO -   Lineage 'F.2', Mode 'all': Processing all 70 samples.
2025-09-06 15:35:13,990 - INFO -   Lineage 'B.1.8.NmC1', Mode 'all': Processing all 21 samples.
2025-09-06 15:35:15,171 - INFO -   Lineage 'B.1.15', Mode 'all': Processing all 19 samples.
2025-09-06 15:35:17,029 - INFO -   Lineage 'B.1.18', Mode 'all': Processing all 68 samples.
2025-09-06 15:35:22,099 - INFO -   Lineage 'B.1.11.NmC1', Mode 'all': Processing all 47 samples.
2025-09-06 15:35:24,972 - INFO -   Lineage 'A.1.NmC2', Mode 'all': Processing all 82 samples.
2025-09-06 15:35:30,825 - INFO -   Lineage 'B.1', Mode 'all': Processing all 452 samples.
2025-09-06 15:35:52,673 - WARNING - Gap made of only target mutations (How can it be? It's an almost impossible condition). Target mutation that minimizes the loss has been assigned to the right region).
2025-09-06 15:36:04,941 - INFO -   Lineage 'B.1.10', Mode 'all': Processing all 103 samples.
2025-09-06 15:36:17,608 - INFO -   Lineage 'A.3', Mode 'all': Processing all 11 samples.
2025-09-06 15:36:18,141 - INFO -   Lineage 'B.1.NmC1', Mode 'all': Processing all 132 samples.
2025-09-06 15:36:29,415 - INFO -   Lineage 'F.1.NmC1', Mode 'all': Processing all 79 samples.
2025-09-06 15:36:34,923 - INFO -   Lineage 'C.1.NmC2', Mode 'all': Processing all 32 samples.
2025-09-06 15:36:36,758 - INFO -   Lineage 'A.1.NmC1', Mode 'all': Processing all 241 samples.
2025-09-06 15:36:53,131 - INFO -   Lineage 'B.1.11.NmC2', Mode 'all': Processing all 36 samples.
2025-09-06 15:36:55,077 - INFO -   Lineage 'B.1.17.NmC2', Mode 'all': Processing all 182 samples.
2025-09-06 15:37:12,328 - INFO -   Lineage 'A.1', Mode 'all': Processing all 16 samples.
2025-09-06 15:37:13,629 - INFO -   Lineage 'F.6', Mode 'all': Processing all 33 samples.
2025-09-06 15:37:16,222 - INFO -   Lineage 'B.1.2.NmC4', Mode 'all': Processing all 23 samples.
2025-09-06 15:37:17,506 - INFO -   Lineage 'B.1.13.NmC3', Mode 'all': Processing all 123 samples.
2025-09-06 15:37:30,566 - INFO -   Lineage 'B.1.6', Mode 'all': Processing all 35 samples.
2025-09-06 15:37:34,026 - INFO -   Lineage 'D.1', Mode 'all': Processing all 25 samples.
2025-09-06 15:37:35,750 - INFO -   Lineage 'B.1.2.NmC6', Mode 'all': Processing all 61 samples.
2025-09-06 15:37:38,925 - INFO -   Lineage 'A', Mode 'all': Processing all 58 samples.
2025-09-06 15:37:40,154 - ERROR -   Error on one sample in lineage A: No candidates found searching in both directions.
Traceback (most recent call last):
  File "/home/topcuoglu/openrecombinhunt/src/06_recombinhunt/run_recombinhunt.py", line 179, in run_recombinhunt_for_lineage
    result = experiment.run()
  File "/home/topcuoglu/openrecombinhunt/libs/recombinhunt-cov-7.0.0/src/recombinhunt/core/method.py", line 663, in run
    L1_reg: Region = search_L(self.merged_df, self.p_merged_df, self.change_probabilities, min_target_len=self.MIN_CANDIDATE_REGION_LENGTH, cache=self.cache)
  File "/home/topcuoglu/openrecombinhunt/libs/recombinhunt-cov-7.0.0/src/recombinhunt/core/method.py", line 1035, in search_L
    raise NoCandidatesFound("No candidates found searching in both directions.")
recombinhunt.core.method.NoCandidatesFound: No candidates found searching in both directions.
2025-09-06 15:37:40,192 - ERROR -   Error on one sample in lineage A: No candidates found searching in both directions.
Traceback (most recent call last):
  File "/home/topcuoglu/openrecombinhunt/src/06_recombinhunt/run_recombinhunt.py", line 179, in run_recombinhunt_for_lineage
    result = experiment.run()
  File "/home/topcuoglu/openrecombinhunt/libs/recombinhunt-cov-7.0.0/src/recombinhunt/core/method.py", line 663, in run
    L1_reg: Region = search_L(self.merged_df, self.p_merged_df, self.change_probabilities, min_target_len=self.MIN_CANDIDATE_REGION_LENGTH, cache=self.cache)
  File "/home/topcuoglu/openrecombinhunt/libs/recombinhunt-cov-7.0.0/src/recombinhunt/core/method.py", line 1035, in search_L
    raise NoCandidatesFound("No candidates found searching in both directions.")
recombinhunt.core.method.NoCandidatesFound: No candidates found searching in both directions.
2025-09-06 15:37:41,942 - INFO -   Lineage 'B.1.NmC5', Mode 'all': Processing all 256 samples.
2025-09-06 15:38:00,819 - INFO -   Lineage 'B.1.2.NmC5', Mode 'all': Processing all 21 samples.
2025-09-06 15:38:01,979 - INFO -   Lineage 'B.1.17', Mode 'all': Processing all 15 samples.
2025-09-06 15:38:03,192 - INFO -   Lineage 'B.1.23', Mode 'all': Processing all 11 samples.
2025-09-06 15:38:03,703 - INFO -   Lineage 'B.1.22.NmC1', Mode 'all': Processing all 23 samples.
2025-09-06 15:38:05,698 - INFO -   Lineage 'B.1.12.NmC1', Mode 'all': Processing all 50 samples.
2025-09-06 15:38:08,319 - INFO -   Lineage 'F.3', Mode 'all': Processing all 76 samples.
2025-09-06 15:38:12,345 - INFO -   Lineage 'B.1.3', Mode 'all': Processing all 115 samples.
2025-09-06 15:38:18,518 - INFO -   Lineage 'B.1.NmC8', Mode 'all': Processing all 55 samples.
2025-09-06 15:38:22,288 - INFO -   Lineage 'B.1.17.NmC3', Mode 'all': Processing all 53 samples.
2025-09-06 15:38:26,090 - INFO -   Lineage 'C.1.NmC1', Mode 'all': Processing all 66 samples.
2025-09-06 15:38:29,740 - INFO -   Lineage 'B.1.NmC9', Mode 'all': Processing all 44 samples.
2025-09-06 15:38:32,293 - INFO -   Lineage 'E.3', Mode 'all': Processing all 17 samples.
2025-09-06 15:38:33,203 - INFO -   Lineage 'B.1.4', Mode 'all': Processing all 29 samples.
2025-09-06 15:38:34,837 - INFO -   Lineage 'E.1', Mode 'all': Processing all 76 samples.
2025-09-06 15:38:38,464 - INFO -   Lineage 'B.1.NmC2', Mode 'all': Processing all 322 samples.
2025-09-06 15:38:50,857 - WARNING - Gap made of only target mutations (How can it be? It's an almost impossible condition). Target mutation that minimizes the loss has been assigned to the right region).
2025-09-06 15:38:59,397 - INFO -   Lineage 'B.1.NmC4', Mode 'all': Processing all 180 samples.
2025-09-06 15:39:01,838 - WARNING - Gap made of only target mutations (How can it be? It's an almost impossible condition). Target mutation that minimizes the loss has been assigned to the right region).
2025-09-06 15:39:20,128 - INFO -   Lineage 'B.1.8', Mode 'all': Processing all 49 samples.
2025-09-06 15:39:23,760 - INFO -   Lineage 'B.1.13.NmC2', Mode 'all': Processing all 242 samples.
2025-09-06 15:39:24,893 - WARNING - Gap made of only target mutations (How can it be? It's an almost impossible condition). Target mutation that minimizes the loss has been assigned to the right region).
2025-09-06 15:39:24,917 - WARNING - Gap made of only target mutations (How can it be? It's an almost impossible condition). Target mutation that minimizes the loss has been assigned to the right region).
2025-09-06 15:39:39,049 - INFO -   Lineage 'B.1.21', Mode 'all': Processing all 75 samples.
2025-09-06 15:39:43,710 - INFO -   Lineage 'B.1.12', Mode 'all': Processing all 86 samples.
2025-09-06 15:39:48,318 - INFO - Recombinant summary saved to: results/recombinhunt_output/monkeypox/dist3size10/recombinant_summary.tsv
2025-09-06 15:39:48,438 - INFO - Saved extensive summary table to: results/recombinhunt_output/monkeypox/dist3size10/recombinant_summary_extensive.tsv
2025-09-06 15:39:48,438 - INFO - Text report saved to: results/recombinhunt_output/monkeypox/dist3size10/experiment-output.all.txt
2025-09-06 15:39:48,438 - INFO - HTML report saved to: results/recombinhunt_output/monkeypox/dist3size10/experiment-detail.all.html
2025-09-06 15:39:48,440 - INFO - RecombinHunt experiment step finished successfully with given config and run mode.
