2025-07-15 16:30:00,375 - INFO - Logging initialized. Log file at: logs/20250715_163000_monkeypox_05.2_create_samples.log
2025-07-15 16:30:00,375 - INFO - --- Starting Step 5.2: Create Samples for 'monkeypox' ---
2025-07-15 16:30:00,375 - INFO - Virus is 'monkeypox'. Using HaploCoV reformatted output as input.
2025-07-15 16:30:00,375 - INFO - Sample files will be saved to: samples/monkeypox/dist3size10
2025-07-15 16:30:00,375 - INFO - Loading data from: results/haplocov_output/monkeypox/dist3size10/haplocov_reformatted.tsv
2025-07-15 16:30:00,453 - INFO - Cleaning data by dropping rows with missing pangoLin or mutations...
2025-07-15 16:30:00,454 - WARNING - Found 1 sequences with missing 'mutations'. They will be dropped.
2025-07-15 16:30:00,454 - WARNING -   Dropped IDs (missing mutations): ['NC_063383.1']
2025-07-15 16:30:00,457 - INFO - Initially, there were 8450 rows.
2025-07-15 16:30:00,458 - INFO - Data cleaning complete. 8449 rows remaining for sample creation.
2025-07-15 16:30:00,458 - INFO - Grouping by lineage and creating sample files...
2025-07-15 16:30:00,462 - INFO -   Saved: samples/monkeypox/dist3size10/samples_A.csv (66 rows)
2025-07-15 16:30:00,464 - INFO -   Saved: samples/monkeypox/dist3size10/samples_A.1.csv (16 rows)
2025-07-15 16:30:00,467 - INFO -   Saved: samples/monkeypox/dist3size10/samples_A.1.NmC1.csv (239 rows)
2025-07-15 16:30:00,469 - INFO -   Saved: samples/monkeypox/dist3size10/samples_A.1.NmC2.csv (80 rows)
2025-07-15 16:30:00,472 - INFO -   Saved: samples/monkeypox/dist3size10/samples_A.1.NmC3.csv (63 rows)
2025-07-15 16:30:00,474 - INFO -   Saved: samples/monkeypox/dist3size10/samples_A.2.csv (33 rows)
2025-07-15 16:30:00,476 - INFO -   Saved: samples/monkeypox/dist3size10/samples_A.2.1.csv (16 rows)
2025-07-15 16:30:00,480 - INFO -   Saved: samples/monkeypox/dist3size10/samples_A.2.2.csv (113 rows)
2025-07-15 16:30:00,482 - INFO -   Saved: samples/monkeypox/dist3size10/samples_A.2.3.csv (59 rows)
2025-07-15 16:30:00,484 - INFO -   Saved: samples/monkeypox/dist3size10/samples_A.3.csv (11 rows)
2025-07-15 16:30:00,492 - INFO -   Saved: samples/monkeypox/dist3size10/samples_B.1.csv (435 rows)
2025-07-15 16:30:00,500 - INFO -   Saved: samples/monkeypox/dist3size10/samples_B.1.1.csv (400 rows)
2025-07-15 16:30:00,502 - INFO -   Saved: samples/monkeypox/dist3size10/samples_B.1.1.NmC1.csv (35 rows)
2025-07-15 16:30:00,505 - INFO -   Saved: samples/monkeypox/dist3size10/samples_B.1.10.csv (103 rows)
2025-07-15 16:30:00,508 - INFO -   Saved: samples/monkeypox/dist3size10/samples_B.1.11.csv (68 rows)
2025-07-15 16:30:00,510 - INFO -   Saved: samples/monkeypox/dist3size10/samples_B.1.11.NmC1.csv (48 rows)
2025-07-15 16:30:00,512 - INFO -   Saved: samples/monkeypox/dist3size10/samples_B.1.11.NmC2.csv (36 rows)
2025-07-15 16:30:00,515 - INFO -   Saved: samples/monkeypox/dist3size10/samples_B.1.12.csv (85 rows)
2025-07-15 16:30:00,517 - INFO -   Saved: samples/monkeypox/dist3size10/samples_B.1.12.NmC1.csv (50 rows)
2025-07-15 16:30:00,519 - INFO -   Saved: samples/monkeypox/dist3size10/samples_B.1.12.NmC2.csv (25 rows)
2025-07-15 16:30:00,527 - INFO -   Saved: samples/monkeypox/dist3size10/samples_B.1.13.csv (383 rows)
2025-07-15 16:30:00,535 - INFO -   Saved: samples/monkeypox/dist3size10/samples_B.1.13.NmC1.csv (393 rows)
2025-07-15 16:30:00,540 - INFO -   Saved: samples/monkeypox/dist3size10/samples_B.1.13.NmC2.csv (231 rows)
2025-07-15 16:30:00,544 - INFO -   Saved: samples/monkeypox/dist3size10/samples_B.1.13.NmC3.csv (122 rows)
2025-07-15 16:30:00,546 - INFO -   Saved: samples/monkeypox/dist3size10/samples_B.1.14.csv (40 rows)
2025-07-15 16:30:00,548 - INFO -   Saved: samples/monkeypox/dist3size10/samples_B.1.15.csv (19 rows)
2025-07-15 16:30:00,550 - INFO -   Saved: samples/monkeypox/dist3size10/samples_B.1.16.csv (26 rows)
2025-07-15 16:30:00,551 - INFO -   Saved: samples/monkeypox/dist3size10/samples_B.1.17.csv (15 rows)
2025-07-15 16:30:00,558 - INFO -   Saved: samples/monkeypox/dist3size10/samples_B.1.17.NmC1.csv (370 rows)
2025-07-15 16:30:00,561 - INFO -   Saved: samples/monkeypox/dist3size10/samples_B.1.17.NmC2.csv (180 rows)
2025-07-15 16:30:00,564 - INFO -   Saved: samples/monkeypox/dist3size10/samples_B.1.17.NmC3.csv (50 rows)
2025-07-15 16:30:00,567 - INFO -   Saved: samples/monkeypox/dist3size10/samples_B.1.17.NmC4.csv (120 rows)
2025-07-15 16:30:00,570 - INFO -   Saved: samples/monkeypox/dist3size10/samples_B.1.17.NmC5.csv (112 rows)
2025-07-15 16:30:00,574 - INFO -   Saved: samples/monkeypox/dist3size10/samples_B.1.17.NmC6.csv (202 rows)
2025-07-15 16:30:00,577 - INFO -   Saved: samples/monkeypox/dist3size10/samples_B.1.18.csv (68 rows)
2025-07-15 16:30:00,578 - INFO -   Saved: samples/monkeypox/dist3size10/samples_B.1.19.csv (15 rows)
2025-07-15 16:30:00,582 - INFO -   Saved: samples/monkeypox/dist3size10/samples_B.1.2.csv (131 rows)
2025-07-15 16:30:00,584 - INFO -   Saved: samples/monkeypox/dist3size10/samples_B.1.2.NmC1.csv (56 rows)
2025-07-15 16:30:00,587 - INFO -   Saved: samples/monkeypox/dist3size10/samples_B.1.2.NmC2.csv (64 rows)
2025-07-15 16:30:00,589 - INFO -   Saved: samples/monkeypox/dist3size10/samples_B.1.2.NmC3.csv (24 rows)
2025-07-15 16:30:00,590 - INFO -   Saved: samples/monkeypox/dist3size10/samples_B.1.2.NmC4.csv (23 rows)
2025-07-15 16:30:00,592 - INFO -   Saved: samples/monkeypox/dist3size10/samples_B.1.2.NmC5.csv (20 rows)
2025-07-15 16:30:00,595 - INFO -   Saved: samples/monkeypox/dist3size10/samples_B.1.2.NmC6.csv (58 rows)
2025-07-15 16:30:00,598 - INFO -   Saved: samples/monkeypox/dist3size10/samples_B.1.20.csv (91 rows)
2025-07-15 16:30:00,601 - INFO -   Saved: samples/monkeypox/dist3size10/samples_B.1.20.NmC1.csv (107 rows)
2025-07-15 16:30:00,604 - INFO -   Saved: samples/monkeypox/dist3size10/samples_B.1.21.csv (74 rows)
2025-07-15 16:30:00,606 - INFO -   Saved: samples/monkeypox/dist3size10/samples_B.1.22.csv (39 rows)
2025-07-15 16:30:00,608 - INFO -   Saved: samples/monkeypox/dist3size10/samples_B.1.22.NmC1.csv (25 rows)
2025-07-15 16:30:00,610 - INFO -   Saved: samples/monkeypox/dist3size10/samples_B.1.23.csv (11 rows)
2025-07-15 16:30:00,613 - INFO -   Saved: samples/monkeypox/dist3size10/samples_B.1.3.csv (113 rows)
2025-07-15 16:30:00,615 - INFO -   Saved: samples/monkeypox/dist3size10/samples_B.1.3.NmC1.csv (57 rows)
2025-07-15 16:30:00,617 - INFO -   Saved: samples/monkeypox/dist3size10/samples_B.1.3.NmC2.csv (34 rows)
2025-07-15 16:30:00,619 - INFO -   Saved: samples/monkeypox/dist3size10/samples_B.1.4.csv (36 rows)
2025-07-15 16:30:00,621 - INFO -   Saved: samples/monkeypox/dist3size10/samples_B.1.5.csv (23 rows)
2025-07-15 16:30:00,623 - INFO -   Saved: samples/monkeypox/dist3size10/samples_B.1.6.csv (46 rows)
2025-07-15 16:30:00,626 - INFO -   Saved: samples/monkeypox/dist3size10/samples_B.1.7.csv (79 rows)
2025-07-15 16:30:00,629 - INFO -   Saved: samples/monkeypox/dist3size10/samples_B.1.7.NmC1.csv (52 rows)
2025-07-15 16:30:00,631 - INFO -   Saved: samples/monkeypox/dist3size10/samples_B.1.8.csv (48 rows)
2025-07-15 16:30:00,633 - INFO -   Saved: samples/monkeypox/dist3size10/samples_B.1.8.NmC1.csv (19 rows)
2025-07-15 16:30:00,634 - INFO -   Saved: samples/monkeypox/dist3size10/samples_B.1.8.NmC2.csv (24 rows)
2025-07-15 16:30:00,636 - INFO -   Saved: samples/monkeypox/dist3size10/samples_B.1.9.csv (21 rows)
2025-07-15 16:30:00,639 - INFO -   Saved: samples/monkeypox/dist3size10/samples_B.1.NmC1.csv (132 rows)
2025-07-15 16:30:00,644 - INFO -   Saved: samples/monkeypox/dist3size10/samples_B.1.NmC10.csv (207 rows)
2025-07-15 16:30:00,650 - INFO -   Saved: samples/monkeypox/dist3size10/samples_B.1.NmC2.csv (320 rows)
2025-07-15 16:30:00,656 - INFO -   Saved: samples/monkeypox/dist3size10/samples_B.1.NmC3.csv (262 rows)
2025-07-15 16:30:00,660 - INFO -   Saved: samples/monkeypox/dist3size10/samples_B.1.NmC4.csv (176 rows)
2025-07-15 16:30:00,666 - INFO -   Saved: samples/monkeypox/dist3size10/samples_B.1.NmC5.csv (252 rows)
2025-07-15 16:30:00,669 - INFO -   Saved: samples/monkeypox/dist3size10/samples_B.1.NmC6.csv (112 rows)
2025-07-15 16:30:00,671 - INFO -   Saved: samples/monkeypox/dist3size10/samples_B.1.NmC7.csv (55 rows)
2025-07-15 16:30:00,675 - INFO -   Saved: samples/monkeypox/dist3size10/samples_B.1.NmC8.csv (158 rows)
2025-07-15 16:30:00,677 - INFO -   Saved: samples/monkeypox/dist3size10/samples_B.1.NmC9.csv (41 rows)
2025-07-15 16:30:00,680 - INFO -   Saved: samples/monkeypox/dist3size10/samples_C.1.csv (87 rows)
2025-07-15 16:30:00,684 - INFO -   Saved: samples/monkeypox/dist3size10/samples_C.1.1.csv (94 rows)
2025-07-15 16:30:00,686 - INFO -   Saved: samples/monkeypox/dist3size10/samples_C.1.1.NmC1.csv (66 rows)
2025-07-15 16:30:00,689 - INFO -   Saved: samples/monkeypox/dist3size10/samples_C.1.NmC1.csv (66 rows)
2025-07-15 16:30:00,691 - INFO -   Saved: samples/monkeypox/dist3size10/samples_C.1.NmC2.csv (32 rows)
2025-07-15 16:30:00,693 - INFO -   Saved: samples/monkeypox/dist3size10/samples_D.1.csv (25 rows)
2025-07-15 16:30:00,696 - INFO -   Saved: samples/monkeypox/dist3size10/samples_E.1.csv (74 rows)
2025-07-15 16:30:00,699 - INFO -   Saved: samples/monkeypox/dist3size10/samples_E.2.csv (63 rows)
2025-07-15 16:30:00,701 - INFO -   Saved: samples/monkeypox/dist3size10/samples_E.3.csv (17 rows)
2025-07-15 16:30:00,705 - INFO -   Saved: samples/monkeypox/dist3size10/samples_F.1.csv (127 rows)
2025-07-15 16:30:00,707 - INFO -   Saved: samples/monkeypox/dist3size10/samples_F.1.NmC1.csv (35 rows)
2025-07-15 16:30:00,710 - INFO -   Saved: samples/monkeypox/dist3size10/samples_F.1.NmC2.csv (79 rows)
2025-07-15 16:30:00,712 - INFO -   Saved: samples/monkeypox/dist3size10/samples_F.2.csv (55 rows)
2025-07-15 16:30:00,715 - INFO -   Saved: samples/monkeypox/dist3size10/samples_F.2.NmC1.csv (41 rows)
2025-07-15 16:30:00,717 - INFO -   Saved: samples/monkeypox/dist3size10/samples_F.2.NmC2.csv (36 rows)
2025-07-15 16:30:00,720 - INFO -   Saved: samples/monkeypox/dist3size10/samples_F.3.csv (78 rows)
2025-07-15 16:30:00,723 - INFO -   Saved: samples/monkeypox/dist3size10/samples_F.4.csv (108 rows)
2025-07-15 16:30:00,725 - INFO -   Saved: samples/monkeypox/dist3size10/samples_F.5.csv (17 rows)
2025-07-15 16:30:00,727 - INFO -   Saved: samples/monkeypox/dist3size10/samples_F.6.csv (32 rows)
2025-07-15 16:30:00,727 - INFO - Saving lineage count summary to: samples/monkeypox/dist3size10/samples_total.json
2025-07-15 16:30:00,729 - INFO - Sample creation step finished successfully.
