2025-08-30 16:30:39,004 - INFO - Logging initialized. Log file at: logs/20250830_163039_yellow-fever_02.1_prep_metadata_ncbi.log
2025-08-30 16:30:39,004 - INFO - Loading raw metadata from data/raw/yellow-fever/raw_metadata.tsv...
2025-08-30 16:30:39,027 - INFO - Step 1: Applying quality filters from config and checking for special characters in ID...
2025-08-30 16:30:39,030 - INFO -   Filter 'Isolate Collection date notna None': Removed 608 rows.
2025-08-30 16:30:39,031 - INFO -   Filter 'Accession notna None': Removed 0 rows.
2025-08-30 16:30:39,032 - INFO -   Filter 'Length notna None': Removed 0 rows.
2025-08-30 16:30:39,033 - INFO -   Filter 'Length >= 9775': Removed 270 rows.
2025-08-30 16:30:39,035 - INFO -   Filter 'Special Chars in ID': Removed 0 rows.
2025-08-30 16:30:39,035 - INFO - Step 2: Processing lineage column...
2025-08-30 16:30:39,035 - INFO - No source lineage column specified ('NONE'). Assigning default lineage 'A.1' to all rows.
2025-08-30 16:30:39,036 - INFO - Step 3: Performing final formatting on date and location columns...
2025-08-30 16:30:39,037 - INFO - Formatting date columns...
2025-08-30 16:30:39,037 - INFO -   - Analyzing and formatting 'Collection date'
2025-08-30 16:30:39,042 - INFO -     Date format statistics for 'Collection date':
2025-08-30 16:30:39,042 - INFO -       YYYY-MM-DD format: 1226
2025-08-30 16:30:39,042 - INFO -       YYYY-MM format   : 40
2025-08-30 16:30:39,042 - INFO -       YYYY format      : 142
2025-08-30 16:30:39,042 - INFO -       Other/unparseable: 0
2025-08-30 16:30:39,042 - INFO -       Missing (NA)     : 0
2025-08-30 16:30:39,046 - INFO -   - Analyzing and formatting 'Submission date'
2025-08-30 16:30:39,051 - INFO -     Date format statistics for 'Submission date':
2025-08-30 16:30:39,051 - INFO -       YYYY-MM-DD format: 0
2025-08-30 16:30:39,051 - INFO -       YYYY-MM format   : 0
2025-08-30 16:30:39,051 - INFO -       YYYY format      : 0
2025-08-30 16:30:39,051 - INFO -       Other/unparseable: 1408
2025-08-30 16:30:39,051 - INFO -       Missing (NA)     : 0
2025-08-30 16:30:39,054 - INFO - Formatting 'Location' column by combining 'Geographic Region' and 'Geographic Location'...
2025-08-30 16:30:39,073 - INFO - Preprocessing complete. Final dataset has 1408 rows.
2025-08-30 16:30:39,073 - INFO - Saving processed metadata (1408 rows) to data/processed/yellow-fever/metadata.tsv...
2025-08-30 16:30:39,077 - INFO - Saving 878 quality-filtered sequence IDs to data/processed/yellow-fever/filtered_sequence_ids.txt...
2025-08-30 16:30:39,077 - INFO - Saving 0 non-classified sequence IDs to data/processed/yellow-fever/non_classified_sequence_ids.txt...
2025-08-30 16:30:39,078 - INFO - Script finished successfully.
