2025-07-14 10:04:20,028 - INFO - Logging initialized. Log file at: logs/20250714_100420_rsv-a_05.1_create_environment.log
2025-07-14 10:04:20,028 - INFO - Virus is 'rsv-a'. Using HaploCoV reformatted output as input.
2025-07-14 10:04:20,028 - INFO - Environment files will be saved to: environments/rsv-a/dist5size50
2025-07-14 10:04:20,028 - INFO - Loading data from: results/haplocov_output/rsv-a/dist5size50/haplocov_reformatted.tsv
2025-07-14 10:04:20,435 - INFO - Calculating change probabilities...
2025-07-14 10:04:20,435 - INFO -   Total sequences for calculation: 23,819
2025-07-14 10:04:21,296 - INFO -   Found 17,039 unique mutations across all sequences.
2025-07-14 10:04:21,370 - INFO -   Finished calculating change probabilities. Shape of result: (17039, 2)
2025-07-14 10:04:21,423 - INFO - Calculating genome and variation counts per lineage...
2025-07-14 10:04:21,425 - INFO -   Found 44 unique lineages in the dataset.
2025-07-14 10:04:24,587 - INFO -   Finished calculating genome and variation counts.
2025-07-14 10:04:24,592 - INFO - 
Calculating 'lc_df.parquet'...
2025-07-14 10:04:24,592 - INFO - 
--- Running common logic: calculating lineage mutation frequencies ---
2025-07-14 10:04:24,592 - INFO - Selected 44 lineages with at least 10 genomes.
2025-07-14 10:04:24,643 - INFO - Removed 0 mutations that were not characteristic of any lineage.
2025-07-14 10:04:24,647 - INFO - lc_df calculation complete.
2025-07-14 10:04:24,647 - INFO - 
Calculating 'change2lineage_probability.parquet'...
2025-07-14 10:04:24,647 - INFO - 
--- Running common logic: calculating lineage mutation frequencies ---
2025-07-14 10:04:24,647 - INFO - Selected 44 lineages with at least 10 genomes.
2025-07-14 10:04:25,093 - INFO - change2lineage_probability calculation complete.
2025-07-14 10:04:25,093 - INFO - 
Calculating 'lc_quality_df.parquet'...
2025-07-14 10:04:25,094 - INFO - lc_quality_df calculation complete.
2025-07-14 10:04:25,094 - INFO - Saving environment files...
2025-07-14 10:04:25,202 - INFO - Environment creation complete.
