2025-08-30 12:19:23,608 - INFO - Logging initialized. Log file at: logs/20250830_121923_rsv-a_05.2_create_samples.log
2025-08-30 12:19:23,609 - INFO - --- Starting Step 5.2: Create Samples for 'rsv-a' ---
2025-08-30 12:19:23,610 - INFO - Virus is 'rsv-a'. Using HaploCoV reformatted output as input.
2025-08-30 12:19:23,610 - INFO - Sample files will be saved to: samples/rsv-a/dist5size50
2025-08-30 12:19:23,610 - INFO - Loading data from: results/haplocov_output/rsv-a/dist5size50/haplocov_reformatted.tsv
2025-08-30 12:19:24,064 - INFO - Cleaning data by dropping rows with missing pangoLin or mutations...
2025-08-30 12:19:24,066 - INFO - Initially, there were 24560 rows.
2025-08-30 12:19:24,066 - INFO - Data cleaning complete. 24560 rows remaining for sample creation.
2025-08-30 12:19:24,067 - INFO - Grouping by lineage and creating sample files...
2025-08-30 12:19:24,121 - INFO -   Saved: samples/rsv-a/dist5size50/samples_A.2.1.csv (366 rows)
2025-08-30 12:19:24,123 - INFO -   Saved: samples/rsv-a/dist5size50/samples_A.2.1.1.csv (31 rows)
2025-08-30 12:19:24,127 - INFO -   Saved: samples/rsv-a/dist5size50/samples_A.3.csv (202 rows)
2025-08-30 12:19:24,140 - INFO -   Saved: samples/rsv-a/dist5size50/samples_A.3.1.csv (1992 rows)
2025-08-30 12:19:24,147 - INFO -   Saved: samples/rsv-a/dist5size50/samples_A.3.1.1.csv (731 rows)
2025-08-30 12:19:24,151 - INFO -   Saved: samples/rsv-a/dist5size50/samples_A.3.1.NmC1.csv (266 rows)
2025-08-30 12:19:24,153 - INFO -   Saved: samples/rsv-a/dist5size50/samples_A.3.1.NmC2.csv (67 rows)
2025-08-30 12:19:24,167 - INFO -   Saved: samples/rsv-a/dist5size50/samples_A.D.csv (2353 rows)
2025-08-30 12:19:24,197 - INFO -   Saved: samples/rsv-a/dist5size50/samples_A.D.1.csv (1413 rows)
2025-08-30 12:19:24,208 - INFO -   Saved: samples/rsv-a/dist5size50/samples_A.D.1.10.csv (52 rows)
2025-08-30 12:19:24,215 - INFO -   Saved: samples/rsv-a/dist5size50/samples_A.D.1.11.csv (36 rows)
2025-08-30 12:19:24,292 - INFO -   Saved: samples/rsv-a/dist5size50/samples_A.D.1.2.csv (465 rows)
2025-08-30 12:19:24,325 - INFO -   Saved: samples/rsv-a/dist5size50/samples_A.D.1.3.csv (154 rows)
2025-08-30 12:19:24,336 - INFO -   Saved: samples/rsv-a/dist5size50/samples_A.D.1.4.csv (50 rows)
2025-08-30 12:19:24,379 - INFO -   Saved: samples/rsv-a/dist5size50/samples_A.D.1.5.csv (246 rows)
2025-08-30 12:19:24,393 - INFO -   Saved: samples/rsv-a/dist5size50/samples_A.D.1.6.csv (77 rows)
2025-08-30 12:19:24,410 - INFO -   Saved: samples/rsv-a/dist5size50/samples_A.D.1.7.csv (89 rows)
2025-08-30 12:19:24,430 - INFO -   Saved: samples/rsv-a/dist5size50/samples_A.D.1.8.csv (105 rows)
2025-08-30 12:19:24,454 - INFO -   Saved: samples/rsv-a/dist5size50/samples_A.D.1.9.csv (133 rows)
2025-08-30 12:19:24,500 - INFO -   Saved: samples/rsv-a/dist5size50/samples_A.D.2.csv (2386 rows)
2025-08-30 12:19:24,504 - INFO -   Saved: samples/rsv-a/dist5size50/samples_A.D.2.1.csv (76 rows)
2025-08-30 12:19:24,511 - INFO -   Saved: samples/rsv-a/dist5size50/samples_A.D.2.2.csv (545 rows)
2025-08-30 12:19:24,514 - INFO -   Saved: samples/rsv-a/dist5size50/samples_A.D.2.2.1.csv (40 rows)
2025-08-30 12:19:24,518 - INFO -   Saved: samples/rsv-a/dist5size50/samples_A.D.2.2.NmC1.csv (394 rows)
2025-08-30 12:19:24,529 - INFO -   Saved: samples/rsv-a/dist5size50/samples_A.D.2.NmC1.csv (464 rows)
2025-08-30 12:19:24,533 - INFO -   Saved: samples/rsv-a/dist5size50/samples_A.D.2.NmC2.csv (132 rows)
2025-08-30 12:19:24,536 - INFO -   Saved: samples/rsv-a/dist5size50/samples_A.D.3.csv (128 rows)
2025-08-30 12:19:24,545 - INFO -   Saved: samples/rsv-a/dist5size50/samples_A.D.3.1.csv (46 rows)
2025-08-30 12:19:24,556 - INFO -   Saved: samples/rsv-a/dist5size50/samples_A.D.3.10.csv (53 rows)
2025-08-30 12:19:24,621 - INFO -   Saved: samples/rsv-a/dist5size50/samples_A.D.3.12.csv (401 rows)
2025-08-30 12:19:24,632 - INFO -   Saved: samples/rsv-a/dist5size50/samples_A.D.3.2.csv (47 rows)
2025-08-30 12:19:24,830 - INFO -   Saved: samples/rsv-a/dist5size50/samples_A.D.3.3.csv (1219 rows)
2025-08-30 12:19:24,836 - INFO -   Saved: samples/rsv-a/dist5size50/samples_A.D.3.4.csv (27 rows)
2025-08-30 12:19:24,842 - INFO -   Saved: samples/rsv-a/dist5size50/samples_A.D.3.6.csv (757 rows)
2025-08-30 12:19:24,847 - INFO -   Saved: samples/rsv-a/dist5size50/samples_A.D.3.7.csv (20 rows)
2025-08-30 12:19:24,866 - INFO -   Saved: samples/rsv-a/dist5size50/samples_A.D.3.8.csv (102 rows)
2025-08-30 12:19:24,872 - INFO -   Saved: samples/rsv-a/dist5size50/samples_A.D.3.NmC1.csv (397 rows)
2025-08-30 12:19:24,880 - INFO -   Saved: samples/rsv-a/dist5size50/samples_A.D.3.NmC2.csv (401 rows)
2025-08-30 12:19:24,884 - INFO -   Saved: samples/rsv-a/dist5size50/samples_A.D.4.csv (176 rows)
2025-08-30 12:19:24,887 - INFO -   Saved: samples/rsv-a/dist5size50/samples_A.D.4.1.csv (103 rows)
2025-08-30 12:19:24,917 - INFO -   Saved: samples/rsv-a/dist5size50/samples_A.D.4.NmC1.csv (2189 rows)
2025-08-30 12:19:24,928 - INFO -   Saved: samples/rsv-a/dist5size50/samples_A.D.4.NmC2.csv (848 rows)
2025-08-30 12:19:24,954 - INFO -   Saved: samples/rsv-a/dist5size50/samples_A.D.4.NmC3.csv (1653 rows)
2025-08-30 12:19:24,956 - INFO -   Saved: samples/rsv-a/dist5size50/samples_A.D.5.csv (115 rows)
2025-08-30 12:19:25,052 - INFO -   Saved: samples/rsv-a/dist5size50/samples_A.D.5.1.csv (539 rows)
2025-08-30 12:19:25,158 - INFO -   Saved: samples/rsv-a/dist5size50/samples_A.D.5.2.csv (543 rows)
2025-08-30 12:19:25,221 - INFO -   Saved: samples/rsv-a/dist5size50/samples_A.D.5.3.csv (354 rows)
2025-08-30 12:19:25,227 - INFO -   Saved: samples/rsv-a/dist5size50/samples_A.D.5.NmC1.csv (425 rows)
2025-08-30 12:19:25,232 - INFO -   Saved: samples/rsv-a/dist5size50/samples_A.D.NmC1.csv (515 rows)
2025-08-30 12:19:25,238 - INFO -   Saved: samples/rsv-a/dist5size50/samples_A.D.NmC2.csv (637 rows)
2025-08-30 12:19:25,239 - INFO - Saving lineage count summary to: samples/rsv-a/dist5size50/samples_total.json
2025-08-30 12:19:25,274 - INFO - Sample creation step finished successfully.
