2025-07-06 11:17:57,813 - INFO - Logging initialized. Log file at: logs/20250706_111757_rsv-a_02.1_prep_metadata_nextstrain.log
2025-07-06 11:17:57,813 - INFO - Loading raw metadata from data/raw/rsv-a/raw_metadata.tsv...
2025-07-06 11:17:58,055 - INFO - Step 1: Applying quality filters from config...
2025-07-06 11:17:58,066 - INFO -   Filter 'accession notna None': Removed 0 rows.
2025-07-06 11:17:58,073 - INFO -   Filter 'date notna None': Removed 0 rows.
2025-07-06 11:17:58,083 - INFO -   Filter 'qc.overallStatus == good': Removed 960 rows.
2025-07-06 11:17:58,090 - INFO -   Filter 'missing_data <= 3': Removed 3889 rows.
2025-07-06 11:17:58,091 - INFO - Step 2: Checking for special characters in ID...
2025-07-06 11:17:58,108 - INFO -   Filter 'Special Chars in ID': Removed 0 rows.
2025-07-06 11:17:58,108 - INFO - Step 3: Processing lineage column...
2025-07-06 11:17:58,108 - INFO - Using source column 'clade' for lineage information.
2025-07-06 11:17:58,114 - INFO -   Identified and removed 0 non-classified rows (missing 'clade').
2025-07-06 11:17:58,114 - INFO - Step 4: Performing final formatting...
2025-07-06 11:17:58,119 - INFO - Formatting date columns...
2025-07-06 11:17:58,121 - INFO -   - Analyzing and formatting 'Collection date'
2025-07-06 11:17:58,148 - INFO -     Removed 2258 rows with incomplete 'XXXX' dates.
2025-07-06 11:17:58,200 - INFO -     Date format statistics for 'Collection date':
2025-07-06 11:17:58,200 - INFO -       YYYY-MM-DD format: 15643
2025-07-06 11:17:58,200 - INFO -       YYYY-MM format   : 0
2025-07-06 11:17:58,200 - INFO -       YYYY format      : 0
2025-07-06 11:17:58,200 - INFO -       Other/unparseable: 8992
2025-07-06 11:17:58,200 - INFO -       Missing (NA)     : 0
2025-07-06 11:17:58,253 - INFO -   - Analyzing and formatting 'Submission date'
2025-07-06 11:17:58,314 - INFO -     Date format statistics for 'Submission date':
2025-07-06 11:17:58,314 - INFO -       YYYY-MM-DD format: 24635
2025-07-06 11:17:58,314 - INFO -       YYYY-MM format   : 0
2025-07-06 11:17:58,314 - INFO -       YYYY format      : 0
2025-07-06 11:17:58,314 - INFO -       Other/unparseable: 0
2025-07-06 11:17:58,314 - INFO -       Missing (NA)     : 0
2025-07-06 11:17:58,370 - INFO - Formatting 'Location' column by combining 'region' and 'country'...
2025-07-06 11:17:58,621 - INFO - Preprocessing complete. Final dataset has 24635 rows.
2025-07-06 11:17:58,626 - INFO - Saving processed metadata (24635 rows) to data/processed/rsv-a/metadata.tsv...
2025-07-06 11:17:58,680 - INFO - Saving 7107 quality-filtered sequence IDs to data/processed/rsv-a/filtered_sequence_ids.txt...
2025-07-06 11:17:58,680 - INFO - Saving 0 non-classified sequence IDs to data/processed/rsv-a/non_classified_sequence_ids.txt...
2025-07-06 11:17:58,680 - INFO - Script finished successfully.
