2025-08-30 13:02:53,972 - INFO - Logging initialized. Log file at: logs/20250830_130253_rsv-b_05.2_create_samples.log
2025-08-30 13:02:53,972 - INFO - --- Starting Step 5.2: Create Samples for 'rsv-b' ---
2025-08-30 13:02:53,972 - INFO - Virus is 'rsv-b'. Using HaploCoV reformatted output as input.
2025-08-30 13:02:53,972 - INFO - Sample files will be saved to: samples/rsv-b/dist5size50
2025-08-30 13:02:53,973 - INFO - Loading data from: results/haplocov_output/rsv-b/dist5size50/haplocov_reformatted.tsv
2025-08-30 13:02:54,274 - INFO - Cleaning data by dropping rows with missing pangoLin or mutations...
2025-08-30 13:02:54,276 - INFO - Initially, there were 18051 rows.
2025-08-30 13:02:54,276 - INFO - Data cleaning complete. 18051 rows remaining for sample creation.
2025-08-30 13:02:54,276 - INFO - Grouping by lineage and creating sample files...
2025-08-30 13:02:54,282 - INFO -   Saved: samples/rsv-b/dist5size50/samples_B.csv (21 rows)
2025-08-30 13:02:54,286 - INFO -   Saved: samples/rsv-b/dist5size50/samples_B.3.csv (60 rows)
2025-08-30 13:02:54,289 - INFO -   Saved: samples/rsv-b/dist5size50/samples_B.D.csv (150 rows)
2025-08-30 13:02:54,294 - INFO -   Saved: samples/rsv-b/dist5size50/samples_B.D.1.csv (334 rows)
2025-08-30 13:02:54,297 - INFO -   Saved: samples/rsv-b/dist5size50/samples_B.D.1.1.csv (115 rows)
2025-08-30 13:02:54,303 - INFO -   Saved: samples/rsv-b/dist5size50/samples_B.D.1.NmC1.csv (605 rows)
2025-08-30 13:02:54,314 - INFO -   Saved: samples/rsv-b/dist5size50/samples_B.D.2.csv (1269 rows)
2025-08-30 13:02:54,321 - INFO -   Saved: samples/rsv-b/dist5size50/samples_B.D.3.csv (433 rows)
2025-08-30 13:02:54,331 - INFO -   Saved: samples/rsv-b/dist5size50/samples_B.D.4.csv (1413 rows)
2025-08-30 13:02:54,336 - INFO -   Saved: samples/rsv-b/dist5size50/samples_B.D.4.1.csv (218 rows)
2025-08-30 13:02:54,344 - INFO -   Saved: samples/rsv-b/dist5size50/samples_B.D.4.1.1.csv (260 rows)
2025-08-30 13:02:54,373 - INFO -   Saved: samples/rsv-b/dist5size50/samples_B.D.4.1.1.NmC1.csv (2215 rows)
2025-08-30 13:02:54,515 - INFO -   Saved: samples/rsv-b/dist5size50/samples_B.D.4.1.2.csv (1305 rows)
2025-08-30 13:02:54,531 - INFO -   Saved: samples/rsv-b/dist5size50/samples_B.D.4.1.3.NmC1.csv (1269 rows)
2025-08-30 13:02:54,541 - INFO -   Saved: samples/rsv-b/dist5size50/samples_B.D.4.NmC1.csv (1212 rows)
2025-08-30 13:02:54,680 - INFO -   Saved: samples/rsv-b/dist5size50/samples_B.D.E.1.csv (1124 rows)
2025-08-30 13:02:54,690 - INFO -   Saved: samples/rsv-b/dist5size50/samples_B.D.E.1.1.csv (68 rows)
2025-08-30 13:02:54,711 - INFO -   Saved: samples/rsv-b/dist5size50/samples_B.D.E.1.2.csv (165 rows)
2025-08-30 13:02:54,717 - INFO -   Saved: samples/rsv-b/dist5size50/samples_B.D.E.1.7.csv (29 rows)
2025-08-30 13:02:54,727 - INFO -   Saved: samples/rsv-b/dist5size50/samples_B.D.E.1.8.csv (76 rows)
2025-08-30 13:02:54,735 - INFO -   Saved: samples/rsv-b/dist5size50/samples_B.D.E.2.csv (853 rows)
2025-08-30 13:02:54,739 - INFO -   Saved: samples/rsv-b/dist5size50/samples_B.D.E.3.csv (125 rows)
2025-08-30 13:02:54,759 - INFO -   Saved: samples/rsv-b/dist5size50/samples_B.D.E.3.NmC1.csv (1318 rows)
2025-08-30 13:02:54,920 - INFO -   Saved: samples/rsv-b/dist5size50/samples_B.D.E.4.csv (1372 rows)
2025-08-30 13:02:54,951 - INFO -   Saved: samples/rsv-b/dist5size50/samples_B.D.E.5.csv (276 rows)
2025-08-30 13:02:54,955 - INFO -   Saved: samples/rsv-b/dist5size50/samples_B.D.E.6.csv (17 rows)
2025-08-30 13:02:54,959 - INFO -   Saved: samples/rsv-b/dist5size50/samples_B.D.E.7.csv (23 rows)
2025-08-30 13:02:54,984 - INFO -   Saved: samples/rsv-b/dist5size50/samples_B.D.NmC1.csv (1726 rows)
2025-08-30 13:02:54,984 - INFO - Saving lineage count summary to: samples/rsv-b/dist5size50/samples_total.json
2025-08-30 13:02:54,988 - INFO - Sample creation step finished successfully.
