2025-09-10 11:22:26,500 - INFO - Logging initialized. Log file at: logs/20250910_112226_zika_05.1_create_environment.log
2025-09-10 11:22:26,501 - INFO - Virus is 'zika'. Using HaploCoV reformatted output as input.
2025-09-10 11:22:26,501 - INFO - Environment files will be saved to: environments/zika/dist3size10
2025-09-10 11:22:26,502 - INFO - Loading data from: results/haplocov_output/zika/dist3size10/haplocov_reformatted.tsv
2025-09-10 11:22:26,520 - INFO - Initial row count: 1,262
2025-09-10 11:22:26,522 - INFO - Dropped 3 rows with missing or empty 'mutations' column.
2025-09-10 11:22:26,523 - INFO - Row count after cleaning: 1,259
2025-09-10 11:22:26,523 - INFO - Calculating change probabilities...
2025-09-10 11:22:26,523 - INFO -   Total sequences for calculation: 1,259
2025-09-10 11:22:26,546 - INFO -   Found 5,829 unique mutations across all sequences.
2025-09-10 11:22:26,555 - INFO -   Finished calculating change probabilities. Shape of result: (5829, 2)
2025-09-10 11:22:26,556 - INFO - Calculating genome and variation counts per lineage...
2025-09-10 11:22:26,557 - INFO -   Found 3 unique lineages in the dataset.
2025-09-10 11:22:26,699 - INFO -   Finished calculating genome and variation counts.
2025-09-10 11:22:26,699 - INFO - 
Calculating 'lc_df.parquet'...
2025-09-10 11:22:26,699 - INFO - 
--- Running common logic: calculating lineage mutation frequencies ---
2025-09-10 11:22:26,699 - INFO - Selected 3 lineages with at least 10 genomes.
2025-09-10 11:22:26,703 - INFO - Removed 0 mutations that were not characteristic of any lineage.
2025-09-10 11:22:26,705 - INFO - lc_df calculation complete.
2025-09-10 11:22:26,705 - INFO - 
Calculating 'change2lineage_probability.parquet'...
2025-09-10 11:22:26,705 - INFO - 
--- Running common logic: calculating lineage mutation frequencies ---
2025-09-10 11:22:26,705 - INFO - Selected 3 lineages with at least 10 genomes.
2025-09-10 11:22:26,785 - INFO - change2lineage_probability calculation complete.
2025-09-10 11:22:26,786 - INFO - 
Calculating 'lc_quality_df.parquet'...
2025-09-10 11:22:26,786 - INFO - lc_quality_df calculation complete.
2025-09-10 11:22:26,786 - INFO - Saving environment files...
2025-09-10 11:22:26,821 - INFO - Environment creation complete.
