2025-07-06 10:54:29,481 - INFO - Logging initialized. Log file at: logs/20250706_105429_rsv-a_02.1_prep_metadata_nextstrain.log
2025-07-06 10:54:29,481 - INFO - Loading raw metadata from data/raw/rsv-a/raw_metadata.tsv...
2025-07-06 10:54:29,724 - INFO - Step 1: Applying quality filters from config...
2025-07-06 10:54:29,734 - INFO -   Filter 'accession notna None': Removed 0 rows.
2025-07-06 10:54:29,741 - INFO -   Filter 'date notna None': Removed 0 rows.
2025-07-06 10:54:29,751 - INFO -   Filter 'qc.overallStatus == good': Removed 960 rows.
2025-07-06 10:54:29,759 - INFO -   Filter 'missing_data <= 3': Removed 3889 rows.
2025-07-06 10:54:29,759 - INFO - Step 2: Checking for special characters in ID...
2025-07-06 10:54:29,776 - INFO -   Filter 'Special Chars in ID': Removed 0 rows.
2025-07-06 10:54:29,776 - INFO - Step 3: Processing lineage column...
2025-07-06 10:54:29,776 - INFO - Using source column 'clade' for lineage information.
2025-07-06 10:54:29,782 - INFO -   Identified and removed 0 non-classified rows (missing 'clade').
2025-07-06 10:54:29,782 - INFO - Step 4: Performing final formatting...
2025-07-06 10:54:29,787 - INFO - Formatting date columns...
2025-07-06 10:54:29,787 - INFO -   - Analyzing and formatting 'Collection date'
2025-07-06 10:54:29,803 - INFO -     Removed 2258 rows with incomplete 'XXXX' dates.
2025-07-06 10:54:29,855 - INFO -     Date format statistics for 'Collection date':
2025-07-06 10:54:29,855 - INFO -       YYYY-MM-DD format: 15643
2025-07-06 10:54:29,855 - INFO -       YYYY-MM format   : 0
2025-07-06 10:54:29,855 - INFO -       YYYY format      : 0
2025-07-06 10:54:29,855 - INFO -       Other/unparseable: 8992
2025-07-06 10:54:29,855 - INFO -       Missing (NA)     : 0
2025-07-06 10:54:31,345 - INFO -   - Analyzing and formatting 'Submission date'
2025-07-06 10:54:31,407 - INFO -     Date format statistics for 'Submission date':
2025-07-06 10:54:31,407 - INFO -       YYYY-MM-DD format: 24635
2025-07-06 10:54:31,407 - INFO -       YYYY-MM format   : 0
2025-07-06 10:54:31,407 - INFO -       YYYY format      : 0
2025-07-06 10:54:31,407 - INFO -       Other/unparseable: 0
2025-07-06 10:54:31,407 - INFO -       Missing (NA)     : 0
