2025-07-20 21:27:30,285 - INFO - Logging initialized. Log file at: logs/20250720_212730_influenza_05.1_create_environment.log
2025-07-20 21:27:30,285 - INFO - Virus is 'influenza'. Using HaploCoV reformatted output as input.
2025-07-20 21:27:30,285 - INFO - Environment files will be saved to: environments/influenza/dist5size50
2025-07-20 21:27:30,285 - INFO - Loading data from: results/haplocov_output/influenza/dist5size50/haplocov_reformatted.tsv
2025-07-20 21:27:30,448 - INFO - Initial row count: 10,283
2025-07-20 21:27:30,453 - INFO - Dropped 1 rows with missing or empty 'mutations' column.
2025-07-20 21:27:30,453 - INFO - Row count after cleaning: 10,282
2025-07-20 21:27:30,454 - INFO - Calculating change probabilities...
2025-07-20 21:27:30,454 - INFO -   Total sequences for calculation: 10,282
2025-07-20 21:27:30,764 - INFO -   Found 1,770 unique mutations across all sequences.
2025-07-20 21:27:30,769 - INFO -   Finished calculating change probabilities. Shape of result: (1770, 2)
2025-07-20 21:27:30,789 - INFO - Calculating genome and variation counts per lineage...
2025-07-20 21:27:30,790 - INFO -   Found 11 unique lineages in the dataset.
2025-07-20 21:27:32,188 - INFO -   Finished calculating genome and variation counts.
2025-07-20 21:27:32,193 - INFO - 
Calculating 'lc_df.parquet'...
2025-07-20 21:27:32,194 - INFO - 
--- Running common logic: calculating lineage mutation frequencies ---
2025-07-20 21:27:32,194 - INFO - Selected 11 lineages with at least 10 genomes.
2025-07-20 21:27:32,201 - INFO - Removed 0 mutations that were not characteristic of any lineage.
2025-07-20 21:27:32,204 - INFO - lc_df calculation complete.
2025-07-20 21:27:32,204 - INFO - 
Calculating 'change2lineage_probability.parquet'...
2025-07-20 21:27:32,204 - INFO - 
--- Running common logic: calculating lineage mutation frequencies ---
2025-07-20 21:27:32,204 - INFO - Selected 11 lineages with at least 10 genomes.
2025-07-20 21:27:32,236 - INFO - change2lineage_probability calculation complete.
2025-07-20 21:27:32,236 - INFO - 
Calculating 'lc_quality_df.parquet'...
2025-07-20 21:27:32,236 - INFO - lc_quality_df calculation complete.
2025-07-20 21:27:32,236 - INFO - Saving environment files...
2025-07-20 21:27:32,272 - INFO - Environment creation complete.
