2025-07-15 11:42:10,834 - INFO - Logging initialized. Log file at: logs/20250715_114210_rsv-b_05.1_create_environment.log
2025-07-15 11:42:10,835 - INFO - Virus is 'rsv-b'. Using HaploCoV reformatted output as input.
2025-07-15 11:42:10,835 - INFO - Environment files will be saved to: environments/rsv-b/dist5size50
2025-07-15 11:42:10,835 - INFO - Loading data from: results/haplocov_output/rsv-b/dist5size50/haplocov_reformatted.tsv
2025-07-15 11:42:11,100 - INFO - Calculating change probabilities...
2025-07-15 11:42:11,100 - INFO -   Total sequences for calculation: 17,264
2025-07-15 11:42:11,655 - INFO -   Found 16,727 unique mutations across all sequences.
2025-07-15 11:42:11,719 - INFO -   Finished calculating change probabilities. Shape of result: (16727, 2)
2025-07-15 11:42:11,751 - INFO - Calculating genome and variation counts per lineage...
2025-07-15 11:42:11,753 - INFO -   Found 22 unique lineages in the dataset.
2025-07-15 11:42:13,871 - INFO -   Finished calculating genome and variation counts.
2025-07-15 11:42:13,873 - INFO - 
Calculating 'lc_df.parquet'...
2025-07-15 11:42:13,873 - INFO - 
--- Running common logic: calculating lineage mutation frequencies ---
2025-07-15 11:42:13,873 - INFO - Selected 22 lineages with at least 10 genomes.
2025-07-15 11:42:13,899 - INFO - Removed 0 mutations that were not characteristic of any lineage.
2025-07-15 11:42:13,901 - INFO - lc_df calculation complete.
2025-07-15 11:42:13,901 - INFO - 
Calculating 'change2lineage_probability.parquet'...
2025-07-15 11:42:13,901 - INFO - 
--- Running common logic: calculating lineage mutation frequencies ---
2025-07-15 11:42:13,901 - INFO - Selected 22 lineages with at least 10 genomes.
2025-07-15 11:42:14,239 - INFO - change2lineage_probability calculation complete.
2025-07-15 11:42:14,239 - INFO - 
Calculating 'lc_quality_df.parquet'...
2025-07-15 11:42:14,239 - INFO - lc_quality_df calculation complete.
2025-07-15 11:42:14,240 - INFO - Saving environment files...
2025-07-15 11:42:14,316 - INFO - Environment creation complete.
