2025-08-30 12:19:16,681 - INFO - Logging initialized. Log file at: logs/20250830_121916_rsv-a_05.1_create_environment.log
2025-08-30 12:19:16,681 - INFO - Virus is 'rsv-a'. Using HaploCoV reformatted output as input.
2025-08-30 12:19:16,681 - INFO - Environment files will be saved to: environments/rsv-a/dist5size50
2025-08-30 12:19:16,681 - INFO - Loading data from: results/haplocov_output/rsv-a/dist5size50/haplocov_reformatted.tsv
2025-08-30 12:19:17,131 - INFO - Initial row count: 24,560
2025-08-30 12:19:17,140 - INFO - Row count after cleaning: 24,560
2025-08-30 12:19:17,140 - INFO - Calculating change probabilities...
2025-08-30 12:19:17,140 - INFO -   Total sequences for calculation: 24,560
2025-08-30 12:19:18,092 - INFO -   Found 17,497 unique mutations across all sequences.
2025-08-30 12:19:18,123 - INFO -   Finished calculating change probabilities. Shape of result: (17497, 2)
2025-08-30 12:19:18,237 - INFO - Calculating genome and variation counts per lineage...
2025-08-30 12:19:18,240 - INFO -   Found 50 unique lineages in the dataset.
2025-08-30 12:19:21,701 - INFO -   Finished calculating genome and variation counts.
2025-08-30 12:19:21,715 - INFO - 
Calculating 'lc_df.parquet'...
2025-08-30 12:19:21,715 - INFO - 
--- Running common logic: calculating lineage mutation frequencies ---
2025-08-30 12:19:21,715 - INFO - Selected 50 lineages with at least 10 genomes.
2025-08-30 12:19:21,783 - INFO - Removed 0 mutations that were not characteristic of any lineage.
2025-08-30 12:19:21,787 - INFO - lc_df calculation complete.
2025-08-30 12:19:21,787 - INFO - 
Calculating 'change2lineage_probability.parquet'...
2025-08-30 12:19:21,787 - INFO - 
--- Running common logic: calculating lineage mutation frequencies ---
2025-08-30 12:19:21,787 - INFO - Selected 50 lineages with at least 10 genomes.
2025-08-30 12:19:22,284 - INFO - change2lineage_probability calculation complete.
2025-08-30 12:19:22,284 - INFO - 
Calculating 'lc_quality_df.parquet'...
2025-08-30 12:19:22,285 - INFO - lc_quality_df calculation complete.
2025-08-30 12:19:22,285 - INFO - Saving environment files...
2025-08-30 12:19:22,861 - INFO - Environment creation complete.
