2025-07-15 13:19:28,146 - INFO - Logging initialized. Log file at: logs/20250715_131928_rsv-b_05.2_create_samples.log
2025-07-15 13:19:28,148 - INFO - --- Starting Step 5.2: Create Samples for 'rsv-b' ---
2025-07-15 13:19:28,148 - INFO - Virus is 'rsv-b'. Using HaploCoV reformatted output as input.
2025-07-15 13:19:28,148 - INFO - Sample files will be saved to: samples/rsv-b/dist5size50
2025-07-15 13:19:28,148 - INFO - Loading data from: results/haplocov_output/rsv-b/dist5size50/haplocov_reformatted.tsv
2025-07-15 13:19:28,416 - INFO - Cleaning data by dropping rows with missing pangoLin or mutations...
2025-07-15 13:19:28,418 - WARNING - Found 1 sequences with missing 'mutations'. They will be dropped.
2025-07-15 13:19:28,418 - WARNING -   Dropped IDs (missing mutations): ['KY078406']
2025-07-15 13:19:28,423 - INFO - Initially, there were 17264 rows.
2025-07-15 13:19:28,423 - INFO - Data cleaning complete. 17263 rows remaining for sample creation.
2025-07-15 13:19:28,423 - INFO - Grouping by lineage and creating sample files...
2025-07-15 13:19:28,429 - INFO -   Saved: samples/rsv-b/dist5size50/samples_B.csv (19 rows)
2025-07-15 13:19:28,431 - INFO -   Saved: samples/rsv-b/dist5size50/samples_B.3.csv (35 rows)
2025-07-15 13:19:28,434 - INFO -   Saved: samples/rsv-b/dist5size50/samples_B.D.csv (140 rows)
2025-07-15 13:19:28,445 - INFO -   Saved: samples/rsv-b/dist5size50/samples_B.D.1.csv (614 rows)
2025-07-15 13:19:28,447 - INFO -   Saved: samples/rsv-b/dist5size50/samples_B.D.1.1.csv (103 rows)
2025-07-15 13:19:28,469 - INFO -   Saved: samples/rsv-b/dist5size50/samples_B.D.1.NmC1.csv (1413 rows)
2025-07-15 13:19:28,477 - INFO -   Saved: samples/rsv-b/dist5size50/samples_B.D.2.csv (652 rows)
2025-07-15 13:19:28,481 - INFO -   Saved: samples/rsv-b/dist5size50/samples_B.D.3.csv (265 rows)
2025-07-15 13:19:28,489 - INFO -   Saved: samples/rsv-b/dist5size50/samples_B.D.4.csv (1013 rows)
2025-07-15 13:19:28,501 - INFO -   Saved: samples/rsv-b/dist5size50/samples_B.D.4.1.csv (1387 rows)
2025-07-15 13:19:28,509 - INFO -   Saved: samples/rsv-b/dist5size50/samples_B.D.4.1.1.csv (256 rows)
2025-07-15 13:19:28,537 - INFO -   Saved: samples/rsv-b/dist5size50/samples_B.D.4.1.1.NmC1.csv (2198 rows)
2025-07-15 13:19:28,673 - INFO -   Saved: samples/rsv-b/dist5size50/samples_B.D.4.1.2.csv (1251 rows)
2025-07-15 13:19:28,675 - INFO -   Saved: samples/rsv-b/dist5size50/samples_B.D.4.1.3.csv (3 rows)
2025-07-15 13:19:28,691 - INFO -   Saved: samples/rsv-b/dist5size50/samples_B.D.4.1.3.NmC1.csv (1270 rows)
2025-07-15 13:19:28,702 - INFO -   Saved: samples/rsv-b/dist5size50/samples_B.D.4.NmC1.csv (1292 rows)
2025-07-15 13:19:28,790 - INFO -   Saved: samples/rsv-b/dist5size50/samples_B.D.E.1.csv (713 rows)
2025-07-15 13:19:28,797 - INFO -   Saved: samples/rsv-b/dist5size50/samples_B.D.E.1.1.csv (46 rows)
2025-07-15 13:19:28,811 - INFO -   Saved: samples/rsv-b/dist5size50/samples_B.D.E.1.2.csv (90 rows)
2025-07-15 13:19:28,823 - INFO -   Saved: samples/rsv-b/dist5size50/samples_B.D.E.2.csv (1499 rows)
2025-07-15 13:19:28,977 - INFO -   Saved: samples/rsv-b/dist5size50/samples_B.D.E.4.csv (1317 rows)
2025-07-15 13:19:29,008 - INFO -   Saved: samples/rsv-b/dist5size50/samples_B.D.E.5.csv (277 rows)
2025-07-15 13:19:29,029 - INFO -   Saved: samples/rsv-b/dist5size50/samples_B.D.NmC1.csv (1410 rows)
2025-07-15 13:19:29,029 - INFO - Saving lineage count summary to: samples/rsv-b/dist5size50/samples_total.json
2025-07-15 13:19:29,032 - INFO - Sample creation step finished successfully.
