2025-09-15 15:05:40,979 - INFO - Logging initialized. Log file at: logs/20250915_150540_rsv-b_pipeline_run.log
2025-09-15 15:05:40,979 - INFO - ================== STARTING PIPELINE FOR: RSV-B ==================
2025-09-15 15:05:40,979 - INFO - --- Executing: /home/topcuoglu/miniconda3/envs/orh/bin/python src/03_haplocov/run_haplocov.py --virus rsv-b --config config/config.yaml ---
2025-09-15 15:09:35,964 - INFO - Stdout from step:
INFO: Logging initialized. Log file at: logs/20250915_150541_rsv-b_03_run_haplocov.log
INFO: --- Starting Step 3: Run HaploCoV for 'rsv-b' ---
INFO: Created temporary working directory: results/haplocov_output/rsv-b/dist5size20/temp_work
INFO: Creating symbolic links for input files in temporary directory...
INFO: Executing HaploCoV with designation_mode: 'both'
INFO: Executing: perl ../../../../../libs/haplocov/addToTableNCBI.pl --metadata metadata.tsv --ref reference.fasta --seq sequences.fasta --outfile out.HaploCoV --nproc 16
INFO: Executing: perl ../../../../../libs/haplocov/computeDefining.pl out.HaploCoV
INFO: Executing: perl ../../../../../libs/haplocov/assign.pl --dfile out.HaploCoV.definingVariants.txt --infile out.HaploCoV --outfile out.HaploCoV.assigned
INFO: Executing: perl ../../../../../libs/haplocov/augmentClusters.pl --metafile out.HaploCoV.assigned --deffile out.HaploCoV.definingVariants.txt --posFile out.HaploCoV.frequentVariants.txt --outfile out.HaploCoV.definingVariantsNew.txt --dist 5 --size 20
INFO: Executing: perl ../../../../../libs/haplocov/assign.pl --dfile out.HaploCoV.definingVariantsNew.txt --infile out.HaploCoV --outfile out.HaploCoV.assignedNew
INFO: Executing: cut -f 10 out.HaploCoV.assignedNew | sort | uniq -c > rsv-b-report.txt
INFO: Moving final output file 'out.HaploCoV.assignedNew' to 'results/haplocov_output/rsv-b/dist5size20/haplocov_assigned.tsv'
INFO: HaploCoV step completed.
INFO: HaploCoV step finished successfully.

2025-09-15 15:09:35,964 - INFO - --- Step Succeeded: /home/topcuoglu/miniconda3/envs/orh/bin/python src/03_haplocov/run_haplocov.py --virus rsv-b --config config/config.yaml ---
2025-09-15 15:09:35,964 - INFO - --- Executing: /home/topcuoglu/miniconda3/envs/orh/bin/python src/04_postprocessing/format_haplocov_variations.py --virus rsv-b --config config/config.yaml ---
2025-09-15 15:09:38,977 - INFO - Stdout from step:
INFO: Logging initialized. Log file at: logs/20250915_150936_rsv-b_04_postprocess_haplocov.log
INFO: Loading HaploCoV output from: results/haplocov_output/rsv-b/dist5size20/haplocov_assigned.tsv
INFO: Reformatting mutations in the 'listV' column...
INFO: Saving reformatted data to: results/haplocov_output/rsv-b/dist5size20/haplocov_reformatted.tsv
INFO: Script finished successfully.

2025-09-15 15:09:38,977 - WARNING - Stderr from step:

Formatting mutations:   0%|          | 0/18051 [00:00<?, ?it/s]
Formatting mutations:  16%|█▋        | 2965/18051 [00:00<00:00, 29641.48it/s]
Formatting mutations:  33%|███▎      | 5930/18051 [00:00<00:00, 22687.55it/s]
Formatting mutations:  46%|████▌     | 8297/18051 [00:00<00:00, 20708.49it/s]
Formatting mutations:  58%|█████▊    | 10420/18051 [00:00<00:00, 17588.20it/s]
Formatting mutations:  68%|██████▊   | 12242/18051 [00:00<00:00, 17175.01it/s]
Formatting mutations:  80%|███████▉  | 14440/18051 [00:00<00:00, 18526.80it/s]
Formatting mutations:  91%|█████████ | 16342/18051 [00:00<00:00, 16242.09it/s]
Formatting mutations: 100%|█████████▉| 18032/18051 [00:01<00:00, 10376.64it/s]
Formatting mutations: 100%|██████████| 18051/18051 [00:01<00:00, 14699.36it/s]

2025-09-15 15:09:38,977 - INFO - --- Step Succeeded: /home/topcuoglu/miniconda3/envs/orh/bin/python src/04_postprocessing/format_haplocov_variations.py --virus rsv-b --config config/config.yaml ---
2025-09-15 15:09:38,978 - INFO - ================== PIPELINE FOR RSV-B FINISHED ==================


