2025-07-20 21:27:32,951 - INFO - Logging initialized. Log file at: logs/20250720_212732_influenza_05.2_create_samples.log
2025-07-20 21:27:32,952 - INFO - --- Starting Step 5.2: Create Samples for 'influenza' ---
2025-07-20 21:27:32,952 - INFO - Virus is 'influenza'. Using HaploCoV reformatted output as input.
2025-07-20 21:27:32,952 - INFO - Sample files will be saved to: samples/influenza/dist5size50
2025-07-20 21:27:32,952 - INFO - Loading data from: results/haplocov_output/influenza/dist5size50/haplocov_reformatted.tsv
2025-07-20 21:27:33,115 - INFO - Cleaning data by dropping rows with missing pangoLin or mutations...
2025-07-20 21:27:33,117 - WARNING - Found 1 sequences with missing 'mutations'. They will be dropped.
2025-07-20 21:27:33,117 - WARNING -   Dropped IDs (missing mutations): ['PV071845.1']
2025-07-20 21:27:33,120 - INFO - Initially, there were 10283 rows.
2025-07-20 21:27:33,120 - INFO - Data cleaning complete. 10282 rows remaining for sample creation.
2025-07-20 21:27:33,120 - INFO - Grouping by lineage and creating sample files...
2025-07-20 21:27:33,160 - INFO -   Saved: samples/influenza/dist5size50/samples_A.1.csv (1082 rows)
2025-07-20 21:27:33,213 - INFO -   Saved: samples/influenza/dist5size50/samples_A.1.NmC1.csv (1556 rows)
2025-07-20 21:27:33,217 - INFO -   Saved: samples/influenza/dist5size50/samples_A.1.NmC10.csv (66 rows)
2025-07-20 21:27:33,289 - INFO -   Saved: samples/influenza/dist5size50/samples_A.1.NmC2.csv (2052 rows)
2025-07-20 21:27:33,304 - INFO -   Saved: samples/influenza/dist5size50/samples_A.1.NmC3.csv (409 rows)
2025-07-20 21:27:33,359 - INFO -   Saved: samples/influenza/dist5size50/samples_A.1.NmC4.csv (1653 rows)
2025-07-20 21:27:33,378 - INFO -   Saved: samples/influenza/dist5size50/samples_A.1.NmC5.csv (518 rows)
2025-07-20 21:27:33,467 - INFO -   Saved: samples/influenza/dist5size50/samples_A.1.NmC6.csv (2579 rows)
2025-07-20 21:27:33,472 - INFO -   Saved: samples/influenza/dist5size50/samples_A.1.NmC7.csv (84 rows)
2025-07-20 21:27:33,476 - INFO -   Saved: samples/influenza/dist5size50/samples_A.1.NmC8.csv (85 rows)
2025-07-20 21:27:33,484 - INFO -   Saved: samples/influenza/dist5size50/samples_A.1.NmC9.csv (198 rows)
2025-07-20 21:27:33,484 - INFO - Saving lineage count summary to: samples/influenza/dist5size50/samples_total.json
2025-07-20 21:27:33,489 - INFO - Sample creation step finished successfully.
