2025-09-04 16:50:06,408 - INFO - Logging initialized. Log file at: logs/20250904_165006_sars-cov-2_pipeline_run.log
2025-09-04 16:50:06,409 - INFO - ================== STARTING PIPELINE FOR: SARS-COV-2 ==================
2025-09-04 16:50:06,409 - INFO - --- Executing: /home/topcuoglu/miniconda3/envs/orh/bin/python src/06_recombinhunt/run_recombinhunt.py --virus sars-cov-2 --config config/config.yaml ---
2025-09-04 17:54:48,821 - INFO - Stdout from step:
INFO: Logging initialized. Log file at: logs/20250904_165007_sars-cov-2_06_run_recombinhunt.log
INFO: --- Starting Step 6: Run RecombinHunt for 'sars-cov-2' ---
INFO: Loading RecombinHunt environment from: environments/sars-cov-2/dist0size0
Starting formal checks of the environment...
INFO: Loading lineage totals from 'samples/sars-cov-2/dist0size0/samples_total.json'
INFO: Found 132 sample files in 'samples/sars-cov-2/dist0size0'.
WARNING: Warning: Running 'all' mode for SARS-CoV-2 may be resource-intensive due to large sample sizes. Reducing to last 6 months.
INFO: Filtering samples to those collected in the last 6 months based on 'Collection date'.
INFO: Initial sample count: 1
INFO: Filtered samples to last 6 months. 0 samples remain.
WARNING: Warning: Running 'all' mode for SARS-CoV-2 may be resource-intensive due to large sample sizes. Reducing to last 6 months.
INFO: Filtering samples to those collected in the last 6 months based on 'Collection date'.
INFO: Initial sample count: 319
INFO: Filtered samples to last 6 months. 0 samples remain.
WARNING: Warning: Running 'all' mode for SARS-CoV-2 may be resource-intensive due to large sample sizes. Reducing to last 6 months.
INFO: Filtering samples to those collected in the last 6 months based on 'Collection date'.
INFO: Initial sample count: 188
INFO: Filtered samples to last 6 months. 0 samples remain.
WARNING: Warning: Running 'all' mode for SARS-CoV-2 may be resource-intensive due to large sample sizes. Reducing to last 6 months.
INFO: Filtering samples to those collected in the last 6 months based on 'Collection date'.
INFO: Initial sample count: 2
INFO: Filtered samples to last 6 months. 0 samples remain.
WARNING: Warning: Running 'all' mode for SARS-CoV-2 may be resource-intensive due to large sample sizes. Reducing to last 6 months.
INFO: Filtering samples to those collected in the last 6 months based on 'Collection date'.
INFO: Initial sample count: 7
INFO: Filtered samples to last 6 months. 0 samples remain.
WARNING: Warning: Running 'all' mode for SARS-CoV-2 may be resource-intensive due to large sample sizes. Reducing to last 6 months.
INFO: Filtering samples to those collected in the last 6 months based on 'Collection date'.
INFO: Initial sample count: 58
INFO: Filtered samples to last 6 months. 0 samples remain.
WARNING: Warning: Running 'all' mode for SARS-CoV-2 may be resource-intensive due to large sample sizes. Reducing to last 6 months.
INFO: Filtering samples to those collected in the last 6 months based on 'Collection date'.
INFO: Initial sample count: 71
INFO: Filtered samples to last 6 months. 0 samples remain.
WARNING: Warning: Running 'all' mode for SARS-CoV-2 may be resource-intensive due to large sample sizes. Reducing to last 6 months.
INFO: Filtering samples to those collected in the last 6 months based on 'Collection date'.
INFO: Initial sample count: 11
INFO: Filtered samples to last 6 months. 0 samples remain.
WARNING: Warning: Running 'all' mode for SARS-CoV-2 may be resource-intensive due to large sample sizes. Reducing to last 6 months.
INFO: Filtering samples to those collected in the last 6 months based on 'Collection date'.
INFO: Initial sample count: 23
INFO: Filtered samples to last 6 months. 0 samples remain.
WARNING: Warning: Running 'all' mode for SARS-CoV-2 may be resource-intensive due to large sample sizes. Reducing to last 6 months.
INFO: Filtering samples to those collected in the last 6 months based on 'Collection date'.
INFO: Initial sample count: 73
INFO: Filtered samples to last 6 months. 0 samples remain.
WARNING: Warning: Running 'all' mode for SARS-CoV-2 may be resource-intensive due to large sample sizes. Reducing to last 6 months.
INFO: Filtering samples to those collected in the last 6 months based on 'Collection date'.
INFO: Initial sample count: 9
INFO: Filtered samples to last 6 months. 9 samples remain.
INFO:   Lineage 'XFP', Mode 'all': Processing all 9 samples.
WARNING: Warning: Running 'all' mode for SARS-CoV-2 may be resource-intensive due to large sample sizes. Reducing to last 6 months.
INFO: Filtering samples to those collected in the last 6 months based on 'Collection date'.
INFO: Initial sample count: 30
INFO: Filtered samples to last 6 months. 0 samples remain.
WARNING: Warning: Running 'all' mode for SARS-CoV-2 may be resource-intensive due to large sample sizes. Reducing to last 6 months.
INFO: Filtering samples to those collected in the last 6 months based on 'Collection date'.
INFO: Initial sample count: 6
INFO: Filtered samples to last 6 months. 0 samples remain.
WARNING: Warning: Running 'all' mode for SARS-CoV-2 may be resource-intensive due to large sample sizes. Reducing to last 6 months.
INFO: Filtering samples to those collected in the last 6 months based on 'Collection date'.
INFO: Initial sample count: 20
INFO: Filtered samples to last 6 months. 0 samples remain.
WARNING: Warning: Running 'all' mode for SARS-CoV-2 may be resource-intensive due to large sample sizes. Reducing to last 6 months.
INFO: Filtering samples to those collected in the last 6 months based on 'Collection date'.
INFO: Initial sample count: 37
INFO: Filtered samples to last 6 months. 0 samples remain.
WARNING: Warning: Running 'all' mode for SARS-CoV-2 may be resource-intensive due to large sample sizes. Reducing to last 6 months.
INFO: Filtering samples to those collected in the last 6 months based on 'Collection date'.
INFO: Initial sample count: 150
INFO: Filtered samples to last 6 months. 0 samples remain.
WARNING: Warning: Running 'all' mode for SARS-CoV-2 may be resource-intensive due to large sample sizes. Reducing to last 6 months.
INFO: Filtering samples to those collected in the last 6 months based on 'Collection date'.
INFO: Initial sample count: 2
INFO: Filtered samples to last 6 months. 0 samples remain.
WARNING: Warning: Running 'all' mode for SARS-CoV-2 may be resource-intensive due to large sample sizes. Reducing to last 6 months.
INFO: Filtering samples to those collected in the last 6 months based on 'Collection date'.
INFO: Initial sample count: 41
INFO: Filtered samples to last 6 months. 0 samples remain.
WARNING: Warning: Running 'all' mode for SARS-CoV-2 may be resource-intensive due to large sample sizes. Reducing to last 6 months.
INFO: Filtering samples to those collected in the last 6 months based on 'Collection date'.
INFO: Initial sample count: 28
INFO: Filtered samples to last 6 months. 0 samples remain.
WARNING: Warning: Running 'all' mode for SARS-CoV-2 may be resource-intensive due to large sample sizes. Reducing to last 6 months.
INFO: Filtering samples to those collected in the last 6 months based on 'Collection date'.
INFO: Initial sample count: 60
INFO: Filtered samples to last 6 months. 0 samples remain.
WARNING: Warning: Running 'all' mode for SARS-CoV-2 may be resource-intensive due to large sample sizes. Reducing to last 6 months.
INFO: Filtering samples to those collected in the last 6 months based on 'Collection date'.
INFO: Initial sample count: 26
INFO: Filtered samples to last 6 months. 0 samples remain.
WARNING: Warning: Running 'all' mode for SARS-CoV-2 may be resource-intensive due to large sample sizes. Reducing to last 6 months.
INFO: Filtering samples to those collected in the last 6 months based on 'Collection date'.
INFO: Initial sample count: 10
INFO: Filtered samples to last 6 months. 0 samples remain.
WARNING: Warning: Running 'all' mode for SARS-CoV-2 may be resource-intensive due to large sample sizes. Reducing to last 6 months.
INFO: Filtering samples to those collected in the last 6 months based on 'Collection date'.
INFO: Initial sample count: 75
INFO: Filtered samples to last 6 months. 0 samples remain.
WARNING: Warning: Running 'all' mode for SARS-CoV-2 may be resource-intensive due to large sample sizes. Reducing to last 6 months.
INFO: Filtering samples to those collected in the last 6 months based on 'Collection date'.
INFO: Initial sample count: 66
INFO: Filtered samples to last 6 months. 0 samples remain.
WARNING: Warning: Running 'all' mode for SARS-CoV-2 may be resource-intensive due to large sample sizes. Reducing to last 6 months.
INFO: Filtering samples to those collected in the last 6 months based on 'Collection date'.
INFO: Initial sample count: 220
INFO: Filtered samples to last 6 months. 1 samples remain.
INFO:   Lineage 'XDY', Mode 'all': Processing all 1 samples.
WARNING: Warning: Running 'all' mode for SARS-CoV-2 may be resource-intensive due to large sample sizes. Reducing to last 6 months.
INFO: Filtering samples to those collected in the last 6 months based on 'Collection date'.
INFO: Initial sample count: 52
INFO: Filtered samples to last 6 months. 0 samples remain.
WARNING: Warning: Running 'all' mode for SARS-CoV-2 may be resource-intensive due to large sample sizes. Reducing to last 6 months.
INFO: Filtering samples to those collected in the last 6 months based on 'Collection date'.
INFO: Initial sample count: 1
INFO: Filtered samples to last 6 months. 0 samples remain.
WARNING: Warning: Running 'all' mode for SARS-CoV-2 may be resource-intensive due to large sample sizes. Reducing to last 6 months.
INFO: Filtering samples to those collected in the last 6 months based on 'Collection date'.
INFO: Initial sample count: 477
INFO: Filtered samples to last 6 months. 0 samples remain.
WARNING: Warning: Running 'all' mode for SARS-CoV-2 may be resource-intensive due to large sample sizes. Reducing to last 6 months.
INFO: Filtering samples to those collected in the last 6 months based on 'Collection date'.
INFO: Initial sample count: 2
INFO: Filtered samples to last 6 months. 0 samples remain.
WARNING: Warning: Running 'all' mode for SARS-CoV-2 may be resource-intensive due to large sample sizes. Reducing to last 6 months.
INFO: Filtering samples to those collected in the last 6 months based on 'Collection date'.
INFO: Initial sample count: 11
INFO: Filtered samples to last 6 months. 0 samples remain.
WARNING: Warning: Running 'all' mode for SARS-CoV-2 may be resource-intensive due to large sample sizes. Reducing to last 6 months.
INFO: Filtering samples to those collected in the last 6 months based on 'Collection date'.
INFO: Initial sample count: 46
INFO: Filtered samples to last 6 months. 0 samples remain.
WARNING: Warning: Running 'all' mode for SARS-CoV-2 may be resource-intensive due to large sample sizes. Reducing to last 6 months.
INFO: Filtering samples to those collected in the last 6 months based on 'Collection date'.
INFO: Initial sample count: 606
INFO: Filtered samples to last 6 months. 0 samples remain.
WARNING: Warning: Running 'all' mode for SARS-CoV-2 may be resource-intensive due to large sample sizes. Reducing to last 6 months.
INFO: Filtering samples to those collected in the last 6 months based on 'Collection date'.
INFO: Initial sample count: 31
INFO: Filtered samples to last 6 months. 0 samples remain.
WARNING: Warning: Running 'all' mode for SARS-CoV-2 may be resource-intensive due to large sample sizes. Reducing to last 6 months.
INFO: Filtering samples to those collected in the last 6 months based on 'Collection date'.
INFO: Initial sample count: 163
INFO: Filtered samples to last 6 months. 0 samples remain.
WARNING: Warning: Running 'all' mode for SARS-CoV-2 may be resource-intensive due to large sample sizes. Reducing to last 6 months.
INFO: Filtering samples to those collected in the last 6 months based on 'Collection date'.
INFO: Initial sample count: 1
INFO: Filtered samples to last 6 months. 0 samples remain.
WARNING: Warning: Running 'all' mode for SARS-CoV-2 may be resource-intensive due to large sample sizes. Reducing to last 6 months.
INFO: Filtering samples to those collected in the last 6 months based on 'Collection date'.
INFO: Initial sample count: 57
INFO: Filtered samples to last 6 months. 0 samples remain.
WARNING: Warning: Running 'all' mode for SARS-CoV-2 may be resource-intensive due to large sample sizes. Reducing to last 6 months.
INFO: Filtering samples to those collected in the last 6 months based on 'Collection date'.
INFO: Initial sample count: 12
INFO: Filtered samples to last 6 months. 0 samples remain.
WARNING: Warning: Running 'all' mode for SARS-CoV-2 may be resource-intensive due to large sample sizes. Reducing to last 6 months.
INFO: Filtering samples to those collected in the last 6 months based on 'Collection date'.
INFO: Initial sample count: 24
INFO: Filtered samples to last 6 months. 0 samples remain.
WARNING: Warning: Running 'all' mode for SARS-CoV-2 may be resource-intensive due to large sample sizes. Reducing to last 6 months.
INFO: Filtering samples to those collected in the last 6 months based on 'Collection date'.
INFO: Initial sample count: 17
INFO: Filtered samples to last 6 months. 0 samples remain.
WARNING: Warning: Running 'all' mode for SARS-CoV-2 may be resource-intensive due to large sample sizes. Reducing to last 6 months.
INFO: Filtering samples to those collected in the last 6 months based on 'Collection date'.
INFO: Initial sample count: 26
INFO: Filtered samples to last 6 months. 0 samples remain.
WARNING: Warning: Running 'all' mode for SARS-CoV-2 may be resource-intensive due to large sample sizes. Reducing to last 6 months.
INFO: Filtering samples to those collected in the last 6 months based on 'Collection date'.
INFO: Initial sample count: 3
INFO: Filtered samples to last 6 months. 0 samples remain.
WARNING: Warning: Running 'all' mode for SARS-CoV-2 may be resource-intensive due to large sample sizes. Reducing to last 6 months.
INFO: Filtering samples to those collected in the last 6 months based on 'Collection date'.
INFO: Initial sample count: 2
INFO: Filtered samples to last 6 months. 0 samples remain.
WARNING: Warning: Running 'all' mode for SARS-CoV-2 may be resource-intensive due to large sample sizes. Reducing to last 6 months.
INFO: Filtering samples to those collected in the last 6 months based on 'Collection date'.
INFO: Initial sample count: 10
INFO: Filtered samples to last 6 months. 0 samples remain.
WARNING: Warning: Running 'all' mode for SARS-CoV-2 may be resource-intensive due to large sample sizes. Reducing to last 6 months.
INFO: Filtering samples to those collected in the last 6 months based on 'Collection date'.
INFO: Initial sample count: 195
INFO: Filtered samples to last 6 months. 0 samples remain.
WARNING: Warning: Running 'all' mode for SARS-CoV-2 may be resource-intensive due to large sample sizes. Reducing to last 6 months.
INFO: Filtering samples to those collected in the last 6 months based on 'Collection date'.
INFO: Initial sample count: 52
INFO: Filtered samples to last 6 months. 0 samples remain.
WARNING: Warning: Running 'all' mode for SARS-CoV-2 may be resource-intensive due to large sample sizes. Reducing to last 6 months.
INFO: Filtering samples to those collected in the last 6 months based on 'Collection date'.
INFO: Initial sample count: 24
INFO: Filtered samples to last 6 months. 24 samples remain.
INFO:   Lineage 'XFJ', Mode 'all': Processing all 24 samples.
WARNING: Warning: Running 'all' mode for SARS-CoV-2 may be resource-intensive due to large sample sizes. Reducing to last 6 months.
INFO: Filtering samples to those collected in the last 6 months based on 'Collection date'.
INFO: Initial sample count: 137
INFO: Filtered samples to last 6 months. 0 samples remain.
WARNING: Warning: Running 'all' mode for SARS-CoV-2 may be resource-intensive due to large sample sizes. Reducing to last 6 months.
INFO: Filtering samples to those collected in the last 6 months based on 'Collection date'.
INFO: Initial sample count: 58
INFO: Filtered samples to last 6 months. 0 samples remain.
WARNING: Warning: Running 'all' mode for SARS-CoV-2 may be resource-intensive due to large sample sizes. Reducing to last 6 months.
INFO: Filtering samples to those collected in the last 6 months based on 'Collection date'.
INFO: Initial sample count: 75
INFO: Filtered samples to last 6 months. 0 samples remain.
WARNING: Warning: Running 'all' mode for SARS-CoV-2 may be resource-intensive due to large sample sizes. Reducing to last 6 months.
INFO: Filtering samples to those collected in the last 6 months based on 'Collection date'.
INFO: Initial sample count: 19
INFO: Filtered samples to last 6 months. 0 samples remain.
WARNING: Warning: Running 'all' mode for SARS-CoV-2 may be resource-intensive due to large sample sizes. Reducing to last 6 months.
INFO: Filtering samples to those collected in the last 6 months based on 'Collection date'.
INFO: Initial sample count: 52
INFO: Filtered samples to last 6 months. 0 samples remain.
WARNING: Warning: Running 'all' mode for SARS-CoV-2 may be resource-intensive due to large sample sizes. Reducing to last 6 months.
INFO: Filtering samples to those collected in the last 6 months based on 'Collection date'.
INFO: Initial sample count: 59
INFO: Filtered samples to last 6 months. 1 samples remain.
INFO:   Lineage 'XES', Mode 'all': Processing all 1 samples.
WARNING: Warning: Running 'all' mode for SARS-CoV-2 may be resource-intensive due to large sample sizes. Reducing to last 6 months.
INFO: Filtering samples to those collected in the last 6 months based on 'Collection date'.
INFO: Initial sample count: 77
INFO: Filtered samples to last 6 months. 0 samples remain.
WARNING: Warning: Running 'all' mode for SARS-CoV-2 may be resource-intensive due to large sample sizes. Reducing to last 6 months.
INFO: Filtering samples to those collected in the last 6 months based on 'Collection date'.
INFO: Initial sample count: 12
INFO: Filtered samples to last 6 months. 0 samples remain.
WARNING: Warning: Running 'all' mode for SARS-CoV-2 may be resource-intensive due to large sample sizes. Reducing to last 6 months.
INFO: Filtering samples to those collected in the last 6 months based on 'Collection date'.
INFO: Initial sample count: 269
INFO: Filtered samples to last 6 months. 41 samples remain.
INFO:   Lineage 'XEQ', Mode 'all': Processing all 41 samples.
WARNING: Warning: Running 'all' mode for SARS-CoV-2 may be resource-intensive due to large sample sizes. Reducing to last 6 months.
INFO: Filtering samples to those collected in the last 6 months based on 'Collection date'.
INFO: Initial sample count: 7
INFO: Filtered samples to last 6 months. 0 samples remain.
WARNING: Warning: Running 'all' mode for SARS-CoV-2 may be resource-intensive due to large sample sizes. Reducing to last 6 months.
INFO: Filtering samples to those collected in the last 6 months based on 'Collection date'.
INFO: Initial sample count: 33
INFO: Filtered samples to last 6 months. 0 samples remain.
WARNING: Warning: Running 'all' mode for SARS-CoV-2 may be resource-intensive due to large sample sizes. Reducing to last 6 months.
INFO: Filtering samples to those collected in the last 6 months based on 'Collection date'.
INFO: Initial sample count: 530
INFO: Filtered samples to last 6 months. 526 samples remain.
INFO:   Lineage 'XFG', Mode 'all': Processing all 526 samples.
ERROR:   Error on one sample in lineage XFG: 
Traceback (most recent call last):
  File "/home/topcuoglu/openrecombinhunt/src/06_recombinhunt/run_recombinhunt.py", line 175, in run_recombinhunt_for_lineage
    assert set(nuc_change_data_list).issubset(set(experiment_environment.c2lp_df.index))
AssertionError
WARNING: Gap made of only target mutations (How can it be? It's an almost impossible condition). Target mutation that minimizes the loss has been assigned to the right region).
ERROR:   Error on one sample in lineage XFG: 
Traceback (most recent call last):
  File "/home/topcuoglu/openrecombinhunt/src/06_recombinhunt/run_recombinhunt.py", line 175, in run_recombinhunt_for_lineage
    assert set(nuc_change_data_list).issubset(set(experiment_environment.c2lp_df.index))
AssertionError
ERROR:   Error on one sample in lineage XFG: 
Traceback (most recent call last):
  File "/home/topcuoglu/openrecombinhunt/src/06_recombinhunt/run_recombinhunt.py", line 175, in run_recombinhunt_for_lineage
    assert set(nuc_change_data_list).issubset(set(experiment_environment.c2lp_df.index))
AssertionError
ERROR:   Error on one sample in lineage XFG: 
Traceback (most recent call last):
  File "/home/topcuoglu/openrecombinhunt/src/06_recombinhunt/run_recombinhunt.py", line 175, in run_recombinhunt_for_lineage
    assert set(nuc_change_data_list).issubset(set(experiment_environment.c2lp_df.index))
AssertionError
ERROR:   Error on one sample in lineage XFG: 
Traceback (most recent call last):
  File "/home/topcuoglu/openrecombinhunt/src/06_recombinhunt/run_recombinhunt.py", line 175, in run_recombinhunt_for_lineage
    assert set(nuc_change_data_list).issubset(set(experiment_environment.c2lp_df.index))
AssertionError
WARNING: Warning: Running 'all' mode for SARS-CoV-2 may be resource-intensive due to large sample sizes. Reducing to last 6 months.
INFO: Filtering samples to those collected in the last 6 months based on 'Collection date'.
INFO: Initial sample count: 4
INFO: Filtered samples to last 6 months. 0 samples remain.
WARNING: Warning: Running 'all' mode for SARS-CoV-2 may be resource-intensive due to large sample sizes. Reducing to last 6 months.
INFO: Filtering samples to those collected in the last 6 months based on 'Collection date'.
INFO: Initial sample count: 33
INFO: Filtered samples to last 6 months. 0 samples remain.
WARNING: Warning: Running 'all' mode for SARS-CoV-2 may be resource-intensive due to large sample sizes. Reducing to last 6 months.
INFO: Filtering samples to those collected in the last 6 months based on 'Collection date'.
INFO: Initial sample count: 81
INFO: Filtered samples to last 6 months. 0 samples remain.
WARNING: Warning: Running 'all' mode for SARS-CoV-2 may be resource-intensive due to large sample sizes. Reducing to last 6 months.
INFO: Filtering samples to those collected in the last 6 months based on 'Collection date'.
INFO: Initial sample count: 4
INFO: Filtered samples to last 6 months. 1 samples remain.
INFO:   Lineage 'XFH', Mode 'all': Processing all 1 samples.
WARNING: Warning: Running 'all' mode for SARS-CoV-2 may be resource-intensive due to large sample sizes. Reducing to last 6 months.
INFO: Filtering samples to those collected in the last 6 months based on 'Collection date'.
INFO: Initial sample count: 289
INFO: Filtered samples to last 6 months. 19 samples remain.
INFO:   Lineage 'XEK', Mode 'all': Processing all 19 samples.
WARNING: Warning: Running 'all' mode for SARS-CoV-2 may be resource-intensive due to large sample sizes. Reducing to last 6 months.
INFO: Filtering samples to those collected in the last 6 months based on 'Collection date'.
INFO: Initial sample count: 13
INFO: Filtered samples to last 6 months. 0 samples remain.
WARNING: Warning: Running 'all' mode for SARS-CoV-2 may be resource-intensive due to large sample sizes. Reducing to last 6 months.
INFO: Filtering samples to those collected in the last 6 months based on 'Collection date'.
INFO: Initial sample count: 83
INFO: Filtered samples to last 6 months. 0 samples remain.
WARNING: Warning: Running 'all' mode for SARS-CoV-2 may be resource-intensive due to large sample sizes. Reducing to last 6 months.
INFO: Filtering samples to those collected in the last 6 months based on 'Collection date'.
INFO: Initial sample count: 37
INFO: Filtered samples to last 6 months. 0 samples remain.
WARNING: Warning: Running 'all' mode for SARS-CoV-2 may be resource-intensive due to large sample sizes. Reducing to last 6 months.
INFO: Filtering samples to those collected in the last 6 months based on 'Collection date'.
INFO: Initial sample count: 70
INFO: Filtered samples to last 6 months. 0 samples remain.
WARNING: Warning: Running 'all' mode for SARS-CoV-2 may be resource-intensive due to large sample sizes. Reducing to last 6 months.
INFO: Filtering samples to those collected in the last 6 months based on 'Collection date'.
INFO: Initial sample count: 103
INFO: Filtered samples to last 6 months. 0 samples remain.
WARNING: Warning: Running 'all' mode for SARS-CoV-2 may be resource-intensive due to large sample sizes. Reducing to last 6 months.
INFO: Filtering samples to those collected in the last 6 months based on 'Collection date'.
INFO: Initial sample count: 65
INFO: Filtered samples to last 6 months. 0 samples remain.
WARNING: Warning: Running 'all' mode for SARS-CoV-2 may be resource-intensive due to large sample sizes. Reducing to last 6 months.
INFO: Filtering samples to those collected in the last 6 months based on 'Collection date'.
INFO: Initial sample count: 3
INFO: Filtered samples to last 6 months. 2 samples remain.
INFO:   Lineage 'XFL', Mode 'all': Processing all 2 samples.
ERROR:   Error on one sample in lineage XFL: 
Traceback (most recent call last):
  File "/home/topcuoglu/openrecombinhunt/src/06_recombinhunt/run_recombinhunt.py", line 175, in run_recombinhunt_for_lineage
    assert set(nuc_change_data_list).issubset(set(experiment_environment.c2lp_df.index))
AssertionError
ERROR:   Error on one sample in lineage XFL: 
Traceback (most recent call last):
  File "/home/topcuoglu/openrecombinhunt/src/06_recombinhunt/run_recombinhunt.py", line 175, in run_recombinhunt_for_lineage
    assert set(nuc_change_data_list).issubset(set(experiment_environment.c2lp_df.index))
AssertionError
WARNING: Warning: Running 'all' mode for SARS-CoV-2 may be resource-intensive due to large sample sizes. Reducing to last 6 months.
INFO: Filtering samples to those collected in the last 6 months based on 'Collection date'.
INFO: Initial sample count: 9
INFO: Filtered samples to last 6 months. 6 samples remain.
INFO:   Lineage 'XFB', Mode 'all': Processing all 6 samples.
WARNING: Warning: Running 'all' mode for SARS-CoV-2 may be resource-intensive due to large sample sizes. Reducing to last 6 months.
INFO: Filtering samples to those collected in the last 6 months based on 'Collection date'.
INFO: Initial sample count: 5350
INFO: Filtered samples to last 6 months. 298 samples remain.
INFO:   Lineage 'XEC', Mode 'all': Processing all 298 samples.
ERROR:   Error on one sample in lineage XEC: 
Traceback (most recent call last):
  File "/home/topcuoglu/openrecombinhunt/src/06_recombinhunt/run_recombinhunt.py", line 175, in run_recombinhunt_for_lineage
    assert set(nuc_change_data_list).issubset(set(experiment_environment.c2lp_df.index))
AssertionError
ERROR:   Error on one sample in lineage XEC: 
Traceback (most recent call last):
  File "/home/topcuoglu/openrecombinhunt/src/06_recombinhunt/run_recombinhunt.py", line 175, in run_recombinhunt_for_lineage
    assert set(nuc_change_data_list).issubset(set(experiment_environment.c2lp_df.index))
AssertionError
ERROR:   Error on one sample in lineage XEC: 
Traceback (most recent call last):
  File "/home/topcuoglu/openrecombinhunt/src/06_recombinhunt/run_recombinhunt.py", line 175, in run_recombinhunt_for_lineage
    assert set(nuc_change_data_list).issubset(set(experiment_environment.c2lp_df.index))
AssertionError
WARNING: Warning: Running 'all' mode for SARS-CoV-2 may be resource-intensive due to large sample sizes. Reducing to last 6 months.
INFO: Filtering samples to those collected in the last 6 months based on 'Collection date'.
INFO: Initial sample count: 35
INFO: Filtered samples to last 6 months. 0 samples remain.
WARNING: Warning: Running 'all' mode for SARS-CoV-2 may be resource-intensive due to large sample sizes. Reducing to last 6 months.
INFO: Filtering samples to those collected in the last 6 months based on 'Collection date'.
INFO: Initial sample count: 31
INFO: Filtered samples to last 6 months. 0 samples remain.
WARNING: Warning: Running 'all' mode for SARS-CoV-2 may be resource-intensive due to large sample sizes. Reducing to last 6 months.
INFO: Filtering samples to those collected in the last 6 months based on 'Collection date'.
INFO: Initial sample count: 2
INFO: Filtered samples to last 6 months. 0 samples remain.
WARNING: Warning: Running 'all' mode for SARS-CoV-2 may be resource-intensive due to large sample sizes. Reducing to last 6 months.
INFO: Filtering samples to those collected in the last 6 months based on 'Collection date'.
INFO: Initial sample count: 8
INFO: Filtered samples to last 6 months. 0 samples remain.
WARNING: Warning: Running 'all' mode for SARS-CoV-2 may be resource-intensive due to large sample sizes. Reducing to last 6 months.
INFO: Filtering samples to those collected in the last 6 months based on 'Collection date'.
INFO: Initial sample count: 150
INFO: Filtered samples to last 6 months. 0 samples remain.
WARNING: Warning: Running 'all' mode for SARS-CoV-2 may be resource-intensive due to large sample sizes. Reducing to last 6 months.
INFO: Filtering samples to those collected in the last 6 months based on 'Collection date'.
INFO: Initial sample count: 72
INFO: Filtered samples to last 6 months. 63 samples remain.
INFO:   Lineage 'XFC', Mode 'all': Processing all 63 samples.
WARNING: Warning: Running 'all' mode for SARS-CoV-2 may be resource-intensive due to large sample sizes. Reducing to last 6 months.
INFO: Filtering samples to those collected in the last 6 months based on 'Collection date'.
INFO: Initial sample count: 12
INFO: Filtered samples to last 6 months. 0 samples remain.
WARNING: Warning: Running 'all' mode for SARS-CoV-2 may be resource-intensive due to large sample sizes. Reducing to last 6 months.
INFO: Filtering samples to those collected in the last 6 months based on 'Collection date'.
INFO: Initial sample count: 10
INFO: Filtered samples to last 6 months. 0 samples remain.
WARNING: Warning: Running 'all' mode for SARS-CoV-2 may be resource-intensive due to large sample sizes. Reducing to last 6 months.
INFO: Filtering samples to those collected in the last 6 months based on 'Collection date'.
INFO: Initial sample count: 4
INFO: Filtered samples to last 6 months. 3 samples remain.
INFO:   Lineage 'XFM', Mode 'all': Processing all 3 samples.
WARNING: Warning: Running 'all' mode for SARS-CoV-2 may be resource-intensive due to large sample sizes. Reducing to last 6 months.
INFO: Filtering samples to those collected in the last 6 months based on 'Collection date'.
INFO: Initial sample count: 4
INFO: Filtered samples to last 6 months. 0 samples remain.
WARNING: Warning: Running 'all' mode for SARS-CoV-2 may be resource-intensive due to large sample sizes. Reducing to last 6 months.
INFO: Filtering samples to those collected in the last 6 months based on 'Collection date'.
INFO: Initial sample count: 3
INFO: Filtered samples to last 6 months. 0 samples remain.
WARNING: Warning: Running 'all' mode for SARS-CoV-2 may be resource-intensive due to large sample sizes. Reducing to last 6 months.
INFO: Filtering samples to those collected in the last 6 months based on 'Collection date'.
INFO: Initial sample count: 5
INFO: Filtered samples to last 6 months. 0 samples remain.
WARNING: Warning: Running 'all' mode for SARS-CoV-2 may be resource-intensive due to large sample sizes. Reducing to last 6 months.
INFO: Filtering samples to those collected in the last 6 months based on 'Collection date'.
INFO: Initial sample count: 84
INFO: Filtered samples to last 6 months. 0 samples remain.
WARNING: Warning: Running 'all' mode for SARS-CoV-2 may be resource-intensive due to large sample sizes. Reducing to last 6 months.
INFO: Filtering samples to those collected in the last 6 months based on 'Collection date'.
INFO: Initial sample count: 5
INFO: Filtered samples to last 6 months. 0 samples remain.
WARNING: Warning: Running 'all' mode for SARS-CoV-2 may be resource-intensive due to large sample sizes. Reducing to last 6 months.
INFO: Filtering samples to those collected in the last 6 months based on 'Collection date'.
INFO: Initial sample count: 51
INFO: Filtered samples to last 6 months. 0 samples remain.
WARNING: Warning: Running 'all' mode for SARS-CoV-2 may be resource-intensive due to large sample sizes. Reducing to last 6 months.
INFO: Filtering samples to those collected in the last 6 months based on 'Collection date'.
INFO: Initial sample count: 190
INFO: Filtered samples to last 6 months. 0 samples remain.
WARNING: Warning: Running 'all' mode for SARS-CoV-2 may be resource-intensive due to large sample sizes. Reducing to last 6 months.
INFO: Filtering samples to those collected in the last 6 months based on 'Collection date'.
INFO: Initial sample count: 1654
INFO: Filtered samples to last 6 months. 0 samples remain.
WARNING: Warning: Running 'all' mode for SARS-CoV-2 may be resource-intensive due to large sample sizes. Reducing to last 6 months.
INFO: Filtering samples to those collected in the last 6 months based on 'Collection date'.
INFO: Initial sample count: 2
INFO: Filtered samples to last 6 months. 1 samples remain.
INFO:   Lineage 'XFA', Mode 'all': Processing all 1 samples.
WARNING: Warning: Running 'all' mode for SARS-CoV-2 may be resource-intensive due to large sample sizes. Reducing to last 6 months.
INFO: Filtering samples to those collected in the last 6 months based on 'Collection date'.
INFO: Initial sample count: 71
INFO: Filtered samples to last 6 months. 0 samples remain.
WARNING: Warning: Running 'all' mode for SARS-CoV-2 may be resource-intensive due to large sample sizes. Reducing to last 6 months.
INFO: Filtering samples to those collected in the last 6 months based on 'Collection date'.
INFO: Initial sample count: 137
INFO: Filtered samples to last 6 months. 0 samples remain.
WARNING: Warning: Running 'all' mode for SARS-CoV-2 may be resource-intensive due to large sample sizes. Reducing to last 6 months.
INFO: Filtering samples to those collected in the last 6 months based on 'Collection date'.
INFO: Initial sample count: 10
INFO: Filtered samples to last 6 months. 0 samples remain.
WARNING: Warning: Running 'all' mode for SARS-CoV-2 may be resource-intensive due to large sample sizes. Reducing to last 6 months.
INFO: Filtering samples to those collected in the last 6 months based on 'Collection date'.
INFO: Initial sample count: 28
INFO: Filtered samples to last 6 months. 1 samples remain.
INFO:   Lineage 'XEN', Mode 'all': Processing all 1 samples.
ERROR:   Error on one sample in lineage XEN: 
Traceback (most recent call last):
  File "/home/topcuoglu/openrecombinhunt/src/06_recombinhunt/run_recombinhunt.py", line 175, in run_recombinhunt_for_lineage
    assert set(nuc_change_data_list).issubset(set(experiment_environment.c2lp_df.index))
AssertionError
WARNING: Warning: Running 'all' mode for SARS-CoV-2 may be resource-intensive due to large sample sizes. Reducing to last 6 months.
INFO: Filtering samples to those collected in the last 6 months based on 'Collection date'.
INFO: Initial sample count: 35
INFO: Filtered samples to last 6 months. 0 samples remain.
WARNING: Warning: Running 'all' mode for SARS-CoV-2 may be resource-intensive due to large sample sizes. Reducing to last 6 months.
INFO: Filtering samples to those collected in the last 6 months based on 'Collection date'.
INFO: Initial sample count: 330
INFO: Filtered samples to last 6 months. 0 samples remain.
WARNING: Warning: Running 'all' mode for SARS-CoV-2 may be resource-intensive due to large sample sizes. Reducing to last 6 months.
INFO: Filtering samples to those collected in the last 6 months based on 'Collection date'.
INFO: Initial sample count: 57
INFO: Filtered samples to last 6 months. 4 samples remain.
INFO:   Lineage 'XEV', Mode 'all': Processing all 4 samples.
WARNING: Warning: Running 'all' mode for SARS-CoV-2 may be resource-intensive due to large sample sizes. Reducing to last 6 months.
INFO: Filtering samples to those collected in the last 6 months based on 'Collection date'.
INFO: Initial sample count: 11
INFO: Filtered samples to last 6 months. 0 samples remain.
WARNING: Warning: Running 'all' mode for SARS-CoV-2 may be resource-intensive due to large sample sizes. Reducing to last 6 months.
INFO: Filtering samples to those collected in the last 6 months based on 'Collection date'.
INFO: Initial sample count: 63
INFO: Filtered samples to last 6 months. 0 samples remain.
WARNING: Warning: Running 'all' mode for SARS-CoV-2 may be resource-intensive due to large sample sizes. Reducing to last 6 months.
INFO: Filtering samples to those collected in the last 6 months based on 'Collection date'.
INFO: Initial sample count: 28
INFO: Filtered samples to last 6 months. 0 samples remain.
WARNING: Warning: Running 'all' mode for SARS-CoV-2 may be resource-intensive due to large sample sizes. Reducing to last 6 months.
INFO: Filtering samples to those collected in the last 6 months based on 'Collection date'.
INFO: Initial sample count: 19
INFO: Filtered samples to last 6 months. 0 samples remain.
WARNING: Warning: Running 'all' mode for SARS-CoV-2 may be resource-intensive due to large sample sizes. Reducing to last 6 months.
INFO: Filtering samples to those collected in the last 6 months based on 'Collection date'.
INFO: Initial sample count: 19
INFO: Filtered samples to last 6 months. 4 samples remain.
INFO:   Lineage 'XEW', Mode 'all': Processing all 4 samples.
WARNING: Warning: Running 'all' mode for SARS-CoV-2 may be resource-intensive due to large sample sizes. Reducing to last 6 months.
INFO: Filtering samples to those collected in the last 6 months based on 'Collection date'.
INFO: Initial sample count: 36
INFO: Filtered samples to last 6 months. 0 samples remain.
WARNING: Warning: Running 'all' mode for SARS-CoV-2 may be resource-intensive due to large sample sizes. Reducing to last 6 months.
INFO: Filtering samples to those collected in the last 6 months based on 'Collection date'.
INFO: Initial sample count: 1
INFO: Filtered samples to last 6 months. 0 samples remain.
WARNING: Warning: Running 'all' mode for SARS-CoV-2 may be resource-intensive due to large sample sizes. Reducing to last 6 months.
INFO: Filtering samples to those collected in the last 6 months based on 'Collection date'.
INFO: Initial sample count: 25
INFO: Filtered samples to last 6 months. 0 samples remain.
WARNING: Warning: Running 'all' mode for SARS-CoV-2 may be resource-intensive due to large sample sizes. Reducing to last 6 months.
INFO: Filtering samples to those collected in the last 6 months based on 'Collection date'.
INFO: Initial sample count: 40
INFO: Filtered samples to last 6 months. 0 samples remain.
WARNING: Warning: Running 'all' mode for SARS-CoV-2 may be resource-intensive due to large sample sizes. Reducing to last 6 months.
INFO: Filtering samples to those collected in the last 6 months based on 'Collection date'.
INFO: Initial sample count: 51
INFO: Filtered samples to last 6 months. 0 samples remain.
WARNING: Warning: Running 'all' mode for SARS-CoV-2 may be resource-intensive due to large sample sizes. Reducing to last 6 months.
INFO: Filtering samples to those collected in the last 6 months based on 'Collection date'.
INFO: Initial sample count: 318
INFO: Filtered samples to last 6 months. 0 samples remain.
WARNING: Warning: Running 'all' mode for SARS-CoV-2 may be resource-intensive due to large sample sizes. Reducing to last 6 months.
INFO: Filtering samples to those collected in the last 6 months based on 'Collection date'.
INFO: Initial sample count: 4
INFO: Filtered samples to last 6 months. 0 samples remain.
WARNING: Warning: Running 'all' mode for SARS-CoV-2 may be resource-intensive due to large sample sizes. Reducing to last 6 months.
INFO: Filtering samples to those collected in the last 6 months based on 'Collection date'.
INFO: Initial sample count: 8
INFO: Filtered samples to last 6 months. 0 samples remain.
WARNING: Warning: Running 'all' mode for SARS-CoV-2 may be resource-intensive due to large sample sizes. Reducing to last 6 months.
INFO: Filtering samples to those collected in the last 6 months based on 'Collection date'.
INFO: Initial sample count: 2
INFO: Filtered samples to last 6 months. 0 samples remain.
WARNING: Warning: Running 'all' mode for SARS-CoV-2 may be resource-intensive due to large sample sizes. Reducing to last 6 months.
INFO: Filtering samples to those collected in the last 6 months based on 'Collection date'.
INFO: Initial sample count: 4
INFO: Filtered samples to last 6 months. 0 samples remain.
WARNING: Warning: Running 'all' mode for SARS-CoV-2 may be resource-intensive due to large sample sizes. Reducing to last 6 months.
INFO: Filtering samples to those collected in the last 6 months based on 'Collection date'.
INFO: Initial sample count: 214
INFO: Filtered samples to last 6 months. 0 samples remain.
WARNING: Warning: Running 'all' mode for SARS-CoV-2 may be resource-intensive due to large sample sizes. Reducing to last 6 months.
INFO: Filtering samples to those collected in the last 6 months based on 'Collection date'.
INFO: Initial sample count: 17
INFO: Filtered samples to last 6 months. 2 samples remain.
INFO:   Lineage 'XEP', Mode 'all': Processing all 2 samples.
WARNING: Warning: Running 'all' mode for SARS-CoV-2 may be resource-intensive due to large sample sizes. Reducing to last 6 months.
INFO: Filtering samples to those collected in the last 6 months based on 'Collection date'.
INFO: Initial sample count: 18
INFO: Filtered samples to last 6 months. 0 samples remain.
WARNING: Warning: Running 'all' mode for SARS-CoV-2 may be resource-intensive due to large sample sizes. Reducing to last 6 months.
INFO: Filtering samples to those collected in the last 6 months based on 'Collection date'.
INFO: Initial sample count: 23
INFO: Filtered samples to last 6 months. 0 samples remain.
WARNING: Warning: Running 'all' mode for SARS-CoV-2 may be resource-intensive due to large sample sizes. Reducing to last 6 months.
INFO: Filtering samples to those collected in the last 6 months based on 'Collection date'.
INFO: Initial sample count: 3
INFO: Filtered samples to last 6 months. 0 samples remain.
WARNING: Warning: Running 'all' mode for SARS-CoV-2 may be resource-intensive due to large sample sizes. Reducing to last 6 months.
INFO: Filtering samples to those collected in the last 6 months based on 'Collection date'.
INFO: Initial sample count: 159
INFO: Filtered samples to last 6 months. 0 samples remain.
WARNING: Warning: Running 'all' mode for SARS-CoV-2 may be resource-intensive due to large sample sizes. Reducing to last 6 months.
INFO: Filtering samples to those collected in the last 6 months based on 'Collection date'.
INFO: Initial sample count: 23
INFO: Filtered samples to last 6 months. 0 samples remain.
WARNING: Warning: Running 'all' mode for SARS-CoV-2 may be resource-intensive due to large sample sizes. Reducing to last 6 months.
INFO: Filtering samples to those collected in the last 6 months based on 'Collection date'.
INFO: Initial sample count: 23
INFO: Filtered samples to last 6 months. 0 samples remain.
WARNING: Warning: Running 'all' mode for SARS-CoV-2 may be resource-intensive due to large sample sizes. Reducing to last 6 months.
INFO: Filtering samples to those collected in the last 6 months based on 'Collection date'.
INFO: Initial sample count: 18
INFO: Filtered samples to last 6 months. 0 samples remain.
WARNING: Warning: Running 'all' mode for SARS-CoV-2 may be resource-intensive due to large sample sizes. Reducing to last 6 months.
INFO: Filtering samples to those collected in the last 6 months based on 'Collection date'.
INFO: Initial sample count: 27
INFO: Filtered samples to last 6 months. 27 samples remain.
INFO:   Lineage 'XFN', Mode 'all': Processing all 27 samples.
WARNING: Warning: Running 'all' mode for SARS-CoV-2 may be resource-intensive due to large sample sizes. Reducing to last 6 months.
INFO: Filtering samples to those collected in the last 6 months based on 'Collection date'.
INFO: Initial sample count: 23
INFO: Filtered samples to last 6 months. 0 samples remain.
WARNING: Warning: Running 'all' mode for SARS-CoV-2 may be resource-intensive due to large sample sizes. Reducing to last 6 months.
INFO: Filtering samples to those collected in the last 6 months based on 'Collection date'.
INFO: Initial sample count: 29
INFO: Filtered samples to last 6 months. 0 samples remain.
WARNING: Warning: Running 'all' mode for SARS-CoV-2 may be resource-intensive due to large sample sizes. Reducing to last 6 months.
INFO: Filtering samples to those collected in the last 6 months based on 'Collection date'.
INFO: Initial sample count: 48
INFO: Filtered samples to last 6 months. 0 samples remain.
WARNING: Warning: Running 'all' mode for SARS-CoV-2 may be resource-intensive due to large sample sizes. Reducing to last 6 months.
INFO: Filtering samples to those collected in the last 6 months based on 'Collection date'.
INFO: Initial sample count: 18
INFO: Filtered samples to last 6 months. 0 samples remain.
WARNING: Warning: Running 'all' mode for SARS-CoV-2 may be resource-intensive due to large sample sizes. Reducing to last 6 months.
INFO: Filtering samples to those collected in the last 6 months based on 'Collection date'.
INFO: Initial sample count: 1
INFO: Filtered samples to last 6 months. 0 samples remain.
WARNING: Warning: Running 'all' mode for SARS-CoV-2 may be resource-intensive due to large sample sizes. Reducing to last 6 months.
INFO: Filtering samples to those collected in the last 6 months based on 'Collection date'.
INFO: Initial sample count: 170
INFO: Filtered samples to last 6 months. 0 samples remain.
WARNING: Warning: Running 'all' mode for SARS-CoV-2 may be resource-intensive due to large sample sizes. Reducing to last 6 months.
INFO: Filtering samples to those collected in the last 6 months based on 'Collection date'.
INFO: Initial sample count: 18
INFO: Filtered samples to last 6 months. 0 samples remain.
WARNING: Warning: Running 'all' mode for SARS-CoV-2 may be resource-intensive due to large sample sizes. Reducing to last 6 months.
INFO: Filtering samples to those collected in the last 6 months based on 'Collection date'.
INFO: Initial sample count: 19
INFO: Filtered samples to last 6 months. 0 samples remain.
WARNING: Warning: Running 'all' mode for SARS-CoV-2 may be resource-intensive due to large sample sizes. Reducing to last 6 months.
INFO: Filtering samples to those collected in the last 6 months based on 'Collection date'.
INFO: Initial sample count: 220
INFO: Filtered samples to last 6 months. 0 samples remain.
WARNING: Warning: Running 'all' mode for SARS-CoV-2 may be resource-intensive due to large sample sizes. Reducing to last 6 months.
INFO: Filtering samples to those collected in the last 6 months based on 'Collection date'.
INFO: Initial sample count: 770
INFO: Filtered samples to last 6 months. 0 samples remain.
INFO: Recombinant summary saved to: results/recombinhunt_output/sars-cov-2/dist0size0/all/recombinant_summary.tsv
INFO: Saved extensive summary table to: results/recombinhunt_output/sars-cov-2/dist0size0/all/recombinant_summary_extensive.tsv
INFO: Text report saved to: results/recombinhunt_output/sars-cov-2/dist0size0/all/experiment-output.all.txt
INFO: HTML report saved to: results/recombinhunt_output/sars-cov-2/dist0size0/all/experiment-detail.all.html
INFO: RecombinHunt experiment step finished successfully with given config and run mode.
INFO: For sars-cov-2, it's recommended to run the CONSENSUS mode next for a comprehensive analysis.
INFO: Now running the CONSENSUS mode as a follow-up step.
INFO: --- Starting Step 6: Run RecombinHunt for 'sars-cov-2' ---
INFO: Loading RecombinHunt environment from: environments/sars-cov-2/dist0size0
Starting formal checks of the environment...
INFO: Loading lineage totals from 'samples/sars-cov-2/dist0size0/samples_total.json'
INFO: Found 132 sample files in 'samples/sars-cov-2/dist0size0'.
INFO: get rid of the collection_date column for all rows - SARS-CoV-2 specific handling.
INFO:   Lineage 'XCJ', Mode 'consensus': Processing 1 consensus sequence.
INFO: get rid of the collection_date column for all rows - SARS-CoV-2 specific handling.
INFO:   Lineage 'XG', Mode 'consensus': Processing 1 consensus sequence.
INFO: get rid of the collection_date column for all rows - SARS-CoV-2 specific handling.
INFO:   Lineage 'XM', Mode 'consensus': Processing 1 consensus sequence.
INFO: get rid of the collection_date column for all rows - SARS-CoV-2 specific handling.
INFO:   Lineage 'XAT', Mode 'consensus': Processing 1 consensus sequence.
INFO: get rid of the collection_date column for all rows - SARS-CoV-2 specific handling.
INFO:   Lineage 'XDV', Mode 'consensus': Processing 1 consensus sequence.
INFO: get rid of the collection_date column for all rows - SARS-CoV-2 specific handling.
INFO:   Lineage 'XCV', Mode 'consensus': Processing 1 consensus sequence.
INFO: get rid of the collection_date column for all rows - SARS-CoV-2 specific handling.
INFO:   Lineage 'XCL', Mode 'consensus': Processing 1 consensus sequence.
INFO: get rid of the collection_date column for all rows - SARS-CoV-2 specific handling.
INFO:   Lineage 'XD', Mode 'consensus': Processing 1 consensus sequence.
INFO: get rid of the collection_date column for all rows - SARS-CoV-2 specific handling.
INFO:   Lineage 'XS', Mode 'consensus': Processing 1 consensus sequence.
INFO: get rid of the collection_date column for all rows - SARS-CoV-2 specific handling.
INFO:   Lineage 'XAM', Mode 'consensus': Processing 1 consensus sequence.
INFO: get rid of the collection_date column for all rows - SARS-CoV-2 specific handling.
INFO:   Lineage 'XFP', Mode 'consensus': Processing 1 consensus sequence.
INFO: get rid of the collection_date column for all rows - SARS-CoV-2 specific handling.
INFO:   Lineage 'XAF', Mode 'consensus': Processing 1 consensus sequence.
INFO: get rid of the collection_date column for all rows - SARS-CoV-2 specific handling.
INFO:   Lineage 'XEJ', Mode 'consensus': Processing 1 consensus sequence.
INFO: get rid of the collection_date column for all rows - SARS-CoV-2 specific handling.
INFO:   Lineage 'XF', Mode 'consensus': Processing 1 consensus sequence.
INFO: get rid of the collection_date column for all rows - SARS-CoV-2 specific handling.
INFO:   Lineage 'XAC', Mode 'consensus': Processing 1 consensus sequence.
INFO: get rid of the collection_date column for all rows - SARS-CoV-2 specific handling.
INFO:   Lineage 'XDK', Mode 'consensus': Processing 1 consensus sequence.
INFO: get rid of the collection_date column for all rows - SARS-CoV-2 specific handling.
INFO:   Lineage 'XDH', Mode 'consensus': Processing 1 consensus sequence.
INFO: get rid of the collection_date column for all rows - SARS-CoV-2 specific handling.
INFO:   Lineage 'XAP', Mode 'consensus': Processing 1 consensus sequence.
INFO: get rid of the collection_date column for all rows - SARS-CoV-2 specific handling.
INFO:   Lineage 'XEE', Mode 'consensus': Processing 1 consensus sequence.
INFO: get rid of the collection_date column for all rows - SARS-CoV-2 specific handling.
INFO:   Lineage 'XAL', Mode 'consensus': Processing 1 consensus sequence.
INFO: get rid of the collection_date column for all rows - SARS-CoV-2 specific handling.
INFO:   Lineage 'XAG', Mode 'consensus': Processing 1 consensus sequence.
INFO: get rid of the collection_date column for all rows - SARS-CoV-2 specific handling.
INFO:   Lineage 'XCQ', Mode 'consensus': Processing 1 consensus sequence.
INFO: get rid of the collection_date column for all rows - SARS-CoV-2 specific handling.
INFO:   Lineage 'XL', Mode 'consensus': Processing 1 consensus sequence.
INFO: get rid of the collection_date column for all rows - SARS-CoV-2 specific handling.
INFO:   Lineage 'XBG', Mode 'consensus': Processing 1 consensus sequence.
INFO: get rid of the collection_date column for all rows - SARS-CoV-2 specific handling.
INFO:   Lineage 'XDY', Mode 'consensus': Processing 1 consensus sequence.
INFO: get rid of the collection_date column for all rows - SARS-CoV-2 specific handling.
INFO:   Lineage 'XBT', Mode 'consensus': Processing 1 consensus sequence.
INFO: get rid of the collection_date column for all rows - SARS-CoV-2 specific handling.
INFO:   Lineage 'XFK', Mode 'consensus': Processing 1 consensus sequence.
INFO: get rid of the collection_date column for all rows - SARS-CoV-2 specific handling.
INFO:   Lineage 'XAZ', Mode 'consensus': Processing 1 consensus sequence.
INFO: get rid of the collection_date column for all rows - SARS-CoV-2 specific handling.
INFO:   Lineage 'XCU', Mode 'consensus': Processing 1 consensus sequence.
INFO: get rid of the collection_date column for all rows - SARS-CoV-2 specific handling.
INFO:   Lineage 'XBH', Mode 'consensus': Processing 1 consensus sequence.
INFO: get rid of the collection_date column for all rows - SARS-CoV-2 specific handling.
INFO:   Lineage 'XAJ', Mode 'consensus': Processing 1 consensus sequence.
INFO: get rid of the collection_date column for all rows - SARS-CoV-2 specific handling.
INFO:   Lineage 'XBF', Mode 'consensus': Processing 1 consensus sequence.
INFO: get rid of the collection_date column for all rows - SARS-CoV-2 specific handling.
INFO:   Lineage 'XCA', Mode 'consensus': Processing 1 consensus sequence.
INFO: get rid of the collection_date column for all rows - SARS-CoV-2 specific handling.
INFO:   Lineage 'XBE', Mode 'consensus': Processing 1 consensus sequence.
INFO: get rid of the collection_date column for all rows - SARS-CoV-2 specific handling.
INFO:   Lineage 'XCS', Mode 'consensus': Processing 1 consensus sequence.
INFO: get rid of the collection_date column for all rows - SARS-CoV-2 specific handling.
INFO:   Lineage 'XAA', Mode 'consensus': Processing 1 consensus sequence.
INFO: get rid of the collection_date column for all rows - SARS-CoV-2 specific handling.
INFO:   Lineage 'XEB', Mode 'consensus': Processing 1 consensus sequence.
INFO: get rid of the collection_date column for all rows - SARS-CoV-2 specific handling.
INFO:   Lineage 'XV', Mode 'consensus': Processing 1 consensus sequence.
INFO: get rid of the collection_date column for all rows - SARS-CoV-2 specific handling.
INFO:   Lineage 'XCZ', Mode 'consensus': Processing 1 consensus sequence.
INFO: get rid of the collection_date column for all rows - SARS-CoV-2 specific handling.
INFO:   Lineage 'XBL', Mode 'consensus': Processing 1 consensus sequence.
INFO: get rid of the collection_date column for all rows - SARS-CoV-2 specific handling.
INFO:   Lineage 'XDF', Mode 'consensus': Processing 1 consensus sequence.
INFO: get rid of the collection_date column for all rows - SARS-CoV-2 specific handling.
INFO:   Lineage 'XER', Mode 'consensus': Processing 1 consensus sequence.
INFO: get rid of the collection_date column for all rows - SARS-CoV-2 specific handling.
INFO:   Lineage 'XDQ', Mode 'consensus': Processing 1 consensus sequence.
INFO: get rid of the collection_date column for all rows - SARS-CoV-2 specific handling.
INFO:   Lineage 'XAS', Mode 'consensus': Processing 1 consensus sequence.
INFO: get rid of the collection_date column for all rows - SARS-CoV-2 specific handling.
INFO:   Lineage 'XCF', Mode 'consensus': Processing 1 consensus sequence.
INFO: get rid of the collection_date column for all rows - SARS-CoV-2 specific handling.
INFO:   Lineage 'XFJ', Mode 'consensus': Processing 1 consensus sequence.
INFO: get rid of the collection_date column for all rows - SARS-CoV-2 specific handling.
INFO:   Lineage 'XDN', Mode 'consensus': Processing 1 consensus sequence.
INFO: get rid of the collection_date column for all rows - SARS-CoV-2 specific handling.
INFO:   Lineage 'XAK', Mode 'consensus': Processing 1 consensus sequence.
INFO: get rid of the collection_date column for all rows - SARS-CoV-2 specific handling.
INFO:   Lineage 'XW', Mode 'consensus': Processing 1 consensus sequence.
INFO: get rid of the collection_date column for all rows - SARS-CoV-2 specific handling.
INFO:   Lineage 'XBN', Mode 'consensus': Processing 1 consensus sequence.
INFO: get rid of the collection_date column for all rows - SARS-CoV-2 specific handling.
INFO:   Lineage 'XP', Mode 'consensus': Processing 1 consensus sequence.
INFO: get rid of the collection_date column for all rows - SARS-CoV-2 specific handling.
INFO:   Lineage 'XES', Mode 'consensus': Processing 1 consensus sequence.
INFO: get rid of the collection_date column for all rows - SARS-CoV-2 specific handling.
INFO:   Lineage 'XCP', Mode 'consensus': Processing 1 consensus sequence.
INFO: get rid of the collection_date column for all rows - SARS-CoV-2 specific handling.
INFO:   Lineage 'XAU', Mode 'consensus': Processing 1 consensus sequence.
INFO: get rid of the collection_date column for all rows - SARS-CoV-2 specific handling.
INFO:   Lineage 'XEQ', Mode 'consensus': Processing 1 consensus sequence.
INFO: get rid of the collection_date column for all rows - SARS-CoV-2 specific handling.
INFO:   Lineage 'XBV', Mode 'consensus': Processing 1 consensus sequence.
INFO: get rid of the collection_date column for all rows - SARS-CoV-2 specific handling.
INFO:   Lineage 'XCM', Mode 'consensus': Processing 1 consensus sequence.
INFO: get rid of the collection_date column for all rows - SARS-CoV-2 specific handling.
INFO:   Lineage 'XFG', Mode 'consensus': Processing 1 consensus sequence.
INFO: get rid of the collection_date column for all rows - SARS-CoV-2 specific handling.
INFO:   Lineage 'XEG', Mode 'consensus': Processing 1 consensus sequence.
INFO: get rid of the collection_date column for all rows - SARS-CoV-2 specific handling.
INFO:   Lineage 'XEL', Mode 'consensus': Processing 1 consensus sequence.
INFO: get rid of the collection_date column for all rows - SARS-CoV-2 specific handling.
INFO:   Lineage 'XBD', Mode 'consensus': Processing 1 consensus sequence.
INFO: get rid of the collection_date column for all rows - SARS-CoV-2 specific handling.
INFO:   Lineage 'XFH', Mode 'consensus': Processing 1 consensus sequence.
INFO: get rid of the collection_date column for all rows - SARS-CoV-2 specific handling.
INFO:   Lineage 'XEK', Mode 'consensus': Processing 1 consensus sequence.
INFO: get rid of the collection_date column for all rows - SARS-CoV-2 specific handling.
INFO:   Lineage 'XCK', Mode 'consensus': Processing 1 consensus sequence.
INFO: get rid of the collection_date column for all rows - SARS-CoV-2 specific handling.
INFO:   Lineage 'XQ', Mode 'consensus': Processing 1 consensus sequence.
INFO: get rid of the collection_date column for all rows - SARS-CoV-2 specific handling.
INFO:   Lineage 'XDL', Mode 'consensus': Processing 1 consensus sequence.
INFO: get rid of the collection_date column for all rows - SARS-CoV-2 specific handling.
INFO:   Lineage 'XAB', Mode 'consensus': Processing 1 consensus sequence.
INFO: get rid of the collection_date column for all rows - SARS-CoV-2 specific handling.
INFO:   Lineage 'XH', Mode 'consensus': Processing 1 consensus sequence.
INFO: get rid of the collection_date column for all rows - SARS-CoV-2 specific handling.
INFO:   Lineage 'XBM', Mode 'consensus': Processing 1 consensus sequence.
INFO: get rid of the collection_date column for all rows - SARS-CoV-2 specific handling.
INFO:   Lineage 'XFL', Mode 'consensus': Processing 1 consensus sequence.
ERROR:   Error on one sample in lineage XFL: 
Traceback (most recent call last):
  File "/home/topcuoglu/openrecombinhunt/src/06_recombinhunt/run_recombinhunt.py", line 175, in run_recombinhunt_for_lineage
    assert set(nuc_change_data_list).issubset(set(experiment_environment.c2lp_df.index))
AssertionError
INFO: get rid of the collection_date column for all rows - SARS-CoV-2 specific handling.
INFO:   Lineage 'XFB', Mode 'consensus': Processing 1 consensus sequence.
INFO: get rid of the collection_date column for all rows - SARS-CoV-2 specific handling.
INFO:   Lineage 'XEC', Mode 'consensus': Processing 1 consensus sequence.
INFO: get rid of the collection_date column for all rows - SARS-CoV-2 specific handling.
INFO:   Lineage 'XA', Mode 'consensus': Processing 1 consensus sequence.
INFO: get rid of the collection_date column for all rows - SARS-CoV-2 specific handling.
INFO:   Lineage 'XCT', Mode 'consensus': Processing 1 consensus sequence.
INFO: get rid of the collection_date column for all rows - SARS-CoV-2 specific handling.
INFO:   Lineage 'XU', Mode 'consensus': Processing 1 consensus sequence.
INFO: get rid of the collection_date column for all rows - SARS-CoV-2 specific handling.
INFO:   Lineage 'XBU', Mode 'consensus': Processing 1 consensus sequence.
INFO: get rid of the collection_date column for all rows - SARS-CoV-2 specific handling.
INFO:   Lineage 'XBZ', Mode 'consensus': Processing 1 consensus sequence.
INFO: get rid of the collection_date column for all rows - SARS-CoV-2 specific handling.
INFO:   Lineage 'XFC', Mode 'consensus': Processing 1 consensus sequence.
INFO: get rid of the collection_date column for all rows - SARS-CoV-2 specific handling.
INFO:   Lineage 'XCC', Mode 'consensus': Processing 1 consensus sequence.
INFO: get rid of the collection_date column for all rows - SARS-CoV-2 specific handling.
INFO:   Lineage 'XDG', Mode 'consensus': Processing 1 consensus sequence.
INFO: get rid of the collection_date column for all rows - SARS-CoV-2 specific handling.
INFO:   Lineage 'XFM', Mode 'consensus': Processing 1 consensus sequence.
INFO: get rid of the collection_date column for all rows - SARS-CoV-2 specific handling.
INFO:   Lineage 'XCE', Mode 'consensus': Processing 1 consensus sequence.
INFO: get rid of the collection_date column for all rows - SARS-CoV-2 specific handling.
INFO:   Lineage 'XDC', Mode 'consensus': Processing 1 consensus sequence.
INFO: get rid of the collection_date column for all rows - SARS-CoV-2 specific handling.
INFO:   Lineage 'XCY', Mode 'consensus': Processing 1 consensus sequence.
INFO: get rid of the collection_date column for all rows - SARS-CoV-2 specific handling.
INFO:   Lineage 'XR', Mode 'consensus': Processing 1 consensus sequence.
INFO: get rid of the collection_date column for all rows - SARS-CoV-2 specific handling.
INFO:   Lineage 'XAH', Mode 'consensus': Processing 1 consensus sequence.
INFO: get rid of the collection_date column for all rows - SARS-CoV-2 specific handling.
INFO:   Lineage 'XCW', Mode 'consensus': Processing 1 consensus sequence.
INFO: get rid of the collection_date column for all rows - SARS-CoV-2 specific handling.
INFO:   Lineage 'XN', Mode 'consensus': Processing 1 consensus sequence.
INFO: get rid of the collection_date column for all rows - SARS-CoV-2 specific handling.
INFO:   Lineage 'XE', Mode 'consensus': Processing 1 consensus sequence.
INFO: get rid of the collection_date column for all rows - SARS-CoV-2 specific handling.
INFO:   Lineage 'XFA', Mode 'consensus': Processing 1 consensus sequence.
INFO: get rid of the collection_date column for all rows - SARS-CoV-2 specific handling.
INFO:   Lineage 'XZ', Mode 'consensus': Processing 1 consensus sequence.
INFO: get rid of the collection_date column for all rows - SARS-CoV-2 specific handling.
INFO:   Lineage 'XBK', Mode 'consensus': Processing 1 consensus sequence.
INFO: get rid of the collection_date column for all rows - SARS-CoV-2 specific handling.
INFO:   Lineage 'XDE', Mode 'consensus': Processing 1 consensus sequence.
INFO: get rid of the collection_date column for all rows - SARS-CoV-2 specific handling.
INFO:   Lineage 'XEN', Mode 'consensus': Processing 1 consensus sequence.
INFO: get rid of the collection_date column for all rows - SARS-CoV-2 specific handling.
INFO:   Lineage 'XDS', Mode 'consensus': Processing 1 consensus sequence.
INFO: get rid of the collection_date column for all rows - SARS-CoV-2 specific handling.
INFO:   Lineage 'XDA', Mode 'consensus': Processing 1 consensus sequence.
INFO: get rid of the collection_date column for all rows - SARS-CoV-2 specific handling.
INFO:   Lineage 'XEV', Mode 'consensus': Processing 1 consensus sequence.
INFO: get rid of the collection_date column for all rows - SARS-CoV-2 specific handling.
INFO:   Lineage 'XBR', Mode 'consensus': Processing 1 consensus sequence.
INFO: get rid of the collection_date column for all rows - SARS-CoV-2 specific handling.
INFO:   Lineage 'XY', Mode 'consensus': Processing 1 consensus sequence.
INFO: get rid of the collection_date column for all rows - SARS-CoV-2 specific handling.
INFO:   Lineage 'XAD', Mode 'consensus': Processing 1 consensus sequence.
INFO: get rid of the collection_date column for all rows - SARS-CoV-2 specific handling.
INFO:   Lineage 'XEU', Mode 'consensus': Processing 1 consensus sequence.
INFO: get rid of the collection_date column for all rows - SARS-CoV-2 specific handling.
INFO:   Lineage 'XEW', Mode 'consensus': Processing 1 consensus sequence.
INFO: get rid of the collection_date column for all rows - SARS-CoV-2 specific handling.
INFO:   Lineage 'XBQ', Mode 'consensus': Processing 1 consensus sequence.
INFO: get rid of the collection_date column for all rows - SARS-CoV-2 specific handling.
INFO:   Lineage 'XAY', Mode 'consensus': Processing 1 consensus sequence.
INFO: get rid of the collection_date column for all rows - SARS-CoV-2 specific handling.
INFO:   Lineage 'XAV', Mode 'consensus': Processing 1 consensus sequence.
INFO: get rid of the collection_date column for all rows - SARS-CoV-2 specific handling.
INFO:   Lineage 'XEH', Mode 'consensus': Processing 1 consensus sequence.
INFO: get rid of the collection_date column for all rows - SARS-CoV-2 specific handling.
INFO:   Lineage 'XAN', Mode 'consensus': Processing 1 consensus sequence.
INFO: get rid of the collection_date column for all rows - SARS-CoV-2 specific handling.
INFO:   Lineage 'XBB', Mode 'consensus': Processing 1 consensus sequence.
INFO: get rid of the collection_date column for all rows - SARS-CoV-2 specific handling.
INFO:   Lineage 'XET', Mode 'consensus': Processing 1 consensus sequence.
INFO: get rid of the collection_date column for all rows - SARS-CoV-2 specific handling.
INFO:   Lineage 'XBJ', Mode 'consensus': Processing 1 consensus sequence.
INFO: get rid of the collection_date column for all rows - SARS-CoV-2 specific handling.
INFO:   Lineage 'XEY', Mode 'consensus': Processing 1 consensus sequence.
INFO: get rid of the collection_date column for all rows - SARS-CoV-2 specific handling.
INFO:   Lineage 'XEM', Mode 'consensus': Processing 1 consensus sequence.
INFO: get rid of the collection_date column for all rows - SARS-CoV-2 specific handling.
INFO:   Lineage 'XDD', Mode 'consensus': Processing 1 consensus sequence.
INFO: get rid of the collection_date column for all rows - SARS-CoV-2 specific handling.
INFO:   Lineage 'XEP', Mode 'consensus': Processing 1 consensus sequence.
INFO: get rid of the collection_date column for all rows - SARS-CoV-2 specific handling.
INFO:   Lineage 'XBS', Mode 'consensus': Processing 1 consensus sequence.
INFO: get rid of the collection_date column for all rows - SARS-CoV-2 specific handling.
INFO:   Lineage 'XBW', Mode 'consensus': Processing 1 consensus sequence.
INFO: get rid of the collection_date column for all rows - SARS-CoV-2 specific handling.
INFO:   Lineage 'XJ', Mode 'consensus': Processing 1 consensus sequence.
INFO: get rid of the collection_date column for all rows - SARS-CoV-2 specific handling.
INFO:   Lineage 'XCH', Mode 'consensus': Processing 1 consensus sequence.
INFO: get rid of the collection_date column for all rows - SARS-CoV-2 specific handling.
INFO:   Lineage 'XDB', Mode 'consensus': Processing 1 consensus sequence.
INFO: get rid of the collection_date column for all rows - SARS-CoV-2 specific handling.
INFO:   Lineage 'XED', Mode 'consensus': Processing 1 consensus sequence.
INFO: get rid of the collection_date column for all rows - SARS-CoV-2 specific handling.
INFO:   Lineage 'XDT', Mode 'consensus': Processing 1 consensus sequence.
INFO: get rid of the collection_date column for all rows - SARS-CoV-2 specific handling.
INFO:   Lineage 'XFN', Mode 'consensus': Processing 1 consensus sequence.
INFO: get rid of the collection_date column for all rows - SARS-CoV-2 specific handling.
INFO:   Lineage 'XDR', Mode 'consensus': Processing 1 consensus sequence.
INFO: get rid of the collection_date column for all rows - SARS-CoV-2 specific handling.
INFO:   Lineage 'XBP', Mode 'consensus': Processing 1 consensus sequence.
INFO: get rid of the collection_date column for all rows - SARS-CoV-2 specific handling.
INFO:   Lineage 'XEF', Mode 'consensus': Processing 1 consensus sequence.
INFO: get rid of the collection_date column for all rows - SARS-CoV-2 specific handling.
INFO:   Lineage 'XAE', Mode 'consensus': Processing 1 consensus sequence.
INFO: get rid of the collection_date column for all rows - SARS-CoV-2 specific handling.
INFO:   Lineage 'XDJ', Mode 'consensus': Processing 1 consensus sequence.
INFO: get rid of the collection_date column for all rows - SARS-CoV-2 specific handling.
INFO:   Lineage 'XCR', Mode 'consensus': Processing 1 consensus sequence.
INFO: get rid of the collection_date column for all rows - SARS-CoV-2 specific handling.
INFO:   Lineage 'XCG', Mode 'consensus': Processing 1 consensus sequence.
INFO: get rid of the collection_date column for all rows - SARS-CoV-2 specific handling.
INFO:   Lineage 'XDM', Mode 'consensus': Processing 1 consensus sequence.
INFO: get rid of the collection_date column for all rows - SARS-CoV-2 specific handling.
INFO:   Lineage 'XDP', Mode 'consensus': Processing 1 consensus sequence.
INFO: get rid of the collection_date column for all rows - SARS-CoV-2 specific handling.
INFO:   Lineage 'XB', Mode 'consensus': Processing 1 consensus sequence.
INFO: Recombinant summary saved to: results/recombinhunt_output/sars-cov-2/dist0size0/consensus/recombinant_summary.tsv
INFO: Saved extensive summary table to: results/recombinhunt_output/sars-cov-2/dist0size0/consensus/recombinant_summary_extensive.tsv
INFO: Text report saved to: results/recombinhunt_output/sars-cov-2/dist0size0/consensus/experiment-output.consensus-0.75.txt
INFO: HTML report saved to: results/recombinhunt_output/sars-cov-2/dist0size0/consensus/experiment-detail.consensus-0.75.html
INFO: Follow-up CONSENSUS mode run finished successfully.

2025-09-04 17:54:48,826 - WARNING - Stderr from step:
/home/topcuoglu/openrecombinhunt/libs/recombinhunt-cov-7.0.0/src/recombinhunt/core/environment.py:237: UserWarning: RecombinHunt 5.+ expects a candidates_hierarchy.json in the environment dir but the file is missing. Backward compatibility is possible by calling Environment.embed_candidates_hierarchy() with a CandidatesHierarchy object. Resorting to default CandidatesHierarchy.
  warnings.warn("RecombinHunt 5.+ expects a candidates_hierarchy.json in the environment dir but the file is missing. Backward compatibility is possible by"

Running Experiments:   0%|          | 0/132 [00:00<?, ?it/s]
Running Experiments:   8%|         | 11/132 [00:33<06:03,  3.00s/it]
Running Experiments:  19%|        | 25/132 [00:36<02:09,  1.21s/it]
Running Experiments:  35%|      | 46/132 [01:56<03:55,  2.74s/it]
Running Experiments:  39%|      | 52/132 [02:00<03:07,  2.34s/it]
Running Experiments:  42%|     | 55/132 [04:19<09:46,  7.62s/it]
Running Experiments:  44%|     | 58/132 [32:56<1:51:34, 90.46s/it]
Running Experiments:  47%|     | 62/132 [33:00<1:22:44, 70.92s/it]
Running Experiments:  48%|     | 63/132 [34:04<1:20:57, 70.40s/it]
Running Experiments:  54%|    | 71/132 [34:25<40:22, 39.71s/it]  
Running Experiments:  55%|    | 72/132 [50:27<1:48:41, 108.69s/it]
Running Experiments:  59%|    | 78/132 [54:06<1:12:28, 80.53s/it] 
Running Experiments:  61%|   | 81/132 [54:16<54:05, 63.63s/it]  
Running Experiments:  68%|   | 90/132 [54:20<23:10, 33.11s/it]
Running Experiments:  73%|  | 97/132 [54:33<12:57, 22.22s/it]
Running Experiments:  77%|  | 102/132 [55:17<09:19, 18.66s/it]
Running Experiments:  86%| | 114/132 [55:23<03:01, 10.08s/it]
Running Experiments:  92%|| 122/132 [56:51<01:43, 10.37s/it]
Running Experiments: 100%|| 132/132 [56:52<00:00, 25.85s/it]
/home/topcuoglu/openrecombinhunt/libs/recombinhunt-cov-7.0.0/src/recombinhunt/core/environment.py:237: UserWarning:

RecombinHunt 5.+ expects a candidates_hierarchy.json in the environment dir but the file is missing. Backward compatibility is possible by calling Environment.embed_candidates_hierarchy() with a CandidatesHierarchy object. Resorting to default CandidatesHierarchy.


Running Experiments:   0%|          | 0/132 [00:00<?, ?it/s]
Running Experiments:   1%|          | 1/132 [00:04<08:47,  4.03s/it]
Running Experiments:   2%|         | 2/132 [00:07<07:50,  3.62s/it]
Running Experiments:   2%|         | 3/132 [00:10<07:18,  3.40s/it]
Running Experiments:   3%|         | 4/132 [00:14<07:36,  3.56s/it]
Running Experiments:   4%|         | 5/132 [00:17<06:53,  3.25s/it]
Running Experiments:   5%|         | 6/132 [00:20<06:48,  3.24s/it]
Running Experiments:   5%|         | 7/132 [00:24<07:16,  3.50s/it]
Running Experiments:   6%|         | 8/132 [00:28<07:28,  3.62s/it]
Running Experiments:   7%|         | 9/132 [00:31<07:06,  3.47s/it]
Running Experiments:   8%|         | 10/132 [00:34<06:48,  3.35s/it]
Running Experiments:   8%|         | 11/132 [00:38<07:06,  3.53s/it]
Running Experiments:   9%|         | 12/132 [00:41<06:49,  3.41s/it]
Running Experiments:  10%|         | 13/132 [00:44<06:20,  3.20s/it]
Running Experiments:  11%|         | 14/132 [00:47<06:16,  3.19s/it]
Running Experiments:  11%|        | 15/132 [00:51<06:34,  3.38s/it]
Running Experiments:  12%|        | 16/132 [00:54<06:25,  3.32s/it]
Running Experiments:  13%|        | 17/132 [00:57<06:18,  3.29s/it]
Running Experiments:  14%|        | 18/132 [01:01<06:32,  3.44s/it]
Running Experiments:  14%|        | 19/132 [01:04<06:06,  3.24s/it]
Running Experiments:  15%|        | 20/132 [01:07<05:59,  3.21s/it]
Running Experiments:  16%|        | 21/132 [01:10<05:57,  3.22s/it]
Running Experiments:  17%|        | 22/132 [01:13<05:52,  3.21s/it]
Running Experiments:  17%|        | 23/132 [01:16<05:48,  3.20s/it]
Running Experiments:  18%|        | 24/132 [01:20<06:08,  3.42s/it]
Running Experiments:  19%|        | 25/132 [01:23<05:43,  3.21s/it]
Running Experiments:  20%|        | 26/132 [01:27<06:04,  3.43s/it]
Running Experiments:  20%|        | 27/132 [01:30<05:38,  3.23s/it]
Running Experiments:  21%|        | 28/132 [01:33<05:35,  3.23s/it]
Running Experiments:  22%|       | 29/132 [01:37<05:58,  3.48s/it]
Running Experiments:  23%|       | 30/132 [01:41<06:06,  3.60s/it]
Running Experiments:  23%|       | 31/132 [01:44<05:39,  3.36s/it]
Running Experiments:  24%|       | 32/132 [01:51<07:50,  4.70s/it]
Running Experiments:  25%|       | 33/132 [01:55<07:23,  4.48s/it]
Running Experiments:  26%|       | 34/132 [01:59<07:00,  4.29s/it]
Running Experiments:  27%|       | 35/132 [02:02<06:23,  3.95s/it]
Running Experiments:  27%|       | 36/132 [02:06<05:56,  3.72s/it]
Running Experiments:  28%|       | 37/132 [02:09<05:49,  3.67s/it]
Running Experiments:  29%|       | 38/132 [02:12<05:30,  3.52s/it]
Running Experiments:  30%|       | 39/132 [02:16<05:41,  3.67s/it]
Running Experiments:  30%|       | 40/132 [02:19<05:10,  3.37s/it]
Running Experiments:  31%|       | 41/132 [02:22<05:02,  3.32s/it]
Running Experiments:  32%|      | 42/132 [02:25<04:42,  3.14s/it]
Running Experiments:  33%|      | 43/132 [02:28<04:29,  3.03s/it]
Running Experiments:  33%|      | 44/132 [02:32<04:47,  3.27s/it]
Running Experiments:  34%|      | 45/132 [02:34<04:30,  3.11s/it]
Running Experiments:  35%|      | 46/132 [02:37<04:18,  3.01s/it]
Running Experiments:  36%|      | 47/132 [02:40<04:20,  3.06s/it]
Running Experiments:  36%|      | 48/132 [02:44<04:42,  3.36s/it]
Running Experiments:  37%|      | 49/132 [02:47<04:32,  3.29s/it]
Running Experiments:  38%|      | 50/132 [02:51<04:27,  3.26s/it]
Running Experiments:  39%|      | 51/132 [02:53<04:10,  3.10s/it]
Running Experiments:  39%|      | 52/132 [02:57<04:26,  3.33s/it]
Running Experiments:  40%|      | 53/132 [03:01<04:36,  3.50s/it]
Running Experiments:  41%|      | 54/132 [03:04<04:24,  3.39s/it]
Running Experiments:  42%|     | 55/132 [03:07<04:07,  3.22s/it]
Running Experiments:  42%|     | 56/132 [03:11<04:19,  3.41s/it]
Running Experiments:  43%|     | 57/132 [03:14<04:11,  3.36s/it]
Running Experiments:  44%|     | 58/132 [03:17<03:57,  3.20s/it]
Running Experiments:  45%|     | 59/132 [03:21<04:09,  3.42s/it]
Running Experiments:  45%|     | 60/132 [03:24<03:52,  3.22s/it]
Running Experiments:  46%|     | 61/132 [03:28<04:01,  3.40s/it]
Running Experiments:  47%|     | 62/132 [03:30<03:44,  3.21s/it]
Running Experiments:  48%|     | 63/132 [03:33<03:32,  3.07s/it]
Running Experiments:  48%|     | 64/132 [03:36<03:31,  3.11s/it]
Running Experiments:  49%|     | 65/132 [03:39<03:30,  3.14s/it]
Running Experiments:  50%|     | 66/132 [03:43<03:29,  3.17s/it]
Running Experiments:  51%|     | 67/132 [03:46<03:26,  3.17s/it]
Running Experiments:  52%|    | 68/132 [03:49<03:21,  3.15s/it]
Running Experiments:  52%|    | 69/132 [03:53<03:34,  3.41s/it]
Running Experiments:  54%|    | 71/132 [03:56<02:31,  2.48s/it]
Running Experiments:  55%|    | 72/132 [03:59<02:42,  2.71s/it]
Running Experiments:  55%|    | 73/132 [04:02<02:46,  2.83s/it]
Running Experiments:  56%|    | 74/132 [04:05<02:42,  2.80s/it]
Running Experiments:  57%|    | 75/132 [04:08<02:44,  2.89s/it]
Running Experiments:  58%|    | 76/132 [04:12<02:57,  3.17s/it]
Running Experiments:  58%|    | 77/132 [04:15<02:54,  3.17s/it]
Running Experiments:  59%|    | 78/132 [04:18<02:45,  3.06s/it]
Running Experiments:  60%|    | 79/132 [04:21<02:43,  3.08s/it]
Running Experiments:  61%|    | 80/132 [04:24<02:42,  3.12s/it]
Running Experiments:  61%|   | 81/132 [04:27<02:33,  3.00s/it]
Running Experiments:  62%|   | 82/132 [04:30<02:33,  3.07s/it]
Running Experiments:  63%|   | 83/132 [04:33<02:32,  3.11s/it]
Running Experiments:  64%|   | 84/132 [04:37<02:40,  3.35s/it]
Running Experiments:  64%|   | 85/132 [04:41<02:34,  3.30s/it]
Running Experiments:  65%|   | 86/132 [04:44<02:38,  3.44s/it]
Running Experiments:  66%|   | 87/132 [04:48<02:31,  3.37s/it]
Running Experiments:  67%|   | 88/132 [04:50<02:19,  3.18s/it]
Running Experiments:  67%|   | 89/132 [04:53<02:17,  3.19s/it]
Running Experiments:  68%|   | 90/132 [04:57<02:23,  3.42s/it]
Running Experiments:  69%|   | 91/132 [05:01<02:24,  3.53s/it]
Running Experiments:  70%|   | 92/132 [05:04<02:11,  3.29s/it]
Running Experiments:  70%|   | 93/132 [05:07<02:07,  3.26s/it]
Running Experiments:  71%|   | 94/132 [05:10<01:57,  3.09s/it]
Running Experiments:  72%|  | 95/132 [05:13<01:55,  3.12s/it]
Running Experiments:  73%|  | 96/132 [05:16<01:48,  3.00s/it]
Running Experiments:  73%|  | 97/132 [05:20<01:53,  3.23s/it]
Running Experiments:  74%|  | 98/132 [05:24<01:57,  3.45s/it]
Running Experiments:  75%|  | 99/132 [05:27<01:50,  3.35s/it]
Running Experiments:  76%|  | 100/132 [05:30<01:51,  3.49s/it]
Running Experiments:  77%|  | 101/132 [05:34<01:51,  3.59s/it]
Running Experiments:  77%|  | 102/132 [05:37<01:40,  3.34s/it]
Running Experiments:  78%|  | 103/132 [05:40<01:35,  3.28s/it]
Running Experiments:  79%|  | 104/132 [05:43<01:31,  3.26s/it]
Running Experiments:  80%|  | 105/132 [05:46<01:23,  3.11s/it]
Running Experiments:  80%|  | 106/132 [05:49<01:17,  2.98s/it]
Running Experiments:  81%|  | 107/132 [05:52<01:16,  3.07s/it]
Running Experiments:  82%| | 108/132 [05:55<01:10,  2.96s/it]
Running Experiments:  83%| | 109/132 [05:58<01:06,  2.90s/it]
Running Experiments:  83%| | 110/132 [06:00<01:02,  2.83s/it]
Running Experiments:  84%| | 111/132 [06:04<01:05,  3.10s/it]
Running Experiments:  85%| | 112/132 [06:07<00:59,  3.00s/it]
Running Experiments:  86%| | 113/132 [06:09<00:55,  2.91s/it]
Running Experiments:  86%| | 114/132 [06:12<00:51,  2.86s/it]
Running Experiments:  87%| | 115/132 [06:15<00:49,  2.93s/it]
Running Experiments:  88%| | 116/132 [06:19<00:51,  3.20s/it]
Running Experiments:  89%| | 117/132 [06:22<00:47,  3.18s/it]
Running Experiments:  89%| | 118/132 [06:25<00:42,  3.03s/it]
Running Experiments:  90%| | 119/132 [06:28<00:40,  3.15s/it]
Running Experiments:  91%| | 120/132 [06:31<00:36,  3.01s/it]
Running Experiments:  92%|| 121/132 [06:34<00:33,  3.06s/it]
Running Experiments:  92%|| 122/132 [06:37<00:30,  3.09s/it]
Running Experiments:  93%|| 123/132 [06:41<00:28,  3.11s/it]
Running Experiments:  94%|| 124/132 [06:44<00:25,  3.13s/it]
Running Experiments:  95%|| 125/132 [06:46<00:21,  3.01s/it]
Running Experiments:  95%|| 126/132 [06:50<00:18,  3.07s/it]
Running Experiments:  96%|| 127/132 [06:54<00:16,  3.33s/it]
Running Experiments:  97%|| 128/132 [06:57<00:13,  3.29s/it]
Running Experiments:  98%|| 129/132 [07:00<00:09,  3.28s/it]
Running Experiments:  98%|| 130/132 [07:03<00:06,  3.23s/it]
Running Experiments:  99%|| 131/132 [07:06<00:03,  3.10s/it]
Running Experiments: 100%|| 132/132 [07:09<00:00,  2.98s/it]
Running Experiments: 100%|| 132/132 [07:09<00:00,  3.25s/it]

2025-09-04 17:54:48,827 - INFO - --- Step Succeeded: /home/topcuoglu/miniconda3/envs/orh/bin/python src/06_recombinhunt/run_recombinhunt.py --virus sars-cov-2 --config config/config.yaml ---
2025-09-04 17:54:48,827 - INFO - ================== PIPELINE FOR SARS-COV-2 FINISHED ==================


