2025-08-30 15:54:20,008 - INFO - Logging initialized. Log file at: logs/20250830_155420_monkeypox_06_run_recombinhunt.log
2025-08-30 15:54:20,008 - INFO - --- Starting Step 6: Run RecombinHunt for 'monkeypox' ---
2025-08-30 15:54:20,008 - INFO - Loading RecombinHunt environment from: environments/monkeypox/dist3size10
2025-08-30 15:54:20,134 - INFO - Loading lineage totals from 'samples/monkeypox/dist3size10/samples_total.json'
2025-08-30 15:54:20,135 - INFO - Found 90 sample files in 'samples/monkeypox/dist3size10'.
2025-08-30 15:54:20,146 - INFO -   Lineage 'A.2.1', Mode 'all': Processing all 17 samples.
2025-08-30 15:54:20,925 - INFO -   Lineage 'B.1.20.NmC1', Mode 'all': Processing all 92 samples.
2025-08-30 15:54:26,065 - INFO -   Lineage 'B.1.1.NmC1', Mode 'all': Processing all 35 samples.
2025-08-30 15:54:27,967 - INFO -   Lineage 'B.1.2', Mode 'all': Processing all 132 samples.
2025-08-30 15:54:34,908 - INFO -   Lineage 'B.1.3.NmC2', Mode 'all': Processing all 37 samples.
2025-08-30 15:54:37,177 - INFO -   Lineage 'B.1.2.NmC1', Mode 'all': Processing all 56 samples.
2025-08-30 15:54:40,106 - INFO -   Lineage 'C.1', Mode 'all': Processing all 87 samples.
2025-08-30 15:54:44,334 - INFO -   Lineage 'E.2', Mode 'all': Processing all 69 samples.
2025-08-30 15:54:47,694 - INFO -   Lineage 'B.1.12.NmC2', Mode 'all': Processing all 25 samples.
2025-08-30 15:54:48,978 - INFO -   Lineage 'C.1.1', Mode 'all': Processing all 90 samples.
2025-08-30 15:54:53,474 - INFO -   Lineage 'B.1.9', Mode 'all': Processing all 21 samples.
2025-08-30 15:54:54,763 - INFO -   Lineage 'F.2.NmC1', Mode 'all': Processing all 41 samples.
2025-08-30 15:54:57,081 - INFO -   Lineage 'F.1.NmC2', Mode 'all': Processing all 27 samples.
2025-08-30 15:54:58,842 - INFO -   Lineage 'F.4', Mode 'all': Processing all 113 samples.
2025-08-30 15:55:04,372 - INFO -   Lineage 'B.1.5', Mode 'all': Processing all 25 samples.
2025-08-30 15:55:05,735 - INFO -   Lineage 'B.1.7', Mode 'all': Processing all 59 samples.
2025-08-30 15:55:08,763 - INFO -   Lineage 'B.1.8.NmC2', Mode 'all': Processing all 24 samples.
2025-08-30 15:55:09,939 - INFO -   Lineage 'A.2.3', Mode 'all': Processing all 60 samples.
2025-08-30 15:55:12,681 - INFO -   Lineage 'B.1.NmC3', Mode 'all': Processing all 263 samples.
2025-08-30 15:55:28,669 - INFO -   Lineage 'F.1', Mode 'all': Processing all 127 samples.
2025-08-30 15:55:36,329 - INFO -   Lineage 'B.1.16', Mode 'all': Processing all 26 samples.
2025-08-30 15:55:37,592 - INFO -   Lineage 'A.1.NmC3', Mode 'all': Processing all 63 samples.
2025-08-30 15:55:42,193 - INFO -   Lineage 'B.1.13.NmC1', Mode 'all': Processing all 402 samples.
2025-08-30 15:56:06,541 - INFO -   Lineage 'B.1.13', Mode 'all': Processing all 353 samples.
2025-08-30 15:56:28,936 - INFO -   Lineage 'B.1.NmC6', Mode 'all': Processing all 113 samples.
2025-08-30 15:56:35,385 - INFO -   Lineage 'B.1.17.NmC1', Mode 'all': Processing all 375 samples.
2025-08-30 15:57:05,868 - INFO -   Lineage 'A.2.2', Mode 'all': Processing all 140 samples.
2025-08-30 15:57:12,204 - INFO -   Lineage 'B.1.NmC7', Mode 'all': Processing all 172 samples.
2025-08-30 15:57:30,622 - INFO -   Lineage 'B.1.14', Mode 'all': Processing all 40 samples.
2025-08-30 15:57:33,012 - INFO -   Lineage 'B.1.2.NmC2', Mode 'all': Processing all 63 samples.
2025-08-30 15:57:36,253 - INFO -   Lineage 'F.2.NmC2', Mode 'all': Processing all 36 samples.
2025-08-30 15:57:38,167 - INFO -   Lineage 'A.2', Mode 'all': Processing all 62 samples.
2025-08-30 15:57:40,954 - INFO -   Lineage 'B.1.19', Mode 'all': Processing all 13 samples.
2025-08-30 15:57:41,729 - INFO -   Lineage 'C.1.1.NmC1', Mode 'all': Processing all 65 samples.
2025-08-30 15:57:44,910 - INFO -   Lineage 'B.1.22', Mode 'all': Processing all 36 samples.
2025-08-30 15:57:47,493 - INFO -   Lineage 'B.1.17.NmC5', Mode 'all': Processing all 119 samples.
2025-08-30 15:57:59,354 - INFO -   Lineage 'B.1.1', Mode 'all': Processing all 446 samples.
2025-08-30 15:58:17,357 - WARNING - Gap made of only target mutations (How can it be? It's an almost impossible condition). Target mutation that minimizes the loss has been assigned to the right region).
2025-08-30 15:58:33,257 - INFO -   Lineage 'B.1.17.NmC4', Mode 'all': Processing all 116 samples.
2025-08-30 15:58:45,192 - INFO -   Lineage 'B.1.2.NmC3', Mode 'all': Processing all 26 samples.
2025-08-30 15:58:46,533 - INFO -   Lineage 'B.1.3.NmC1', Mode 'all': Processing all 58 samples.
2025-08-30 15:58:49,560 - INFO -   Lineage 'B.1.NmC10', Mode 'all': Processing all 223 samples.
2025-08-30 15:59:05,789 - INFO -   Lineage 'B.1.20', Mode 'all': Processing all 87 samples.
2025-08-30 15:59:11,918 - INFO -   Lineage 'F.5', Mode 'all': Processing all 17 samples.
2025-08-30 15:59:12,753 - INFO -   Lineage 'B.1.11', Mode 'all': Processing all 72 samples.
2025-08-30 15:59:17,140 - INFO -   Lineage 'B.1.17.NmC6', Mode 'all': Processing all 201 samples.
2025-08-30 15:59:33,541 - INFO -   Lineage 'B.1.7.NmC1', Mode 'all': Processing all 49 samples.
2025-08-30 15:59:36,372 - INFO -   Lineage 'F.2', Mode 'all': Processing all 70 samples.
2025-08-30 15:59:40,803 - INFO -   Lineage 'B.1.8.NmC1', Mode 'all': Processing all 21 samples.
2025-08-30 15:59:41,956 - INFO -   Lineage 'B.1.15', Mode 'all': Processing all 19 samples.
2025-08-30 15:59:43,791 - INFO -   Lineage 'B.1.18', Mode 'all': Processing all 68 samples.
2025-08-30 15:59:48,799 - INFO -   Lineage 'B.1.11.NmC1', Mode 'all': Processing all 47 samples.
2025-08-30 15:59:51,664 - INFO -   Lineage 'A.1.NmC2', Mode 'all': Processing all 82 samples.
2025-08-30 15:59:57,346 - INFO -   Lineage 'B.1', Mode 'all': Processing all 452 samples.
2025-08-30 16:00:18,528 - WARNING - Gap made of only target mutations (How can it be? It's an almost impossible condition). Target mutation that minimizes the loss has been assigned to the right region).
2025-08-30 16:00:30,594 - INFO -   Lineage 'B.1.10', Mode 'all': Processing all 103 samples.
2025-08-30 16:00:42,655 - INFO -   Lineage 'A.3', Mode 'all': Processing all 11 samples.
2025-08-30 16:00:43,175 - INFO -   Lineage 'B.1.NmC1', Mode 'all': Processing all 132 samples.
2025-08-30 16:00:54,106 - INFO -   Lineage 'F.1.NmC1', Mode 'all': Processing all 79 samples.
2025-08-30 16:00:59,363 - INFO -   Lineage 'C.1.NmC2', Mode 'all': Processing all 32 samples.
2025-08-30 16:01:01,085 - INFO -   Lineage 'A.1.NmC1', Mode 'all': Processing all 241 samples.
2025-08-30 16:01:16,999 - INFO -   Lineage 'B.1.11.NmC2', Mode 'all': Processing all 36 samples.
2025-08-30 16:01:18,877 - INFO -   Lineage 'B.1.17.NmC2', Mode 'all': Processing all 182 samples.
2025-08-30 16:01:35,789 - INFO -   Lineage 'A.1', Mode 'all': Processing all 16 samples.
2025-08-30 16:01:36,966 - INFO -   Lineage 'F.6', Mode 'all': Processing all 33 samples.
2025-08-30 16:01:39,400 - INFO -   Lineage 'B.1.2.NmC4', Mode 'all': Processing all 23 samples.
2025-08-30 16:01:40,593 - INFO -   Lineage 'B.1.13.NmC3', Mode 'all': Processing all 123 samples.
2025-08-30 16:01:53,124 - INFO -   Lineage 'B.1.6', Mode 'all': Processing all 35 samples.
2025-08-30 16:01:56,484 - INFO -   Lineage 'D.1', Mode 'all': Processing all 25 samples.
2025-08-30 16:01:58,209 - INFO -   Lineage 'B.1.2.NmC6', Mode 'all': Processing all 61 samples.
2025-08-30 16:02:01,363 - INFO -   Lineage 'A', Mode 'all': Processing all 58 samples.
2025-08-30 16:02:02,587 - ERROR -   Error on one sample in lineage A: No candidates found searching in both directions.
Traceback (most recent call last):
  File "/home/topcuoglu/openrecombinhunt/src/06_recombinhunt/run_recombinhunt.py", line 163, in run_recombinhunt_for_lineage
    result = experiment.run()
  File "/home/topcuoglu/openrecombinhunt/libs/recombinhunt-cov-7.0.0/src/recombinhunt/core/method.py", line 663, in run
    L1_reg: Region = search_L(self.merged_df, self.p_merged_df, self.change_probabilities, min_target_len=self.MIN_CANDIDATE_REGION_LENGTH, cache=self.cache)
  File "/home/topcuoglu/openrecombinhunt/libs/recombinhunt-cov-7.0.0/src/recombinhunt/core/method.py", line 1035, in search_L
    raise NoCandidatesFound("No candidates found searching in both directions.")
recombinhunt.core.method.NoCandidatesFound: No candidates found searching in both directions.
2025-08-30 16:02:02,625 - ERROR -   Error on one sample in lineage A: No candidates found searching in both directions.
Traceback (most recent call last):
  File "/home/topcuoglu/openrecombinhunt/src/06_recombinhunt/run_recombinhunt.py", line 163, in run_recombinhunt_for_lineage
    result = experiment.run()
  File "/home/topcuoglu/openrecombinhunt/libs/recombinhunt-cov-7.0.0/src/recombinhunt/core/method.py", line 663, in run
    L1_reg: Region = search_L(self.merged_df, self.p_merged_df, self.change_probabilities, min_target_len=self.MIN_CANDIDATE_REGION_LENGTH, cache=self.cache)
  File "/home/topcuoglu/openrecombinhunt/libs/recombinhunt-cov-7.0.0/src/recombinhunt/core/method.py", line 1035, in search_L
    raise NoCandidatesFound("No candidates found searching in both directions.")
recombinhunt.core.method.NoCandidatesFound: No candidates found searching in both directions.
2025-08-30 16:02:04,395 - INFO -   Lineage 'B.1.NmC5', Mode 'all': Processing all 256 samples.
2025-08-30 16:02:22,077 - INFO -   Lineage 'B.1.2.NmC5', Mode 'all': Processing all 21 samples.
2025-08-30 16:02:23,243 - INFO -   Lineage 'B.1.17', Mode 'all': Processing all 15 samples.
2025-08-30 16:02:24,447 - INFO -   Lineage 'B.1.23', Mode 'all': Processing all 11 samples.
2025-08-30 16:02:24,984 - INFO -   Lineage 'B.1.22.NmC1', Mode 'all': Processing all 23 samples.
2025-08-30 16:02:26,895 - INFO -   Lineage 'B.1.12.NmC1', Mode 'all': Processing all 50 samples.
2025-08-30 16:02:29,504 - INFO -   Lineage 'F.3', Mode 'all': Processing all 76 samples.
2025-08-30 16:02:33,422 - INFO -   Lineage 'B.1.3', Mode 'all': Processing all 115 samples.
2025-08-30 16:02:39,447 - INFO -   Lineage 'B.1.NmC8', Mode 'all': Processing all 55 samples.
2025-08-30 16:02:42,935 - INFO -   Lineage 'B.1.17.NmC3', Mode 'all': Processing all 53 samples.
2025-08-30 16:02:46,431 - INFO -   Lineage 'C.1.NmC1', Mode 'all': Processing all 66 samples.
2025-08-30 16:02:49,751 - INFO -   Lineage 'B.1.NmC9', Mode 'all': Processing all 44 samples.
2025-08-30 16:02:52,230 - INFO -   Lineage 'E.3', Mode 'all': Processing all 17 samples.
2025-08-30 16:02:53,097 - INFO -   Lineage 'B.1.4', Mode 'all': Processing all 29 samples.
2025-08-30 16:02:54,773 - INFO -   Lineage 'E.1', Mode 'all': Processing all 76 samples.
2025-08-30 16:02:58,316 - INFO -   Lineage 'B.1.NmC2', Mode 'all': Processing all 322 samples.
2025-08-30 16:03:10,058 - WARNING - Gap made of only target mutations (How can it be? It's an almost impossible condition). Target mutation that minimizes the loss has been assigned to the right region).
2025-08-30 16:03:17,975 - INFO -   Lineage 'B.1.NmC4', Mode 'all': Processing all 180 samples.
2025-08-30 16:03:20,283 - WARNING - Gap made of only target mutations (How can it be? It's an almost impossible condition). Target mutation that minimizes the loss has been assigned to the right region).
2025-08-30 16:03:38,011 - INFO -   Lineage 'B.1.8', Mode 'all': Processing all 49 samples.
2025-08-30 16:03:41,362 - INFO -   Lineage 'B.1.13.NmC2', Mode 'all': Processing all 242 samples.
2025-08-30 16:03:42,400 - WARNING - Gap made of only target mutations (How can it be? It's an almost impossible condition). Target mutation that minimizes the loss has been assigned to the right region).
2025-08-30 16:03:42,422 - WARNING - Gap made of only target mutations (How can it be? It's an almost impossible condition). Target mutation that minimizes the loss has been assigned to the right region).
2025-08-30 16:03:56,220 - INFO -   Lineage 'B.1.21', Mode 'all': Processing all 75 samples.
2025-08-30 16:04:00,768 - INFO -   Lineage 'B.1.12', Mode 'all': Processing all 86 samples.
2025-08-30 16:04:05,328 - INFO - Recombinant summary saved to: results/recombinhunt_output/monkeypox/dist3size10/recombinant_summary.tsv
2025-08-30 16:04:05,443 - INFO - Saved extensive summary table to: results/recombinhunt_output/monkeypox/dist3size10/recombinant_summary_extensive.tsv
2025-08-30 16:04:05,443 - INFO - Text report saved to: results/recombinhunt_output/monkeypox/dist3size10/experiment-output.all.txt
2025-08-30 16:04:05,443 - INFO - HTML report saved to: results/recombinhunt_output/monkeypox/dist3size10/experiment-detail.all.html
2025-08-30 16:04:05,445 - INFO - RecombinHunt experiment step finished successfully.
