2025-09-04 15:44:00,919 - INFO - Logging initialized. Log file at: logs/20250904_154400_sars-cov-2_06_run_recombinhunt.log
2025-09-04 15:44:00,919 - INFO - --- Starting Step 6: Run RecombinHunt for 'sars-cov-2' ---
2025-09-04 15:44:00,919 - INFO - Loading RecombinHunt environment from: environments/sars-cov-2/dist0size0
2025-09-04 15:44:17,698 - INFO - Loading lineage totals from 'samples/sars-cov-2/dist0size0/samples_total.json'
2025-09-04 15:44:17,700 - INFO - Found 132 sample files in 'samples/sars-cov-2/dist0size0'.
2025-09-04 15:44:17,710 - WARNING - Warning: Running 'all' mode for SARS-CoV-2 may be resource-intensive due to large sample sizes. Reducing to last 6 months.
2025-09-04 15:44:17,710 - INFO - Filtering samples to those collected in the last 6 months based on 'Collection date'.
2025-09-04 15:44:17,710 - INFO - Initial sample count: 1
2025-09-04 15:44:17,715 - INFO - Filtered samples to last 6 months. 0 samples remain.
2025-09-04 15:44:17,720 - WARNING - Warning: Running 'all' mode for SARS-CoV-2 may be resource-intensive due to large sample sizes. Reducing to last 6 months.
2025-09-04 15:44:17,720 - INFO - Filtering samples to those collected in the last 6 months based on 'Collection date'.
2025-09-04 15:44:17,720 - INFO - Initial sample count: 319
2025-09-04 15:44:17,722 - INFO - Filtered samples to last 6 months. 0 samples remain.
2025-09-04 15:44:17,726 - WARNING - Warning: Running 'all' mode for SARS-CoV-2 may be resource-intensive due to large sample sizes. Reducing to last 6 months.
2025-09-04 15:44:17,726 - INFO - Filtering samples to those collected in the last 6 months based on 'Collection date'.
2025-09-04 15:44:17,726 - INFO - Initial sample count: 188
2025-09-04 15:44:17,728 - INFO - Filtered samples to last 6 months. 0 samples remain.
2025-09-04 15:44:17,729 - WARNING - Warning: Running 'all' mode for SARS-CoV-2 may be resource-intensive due to large sample sizes. Reducing to last 6 months.
2025-09-04 15:44:17,729 - INFO - Filtering samples to those collected in the last 6 months based on 'Collection date'.
2025-09-04 15:44:17,729 - INFO - Initial sample count: 2
2025-09-04 15:44:17,731 - INFO - Filtered samples to last 6 months. 0 samples remain.
2025-09-04 15:44:17,733 - WARNING - Warning: Running 'all' mode for SARS-CoV-2 may be resource-intensive due to large sample sizes. Reducing to last 6 months.
2025-09-04 15:44:17,733 - INFO - Filtering samples to those collected in the last 6 months based on 'Collection date'.
2025-09-04 15:44:17,733 - INFO - Initial sample count: 7
2025-09-04 15:44:17,734 - INFO - Filtered samples to last 6 months. 0 samples remain.
2025-09-04 15:44:17,737 - WARNING - Warning: Running 'all' mode for SARS-CoV-2 may be resource-intensive due to large sample sizes. Reducing to last 6 months.
2025-09-04 15:44:17,737 - INFO - Filtering samples to those collected in the last 6 months based on 'Collection date'.
2025-09-04 15:44:17,737 - INFO - Initial sample count: 58
2025-09-04 15:44:17,739 - INFO - Filtered samples to last 6 months. 0 samples remain.
2025-09-04 15:44:17,742 - WARNING - Warning: Running 'all' mode for SARS-CoV-2 may be resource-intensive due to large sample sizes. Reducing to last 6 months.
2025-09-04 15:44:17,742 - INFO - Filtering samples to those collected in the last 6 months based on 'Collection date'.
2025-09-04 15:44:17,742 - INFO - Initial sample count: 71
2025-09-04 15:44:17,744 - INFO - Filtered samples to last 6 months. 0 samples remain.
2025-09-04 15:44:17,745 - WARNING - Warning: Running 'all' mode for SARS-CoV-2 may be resource-intensive due to large sample sizes. Reducing to last 6 months.
2025-09-04 15:44:17,745 - INFO - Filtering samples to those collected in the last 6 months based on 'Collection date'.
2025-09-04 15:44:17,746 - INFO - Initial sample count: 11
2025-09-04 15:44:17,747 - INFO - Filtered samples to last 6 months. 0 samples remain.
2025-09-04 15:44:17,749 - WARNING - Warning: Running 'all' mode for SARS-CoV-2 may be resource-intensive due to large sample sizes. Reducing to last 6 months.
2025-09-04 15:44:17,749 - INFO - Filtering samples to those collected in the last 6 months based on 'Collection date'.
2025-09-04 15:44:17,749 - INFO - Initial sample count: 23
2025-09-04 15:44:17,751 - INFO - Filtered samples to last 6 months. 0 samples remain.
2025-09-04 15:44:17,754 - WARNING - Warning: Running 'all' mode for SARS-CoV-2 may be resource-intensive due to large sample sizes. Reducing to last 6 months.
2025-09-04 15:44:17,754 - INFO - Filtering samples to those collected in the last 6 months based on 'Collection date'.
2025-09-04 15:44:17,755 - INFO - Initial sample count: 73
2025-09-04 15:44:17,758 - INFO - Filtered samples to last 6 months. 0 samples remain.
2025-09-04 15:44:17,761 - WARNING - Warning: Running 'all' mode for SARS-CoV-2 may be resource-intensive due to large sample sizes. Reducing to last 6 months.
2025-09-04 15:44:17,761 - INFO - Filtering samples to those collected in the last 6 months based on 'Collection date'.
2025-09-04 15:44:17,761 - INFO - Initial sample count: 9
2025-09-04 15:44:17,764 - INFO - Filtered samples to last 6 months. 9 samples remain.
2025-09-04 15:44:17,766 - INFO -   Lineage 'XFP', Mode 'all': Processing all 9 samples.
2025-09-04 15:44:51,848 - WARNING - Warning: Running 'all' mode for SARS-CoV-2 may be resource-intensive due to large sample sizes. Reducing to last 6 months.
2025-09-04 15:44:51,848 - INFO - Filtering samples to those collected in the last 6 months based on 'Collection date'.
2025-09-04 15:44:51,848 - INFO - Initial sample count: 30
2025-09-04 15:44:51,850 - INFO - Filtered samples to last 6 months. 0 samples remain.
2025-09-04 15:44:51,852 - WARNING - Warning: Running 'all' mode for SARS-CoV-2 may be resource-intensive due to large sample sizes. Reducing to last 6 months.
2025-09-04 15:44:51,852 - INFO - Filtering samples to those collected in the last 6 months based on 'Collection date'.
2025-09-04 15:44:51,852 - INFO - Initial sample count: 6
2025-09-04 15:44:51,854 - INFO - Filtered samples to last 6 months. 0 samples remain.
2025-09-04 15:44:51,856 - WARNING - Warning: Running 'all' mode for SARS-CoV-2 may be resource-intensive due to large sample sizes. Reducing to last 6 months.
2025-09-04 15:44:51,856 - INFO - Filtering samples to those collected in the last 6 months based on 'Collection date'.
2025-09-04 15:44:51,856 - INFO - Initial sample count: 20
2025-09-04 15:44:51,858 - INFO - Filtered samples to last 6 months. 0 samples remain.
2025-09-04 15:44:51,860 - WARNING - Warning: Running 'all' mode for SARS-CoV-2 may be resource-intensive due to large sample sizes. Reducing to last 6 months.
2025-09-04 15:44:51,860 - INFO - Filtering samples to those collected in the last 6 months based on 'Collection date'.
2025-09-04 15:44:51,860 - INFO - Initial sample count: 37
2025-09-04 15:44:51,862 - INFO - Filtered samples to last 6 months. 0 samples remain.
2025-09-04 15:44:51,867 - WARNING - Warning: Running 'all' mode for SARS-CoV-2 may be resource-intensive due to large sample sizes. Reducing to last 6 months.
2025-09-04 15:44:51,867 - INFO - Filtering samples to those collected in the last 6 months based on 'Collection date'.
2025-09-04 15:44:51,867 - INFO - Initial sample count: 150
2025-09-04 15:44:51,870 - INFO - Filtered samples to last 6 months. 0 samples remain.
2025-09-04 15:44:51,872 - WARNING - Warning: Running 'all' mode for SARS-CoV-2 may be resource-intensive due to large sample sizes. Reducing to last 6 months.
2025-09-04 15:44:51,873 - INFO - Filtering samples to those collected in the last 6 months based on 'Collection date'.
2025-09-04 15:44:51,873 - INFO - Initial sample count: 2
2025-09-04 15:44:51,874 - INFO - Filtered samples to last 6 months. 0 samples remain.
2025-09-04 15:44:51,876 - WARNING - Warning: Running 'all' mode for SARS-CoV-2 may be resource-intensive due to large sample sizes. Reducing to last 6 months.
2025-09-04 15:44:51,876 - INFO - Filtering samples to those collected in the last 6 months based on 'Collection date'.
2025-09-04 15:44:51,876 - INFO - Initial sample count: 41
2025-09-04 15:44:51,878 - INFO - Filtered samples to last 6 months. 0 samples remain.
2025-09-04 15:44:51,880 - WARNING - Warning: Running 'all' mode for SARS-CoV-2 may be resource-intensive due to large sample sizes. Reducing to last 6 months.
2025-09-04 15:44:51,880 - INFO - Filtering samples to those collected in the last 6 months based on 'Collection date'.
2025-09-04 15:44:51,880 - INFO - Initial sample count: 28
2025-09-04 15:44:51,882 - INFO - Filtered samples to last 6 months. 0 samples remain.
2025-09-04 15:44:51,884 - WARNING - Warning: Running 'all' mode for SARS-CoV-2 may be resource-intensive due to large sample sizes. Reducing to last 6 months.
2025-09-04 15:44:51,884 - INFO - Filtering samples to those collected in the last 6 months based on 'Collection date'.
2025-09-04 15:44:51,884 - INFO - Initial sample count: 60
2025-09-04 15:44:51,886 - INFO - Filtered samples to last 6 months. 0 samples remain.
2025-09-04 15:44:51,888 - WARNING - Warning: Running 'all' mode for SARS-CoV-2 may be resource-intensive due to large sample sizes. Reducing to last 6 months.
2025-09-04 15:44:51,888 - INFO - Filtering samples to those collected in the last 6 months based on 'Collection date'.
2025-09-04 15:44:51,888 - INFO - Initial sample count: 26
2025-09-04 15:44:51,890 - INFO - Filtered samples to last 6 months. 0 samples remain.
2025-09-04 15:44:51,892 - WARNING - Warning: Running 'all' mode for SARS-CoV-2 may be resource-intensive due to large sample sizes. Reducing to last 6 months.
2025-09-04 15:44:51,892 - INFO - Filtering samples to those collected in the last 6 months based on 'Collection date'.
2025-09-04 15:44:51,892 - INFO - Initial sample count: 10
2025-09-04 15:44:51,894 - INFO - Filtered samples to last 6 months. 0 samples remain.
2025-09-04 15:44:51,896 - WARNING - Warning: Running 'all' mode for SARS-CoV-2 may be resource-intensive due to large sample sizes. Reducing to last 6 months.
2025-09-04 15:44:51,896 - INFO - Filtering samples to those collected in the last 6 months based on 'Collection date'.
2025-09-04 15:44:51,896 - INFO - Initial sample count: 75
2025-09-04 15:44:51,898 - INFO - Filtered samples to last 6 months. 0 samples remain.
2025-09-04 15:44:51,901 - WARNING - Warning: Running 'all' mode for SARS-CoV-2 may be resource-intensive due to large sample sizes. Reducing to last 6 months.
2025-09-04 15:44:51,901 - INFO - Filtering samples to those collected in the last 6 months based on 'Collection date'.
2025-09-04 15:44:51,901 - INFO - Initial sample count: 66
2025-09-04 15:44:51,903 - INFO - Filtered samples to last 6 months. 0 samples remain.
2025-09-04 15:44:51,909 - WARNING - Warning: Running 'all' mode for SARS-CoV-2 may be resource-intensive due to large sample sizes. Reducing to last 6 months.
2025-09-04 15:44:51,909 - INFO - Filtering samples to those collected in the last 6 months based on 'Collection date'.
2025-09-04 15:44:51,909 - INFO - Initial sample count: 220
2025-09-04 15:44:51,911 - INFO - Filtered samples to last 6 months. 1 samples remain.
2025-09-04 15:44:51,912 - INFO -   Lineage 'XDY', Mode 'all': Processing all 1 samples.
2025-09-04 15:44:55,224 - WARNING - Warning: Running 'all' mode for SARS-CoV-2 may be resource-intensive due to large sample sizes. Reducing to last 6 months.
2025-09-04 15:44:55,224 - INFO - Filtering samples to those collected in the last 6 months based on 'Collection date'.
2025-09-04 15:44:55,224 - INFO - Initial sample count: 52
2025-09-04 15:44:55,226 - INFO - Filtered samples to last 6 months. 0 samples remain.
2025-09-04 15:44:55,228 - WARNING - Warning: Running 'all' mode for SARS-CoV-2 may be resource-intensive due to large sample sizes. Reducing to last 6 months.
2025-09-04 15:44:55,228 - INFO - Filtering samples to those collected in the last 6 months based on 'Collection date'.
2025-09-04 15:44:55,228 - INFO - Initial sample count: 1
2025-09-04 15:44:55,230 - INFO - Filtered samples to last 6 months. 0 samples remain.
2025-09-04 15:44:55,236 - WARNING - Warning: Running 'all' mode for SARS-CoV-2 may be resource-intensive due to large sample sizes. Reducing to last 6 months.
2025-09-04 15:44:55,236 - INFO - Filtering samples to those collected in the last 6 months based on 'Collection date'.
2025-09-04 15:44:55,236 - INFO - Initial sample count: 477
2025-09-04 15:44:55,238 - INFO - Filtered samples to last 6 months. 0 samples remain.
2025-09-04 15:44:55,240 - WARNING - Warning: Running 'all' mode for SARS-CoV-2 may be resource-intensive due to large sample sizes. Reducing to last 6 months.
2025-09-04 15:44:55,240 - INFO - Filtering samples to those collected in the last 6 months based on 'Collection date'.
2025-09-04 15:44:55,240 - INFO - Initial sample count: 2
2025-09-04 15:44:55,242 - INFO - Filtered samples to last 6 months. 0 samples remain.
2025-09-04 15:44:55,243 - WARNING - Warning: Running 'all' mode for SARS-CoV-2 may be resource-intensive due to large sample sizes. Reducing to last 6 months.
2025-09-04 15:44:55,244 - INFO - Filtering samples to those collected in the last 6 months based on 'Collection date'.
2025-09-04 15:44:55,244 - INFO - Initial sample count: 11
2025-09-04 15:44:55,245 - INFO - Filtered samples to last 6 months. 0 samples remain.
2025-09-04 15:44:55,247 - WARNING - Warning: Running 'all' mode for SARS-CoV-2 may be resource-intensive due to large sample sizes. Reducing to last 6 months.
2025-09-04 15:44:55,247 - INFO - Filtering samples to those collected in the last 6 months based on 'Collection date'.
2025-09-04 15:44:55,247 - INFO - Initial sample count: 46
2025-09-04 15:44:55,249 - INFO - Filtered samples to last 6 months. 0 samples remain.
2025-09-04 15:44:55,256 - WARNING - Warning: Running 'all' mode for SARS-CoV-2 may be resource-intensive due to large sample sizes. Reducing to last 6 months.
2025-09-04 15:44:55,257 - INFO - Filtering samples to those collected in the last 6 months based on 'Collection date'.
2025-09-04 15:44:55,257 - INFO - Initial sample count: 606
2025-09-04 15:44:55,259 - INFO - Filtered samples to last 6 months. 0 samples remain.
2025-09-04 15:44:55,261 - WARNING - Warning: Running 'all' mode for SARS-CoV-2 may be resource-intensive due to large sample sizes. Reducing to last 6 months.
2025-09-04 15:44:55,261 - INFO - Filtering samples to those collected in the last 6 months based on 'Collection date'.
2025-09-04 15:44:55,261 - INFO - Initial sample count: 31
2025-09-04 15:44:55,263 - INFO - Filtered samples to last 6 months. 0 samples remain.
2025-09-04 15:44:55,266 - WARNING - Warning: Running 'all' mode for SARS-CoV-2 may be resource-intensive due to large sample sizes. Reducing to last 6 months.
2025-09-04 15:44:55,266 - INFO - Filtering samples to those collected in the last 6 months based on 'Collection date'.
2025-09-04 15:44:55,266 - INFO - Initial sample count: 163
2025-09-04 15:44:55,268 - INFO - Filtered samples to last 6 months. 0 samples remain.
2025-09-04 15:44:55,269 - WARNING - Warning: Running 'all' mode for SARS-CoV-2 may be resource-intensive due to large sample sizes. Reducing to last 6 months.
2025-09-04 15:44:55,270 - INFO - Filtering samples to those collected in the last 6 months based on 'Collection date'.
2025-09-04 15:44:55,270 - INFO - Initial sample count: 1
2025-09-04 15:44:55,271 - INFO - Filtered samples to last 6 months. 0 samples remain.
2025-09-04 15:44:55,273 - WARNING - Warning: Running 'all' mode for SARS-CoV-2 may be resource-intensive due to large sample sizes. Reducing to last 6 months.
2025-09-04 15:44:55,273 - INFO - Filtering samples to those collected in the last 6 months based on 'Collection date'.
2025-09-04 15:44:55,274 - INFO - Initial sample count: 57
2025-09-04 15:44:55,275 - INFO - Filtered samples to last 6 months. 0 samples remain.
2025-09-04 15:44:55,277 - WARNING - Warning: Running 'all' mode for SARS-CoV-2 may be resource-intensive due to large sample sizes. Reducing to last 6 months.
2025-09-04 15:44:55,277 - INFO - Filtering samples to those collected in the last 6 months based on 'Collection date'.
2025-09-04 15:44:55,277 - INFO - Initial sample count: 12
2025-09-04 15:44:55,279 - INFO - Filtered samples to last 6 months. 0 samples remain.
2025-09-04 15:44:55,281 - WARNING - Warning: Running 'all' mode for SARS-CoV-2 may be resource-intensive due to large sample sizes. Reducing to last 6 months.
2025-09-04 15:44:55,281 - INFO - Filtering samples to those collected in the last 6 months based on 'Collection date'.
2025-09-04 15:44:55,281 - INFO - Initial sample count: 24
2025-09-04 15:44:55,282 - INFO - Filtered samples to last 6 months. 0 samples remain.
2025-09-04 15:44:55,284 - WARNING - Warning: Running 'all' mode for SARS-CoV-2 may be resource-intensive due to large sample sizes. Reducing to last 6 months.
2025-09-04 15:44:55,284 - INFO - Filtering samples to those collected in the last 6 months based on 'Collection date'.
2025-09-04 15:44:55,284 - INFO - Initial sample count: 17
2025-09-04 15:44:55,286 - INFO - Filtered samples to last 6 months. 0 samples remain.
2025-09-04 15:44:55,288 - WARNING - Warning: Running 'all' mode for SARS-CoV-2 may be resource-intensive due to large sample sizes. Reducing to last 6 months.
2025-09-04 15:44:55,288 - INFO - Filtering samples to those collected in the last 6 months based on 'Collection date'.
2025-09-04 15:44:55,288 - INFO - Initial sample count: 26
2025-09-04 15:44:55,290 - INFO - Filtered samples to last 6 months. 0 samples remain.
2025-09-04 15:44:55,291 - WARNING - Warning: Running 'all' mode for SARS-CoV-2 may be resource-intensive due to large sample sizes. Reducing to last 6 months.
2025-09-04 15:44:55,292 - INFO - Filtering samples to those collected in the last 6 months based on 'Collection date'.
2025-09-04 15:44:55,292 - INFO - Initial sample count: 3
2025-09-04 15:44:55,293 - INFO - Filtered samples to last 6 months. 0 samples remain.
2025-09-04 15:44:55,295 - WARNING - Warning: Running 'all' mode for SARS-CoV-2 may be resource-intensive due to large sample sizes. Reducing to last 6 months.
2025-09-04 15:44:55,295 - INFO - Filtering samples to those collected in the last 6 months based on 'Collection date'.
2025-09-04 15:44:55,295 - INFO - Initial sample count: 2
2025-09-04 15:44:55,297 - INFO - Filtered samples to last 6 months. 0 samples remain.
2025-09-04 15:44:55,298 - WARNING - Warning: Running 'all' mode for SARS-CoV-2 may be resource-intensive due to large sample sizes. Reducing to last 6 months.
2025-09-04 15:44:55,299 - INFO - Filtering samples to those collected in the last 6 months based on 'Collection date'.
2025-09-04 15:44:55,299 - INFO - Initial sample count: 10
2025-09-04 15:44:55,300 - INFO - Filtered samples to last 6 months. 0 samples remain.
2025-09-04 15:44:55,304 - WARNING - Warning: Running 'all' mode for SARS-CoV-2 may be resource-intensive due to large sample sizes. Reducing to last 6 months.
2025-09-04 15:44:55,304 - INFO - Filtering samples to those collected in the last 6 months based on 'Collection date'.
2025-09-04 15:44:55,304 - INFO - Initial sample count: 195
2025-09-04 15:44:55,306 - INFO - Filtered samples to last 6 months. 0 samples remain.
2025-09-04 15:44:55,308 - WARNING - Warning: Running 'all' mode for SARS-CoV-2 may be resource-intensive due to large sample sizes. Reducing to last 6 months.
2025-09-04 15:44:55,308 - INFO - Filtering samples to those collected in the last 6 months based on 'Collection date'.
2025-09-04 15:44:55,308 - INFO - Initial sample count: 52
2025-09-04 15:44:55,310 - INFO - Filtered samples to last 6 months. 0 samples remain.
2025-09-04 15:44:55,312 - WARNING - Warning: Running 'all' mode for SARS-CoV-2 may be resource-intensive due to large sample sizes. Reducing to last 6 months.
2025-09-04 15:44:55,312 - INFO - Filtering samples to those collected in the last 6 months based on 'Collection date'.
2025-09-04 15:44:55,312 - INFO - Initial sample count: 24
2025-09-04 15:44:55,313 - INFO - Filtered samples to last 6 months. 24 samples remain.
2025-09-04 15:44:55,316 - INFO -   Lineage 'XFJ', Mode 'all': Processing all 24 samples.
2025-09-04 15:46:17,976 - WARNING - Warning: Running 'all' mode for SARS-CoV-2 may be resource-intensive due to large sample sizes. Reducing to last 6 months.
2025-09-04 15:46:17,976 - INFO - Filtering samples to those collected in the last 6 months based on 'Collection date'.
2025-09-04 15:46:17,976 - INFO - Initial sample count: 137
2025-09-04 15:46:17,978 - INFO - Filtered samples to last 6 months. 0 samples remain.
2025-09-04 15:46:17,980 - WARNING - Warning: Running 'all' mode for SARS-CoV-2 may be resource-intensive due to large sample sizes. Reducing to last 6 months.
2025-09-04 15:46:17,981 - INFO - Filtering samples to those collected in the last 6 months based on 'Collection date'.
2025-09-04 15:46:17,981 - INFO - Initial sample count: 58
2025-09-04 15:46:17,982 - INFO - Filtered samples to last 6 months. 0 samples remain.
2025-09-04 15:46:17,985 - WARNING - Warning: Running 'all' mode for SARS-CoV-2 may be resource-intensive due to large sample sizes. Reducing to last 6 months.
2025-09-04 15:46:17,985 - INFO - Filtering samples to those collected in the last 6 months based on 'Collection date'.
2025-09-04 15:46:17,985 - INFO - Initial sample count: 75
2025-09-04 15:46:17,986 - INFO - Filtered samples to last 6 months. 0 samples remain.
2025-09-04 15:46:17,988 - WARNING - Warning: Running 'all' mode for SARS-CoV-2 may be resource-intensive due to large sample sizes. Reducing to last 6 months.
2025-09-04 15:46:17,988 - INFO - Filtering samples to those collected in the last 6 months based on 'Collection date'.
2025-09-04 15:46:17,988 - INFO - Initial sample count: 19
2025-09-04 15:46:17,990 - INFO - Filtered samples to last 6 months. 0 samples remain.
2025-09-04 15:46:17,992 - WARNING - Warning: Running 'all' mode for SARS-CoV-2 may be resource-intensive due to large sample sizes. Reducing to last 6 months.
2025-09-04 15:46:17,992 - INFO - Filtering samples to those collected in the last 6 months based on 'Collection date'.
2025-09-04 15:46:17,992 - INFO - Initial sample count: 52
2025-09-04 15:46:17,994 - INFO - Filtered samples to last 6 months. 0 samples remain.
2025-09-04 15:46:17,996 - WARNING - Warning: Running 'all' mode for SARS-CoV-2 may be resource-intensive due to large sample sizes. Reducing to last 6 months.
2025-09-04 15:46:17,996 - INFO - Filtering samples to those collected in the last 6 months based on 'Collection date'.
2025-09-04 15:46:17,996 - INFO - Initial sample count: 59
2025-09-04 15:46:17,998 - INFO - Filtered samples to last 6 months. 1 samples remain.
2025-09-04 15:46:17,998 - INFO -   Lineage 'XES', Mode 'all': Processing all 1 samples.
2025-09-04 15:46:21,878 - WARNING - Warning: Running 'all' mode for SARS-CoV-2 may be resource-intensive due to large sample sizes. Reducing to last 6 months.
2025-09-04 15:46:21,878 - INFO - Filtering samples to those collected in the last 6 months based on 'Collection date'.
2025-09-04 15:46:21,879 - INFO - Initial sample count: 77
2025-09-04 15:46:21,880 - INFO - Filtered samples to last 6 months. 0 samples remain.
2025-09-04 15:46:21,882 - WARNING - Warning: Running 'all' mode for SARS-CoV-2 may be resource-intensive due to large sample sizes. Reducing to last 6 months.
2025-09-04 15:46:21,882 - INFO - Filtering samples to those collected in the last 6 months based on 'Collection date'.
2025-09-04 15:46:21,882 - INFO - Initial sample count: 12
2025-09-04 15:46:21,884 - INFO - Filtered samples to last 6 months. 0 samples remain.
2025-09-04 15:46:21,890 - WARNING - Warning: Running 'all' mode for SARS-CoV-2 may be resource-intensive due to large sample sizes. Reducing to last 6 months.
2025-09-04 15:46:21,890 - INFO - Filtering samples to those collected in the last 6 months based on 'Collection date'.
2025-09-04 15:46:21,890 - INFO - Initial sample count: 269
2025-09-04 15:46:21,892 - INFO - Filtered samples to last 6 months. 41 samples remain.
2025-09-04 15:46:21,896 - INFO -   Lineage 'XEQ', Mode 'all': Processing all 41 samples.
2025-09-04 15:48:44,221 - WARNING - Warning: Running 'all' mode for SARS-CoV-2 may be resource-intensive due to large sample sizes. Reducing to last 6 months.
2025-09-04 15:48:44,222 - INFO - Filtering samples to those collected in the last 6 months based on 'Collection date'.
2025-09-04 15:48:44,222 - INFO - Initial sample count: 7
2025-09-04 15:48:44,224 - INFO - Filtered samples to last 6 months. 0 samples remain.
2025-09-04 15:48:44,226 - WARNING - Warning: Running 'all' mode for SARS-CoV-2 may be resource-intensive due to large sample sizes. Reducing to last 6 months.
2025-09-04 15:48:44,226 - INFO - Filtering samples to those collected in the last 6 months based on 'Collection date'.
2025-09-04 15:48:44,226 - INFO - Initial sample count: 33
2025-09-04 15:48:44,228 - INFO - Filtered samples to last 6 months. 0 samples remain.
2025-09-04 15:48:44,237 - WARNING - Warning: Running 'all' mode for SARS-CoV-2 may be resource-intensive due to large sample sizes. Reducing to last 6 months.
2025-09-04 15:48:44,238 - INFO - Filtering samples to those collected in the last 6 months based on 'Collection date'.
2025-09-04 15:48:44,238 - INFO - Initial sample count: 530
2025-09-04 15:48:44,240 - INFO - Filtered samples to last 6 months. 526 samples remain.
2025-09-04 15:48:44,284 - INFO -   Lineage 'XFG', Mode 'all': Processing all 526 samples.
2025-09-04 15:51:23,010 - ERROR -   Error on one sample in lineage XFG: 
Traceback (most recent call last):
  File "/home/topcuoglu/openrecombinhunt/src/06_recombinhunt/run_recombinhunt.py", line 175, in run_recombinhunt_for_lineage
    assert set(nuc_change_data_list).issubset(set(experiment_environment.c2lp_df.index))
AssertionError
2025-09-04 15:52:12,116 - WARNING - Gap made of only target mutations (How can it be? It's an almost impossible condition). Target mutation that minimizes the loss has been assigned to the right region).
2025-09-04 15:57:48,119 - ERROR -   Error on one sample in lineage XFG: 
Traceback (most recent call last):
  File "/home/topcuoglu/openrecombinhunt/src/06_recombinhunt/run_recombinhunt.py", line 175, in run_recombinhunt_for_lineage
    assert set(nuc_change_data_list).issubset(set(experiment_environment.c2lp_df.index))
AssertionError
2025-09-04 15:58:58,821 - ERROR -   Error on one sample in lineage XFG: 
Traceback (most recent call last):
  File "/home/topcuoglu/openrecombinhunt/src/06_recombinhunt/run_recombinhunt.py", line 175, in run_recombinhunt_for_lineage
    assert set(nuc_change_data_list).issubset(set(experiment_environment.c2lp_df.index))
AssertionError
2025-09-04 16:03:33,839 - ERROR -   Error on one sample in lineage XFG: 
Traceback (most recent call last):
  File "/home/topcuoglu/openrecombinhunt/src/06_recombinhunt/run_recombinhunt.py", line 175, in run_recombinhunt_for_lineage
    assert set(nuc_change_data_list).issubset(set(experiment_environment.c2lp_df.index))
AssertionError
2025-09-04 16:17:01,922 - ERROR -   Error on one sample in lineage XFG: 
Traceback (most recent call last):
  File "/home/topcuoglu/openrecombinhunt/src/06_recombinhunt/run_recombinhunt.py", line 175, in run_recombinhunt_for_lineage
    assert set(nuc_change_data_list).issubset(set(experiment_environment.c2lp_df.index))
AssertionError
2025-09-04 16:18:06,488 - WARNING - Warning: Running 'all' mode for SARS-CoV-2 may be resource-intensive due to large sample sizes. Reducing to last 6 months.
2025-09-04 16:18:06,488 - INFO - Filtering samples to those collected in the last 6 months based on 'Collection date'.
2025-09-04 16:18:06,488 - INFO - Initial sample count: 4
2025-09-04 16:18:06,490 - INFO - Filtered samples to last 6 months. 0 samples remain.
2025-09-04 16:18:06,492 - WARNING - Warning: Running 'all' mode for SARS-CoV-2 may be resource-intensive due to large sample sizes. Reducing to last 6 months.
2025-09-04 16:18:06,492 - INFO - Filtering samples to those collected in the last 6 months based on 'Collection date'.
2025-09-04 16:18:06,492 - INFO - Initial sample count: 33
2025-09-04 16:18:06,494 - INFO - Filtered samples to last 6 months. 0 samples remain.
2025-09-04 16:18:06,496 - WARNING - Warning: Running 'all' mode for SARS-CoV-2 may be resource-intensive due to large sample sizes. Reducing to last 6 months.
2025-09-04 16:18:06,496 - INFO - Filtering samples to those collected in the last 6 months based on 'Collection date'.
2025-09-04 16:18:06,496 - INFO - Initial sample count: 81
2025-09-04 16:18:06,498 - INFO - Filtered samples to last 6 months. 0 samples remain.
2025-09-04 16:18:06,500 - WARNING - Warning: Running 'all' mode for SARS-CoV-2 may be resource-intensive due to large sample sizes. Reducing to last 6 months.
2025-09-04 16:18:06,500 - INFO - Filtering samples to those collected in the last 6 months based on 'Collection date'.
2025-09-04 16:18:06,500 - INFO - Initial sample count: 4
2025-09-04 16:18:06,501 - INFO - Filtered samples to last 6 months. 1 samples remain.
2025-09-04 16:18:06,502 - INFO -   Lineage 'XFH', Mode 'all': Processing all 1 samples.
2025-09-04 16:18:10,282 - WARNING - Warning: Running 'all' mode for SARS-CoV-2 may be resource-intensive due to large sample sizes. Reducing to last 6 months.
2025-09-04 16:18:10,282 - INFO - Filtering samples to those collected in the last 6 months based on 'Collection date'.
2025-09-04 16:18:10,282 - INFO - Initial sample count: 289
2025-09-04 16:18:10,285 - INFO - Filtered samples to last 6 months. 19 samples remain.
2025-09-04 16:18:10,287 - INFO -   Lineage 'XEK', Mode 'all': Processing all 19 samples.
2025-09-04 16:19:15,058 - WARNING - Warning: Running 'all' mode for SARS-CoV-2 may be resource-intensive due to large sample sizes. Reducing to last 6 months.
2025-09-04 16:19:15,058 - INFO - Filtering samples to those collected in the last 6 months based on 'Collection date'.
2025-09-04 16:19:15,058 - INFO - Initial sample count: 13
2025-09-04 16:19:15,060 - INFO - Filtered samples to last 6 months. 0 samples remain.
2025-09-04 16:19:15,063 - WARNING - Warning: Running 'all' mode for SARS-CoV-2 may be resource-intensive due to large sample sizes. Reducing to last 6 months.
2025-09-04 16:19:15,063 - INFO - Filtering samples to those collected in the last 6 months based on 'Collection date'.
2025-09-04 16:19:15,063 - INFO - Initial sample count: 83
2025-09-04 16:19:15,065 - INFO - Filtered samples to last 6 months. 0 samples remain.
2025-09-04 16:19:15,067 - WARNING - Warning: Running 'all' mode for SARS-CoV-2 may be resource-intensive due to large sample sizes. Reducing to last 6 months.
2025-09-04 16:19:15,067 - INFO - Filtering samples to those collected in the last 6 months based on 'Collection date'.
2025-09-04 16:19:15,067 - INFO - Initial sample count: 37
2025-09-04 16:19:15,068 - INFO - Filtered samples to last 6 months. 0 samples remain.
2025-09-04 16:19:15,071 - WARNING - Warning: Running 'all' mode for SARS-CoV-2 may be resource-intensive due to large sample sizes. Reducing to last 6 months.
2025-09-04 16:19:15,071 - INFO - Filtering samples to those collected in the last 6 months based on 'Collection date'.
2025-09-04 16:19:15,071 - INFO - Initial sample count: 70
2025-09-04 16:19:15,073 - INFO - Filtered samples to last 6 months. 0 samples remain.
2025-09-04 16:19:15,075 - WARNING - Warning: Running 'all' mode for SARS-CoV-2 may be resource-intensive due to large sample sizes. Reducing to last 6 months.
2025-09-04 16:19:15,075 - INFO - Filtering samples to those collected in the last 6 months based on 'Collection date'.
2025-09-04 16:19:15,075 - INFO - Initial sample count: 103
2025-09-04 16:19:15,077 - INFO - Filtered samples to last 6 months. 0 samples remain.
2025-09-04 16:19:15,079 - WARNING - Warning: Running 'all' mode for SARS-CoV-2 may be resource-intensive due to large sample sizes. Reducing to last 6 months.
2025-09-04 16:19:15,079 - INFO - Filtering samples to those collected in the last 6 months based on 'Collection date'.
2025-09-04 16:19:15,079 - INFO - Initial sample count: 65
2025-09-04 16:19:15,081 - INFO - Filtered samples to last 6 months. 0 samples remain.
2025-09-04 16:19:15,083 - WARNING - Warning: Running 'all' mode for SARS-CoV-2 may be resource-intensive due to large sample sizes. Reducing to last 6 months.
2025-09-04 16:19:15,083 - INFO - Filtering samples to those collected in the last 6 months based on 'Collection date'.
2025-09-04 16:19:15,083 - INFO - Initial sample count: 3
2025-09-04 16:19:15,085 - INFO - Filtered samples to last 6 months. 2 samples remain.
2025-09-04 16:19:15,085 - INFO -   Lineage 'XFL', Mode 'all': Processing all 2 samples.
2025-09-04 16:19:15,098 - ERROR -   Error on one sample in lineage XFL: 
Traceback (most recent call last):
  File "/home/topcuoglu/openrecombinhunt/src/06_recombinhunt/run_recombinhunt.py", line 175, in run_recombinhunt_for_lineage
    assert set(nuc_change_data_list).issubset(set(experiment_environment.c2lp_df.index))
AssertionError
2025-09-04 16:19:15,109 - ERROR -   Error on one sample in lineage XFL: 
Traceback (most recent call last):
  File "/home/topcuoglu/openrecombinhunt/src/06_recombinhunt/run_recombinhunt.py", line 175, in run_recombinhunt_for_lineage
    assert set(nuc_change_data_list).issubset(set(experiment_environment.c2lp_df.index))
AssertionError
2025-09-04 16:19:15,110 - WARNING - Warning: Running 'all' mode for SARS-CoV-2 may be resource-intensive due to large sample sizes. Reducing to last 6 months.
2025-09-04 16:19:15,110 - INFO - Filtering samples to those collected in the last 6 months based on 'Collection date'.
2025-09-04 16:19:15,110 - INFO - Initial sample count: 9
2025-09-04 16:19:15,112 - INFO - Filtered samples to last 6 months. 6 samples remain.
2025-09-04 16:19:15,113 - INFO -   Lineage 'XFB', Mode 'all': Processing all 6 samples.
2025-09-04 16:19:36,118 - WARNING - Warning: Running 'all' mode for SARS-CoV-2 may be resource-intensive due to large sample sizes. Reducing to last 6 months.
2025-09-04 16:19:36,118 - INFO - Filtering samples to those collected in the last 6 months based on 'Collection date'.
2025-09-04 16:19:36,118 - INFO - Initial sample count: 5350
2025-09-04 16:19:36,122 - INFO - Filtered samples to last 6 months. 298 samples remain.
2025-09-04 16:19:36,159 - INFO -   Lineage 'XEC', Mode 'all': Processing all 298 samples.
2025-09-04 16:22:19,334 - ERROR -   Error on one sample in lineage XEC: 
Traceback (most recent call last):
  File "/home/topcuoglu/openrecombinhunt/src/06_recombinhunt/run_recombinhunt.py", line 175, in run_recombinhunt_for_lineage
    assert set(nuc_change_data_list).issubset(set(experiment_environment.c2lp_df.index))
AssertionError
2025-09-04 16:22:31,725 - ERROR -   Error on one sample in lineage XEC: 
Traceback (most recent call last):
  File "/home/topcuoglu/openrecombinhunt/src/06_recombinhunt/run_recombinhunt.py", line 175, in run_recombinhunt_for_lineage
    assert set(nuc_change_data_list).issubset(set(experiment_environment.c2lp_df.index))
AssertionError
2025-09-04 16:30:46,351 - ERROR -   Error on one sample in lineage XEC: 
Traceback (most recent call last):
  File "/home/topcuoglu/openrecombinhunt/src/06_recombinhunt/run_recombinhunt.py", line 175, in run_recombinhunt_for_lineage
    assert set(nuc_change_data_list).issubset(set(experiment_environment.c2lp_df.index))
AssertionError
2025-09-04 16:36:00,493 - WARNING - Warning: Running 'all' mode for SARS-CoV-2 may be resource-intensive due to large sample sizes. Reducing to last 6 months.
2025-09-04 16:36:00,493 - INFO - Filtering samples to those collected in the last 6 months based on 'Collection date'.
2025-09-04 16:36:00,493 - INFO - Initial sample count: 35
2025-09-04 16:36:00,496 - INFO - Filtered samples to last 6 months. 0 samples remain.
2025-09-04 16:36:00,498 - WARNING - Warning: Running 'all' mode for SARS-CoV-2 may be resource-intensive due to large sample sizes. Reducing to last 6 months.
2025-09-04 16:36:00,498 - INFO - Filtering samples to those collected in the last 6 months based on 'Collection date'.
2025-09-04 16:36:00,498 - INFO - Initial sample count: 31
2025-09-04 16:36:00,500 - INFO - Filtered samples to last 6 months. 0 samples remain.
2025-09-04 16:36:00,501 - WARNING - Warning: Running 'all' mode for SARS-CoV-2 may be resource-intensive due to large sample sizes. Reducing to last 6 months.
2025-09-04 16:36:00,501 - INFO - Filtering samples to those collected in the last 6 months based on 'Collection date'.
2025-09-04 16:36:00,501 - INFO - Initial sample count: 2
2025-09-04 16:36:00,503 - INFO - Filtered samples to last 6 months. 0 samples remain.
2025-09-04 16:36:00,505 - WARNING - Warning: Running 'all' mode for SARS-CoV-2 may be resource-intensive due to large sample sizes. Reducing to last 6 months.
2025-09-04 16:36:00,505 - INFO - Filtering samples to those collected in the last 6 months based on 'Collection date'.
2025-09-04 16:36:00,505 - INFO - Initial sample count: 8
2025-09-04 16:36:00,506 - INFO - Filtered samples to last 6 months. 0 samples remain.
2025-09-04 16:36:00,510 - WARNING - Warning: Running 'all' mode for SARS-CoV-2 may be resource-intensive due to large sample sizes. Reducing to last 6 months.
2025-09-04 16:36:00,510 - INFO - Filtering samples to those collected in the last 6 months based on 'Collection date'.
2025-09-04 16:36:00,510 - INFO - Initial sample count: 150
2025-09-04 16:36:00,512 - INFO - Filtered samples to last 6 months. 0 samples remain.
2025-09-04 16:36:00,515 - WARNING - Warning: Running 'all' mode for SARS-CoV-2 may be resource-intensive due to large sample sizes. Reducing to last 6 months.
2025-09-04 16:36:00,515 - INFO - Filtering samples to those collected in the last 6 months based on 'Collection date'.
2025-09-04 16:36:00,515 - INFO - Initial sample count: 72
2025-09-04 16:36:00,517 - INFO - Filtered samples to last 6 months. 63 samples remain.
2025-09-04 16:36:00,529 - INFO -   Lineage 'XFC', Mode 'all': Processing all 63 samples.
2025-09-04 16:39:46,150 - WARNING - Warning: Running 'all' mode for SARS-CoV-2 may be resource-intensive due to large sample sizes. Reducing to last 6 months.
2025-09-04 16:39:46,150 - INFO - Filtering samples to those collected in the last 6 months based on 'Collection date'.
2025-09-04 16:39:46,150 - INFO - Initial sample count: 12
2025-09-04 16:39:46,152 - INFO - Filtered samples to last 6 months. 0 samples remain.
2025-09-04 16:39:46,154 - WARNING - Warning: Running 'all' mode for SARS-CoV-2 may be resource-intensive due to large sample sizes. Reducing to last 6 months.
2025-09-04 16:39:46,154 - INFO - Filtering samples to those collected in the last 6 months based on 'Collection date'.
2025-09-04 16:39:46,154 - INFO - Initial sample count: 10
2025-09-04 16:39:46,156 - INFO - Filtered samples to last 6 months. 0 samples remain.
2025-09-04 16:39:46,158 - WARNING - Warning: Running 'all' mode for SARS-CoV-2 may be resource-intensive due to large sample sizes. Reducing to last 6 months.
2025-09-04 16:39:46,158 - INFO - Filtering samples to those collected in the last 6 months based on 'Collection date'.
2025-09-04 16:39:46,158 - INFO - Initial sample count: 4
2025-09-04 16:39:46,159 - INFO - Filtered samples to last 6 months. 3 samples remain.
2025-09-04 16:39:46,160 - INFO -   Lineage 'XFM', Mode 'all': Processing all 3 samples.
2025-09-04 16:39:55,562 - WARNING - Warning: Running 'all' mode for SARS-CoV-2 may be resource-intensive due to large sample sizes. Reducing to last 6 months.
2025-09-04 16:39:55,562 - INFO - Filtering samples to those collected in the last 6 months based on 'Collection date'.
2025-09-04 16:39:55,562 - INFO - Initial sample count: 4
2025-09-04 16:39:55,564 - INFO - Filtered samples to last 6 months. 0 samples remain.
2025-09-04 16:39:55,566 - WARNING - Warning: Running 'all' mode for SARS-CoV-2 may be resource-intensive due to large sample sizes. Reducing to last 6 months.
2025-09-04 16:39:55,566 - INFO - Filtering samples to those collected in the last 6 months based on 'Collection date'.
2025-09-04 16:39:55,566 - INFO - Initial sample count: 3
2025-09-04 16:39:55,568 - INFO - Filtered samples to last 6 months. 0 samples remain.
2025-09-04 16:39:55,569 - WARNING - Warning: Running 'all' mode for SARS-CoV-2 may be resource-intensive due to large sample sizes. Reducing to last 6 months.
2025-09-04 16:39:55,569 - INFO - Filtering samples to those collected in the last 6 months based on 'Collection date'.
2025-09-04 16:39:55,569 - INFO - Initial sample count: 5
2025-09-04 16:39:55,571 - INFO - Filtered samples to last 6 months. 0 samples remain.
2025-09-04 16:39:55,573 - WARNING - Warning: Running 'all' mode for SARS-CoV-2 may be resource-intensive due to large sample sizes. Reducing to last 6 months.
2025-09-04 16:39:55,573 - INFO - Filtering samples to those collected in the last 6 months based on 'Collection date'.
2025-09-04 16:39:55,574 - INFO - Initial sample count: 84
2025-09-04 16:39:55,575 - INFO - Filtered samples to last 6 months. 0 samples remain.
2025-09-04 16:39:55,577 - WARNING - Warning: Running 'all' mode for SARS-CoV-2 may be resource-intensive due to large sample sizes. Reducing to last 6 months.
2025-09-04 16:39:55,577 - INFO - Filtering samples to those collected in the last 6 months based on 'Collection date'.
2025-09-04 16:39:55,577 - INFO - Initial sample count: 5
2025-09-04 16:39:55,579 - INFO - Filtered samples to last 6 months. 0 samples remain.
2025-09-04 16:39:55,581 - WARNING - Warning: Running 'all' mode for SARS-CoV-2 may be resource-intensive due to large sample sizes. Reducing to last 6 months.
2025-09-04 16:39:55,581 - INFO - Filtering samples to those collected in the last 6 months based on 'Collection date'.
2025-09-04 16:39:55,581 - INFO - Initial sample count: 51
2025-09-04 16:39:55,583 - INFO - Filtered samples to last 6 months. 0 samples remain.
2025-09-04 16:39:55,586 - WARNING - Warning: Running 'all' mode for SARS-CoV-2 may be resource-intensive due to large sample sizes. Reducing to last 6 months.
2025-09-04 16:39:55,586 - INFO - Filtering samples to those collected in the last 6 months based on 'Collection date'.
2025-09-04 16:39:55,586 - INFO - Initial sample count: 190
2025-09-04 16:39:55,588 - INFO - Filtered samples to last 6 months. 0 samples remain.
2025-09-04 16:39:55,600 - WARNING - Warning: Running 'all' mode for SARS-CoV-2 may be resource-intensive due to large sample sizes. Reducing to last 6 months.
2025-09-04 16:39:55,600 - INFO - Filtering samples to those collected in the last 6 months based on 'Collection date'.
2025-09-04 16:39:55,600 - INFO - Initial sample count: 1654
2025-09-04 16:39:55,602 - INFO - Filtered samples to last 6 months. 0 samples remain.
2025-09-04 16:39:55,604 - WARNING - Warning: Running 'all' mode for SARS-CoV-2 may be resource-intensive due to large sample sizes. Reducing to last 6 months.
2025-09-04 16:39:55,604 - INFO - Filtering samples to those collected in the last 6 months based on 'Collection date'.
2025-09-04 16:39:55,604 - INFO - Initial sample count: 2
2025-09-04 16:39:55,605 - INFO - Filtered samples to last 6 months. 1 samples remain.
2025-09-04 16:39:55,606 - INFO -   Lineage 'XFA', Mode 'all': Processing all 1 samples.
2025-09-04 16:39:59,634 - WARNING - Warning: Running 'all' mode for SARS-CoV-2 may be resource-intensive due to large sample sizes. Reducing to last 6 months.
2025-09-04 16:39:59,634 - INFO - Filtering samples to those collected in the last 6 months based on 'Collection date'.
2025-09-04 16:39:59,634 - INFO - Initial sample count: 71
2025-09-04 16:39:59,636 - INFO - Filtered samples to last 6 months. 0 samples remain.
2025-09-04 16:39:59,639 - WARNING - Warning: Running 'all' mode for SARS-CoV-2 may be resource-intensive due to large sample sizes. Reducing to last 6 months.
2025-09-04 16:39:59,639 - INFO - Filtering samples to those collected in the last 6 months based on 'Collection date'.
2025-09-04 16:39:59,639 - INFO - Initial sample count: 137
2025-09-04 16:39:59,641 - INFO - Filtered samples to last 6 months. 0 samples remain.
2025-09-04 16:39:59,643 - WARNING - Warning: Running 'all' mode for SARS-CoV-2 may be resource-intensive due to large sample sizes. Reducing to last 6 months.
2025-09-04 16:39:59,643 - INFO - Filtering samples to those collected in the last 6 months based on 'Collection date'.
2025-09-04 16:39:59,643 - INFO - Initial sample count: 10
2025-09-04 16:39:59,645 - INFO - Filtered samples to last 6 months. 0 samples remain.
2025-09-04 16:39:59,647 - WARNING - Warning: Running 'all' mode for SARS-CoV-2 may be resource-intensive due to large sample sizes. Reducing to last 6 months.
2025-09-04 16:39:59,647 - INFO - Filtering samples to those collected in the last 6 months based on 'Collection date'.
2025-09-04 16:39:59,647 - INFO - Initial sample count: 28
2025-09-04 16:39:59,648 - INFO - Filtered samples to last 6 months. 1 samples remain.
2025-09-04 16:39:59,649 - INFO -   Lineage 'XEN', Mode 'all': Processing all 1 samples.
2025-09-04 16:39:59,661 - ERROR -   Error on one sample in lineage XEN: 
Traceback (most recent call last):
  File "/home/topcuoglu/openrecombinhunt/src/06_recombinhunt/run_recombinhunt.py", line 175, in run_recombinhunt_for_lineage
    assert set(nuc_change_data_list).issubset(set(experiment_environment.c2lp_df.index))
AssertionError
2025-09-04 16:39:59,663 - WARNING - Warning: Running 'all' mode for SARS-CoV-2 may be resource-intensive due to large sample sizes. Reducing to last 6 months.
2025-09-04 16:39:59,663 - INFO - Filtering samples to those collected in the last 6 months based on 'Collection date'.
2025-09-04 16:39:59,664 - INFO - Initial sample count: 35
2025-09-04 16:39:59,665 - INFO - Filtered samples to last 6 months. 0 samples remain.
2025-09-04 16:39:59,671 - WARNING - Warning: Running 'all' mode for SARS-CoV-2 may be resource-intensive due to large sample sizes. Reducing to last 6 months.
2025-09-04 16:39:59,671 - INFO - Filtering samples to those collected in the last 6 months based on 'Collection date'.
2025-09-04 16:39:59,671 - INFO - Initial sample count: 330
2025-09-04 16:39:59,673 - INFO - Filtered samples to last 6 months. 0 samples remain.
2025-09-04 16:39:59,676 - WARNING - Warning: Running 'all' mode for SARS-CoV-2 may be resource-intensive due to large sample sizes. Reducing to last 6 months.
2025-09-04 16:39:59,676 - INFO - Filtering samples to those collected in the last 6 months based on 'Collection date'.
2025-09-04 16:39:59,676 - INFO - Initial sample count: 57
2025-09-04 16:39:59,677 - INFO - Filtered samples to last 6 months. 4 samples remain.
2025-09-04 16:39:59,678 - INFO -   Lineage 'XEV', Mode 'all': Processing all 4 samples.
2025-09-04 16:40:13,090 - WARNING - Warning: Running 'all' mode for SARS-CoV-2 may be resource-intensive due to large sample sizes. Reducing to last 6 months.
2025-09-04 16:40:13,090 - INFO - Filtering samples to those collected in the last 6 months based on 'Collection date'.
2025-09-04 16:40:13,090 - INFO - Initial sample count: 11
2025-09-04 16:40:13,092 - INFO - Filtered samples to last 6 months. 0 samples remain.
2025-09-04 16:40:13,094 - WARNING - Warning: Running 'all' mode for SARS-CoV-2 may be resource-intensive due to large sample sizes. Reducing to last 6 months.
2025-09-04 16:40:13,094 - INFO - Filtering samples to those collected in the last 6 months based on 'Collection date'.
2025-09-04 16:40:13,094 - INFO - Initial sample count: 63
2025-09-04 16:40:13,096 - INFO - Filtered samples to last 6 months. 0 samples remain.
2025-09-04 16:40:13,098 - WARNING - Warning: Running 'all' mode for SARS-CoV-2 may be resource-intensive due to large sample sizes. Reducing to last 6 months.
2025-09-04 16:40:13,098 - INFO - Filtering samples to those collected in the last 6 months based on 'Collection date'.
2025-09-04 16:40:13,098 - INFO - Initial sample count: 28
2025-09-04 16:40:13,100 - INFO - Filtered samples to last 6 months. 0 samples remain.
2025-09-04 16:40:13,102 - WARNING - Warning: Running 'all' mode for SARS-CoV-2 may be resource-intensive due to large sample sizes. Reducing to last 6 months.
2025-09-04 16:40:13,102 - INFO - Filtering samples to those collected in the last 6 months based on 'Collection date'.
2025-09-04 16:40:13,102 - INFO - Initial sample count: 19
2025-09-04 16:40:13,103 - INFO - Filtered samples to last 6 months. 0 samples remain.
2025-09-04 16:40:13,105 - WARNING - Warning: Running 'all' mode for SARS-CoV-2 may be resource-intensive due to large sample sizes. Reducing to last 6 months.
2025-09-04 16:40:13,105 - INFO - Filtering samples to those collected in the last 6 months based on 'Collection date'.
2025-09-04 16:40:13,105 - INFO - Initial sample count: 19
2025-09-04 16:40:13,107 - INFO - Filtered samples to last 6 months. 4 samples remain.
2025-09-04 16:40:13,108 - INFO -   Lineage 'XEW', Mode 'all': Processing all 4 samples.
2025-09-04 16:40:57,067 - WARNING - Warning: Running 'all' mode for SARS-CoV-2 may be resource-intensive due to large sample sizes. Reducing to last 6 months.
2025-09-04 16:40:57,067 - INFO - Filtering samples to those collected in the last 6 months based on 'Collection date'.
2025-09-04 16:40:57,068 - INFO - Initial sample count: 36
2025-09-04 16:40:57,070 - INFO - Filtered samples to last 6 months. 0 samples remain.
2025-09-04 16:40:57,072 - WARNING - Warning: Running 'all' mode for SARS-CoV-2 may be resource-intensive due to large sample sizes. Reducing to last 6 months.
2025-09-04 16:40:57,072 - INFO - Filtering samples to those collected in the last 6 months based on 'Collection date'.
2025-09-04 16:40:57,072 - INFO - Initial sample count: 1
2025-09-04 16:40:57,074 - INFO - Filtered samples to last 6 months. 0 samples remain.
2025-09-04 16:40:57,075 - WARNING - Warning: Running 'all' mode for SARS-CoV-2 may be resource-intensive due to large sample sizes. Reducing to last 6 months.
2025-09-04 16:40:57,076 - INFO - Filtering samples to those collected in the last 6 months based on 'Collection date'.
2025-09-04 16:40:57,076 - INFO - Initial sample count: 25
2025-09-04 16:40:57,077 - INFO - Filtered samples to last 6 months. 0 samples remain.
2025-09-04 16:40:57,080 - WARNING - Warning: Running 'all' mode for SARS-CoV-2 may be resource-intensive due to large sample sizes. Reducing to last 6 months.
2025-09-04 16:40:57,080 - INFO - Filtering samples to those collected in the last 6 months based on 'Collection date'.
2025-09-04 16:40:57,080 - INFO - Initial sample count: 40
2025-09-04 16:40:57,082 - INFO - Filtered samples to last 6 months. 0 samples remain.
2025-09-04 16:40:57,084 - WARNING - Warning: Running 'all' mode for SARS-CoV-2 may be resource-intensive due to large sample sizes. Reducing to last 6 months.
2025-09-04 16:40:57,084 - INFO - Filtering samples to those collected in the last 6 months based on 'Collection date'.
2025-09-04 16:40:57,084 - INFO - Initial sample count: 51
2025-09-04 16:40:57,086 - INFO - Filtered samples to last 6 months. 0 samples remain.
2025-09-04 16:40:57,091 - WARNING - Warning: Running 'all' mode for SARS-CoV-2 may be resource-intensive due to large sample sizes. Reducing to last 6 months.
2025-09-04 16:40:57,091 - INFO - Filtering samples to those collected in the last 6 months based on 'Collection date'.
2025-09-04 16:40:57,091 - INFO - Initial sample count: 318
2025-09-04 16:40:57,093 - INFO - Filtered samples to last 6 months. 0 samples remain.
2025-09-04 16:40:57,095 - WARNING - Warning: Running 'all' mode for SARS-CoV-2 may be resource-intensive due to large sample sizes. Reducing to last 6 months.
2025-09-04 16:40:57,095 - INFO - Filtering samples to those collected in the last 6 months based on 'Collection date'.
2025-09-04 16:40:57,095 - INFO - Initial sample count: 4
2025-09-04 16:40:57,097 - INFO - Filtered samples to last 6 months. 0 samples remain.
2025-09-04 16:40:57,098 - WARNING - Warning: Running 'all' mode for SARS-CoV-2 may be resource-intensive due to large sample sizes. Reducing to last 6 months.
2025-09-04 16:40:57,098 - INFO - Filtering samples to those collected in the last 6 months based on 'Collection date'.
2025-09-04 16:40:57,099 - INFO - Initial sample count: 8
2025-09-04 16:40:57,100 - INFO - Filtered samples to last 6 months. 0 samples remain.
2025-09-04 16:40:57,102 - WARNING - Warning: Running 'all' mode for SARS-CoV-2 may be resource-intensive due to large sample sizes. Reducing to last 6 months.
2025-09-04 16:40:57,102 - INFO - Filtering samples to those collected in the last 6 months based on 'Collection date'.
2025-09-04 16:40:57,102 - INFO - Initial sample count: 2
2025-09-04 16:40:57,104 - INFO - Filtered samples to last 6 months. 0 samples remain.
2025-09-04 16:40:57,105 - WARNING - Warning: Running 'all' mode for SARS-CoV-2 may be resource-intensive due to large sample sizes. Reducing to last 6 months.
2025-09-04 16:40:57,105 - INFO - Filtering samples to those collected in the last 6 months based on 'Collection date'.
2025-09-04 16:40:57,105 - INFO - Initial sample count: 4
2025-09-04 16:40:57,107 - INFO - Filtered samples to last 6 months. 0 samples remain.
2025-09-04 16:40:57,111 - WARNING - Warning: Running 'all' mode for SARS-CoV-2 may be resource-intensive due to large sample sizes. Reducing to last 6 months.
2025-09-04 16:40:57,112 - INFO - Filtering samples to those collected in the last 6 months based on 'Collection date'.
2025-09-04 16:40:57,112 - INFO - Initial sample count: 214
2025-09-04 16:40:57,114 - INFO - Filtered samples to last 6 months. 0 samples remain.
2025-09-04 16:40:57,116 - WARNING - Warning: Running 'all' mode for SARS-CoV-2 may be resource-intensive due to large sample sizes. Reducing to last 6 months.
2025-09-04 16:40:57,116 - INFO - Filtering samples to those collected in the last 6 months based on 'Collection date'.
2025-09-04 16:40:57,116 - INFO - Initial sample count: 17
2025-09-04 16:40:57,118 - INFO - Filtered samples to last 6 months. 2 samples remain.
2025-09-04 16:40:57,118 - INFO -   Lineage 'XEP', Mode 'all': Processing all 2 samples.
2025-09-04 16:41:04,048 - WARNING - Warning: Running 'all' mode for SARS-CoV-2 may be resource-intensive due to large sample sizes. Reducing to last 6 months.
2025-09-04 16:41:04,049 - INFO - Filtering samples to those collected in the last 6 months based on 'Collection date'.
2025-09-04 16:41:04,049 - INFO - Initial sample count: 18
2025-09-04 16:41:04,051 - INFO - Filtered samples to last 6 months. 0 samples remain.
2025-09-04 16:41:04,053 - WARNING - Warning: Running 'all' mode for SARS-CoV-2 may be resource-intensive due to large sample sizes. Reducing to last 6 months.
2025-09-04 16:41:04,053 - INFO - Filtering samples to those collected in the last 6 months based on 'Collection date'.
2025-09-04 16:41:04,053 - INFO - Initial sample count: 23
2025-09-04 16:41:04,054 - INFO - Filtered samples to last 6 months. 0 samples remain.
2025-09-04 16:41:04,056 - WARNING - Warning: Running 'all' mode for SARS-CoV-2 may be resource-intensive due to large sample sizes. Reducing to last 6 months.
2025-09-04 16:41:04,056 - INFO - Filtering samples to those collected in the last 6 months based on 'Collection date'.
2025-09-04 16:41:04,056 - INFO - Initial sample count: 3
2025-09-04 16:41:04,058 - INFO - Filtered samples to last 6 months. 0 samples remain.
2025-09-04 16:41:04,062 - WARNING - Warning: Running 'all' mode for SARS-CoV-2 may be resource-intensive due to large sample sizes. Reducing to last 6 months.
2025-09-04 16:41:04,062 - INFO - Filtering samples to those collected in the last 6 months based on 'Collection date'.
2025-09-04 16:41:04,062 - INFO - Initial sample count: 159
2025-09-04 16:41:04,064 - INFO - Filtered samples to last 6 months. 0 samples remain.
2025-09-04 16:41:04,066 - WARNING - Warning: Running 'all' mode for SARS-CoV-2 may be resource-intensive due to large sample sizes. Reducing to last 6 months.
2025-09-04 16:41:04,066 - INFO - Filtering samples to those collected in the last 6 months based on 'Collection date'.
2025-09-04 16:41:04,066 - INFO - Initial sample count: 23
2025-09-04 16:41:04,067 - INFO - Filtered samples to last 6 months. 0 samples remain.
2025-09-04 16:41:04,069 - WARNING - Warning: Running 'all' mode for SARS-CoV-2 may be resource-intensive due to large sample sizes. Reducing to last 6 months.
2025-09-04 16:41:04,069 - INFO - Filtering samples to those collected in the last 6 months based on 'Collection date'.
2025-09-04 16:41:04,069 - INFO - Initial sample count: 23
2025-09-04 16:41:04,071 - INFO - Filtered samples to last 6 months. 0 samples remain.
2025-09-04 16:41:04,073 - WARNING - Warning: Running 'all' mode for SARS-CoV-2 may be resource-intensive due to large sample sizes. Reducing to last 6 months.
2025-09-04 16:41:04,073 - INFO - Filtering samples to those collected in the last 6 months based on 'Collection date'.
2025-09-04 16:41:04,073 - INFO - Initial sample count: 18
2025-09-04 16:41:04,075 - INFO - Filtered samples to last 6 months. 0 samples remain.
2025-09-04 16:41:04,077 - WARNING - Warning: Running 'all' mode for SARS-CoV-2 may be resource-intensive due to large sample sizes. Reducing to last 6 months.
2025-09-04 16:41:04,077 - INFO - Filtering samples to those collected in the last 6 months based on 'Collection date'.
2025-09-04 16:41:04,077 - INFO - Initial sample count: 27
2025-09-04 16:41:04,079 - INFO - Filtered samples to last 6 months. 27 samples remain.
2025-09-04 16:41:04,081 - INFO -   Lineage 'XFN', Mode 'all': Processing all 27 samples.
2025-09-04 16:42:34,320 - WARNING - Warning: Running 'all' mode for SARS-CoV-2 may be resource-intensive due to large sample sizes. Reducing to last 6 months.
2025-09-04 16:42:34,320 - INFO - Filtering samples to those collected in the last 6 months based on 'Collection date'.
2025-09-04 16:42:34,320 - INFO - Initial sample count: 23
2025-09-04 16:42:34,322 - INFO - Filtered samples to last 6 months. 0 samples remain.
2025-09-04 16:42:34,324 - WARNING - Warning: Running 'all' mode for SARS-CoV-2 may be resource-intensive due to large sample sizes. Reducing to last 6 months.
2025-09-04 16:42:34,324 - INFO - Filtering samples to those collected in the last 6 months based on 'Collection date'.
2025-09-04 16:42:34,325 - INFO - Initial sample count: 29
2025-09-04 16:42:34,326 - INFO - Filtered samples to last 6 months. 0 samples remain.
2025-09-04 16:42:34,329 - WARNING - Warning: Running 'all' mode for SARS-CoV-2 may be resource-intensive due to large sample sizes. Reducing to last 6 months.
2025-09-04 16:42:34,329 - INFO - Filtering samples to those collected in the last 6 months based on 'Collection date'.
2025-09-04 16:42:34,329 - INFO - Initial sample count: 48
2025-09-04 16:42:34,330 - INFO - Filtered samples to last 6 months. 0 samples remain.
2025-09-04 16:42:34,332 - WARNING - Warning: Running 'all' mode for SARS-CoV-2 may be resource-intensive due to large sample sizes. Reducing to last 6 months.
2025-09-04 16:42:34,332 - INFO - Filtering samples to those collected in the last 6 months based on 'Collection date'.
2025-09-04 16:42:34,332 - INFO - Initial sample count: 18
2025-09-04 16:42:34,334 - INFO - Filtered samples to last 6 months. 0 samples remain.
2025-09-04 16:42:34,336 - WARNING - Warning: Running 'all' mode for SARS-CoV-2 may be resource-intensive due to large sample sizes. Reducing to last 6 months.
2025-09-04 16:42:34,336 - INFO - Filtering samples to those collected in the last 6 months based on 'Collection date'.
2025-09-04 16:42:34,336 - INFO - Initial sample count: 1
2025-09-04 16:42:34,337 - INFO - Filtered samples to last 6 months. 0 samples remain.
2025-09-04 16:42:34,341 - WARNING - Warning: Running 'all' mode for SARS-CoV-2 may be resource-intensive due to large sample sizes. Reducing to last 6 months.
2025-09-04 16:42:34,342 - INFO - Filtering samples to those collected in the last 6 months based on 'Collection date'.
2025-09-04 16:42:34,342 - INFO - Initial sample count: 170
2025-09-04 16:42:34,343 - INFO - Filtered samples to last 6 months. 0 samples remain.
2025-09-04 16:42:34,345 - WARNING - Warning: Running 'all' mode for SARS-CoV-2 may be resource-intensive due to large sample sizes. Reducing to last 6 months.
2025-09-04 16:42:34,345 - INFO - Filtering samples to those collected in the last 6 months based on 'Collection date'.
2025-09-04 16:42:34,345 - INFO - Initial sample count: 18
2025-09-04 16:42:34,347 - INFO - Filtered samples to last 6 months. 0 samples remain.
2025-09-04 16:42:34,349 - WARNING - Warning: Running 'all' mode for SARS-CoV-2 may be resource-intensive due to large sample sizes. Reducing to last 6 months.
2025-09-04 16:42:34,349 - INFO - Filtering samples to those collected in the last 6 months based on 'Collection date'.
2025-09-04 16:42:34,349 - INFO - Initial sample count: 19
2025-09-04 16:42:34,351 - INFO - Filtered samples to last 6 months. 0 samples remain.
2025-09-04 16:42:34,355 - WARNING - Warning: Running 'all' mode for SARS-CoV-2 may be resource-intensive due to large sample sizes. Reducing to last 6 months.
2025-09-04 16:42:34,355 - INFO - Filtering samples to those collected in the last 6 months based on 'Collection date'.
2025-09-04 16:42:34,356 - INFO - Initial sample count: 220
2025-09-04 16:42:34,357 - INFO - Filtered samples to last 6 months. 0 samples remain.
2025-09-04 16:42:34,363 - WARNING - Warning: Running 'all' mode for SARS-CoV-2 may be resource-intensive due to large sample sizes. Reducing to last 6 months.
2025-09-04 16:42:34,363 - INFO - Filtering samples to those collected in the last 6 months based on 'Collection date'.
2025-09-04 16:42:34,363 - INFO - Initial sample count: 770
2025-09-04 16:42:34,365 - INFO - Filtered samples to last 6 months. 0 samples remain.
2025-09-04 16:42:34,391 - INFO - Recombinant summary saved to: results/recombinhunt_output/sars-cov-2/dist0size0/all/recombinant_summary.tsv
2025-09-04 16:42:34,422 - INFO - Saved extensive summary table to: results/recombinhunt_output/sars-cov-2/dist0size0/all/recombinant_summary_extensive.tsv
2025-09-04 16:42:34,422 - INFO - Text report saved to: results/recombinhunt_output/sars-cov-2/dist0size0/all/experiment-output.all.txt
2025-09-04 16:42:34,423 - INFO - HTML report saved to: results/recombinhunt_output/sars-cov-2/dist0size0/all/experiment-detail.all.html
2025-09-04 16:42:34,435 - INFO - RecombinHunt experiment step finished successfully with given config and run mode.
2025-09-04 16:42:34,435 - INFO - For sars-cov-2, it's recommended to run the CONSENSUS mode next for a comprehensive analysis.
2025-09-04 16:42:34,435 - INFO - Now running the CONSENSUS mode as a follow-up step.
2025-09-04 16:42:34,435 - INFO - --- Starting Step 6: Run RecombinHunt for 'sars-cov-2' ---
2025-09-04 16:42:34,435 - INFO - Loading RecombinHunt environment from: environments/sars-cov-2/dist0size0
2025-09-04 16:42:49,136 - INFO - Loading lineage totals from 'samples/sars-cov-2/dist0size0/samples_total.json'
2025-09-04 16:42:49,137 - INFO - Found 132 sample files in 'samples/sars-cov-2/dist0size0'.
2025-09-04 16:42:49,140 - INFO - get rid of the collection_date column for all rows - SARS-CoV-2 specific handling.
2025-09-04 16:42:49,141 - INFO -   Lineage 'XCJ', Mode 'consensus': Processing 1 consensus sequence.
2025-09-04 16:42:53,313 - INFO - get rid of the collection_date column for all rows - SARS-CoV-2 specific handling.
2025-09-04 16:42:53,345 - INFO -   Lineage 'XG', Mode 'consensus': Processing 1 consensus sequence.
2025-09-04 16:42:56,676 - INFO - get rid of the collection_date column for all rows - SARS-CoV-2 specific handling.
2025-09-04 16:42:56,695 - INFO -   Lineage 'XM', Mode 'consensus': Processing 1 consensus sequence.
2025-09-04 16:42:59,964 - INFO - get rid of the collection_date column for all rows - SARS-CoV-2 specific handling.
2025-09-04 16:42:59,964 - INFO -   Lineage 'XAT', Mode 'consensus': Processing 1 consensus sequence.
2025-09-04 16:43:03,853 - INFO - get rid of the collection_date column for all rows - SARS-CoV-2 specific handling.
2025-09-04 16:43:03,855 - INFO -   Lineage 'XDV', Mode 'consensus': Processing 1 consensus sequence.
2025-09-04 16:43:06,571 - INFO - get rid of the collection_date column for all rows - SARS-CoV-2 specific handling.
2025-09-04 16:43:06,577 - INFO -   Lineage 'XCV', Mode 'consensus': Processing 1 consensus sequence.
2025-09-04 16:43:09,813 - INFO - get rid of the collection_date column for all rows - SARS-CoV-2 specific handling.
2025-09-04 16:43:09,821 - INFO -   Lineage 'XCL', Mode 'consensus': Processing 1 consensus sequence.
2025-09-04 16:43:13,793 - INFO - get rid of the collection_date column for all rows - SARS-CoV-2 specific handling.
2025-09-04 16:43:13,795 - INFO -   Lineage 'XD', Mode 'consensus': Processing 1 consensus sequence.
2025-09-04 16:43:17,623 - INFO - get rid of the collection_date column for all rows - SARS-CoV-2 specific handling.
2025-09-04 16:43:17,625 - INFO -   Lineage 'XS', Mode 'consensus': Processing 1 consensus sequence.
2025-09-04 16:43:20,786 - INFO - get rid of the collection_date column for all rows - SARS-CoV-2 specific handling.
2025-09-04 16:43:20,794 - INFO -   Lineage 'XAM', Mode 'consensus': Processing 1 consensus sequence.
2025-09-04 16:43:23,904 - INFO - get rid of the collection_date column for all rows - SARS-CoV-2 specific handling.
2025-09-04 16:43:23,905 - INFO -   Lineage 'XFP', Mode 'consensus': Processing 1 consensus sequence.
2025-09-04 16:43:27,884 - INFO - get rid of the collection_date column for all rows - SARS-CoV-2 specific handling.
2025-09-04 16:43:27,887 - INFO -   Lineage 'XAF', Mode 'consensus': Processing 1 consensus sequence.
2025-09-04 16:43:31,028 - INFO - get rid of the collection_date column for all rows - SARS-CoV-2 specific handling.
2025-09-04 16:43:31,029 - INFO -   Lineage 'XEJ', Mode 'consensus': Processing 1 consensus sequence.
2025-09-04 16:43:33,760 - INFO - get rid of the collection_date column for all rows - SARS-CoV-2 specific handling.
2025-09-04 16:43:33,762 - INFO -   Lineage 'XF', Mode 'consensus': Processing 1 consensus sequence.
2025-09-04 16:43:36,906 - INFO - get rid of the collection_date column for all rows - SARS-CoV-2 specific handling.
2025-09-04 16:43:36,910 - INFO -   Lineage 'XAC', Mode 'consensus': Processing 1 consensus sequence.
2025-09-04 16:43:40,674 - INFO - get rid of the collection_date column for all rows - SARS-CoV-2 specific handling.
2025-09-04 16:43:40,690 - INFO -   Lineage 'XDK', Mode 'consensus': Processing 1 consensus sequence.
2025-09-04 16:43:43,869 - INFO - get rid of the collection_date column for all rows - SARS-CoV-2 specific handling.
2025-09-04 16:43:43,870 - INFO -   Lineage 'XDH', Mode 'consensus': Processing 1 consensus sequence.
2025-09-04 16:43:47,069 - INFO - get rid of the collection_date column for all rows - SARS-CoV-2 specific handling.
2025-09-04 16:43:47,074 - INFO -   Lineage 'XAP', Mode 'consensus': Processing 1 consensus sequence.
2025-09-04 16:43:50,894 - INFO - get rid of the collection_date column for all rows - SARS-CoV-2 specific handling.
2025-09-04 16:43:50,897 - INFO -   Lineage 'XEE', Mode 'consensus': Processing 1 consensus sequence.
2025-09-04 16:43:53,653 - INFO - get rid of the collection_date column for all rows - SARS-CoV-2 specific handling.
2025-09-04 16:43:53,659 - INFO -   Lineage 'XAL', Mode 'consensus': Processing 1 consensus sequence.
2025-09-04 16:43:56,796 - INFO - get rid of the collection_date column for all rows - SARS-CoV-2 specific handling.
2025-09-04 16:43:56,799 - INFO -   Lineage 'XAG', Mode 'consensus': Processing 1 consensus sequence.
2025-09-04 16:43:59,978 - INFO - get rid of the collection_date column for all rows - SARS-CoV-2 specific handling.
2025-09-04 16:43:59,980 - INFO -   Lineage 'XCQ', Mode 'consensus': Processing 1 consensus sequence.
2025-09-04 16:44:03,106 - INFO - get rid of the collection_date column for all rows - SARS-CoV-2 specific handling.
2025-09-04 16:44:03,114 - INFO -   Lineage 'XL', Mode 'consensus': Processing 1 consensus sequence.
2025-09-04 16:44:06,298 - INFO - get rid of the collection_date column for all rows - SARS-CoV-2 specific handling.
2025-09-04 16:44:06,305 - INFO -   Lineage 'XBG', Mode 'consensus': Processing 1 consensus sequence.
2025-09-04 16:44:10,204 - INFO - get rid of the collection_date column for all rows - SARS-CoV-2 specific handling.
2025-09-04 16:44:10,227 - INFO -   Lineage 'XDY', Mode 'consensus': Processing 1 consensus sequence.
2025-09-04 16:44:13,053 - INFO - get rid of the collection_date column for all rows - SARS-CoV-2 specific handling.
2025-09-04 16:44:13,059 - INFO -   Lineage 'XBT', Mode 'consensus': Processing 1 consensus sequence.
2025-09-04 16:44:17,212 - INFO - get rid of the collection_date column for all rows - SARS-CoV-2 specific handling.
2025-09-04 16:44:17,213 - INFO -   Lineage 'XFK', Mode 'consensus': Processing 1 consensus sequence.
2025-09-04 16:44:19,959 - INFO - get rid of the collection_date column for all rows - SARS-CoV-2 specific handling.
2025-09-04 16:44:20,005 - INFO -   Lineage 'XAZ', Mode 'consensus': Processing 1 consensus sequence.
2025-09-04 16:44:23,129 - INFO - get rid of the collection_date column for all rows - SARS-CoV-2 specific handling.
2025-09-04 16:44:23,130 - INFO -   Lineage 'XCU', Mode 'consensus': Processing 1 consensus sequence.
2025-09-04 16:44:27,313 - INFO - get rid of the collection_date column for all rows - SARS-CoV-2 specific handling.
2025-09-04 16:44:27,315 - INFO -   Lineage 'XBH', Mode 'consensus': Processing 1 consensus sequence.
2025-09-04 16:44:31,353 - INFO - get rid of the collection_date column for all rows - SARS-CoV-2 specific handling.
2025-09-04 16:44:31,358 - INFO -   Lineage 'XAJ', Mode 'consensus': Processing 1 consensus sequence.
2025-09-04 16:44:34,207 - INFO - get rid of the collection_date column for all rows - SARS-CoV-2 specific handling.
2025-09-04 16:44:34,271 - INFO -   Lineage 'XBF', Mode 'consensus': Processing 1 consensus sequence.
2025-09-04 16:44:42,384 - INFO - get rid of the collection_date column for all rows - SARS-CoV-2 specific handling.
2025-09-04 16:44:42,387 - INFO -   Lineage 'XCA', Mode 'consensus': Processing 1 consensus sequence.
2025-09-04 16:44:46,573 - INFO - get rid of the collection_date column for all rows - SARS-CoV-2 specific handling.
2025-09-04 16:44:46,590 - INFO -   Lineage 'XBE', Mode 'consensus': Processing 1 consensus sequence.
2025-09-04 16:44:50,504 - INFO - get rid of the collection_date column for all rows - SARS-CoV-2 specific handling.
2025-09-04 16:44:50,504 - INFO -   Lineage 'XCS', Mode 'consensus': Processing 1 consensus sequence.
2025-09-04 16:44:53,663 - INFO - get rid of the collection_date column for all rows - SARS-CoV-2 specific handling.
2025-09-04 16:44:53,669 - INFO -   Lineage 'XAA', Mode 'consensus': Processing 1 consensus sequence.
2025-09-04 16:44:56,861 - INFO - get rid of the collection_date column for all rows - SARS-CoV-2 specific handling.
2025-09-04 16:44:56,863 - INFO -   Lineage 'XEB', Mode 'consensus': Processing 1 consensus sequence.
2025-09-04 16:45:00,429 - INFO - get rid of the collection_date column for all rows - SARS-CoV-2 specific handling.
2025-09-04 16:45:00,432 - INFO -   Lineage 'XV', Mode 'consensus': Processing 1 consensus sequence.
2025-09-04 16:45:03,630 - INFO - get rid of the collection_date column for all rows - SARS-CoV-2 specific handling.
2025-09-04 16:45:03,632 - INFO -   Lineage 'XCZ', Mode 'consensus': Processing 1 consensus sequence.
2025-09-04 16:45:07,863 - INFO - get rid of the collection_date column for all rows - SARS-CoV-2 specific handling.
2025-09-04 16:45:07,866 - INFO -   Lineage 'XBL', Mode 'consensus': Processing 1 consensus sequence.
2025-09-04 16:45:10,569 - INFO - get rid of the collection_date column for all rows - SARS-CoV-2 specific handling.
2025-09-04 16:45:10,570 - INFO -   Lineage 'XDF', Mode 'consensus': Processing 1 consensus sequence.
2025-09-04 16:45:13,717 - INFO - get rid of the collection_date column for all rows - SARS-CoV-2 specific handling.
2025-09-04 16:45:13,717 - INFO -   Lineage 'XER', Mode 'consensus': Processing 1 consensus sequence.
2025-09-04 16:45:16,425 - INFO - get rid of the collection_date column for all rows - SARS-CoV-2 specific handling.
2025-09-04 16:45:16,427 - INFO -   Lineage 'XDQ', Mode 'consensus': Processing 1 consensus sequence.
2025-09-04 16:45:19,203 - INFO - get rid of the collection_date column for all rows - SARS-CoV-2 specific handling.
2025-09-04 16:45:19,222 - INFO -   Lineage 'XAS', Mode 'consensus': Processing 1 consensus sequence.
2025-09-04 16:45:22,970 - INFO - get rid of the collection_date column for all rows - SARS-CoV-2 specific handling.
2025-09-04 16:45:22,976 - INFO -   Lineage 'XCF', Mode 'consensus': Processing 1 consensus sequence.
2025-09-04 16:45:25,710 - INFO - get rid of the collection_date column for all rows - SARS-CoV-2 specific handling.
2025-09-04 16:45:25,713 - INFO -   Lineage 'XFJ', Mode 'consensus': Processing 1 consensus sequence.
2025-09-04 16:45:28,459 - INFO - get rid of the collection_date column for all rows - SARS-CoV-2 specific handling.
2025-09-04 16:45:28,474 - INFO -   Lineage 'XDN', Mode 'consensus': Processing 1 consensus sequence.
2025-09-04 16:45:31,629 - INFO - get rid of the collection_date column for all rows - SARS-CoV-2 specific handling.
2025-09-04 16:45:31,635 - INFO -   Lineage 'XAK', Mode 'consensus': Processing 1 consensus sequence.
2025-09-04 16:45:35,676 - INFO - get rid of the collection_date column for all rows - SARS-CoV-2 specific handling.
2025-09-04 16:45:35,684 - INFO -   Lineage 'XW', Mode 'consensus': Processing 1 consensus sequence.
2025-09-04 16:45:38,933 - INFO - get rid of the collection_date column for all rows - SARS-CoV-2 specific handling.
2025-09-04 16:45:38,936 - INFO -   Lineage 'XBN', Mode 'consensus': Processing 1 consensus sequence.
2025-09-04 16:45:42,314 - INFO - get rid of the collection_date column for all rows - SARS-CoV-2 specific handling.
2025-09-04 16:45:42,320 - INFO -   Lineage 'XP', Mode 'consensus': Processing 1 consensus sequence.
2025-09-04 16:45:45,135 - INFO - get rid of the collection_date column for all rows - SARS-CoV-2 specific handling.
2025-09-04 16:45:45,142 - INFO -   Lineage 'XES', Mode 'consensus': Processing 1 consensus sequence.
2025-09-04 16:45:49,188 - INFO - get rid of the collection_date column for all rows - SARS-CoV-2 specific handling.
2025-09-04 16:45:49,197 - INFO -   Lineage 'XCP', Mode 'consensus': Processing 1 consensus sequence.
2025-09-04 16:45:53,310 - INFO - get rid of the collection_date column for all rows - SARS-CoV-2 specific handling.
2025-09-04 16:45:53,311 - INFO -   Lineage 'XAU', Mode 'consensus': Processing 1 consensus sequence.
2025-09-04 16:45:56,542 - INFO - get rid of the collection_date column for all rows - SARS-CoV-2 specific handling.
2025-09-04 16:45:56,573 - INFO -   Lineage 'XEQ', Mode 'consensus': Processing 1 consensus sequence.
2025-09-04 16:45:59,451 - INFO - get rid of the collection_date column for all rows - SARS-CoV-2 specific handling.
2025-09-04 16:45:59,452 - INFO -   Lineage 'XBV', Mode 'consensus': Processing 1 consensus sequence.
2025-09-04 16:46:03,293 - INFO - get rid of the collection_date column for all rows - SARS-CoV-2 specific handling.
2025-09-04 16:46:03,297 - INFO -   Lineage 'XCM', Mode 'consensus': Processing 1 consensus sequence.
2025-09-04 16:46:06,524 - INFO - get rid of the collection_date column for all rows - SARS-CoV-2 specific handling.
2025-09-04 16:46:06,583 - INFO -   Lineage 'XFG', Mode 'consensus': Processing 1 consensus sequence.
2025-09-04 16:46:09,461 - INFO - get rid of the collection_date column for all rows - SARS-CoV-2 specific handling.
2025-09-04 16:46:09,462 - INFO -   Lineage 'XEG', Mode 'consensus': Processing 1 consensus sequence.
2025-09-04 16:46:13,584 - INFO - get rid of the collection_date column for all rows - SARS-CoV-2 specific handling.
2025-09-04 16:46:13,588 - INFO -   Lineage 'XEL', Mode 'consensus': Processing 1 consensus sequence.
2025-09-04 16:46:16,457 - INFO - get rid of the collection_date column for all rows - SARS-CoV-2 specific handling.
2025-09-04 16:46:16,466 - INFO -   Lineage 'XBD', Mode 'consensus': Processing 1 consensus sequence.
2025-09-04 16:46:20,462 - INFO - get rid of the collection_date column for all rows - SARS-CoV-2 specific handling.
2025-09-04 16:46:20,463 - INFO -   Lineage 'XFH', Mode 'consensus': Processing 1 consensus sequence.
2025-09-04 16:46:23,343 - INFO - get rid of the collection_date column for all rows - SARS-CoV-2 specific handling.
2025-09-04 16:46:23,376 - INFO -   Lineage 'XEK', Mode 'consensus': Processing 1 consensus sequence.
2025-09-04 16:46:26,171 - INFO - get rid of the collection_date column for all rows - SARS-CoV-2 specific handling.
2025-09-04 16:46:26,173 - INFO -   Lineage 'XCK', Mode 'consensus': Processing 1 consensus sequence.
2025-09-04 16:46:29,466 - INFO - get rid of the collection_date column for all rows - SARS-CoV-2 specific handling.
2025-09-04 16:46:29,474 - INFO -   Lineage 'XQ', Mode 'consensus': Processing 1 consensus sequence.
2025-09-04 16:46:32,807 - INFO - get rid of the collection_date column for all rows - SARS-CoV-2 specific handling.
2025-09-04 16:46:32,812 - INFO -   Lineage 'XDL', Mode 'consensus': Processing 1 consensus sequence.
2025-09-04 16:46:36,131 - INFO - get rid of the collection_date column for all rows - SARS-CoV-2 specific handling.
2025-09-04 16:46:36,139 - INFO -   Lineage 'XAB', Mode 'consensus': Processing 1 consensus sequence.
2025-09-04 16:46:39,458 - INFO - get rid of the collection_date column for all rows - SARS-CoV-2 specific handling.
2025-09-04 16:46:39,468 - INFO -   Lineage 'XH', Mode 'consensus': Processing 1 consensus sequence.
2025-09-04 16:46:42,686 - INFO - get rid of the collection_date column for all rows - SARS-CoV-2 specific handling.
2025-09-04 16:46:42,693 - INFO -   Lineage 'XBM', Mode 'consensus': Processing 1 consensus sequence.
2025-09-04 16:46:46,929 - INFO - get rid of the collection_date column for all rows - SARS-CoV-2 specific handling.
2025-09-04 16:46:46,930 - INFO -   Lineage 'XFL', Mode 'consensus': Processing 1 consensus sequence.
2025-09-04 16:46:46,945 - ERROR -   Error on one sample in lineage XFL: 
Traceback (most recent call last):
  File "/home/topcuoglu/openrecombinhunt/src/06_recombinhunt/run_recombinhunt.py", line 175, in run_recombinhunt_for_lineage
    assert set(nuc_change_data_list).issubset(set(experiment_environment.c2lp_df.index))
AssertionError
2025-09-04 16:46:46,946 - INFO - get rid of the collection_date column for all rows - SARS-CoV-2 specific handling.
2025-09-04 16:46:46,948 - INFO -   Lineage 'XFB', Mode 'consensus': Processing 1 consensus sequence.
2025-09-04 16:46:49,750 - INFO - get rid of the collection_date column for all rows - SARS-CoV-2 specific handling.
2025-09-04 16:46:50,355 - INFO -   Lineage 'XEC', Mode 'consensus': Processing 1 consensus sequence.
2025-09-04 16:46:53,024 - INFO - get rid of the collection_date column for all rows - SARS-CoV-2 specific handling.
2025-09-04 16:46:53,027 - INFO -   Lineage 'XA', Mode 'consensus': Processing 1 consensus sequence.
2025-09-04 16:46:56,259 - INFO - get rid of the collection_date column for all rows - SARS-CoV-2 specific handling.
2025-09-04 16:46:56,263 - INFO -   Lineage 'XCT', Mode 'consensus': Processing 1 consensus sequence.
2025-09-04 16:46:59,060 - INFO - get rid of the collection_date column for all rows - SARS-CoV-2 specific handling.
2025-09-04 16:46:59,061 - INFO -   Lineage 'XU', Mode 'consensus': Processing 1 consensus sequence.
2025-09-04 16:47:02,240 - INFO - get rid of the collection_date column for all rows - SARS-CoV-2 specific handling.
2025-09-04 16:47:02,241 - INFO -   Lineage 'XBU', Mode 'consensus': Processing 1 consensus sequence.
2025-09-04 16:47:06,127 - INFO - get rid of the collection_date column for all rows - SARS-CoV-2 specific handling.
2025-09-04 16:47:06,142 - INFO -   Lineage 'XBZ', Mode 'consensus': Processing 1 consensus sequence.
2025-09-04 16:47:09,303 - INFO - get rid of the collection_date column for all rows - SARS-CoV-2 specific handling.
2025-09-04 16:47:09,311 - INFO -   Lineage 'XFC', Mode 'consensus': Processing 1 consensus sequence.
2025-09-04 16:47:12,083 - INFO - get rid of the collection_date column for all rows - SARS-CoV-2 specific handling.
2025-09-04 16:47:12,085 - INFO -   Lineage 'XCC', Mode 'consensus': Processing 1 consensus sequence.
2025-09-04 16:47:15,323 - INFO - get rid of the collection_date column for all rows - SARS-CoV-2 specific handling.
2025-09-04 16:47:15,325 - INFO -   Lineage 'XDG', Mode 'consensus': Processing 1 consensus sequence.
2025-09-04 16:47:18,661 - INFO - get rid of the collection_date column for all rows - SARS-CoV-2 specific handling.
2025-09-04 16:47:18,662 - INFO -   Lineage 'XFM', Mode 'consensus': Processing 1 consensus sequence.
2025-09-04 16:47:21,407 - INFO - get rid of the collection_date column for all rows - SARS-CoV-2 specific handling.
2025-09-04 16:47:21,408 - INFO -   Lineage 'XCE', Mode 'consensus': Processing 1 consensus sequence.
2025-09-04 16:47:24,695 - INFO - get rid of the collection_date column for all rows - SARS-CoV-2 specific handling.
2025-09-04 16:47:24,696 - INFO -   Lineage 'XDC', Mode 'consensus': Processing 1 consensus sequence.
2025-09-04 16:47:27,860 - INFO - get rid of the collection_date column for all rows - SARS-CoV-2 specific handling.
2025-09-04 16:47:27,861 - INFO -   Lineage 'XCY', Mode 'consensus': Processing 1 consensus sequence.
2025-09-04 16:47:31,811 - INFO - get rid of the collection_date column for all rows - SARS-CoV-2 specific handling.
2025-09-04 16:47:31,819 - INFO -   Lineage 'XR', Mode 'consensus': Processing 1 consensus sequence.
2025-09-04 16:47:35,142 - INFO - get rid of the collection_date column for all rows - SARS-CoV-2 specific handling.
2025-09-04 16:47:35,143 - INFO -   Lineage 'XAH', Mode 'consensus': Processing 1 consensus sequence.
2025-09-04 16:47:39,131 - INFO - get rid of the collection_date column for all rows - SARS-CoV-2 specific handling.
2025-09-04 16:47:39,137 - INFO -   Lineage 'XCW', Mode 'consensus': Processing 1 consensus sequence.
2025-09-04 16:47:42,466 - INFO - get rid of the collection_date column for all rows - SARS-CoV-2 specific handling.
2025-09-04 16:47:42,486 - INFO -   Lineage 'XN', Mode 'consensus': Processing 1 consensus sequence.
2025-09-04 16:47:45,343 - INFO - get rid of the collection_date column for all rows - SARS-CoV-2 specific handling.
2025-09-04 16:47:45,508 - INFO -   Lineage 'XE', Mode 'consensus': Processing 1 consensus sequence.
2025-09-04 16:47:48,766 - INFO - get rid of the collection_date column for all rows - SARS-CoV-2 specific handling.
2025-09-04 16:47:48,767 - INFO -   Lineage 'XFA', Mode 'consensus': Processing 1 consensus sequence.
