2025-07-14 09:59:47,847 - INFO - Logging initialized. Log file at: logs/20250714_095947_rsv-a_02.1_prep_metadata_nextstrain.log
2025-07-14 09:59:47,847 - INFO - Loading raw metadata from data/raw/rsv-a/raw_metadata.tsv...
2025-07-14 09:59:48,027 - INFO - Step 1: Applying quality filters from config...
2025-07-14 09:59:48,034 - INFO -   Filter 'accession notna None': Removed 0 rows.
2025-07-14 09:59:48,040 - INFO -   Filter 'date notna None': Removed 0 rows.
2025-07-14 09:59:48,048 - INFO -   Filter 'qc.overallStatus == good': Removed 958 rows.
2025-07-14 09:59:48,056 - INFO -   Filter 'missing_data <= 3': Removed 3828 rows.
2025-07-14 09:59:48,056 - INFO - Step 2: Checking for special characters in ID...
2025-07-14 09:59:48,072 - INFO -   Filter 'Special Chars in ID': Removed 0 rows.
2025-07-14 09:59:48,072 - INFO - Step 3: Processing lineage column...
2025-07-14 09:59:48,072 - INFO - Using source column 'clade' for lineage information.
2025-07-14 09:59:48,077 - INFO -   Identified and removed 0 non-classified rows (missing 'clade').
2025-07-14 09:59:48,077 - INFO - Step 4: Performing final formatting...
2025-07-14 09:59:48,081 - INFO - Formatting date columns...
2025-07-14 09:59:48,083 - INFO -   - Analyzing and formatting 'Collection date'
2025-07-14 09:59:48,105 - INFO -     Removed 2257 rows with incomplete 'XXXX' dates.
2025-07-14 09:59:48,155 - INFO -     Date format statistics for 'Collection date':
2025-07-14 09:59:48,155 - INFO -       YYYY-MM-DD format: 14834
2025-07-14 09:59:48,155 - INFO -       YYYY-MM format   : 0
2025-07-14 09:59:48,155 - INFO -       YYYY format      : 0
2025-07-14 09:59:48,155 - INFO -       Other/unparseable: 8985
2025-07-14 09:59:48,155 - INFO -       Missing (NA)     : 0
2025-07-14 09:59:48,206 - INFO -   - Analyzing and formatting 'Submission date'
2025-07-14 09:59:48,263 - INFO -     Date format statistics for 'Submission date':
2025-07-14 09:59:48,263 - INFO -       YYYY-MM-DD format: 23819
2025-07-14 09:59:48,263 - INFO -       YYYY-MM format   : 0
2025-07-14 09:59:48,263 - INFO -       YYYY format      : 0
2025-07-14 09:59:48,263 - INFO -       Other/unparseable: 0
2025-07-14 09:59:48,263 - INFO -       Missing (NA)     : 0
2025-07-14 09:59:48,313 - INFO - Formatting 'Location' column by combining 'region' and 'country'...
2025-07-14 09:59:48,554 - INFO - Preprocessing complete. Final dataset has 23819 rows.
2025-07-14 09:59:48,559 - INFO - Saving processed metadata (23819 rows) to data/processed/rsv-a/metadata.tsv...
2025-07-14 09:59:48,609 - INFO - Saving 7043 quality-filtered sequence IDs to data/processed/rsv-a/filtered_sequence_ids.txt...
2025-07-14 09:59:48,610 - INFO - Saving 0 non-classified sequence IDs to data/processed/rsv-a/non_classified_sequence_ids.txt...
2025-07-14 09:59:48,610 - INFO - Script finished successfully.
