2025-07-15 13:15:41,584 - INFO - Logging initialized. Log file at: logs/20250715_131541_rsv-b_02.1_prep_metadata_nextstrain.log
2025-07-15 13:15:41,584 - INFO - Loading raw metadata from data/raw/rsv-b/raw_metadata.tsv...
2025-07-15 13:15:41,708 - INFO - Starting preprocessing of Nextstrain metadata with 22427 rows.
2025-07-15 13:15:41,708 - INFO - Step 1: Applying quality filters from config...
2025-07-15 13:15:41,714 - INFO -   Filter 'accession notna None': Removed 0 rows.
2025-07-15 13:15:41,718 - INFO -   Filter 'date notna None': Removed 0 rows.
2025-07-15 13:15:41,724 - INFO -   Filter 'qc.overallStatus == good': Removed 829 rows.
2025-07-15 13:15:41,729 - INFO -   Filter 'missing_data < 3': Removed 2916 rows.
2025-07-15 13:15:41,729 - INFO - Step 2: Checking for special characters in ID...
2025-07-15 13:15:41,741 - INFO -   Filter 'Special Chars in ID': Removed 0 rows.
2025-07-15 13:15:41,741 - INFO - Step 3: Processing lineage column...
2025-07-15 13:15:41,741 - INFO - Using source column 'clade' for lineage information.
2025-07-15 13:15:41,745 - INFO -   Identified and removed 0 non-classified rows (missing 'clade').
2025-07-15 13:15:41,745 - INFO - Step 4: Performing final formatting...
2025-07-15 13:15:41,748 - INFO - Formatting date columns...
2025-07-15 13:15:41,749 - INFO -   - Analyzing and formatting 'Collection date'
2025-07-15 13:15:41,765 - INFO -     Removed 1418 rows with incomplete 'XXXX' dates.
2025-07-15 13:15:41,802 - INFO -     Date format statistics for 'Collection date':
2025-07-15 13:15:41,802 - INFO -       YYYY-MM-DD format: 11751
2025-07-15 13:15:41,802 - INFO -       YYYY-MM format   : 0
2025-07-15 13:15:41,802 - INFO -       YYYY format      : 0
2025-07-15 13:15:41,802 - INFO -       Other/unparseable: 5513
2025-07-15 13:15:41,802 - INFO -       Missing (NA)     : 0
2025-07-15 13:15:41,840 - INFO -   - Analyzing and formatting 'Submission date'
2025-07-15 13:15:41,882 - INFO -     Date format statistics for 'Submission date':
2025-07-15 13:15:41,882 - INFO -       YYYY-MM-DD format: 17264
2025-07-15 13:15:41,882 - INFO -       YYYY-MM format   : 0
2025-07-15 13:15:41,882 - INFO -       YYYY format      : 0
2025-07-15 13:15:41,882 - INFO -       Other/unparseable: 0
2025-07-15 13:15:41,882 - INFO -       Missing (NA)     : 0
2025-07-15 13:15:41,921 - INFO - Formatting 'Location' column by combining 'region' and 'country'...
2025-07-15 13:15:42,110 - INFO - Preprocessing complete. Final dataset has 17264 rows.
2025-07-15 13:15:42,115 - INFO - Saving processed metadata (17264 rows) to data/processed/rsv-b/metadata.tsv...
2025-07-15 13:15:42,153 - INFO - Saving 5163 quality-filtered sequence IDs to data/processed/rsv-b/filtered_sequence_ids.txt...
2025-07-15 13:15:42,153 - INFO - Saving 0 non-classified sequence IDs to data/processed/rsv-b/non_classified_sequence_ids.txt...
2025-07-15 13:15:42,153 - INFO - Script finished successfully.
