2025-08-30 13:02:49,470 - INFO - Logging initialized. Log file at: logs/20250830_130249_rsv-b_05.1_create_environment.log
2025-08-30 13:02:49,472 - INFO - Virus is 'rsv-b'. Using HaploCoV reformatted output as input.
2025-08-30 13:02:49,472 - INFO - Environment files will be saved to: environments/rsv-b/dist5size50
2025-08-30 13:02:49,472 - INFO - Loading data from: results/haplocov_output/rsv-b/dist5size50/haplocov_reformatted.tsv
2025-08-30 13:02:49,771 - INFO - Initial row count: 18,051
2025-08-30 13:02:49,778 - INFO - Row count after cleaning: 18,051
2025-08-30 13:02:49,778 - INFO - Calculating change probabilities...
2025-08-30 13:02:49,778 - INFO -   Total sequences for calculation: 18,051
2025-08-30 13:02:50,354 - INFO -   Found 17,407 unique mutations across all sequences.
2025-08-30 13:02:50,377 - INFO -   Finished calculating change probabilities. Shape of result: (17407, 2)
2025-08-30 13:02:50,413 - INFO - Calculating genome and variation counts per lineage...
2025-08-30 13:02:50,415 - INFO -   Found 28 unique lineages in the dataset.
2025-08-30 13:02:52,751 - INFO -   Finished calculating genome and variation counts.
2025-08-30 13:02:52,761 - INFO - 
Calculating 'lc_df.parquet'...
2025-08-30 13:02:52,762 - INFO - 
--- Running common logic: calculating lineage mutation frequencies ---
2025-08-30 13:02:52,762 - INFO - Selected 28 lineages with at least 10 genomes.
2025-08-30 13:02:52,801 - INFO - Removed 0 mutations that were not characteristic of any lineage.
2025-08-30 13:02:52,804 - INFO - lc_df calculation complete.
2025-08-30 13:02:52,805 - INFO - 
Calculating 'change2lineage_probability.parquet'...
2025-08-30 13:02:52,805 - INFO - 
--- Running common logic: calculating lineage mutation frequencies ---
2025-08-30 13:02:52,805 - INFO - Selected 28 lineages with at least 10 genomes.
2025-08-30 13:02:53,187 - INFO - change2lineage_probability calculation complete.
2025-08-30 13:02:53,187 - INFO - 
Calculating 'lc_quality_df.parquet'...
2025-08-30 13:02:53,188 - INFO - lc_quality_df calculation complete.
2025-08-30 13:02:53,188 - INFO - Saving environment files...
2025-08-30 13:02:53,283 - INFO - Environment creation complete.
