2025-08-30 15:24:47,661 - INFO - Logging initialized. Log file at: logs/20250830_152447_influenza_05.2_create_samples.log
2025-08-30 15:24:47,662 - INFO - --- Starting Step 5.2: Create Samples for 'influenza' ---
2025-08-30 15:24:47,662 - INFO - Virus is 'influenza'. Using HaploCoV reformatted output as input.
2025-08-30 15:24:47,662 - INFO - Sample files will be saved to: samples/influenza/dist5size50
2025-08-30 15:24:47,662 - INFO - Loading data from: results/haplocov_output/influenza/dist5size50/haplocov_reformatted.tsv
2025-08-30 15:24:47,898 - INFO - Cleaning data by dropping rows with missing pangoLin or mutations...
2025-08-30 15:24:47,900 - WARNING - Found 1 sequences with missing 'mutations'. They will be dropped.
2025-08-30 15:24:47,900 - WARNING -   Dropped IDs (missing mutations): ['PV846325.1']
2025-08-30 15:24:47,904 - INFO - Initially, there were 13619 rows.
2025-08-30 15:24:47,904 - INFO - Data cleaning complete. 13618 rows remaining for sample creation.
2025-08-30 15:24:47,904 - INFO - Grouping by lineage and creating sample files...
2025-08-30 15:24:48,012 - INFO -   Saved: samples/influenza/dist5size50/samples_A.1.csv (3213 rows)
2025-08-30 15:24:48,056 - INFO -   Saved: samples/influenza/dist5size50/samples_A.1.NmC1.csv (1279 rows)
2025-08-30 15:24:48,061 - INFO -   Saved: samples/influenza/dist5size50/samples_A.1.NmC10.csv (95 rows)
2025-08-30 15:24:48,066 - INFO -   Saved: samples/influenza/dist5size50/samples_A.1.NmC11.csv (114 rows)
2025-08-30 15:24:48,089 - INFO -   Saved: samples/influenza/dist5size50/samples_A.1.NmC12.csv (640 rows)
2025-08-30 15:24:48,112 - INFO -   Saved: samples/influenza/dist5size50/samples_A.1.NmC13.csv (668 rows)
2025-08-30 15:24:48,116 - INFO -   Saved: samples/influenza/dist5size50/samples_A.1.NmC14.csv (72 rows)
2025-08-30 15:24:48,185 - INFO -   Saved: samples/influenza/dist5size50/samples_A.1.NmC2.csv (1989 rows)
2025-08-30 15:24:48,200 - INFO -   Saved: samples/influenza/dist5size50/samples_A.1.NmC3.csv (406 rows)
2025-08-30 15:24:48,259 - INFO -   Saved: samples/influenza/dist5size50/samples_A.1.NmC4.csv (1744 rows)
2025-08-30 15:24:48,316 - INFO -   Saved: samples/influenza/dist5size50/samples_A.1.NmC5.csv (1745 rows)
2025-08-30 15:24:48,327 - INFO -   Saved: samples/influenza/dist5size50/samples_A.1.NmC6.csv (294 rows)
2025-08-30 15:24:48,364 - INFO -   Saved: samples/influenza/dist5size50/samples_A.1.NmC7.csv (1060 rows)
2025-08-30 15:24:48,368 - INFO -   Saved: samples/influenza/dist5size50/samples_A.1.NmC8.csv (84 rows)
2025-08-30 15:24:48,377 - INFO -   Saved: samples/influenza/dist5size50/samples_A.1.NmC9.csv (215 rows)
2025-08-30 15:24:48,377 - INFO - Saving lineage count summary to: samples/influenza/dist5size50/samples_total.json
2025-08-30 15:24:48,380 - INFO - Sample creation step finished successfully.
