2025-07-21 11:16:53,726 - INFO - Logging initialized. Log file at: logs/20250721_111653_sars-cov-2_06_run_recombinhunt.log
2025-07-21 11:16:53,726 - INFO - --- Starting Step 6: Run RecombinHunt for 'sars-cov-2' ---
2025-07-21 11:16:53,726 - INFO - Loading RecombinHunt environment from: environments/sars-cov-2/dist0size0
2025-07-21 11:17:12,816 - INFO - Loading lineage totals from 'samples/sars-cov-2/dist0size0/samples_total.json'
2025-07-21 11:17:12,818 - INFO - Found 132 sample files in 'samples/sars-cov-2/dist0size0'.
2025-07-21 11:17:12,828 - INFO -   Lineage 'XCJ', Mode 'random': Requested 100, available 1. Processing all available.
2025-07-21 11:17:17,181 - INFO -   Lineage 'XG', Mode 'random': Sampled 100 of 319 available.
2025-07-21 11:22:34,623 - INFO -   Lineage 'XM', Mode 'random': Sampled 100 of 188 available.
2025-07-21 11:27:48,835 - INFO -   Lineage 'XAT', Mode 'random': Requested 100, available 2. Processing all available.
2025-07-21 11:27:56,657 - INFO -   Lineage 'XDV', Mode 'random': Requested 100, available 7. Processing all available.
2025-07-21 11:28:17,752 - INFO -   Lineage 'XCV', Mode 'random': Requested 100, available 58. Processing all available.
2025-07-21 11:31:37,117 - INFO -   Lineage 'XCL', Mode 'random': Requested 100, available 71. Processing all available.
2025-07-21 11:36:11,405 - INFO -   Lineage 'XD', Mode 'random': Requested 100, available 11. Processing all available.
2025-07-21 11:36:54,658 - INFO -   Lineage 'XS', Mode 'random': Requested 100, available 23. Processing all available.
2025-07-21 11:38:07,747 - INFO -   Lineage 'XAM', Mode 'random': Requested 100, available 73. Processing all available.
2025-07-21 11:41:53,276 - INFO -   Lineage 'XFP', Mode 'random': Requested 100, available 6. Processing all available.
2025-07-21 11:42:14,852 - INFO -   Lineage 'XAF', Mode 'random': Requested 100, available 30. Processing all available.
2025-07-21 11:43:52,859 - INFO -   Lineage 'XEJ', Mode 'random': Requested 100, available 6. Processing all available.
2025-07-21 11:44:11,675 - INFO -   Lineage 'XF', Mode 'random': Requested 100, available 20. Processing all available.
2025-07-21 11:45:13,460 - INFO -   Lineage 'XAC', Mode 'random': Requested 100, available 36. Processing all available.
2025-07-21 11:47:29,795 - INFO -   Lineage 'XDK', Mode 'random': Sampled 100 of 150 available.
2025-07-21 11:52:54,250 - INFO -   Lineage 'XDH', Mode 'random': Requested 100, available 2. Processing all available.
2025-07-21 11:53:00,759 - INFO -   Lineage 'XAP', Mode 'random': Requested 100, available 41. Processing all available.
2025-07-21 11:55:34,852 - INFO -   Lineage 'XEE', Mode 'random': Requested 100, available 28. Processing all available.
2025-07-21 11:57:00,512 - INFO -   Lineage 'XAL', Mode 'random': Requested 100, available 60. Processing all available.
2025-07-21 12:00:09,911 - INFO -   Lineage 'XAG', Mode 'random': Requested 100, available 26. Processing all available.
2025-07-21 12:01:30,946 - INFO -   Lineage 'XCQ', Mode 'random': Requested 100, available 10. Processing all available.
2025-07-21 12:02:03,664 - INFO -   Lineage 'XL', Mode 'random': Requested 100, available 75. Processing all available.
2025-07-21 12:06:00,853 - INFO -   Lineage 'XBG', Mode 'random': Requested 100, available 66. Processing all available.
2025-07-21 12:10:29,073 - INFO -   Lineage 'XDY', Mode 'random': Sampled 100 of 211 available.
2025-07-21 12:15:43,154 - INFO -   Lineage 'XBT', Mode 'random': Requested 100, available 52. Processing all available.
2025-07-21 12:17:32,381 - ERROR -   Error on one sample in lineage XBT: 
Traceback (most recent call last):
  File "/home/topcuoglu/openrecombinhunt/src/06_recombinhunt/run_recombinhunt.py", line 155, in run_recombinhunt_for_lineage
    assert set(nuc_change_data_list).issubset(set(experiment_environment.c2lp_df.index))
AssertionError
2025-07-21 12:19:03,662 - INFO -   Lineage 'XFK', Mode 'random': Requested 100, available 1. Processing all available.
2025-07-21 12:19:06,524 - INFO -   Lineage 'XAZ', Mode 'random': Sampled 100 of 477 available.
2025-07-21 12:21:43,507 - ERROR -   Error on one sample in lineage XAZ: 
Traceback (most recent call last):
  File "/home/topcuoglu/openrecombinhunt/src/06_recombinhunt/run_recombinhunt.py", line 155, in run_recombinhunt_for_lineage
    assert set(nuc_change_data_list).issubset(set(experiment_environment.c2lp_df.index))
AssertionError
2025-07-21 12:24:56,848 - INFO -   Lineage 'XCU', Mode 'random': Requested 100, available 2. Processing all available.
2025-07-21 12:25:05,057 - INFO -   Lineage 'XBH', Mode 'random': Requested 100, available 11. Processing all available.
2025-07-21 12:25:47,536 - INFO -   Lineage 'XAJ', Mode 'random': Requested 100, available 46. Processing all available.
2025-07-21 12:28:06,170 - INFO -   Lineage 'XBF', Mode 'random': Sampled 100 of 606 available.
2025-07-21 12:31:39,719 - ERROR -   Error on one sample in lineage XBF: 
Traceback (most recent call last):
  File "/home/topcuoglu/openrecombinhunt/src/06_recombinhunt/run_recombinhunt.py", line 155, in run_recombinhunt_for_lineage
    assert set(nuc_change_data_list).issubset(set(experiment_environment.c2lp_df.index))
AssertionError
2025-07-21 12:35:34,697 - INFO -   Lineage 'XCA', Mode 'random': Requested 100, available 31. Processing all available.
2025-07-21 12:37:15,863 - INFO -   Lineage 'XBE', Mode 'random': Sampled 100 of 163 available.
2025-07-21 12:43:36,116 - INFO -   Lineage 'XCS', Mode 'random': Requested 100, available 1. Processing all available.
2025-07-21 12:43:39,339 - INFO -   Lineage 'XAA', Mode 'random': Requested 100, available 57. Processing all available.
2025-07-21 12:46:37,577 - INFO -   Lineage 'XEB', Mode 'random': Requested 100, available 12. Processing all available.
2025-07-21 12:47:16,530 - INFO -   Lineage 'XV', Mode 'random': Requested 100, available 24. Processing all available.
2025-07-21 12:48:31,443 - INFO -   Lineage 'XCZ', Mode 'random': Requested 100, available 17. Processing all available.
2025-07-21 12:49:38,613 - INFO -   Lineage 'XBL', Mode 'random': Requested 100, available 26. Processing all available.
2025-07-21 12:51:00,148 - INFO -   Lineage 'XDF', Mode 'random': Requested 100, available 3. Processing all available.
2025-07-21 12:51:09,527 - INFO -   Lineage 'XER', Mode 'random': Requested 100, available 2. Processing all available.
2025-07-21 12:51:17,274 - INFO -   Lineage 'XDQ', Mode 'random': Requested 100, available 10. Processing all available.
2025-07-21 12:51:32,037 - ERROR -   Error on one sample in lineage XDQ: 
Traceback (most recent call last):
  File "/home/topcuoglu/openrecombinhunt/src/06_recombinhunt/run_recombinhunt.py", line 155, in run_recombinhunt_for_lineage
    assert set(nuc_change_data_list).issubset(set(experiment_environment.c2lp_df.index))
AssertionError
2025-07-21 12:51:43,271 - INFO -   Lineage 'XAS', Mode 'random': Sampled 100 of 195 available.
2025-07-21 12:57:54,534 - INFO -   Lineage 'XCF', Mode 'random': Requested 100, available 52. Processing all available.
2025-07-21 13:00:54,587 - INFO -   Lineage 'XFJ', Mode 'random': Requested 100, available 11. Processing all available.
2025-07-21 13:01:32,540 - INFO -   Lineage 'XDN', Mode 'random': Sampled 100 of 137 available.
2025-07-21 13:06:12,913 - ERROR -   Error on one sample in lineage XDN: 
Traceback (most recent call last):
  File "/home/topcuoglu/openrecombinhunt/src/06_recombinhunt/run_recombinhunt.py", line 155, in run_recombinhunt_for_lineage
    assert set(nuc_change_data_list).issubset(set(experiment_environment.c2lp_df.index))
AssertionError
2025-07-21 13:06:51,919 - INFO -   Lineage 'XAK', Mode 'random': Requested 100, available 58. Processing all available.
2025-07-21 13:10:39,415 - INFO -   Lineage 'XW', Mode 'random': Requested 100, available 75. Processing all available.
2025-07-21 13:14:35,950 - INFO -   Lineage 'XBN', Mode 'random': Requested 100, available 19. Processing all available.
2025-07-21 13:15:34,792 - INFO -   Lineage 'XP', Mode 'random': Requested 100, available 52. Processing all available.
2025-07-21 13:17:58,663 - INFO -   Lineage 'XES', Mode 'random': Requested 100, available 58. Processing all available.
2025-07-21 13:21:37,102 - INFO -   Lineage 'XCP', Mode 'random': Requested 100, available 77. Processing all available.
2025-07-21 13:25:06,616 - ERROR -   Error on one sample in lineage XCP: 
Traceback (most recent call last):
  File "/home/topcuoglu/openrecombinhunt/src/06_recombinhunt/run_recombinhunt.py", line 155, in run_recombinhunt_for_lineage
    assert set(nuc_change_data_list).issubset(set(experiment_environment.c2lp_df.index))
AssertionError
2025-07-21 13:26:37,123 - INFO -   Lineage 'XAU', Mode 'random': Requested 100, available 12. Processing all available.
2025-07-21 13:27:14,409 - INFO -   Lineage 'XEQ', Mode 'random': Sampled 100 of 260 available.
2025-07-21 13:31:48,282 - ERROR -   Error on one sample in lineage XEQ: 
Traceback (most recent call last):
  File "/home/topcuoglu/openrecombinhunt/src/06_recombinhunt/run_recombinhunt.py", line 155, in run_recombinhunt_for_lineage
    assert set(nuc_change_data_list).issubset(set(experiment_environment.c2lp_df.index))
AssertionError
2025-07-21 13:32:41,019 - INFO -   Lineage 'XBV', Mode 'random': Requested 100, available 7. Processing all available.
2025-07-21 13:33:07,293 - INFO -   Lineage 'XCM', Mode 'random': Requested 100, available 33. Processing all available.
2025-07-21 13:34:50,020 - INFO -   Lineage 'XFG', Mode 'random': Sampled 100 of 131 available.
2025-07-21 13:36:18,976 - ERROR -   Error on one sample in lineage XFG: 
Traceback (most recent call last):
  File "/home/topcuoglu/openrecombinhunt/src/06_recombinhunt/run_recombinhunt.py", line 155, in run_recombinhunt_for_lineage
    assert set(nuc_change_data_list).issubset(set(experiment_environment.c2lp_df.index))
AssertionError
2025-07-21 13:38:47,208 - ERROR -   Error on one sample in lineage XFG: 
Traceback (most recent call last):
  File "/home/topcuoglu/openrecombinhunt/src/06_recombinhunt/run_recombinhunt.py", line 155, in run_recombinhunt_for_lineage
    assert set(nuc_change_data_list).issubset(set(experiment_environment.c2lp_df.index))
AssertionError
2025-07-21 13:40:52,784 - WARNING - Gap made of only target mutations (How can it be? It's an almost impossible condition). Target mutation that minimizes the loss has been assigned to the right region).
2025-07-21 13:40:52,882 - INFO -   Lineage 'XEG', Mode 'random': Requested 100, available 4. Processing all available.
2025-07-21 13:41:09,012 - INFO -   Lineage 'XEL', Mode 'random': Requested 100, available 32. Processing all available.
2025-07-21 13:42:59,466 - INFO -   Lineage 'XBD', Mode 'random': Requested 100, available 81. Processing all available.
2025-07-21 13:48:02,176 - INFO -   Lineage 'XFH', Mode 'random': Requested 100, available 4. Processing all available.
2025-07-21 13:48:15,449 - INFO -   Lineage 'XEK', Mode 'random': Sampled 100 of 282 available.
2025-07-21 13:53:29,759 - INFO -   Lineage 'XCK', Mode 'random': Requested 100, available 13. Processing all available.
2025-07-21 13:54:13,972 - INFO -   Lineage 'XQ', Mode 'random': Requested 100, available 83. Processing all available.
2025-07-21 13:58:35,278 - INFO -   Lineage 'XDL', Mode 'random': Requested 100, available 37. Processing all available.
2025-07-21 14:00:36,796 - INFO -   Lineage 'XAB', Mode 'random': Requested 100, available 70. Processing all available.
2025-07-21 14:04:20,445 - INFO -   Lineage 'XH', Mode 'random': Sampled 100 of 103 available.
2025-07-21 14:09:38,390 - INFO -   Lineage 'XBM', Mode 'random': Requested 100, available 65. Processing all available.
2025-07-21 14:11:41,159 - ERROR -   Error on one sample in lineage XBM: 
Traceback (most recent call last):
  File "/home/topcuoglu/openrecombinhunt/src/06_recombinhunt/run_recombinhunt.py", line 155, in run_recombinhunt_for_lineage
    assert set(nuc_change_data_list).issubset(set(experiment_environment.c2lp_df.index))
AssertionError
2025-07-21 14:13:43,916 - INFO -   Lineage 'XFL', Mode 'random': Requested 100, available 3. Processing all available.
2025-07-21 14:13:43,929 - ERROR -   Error on one sample in lineage XFL: 
Traceback (most recent call last):
  File "/home/topcuoglu/openrecombinhunt/src/06_recombinhunt/run_recombinhunt.py", line 155, in run_recombinhunt_for_lineage
    assert set(nuc_change_data_list).issubset(set(experiment_environment.c2lp_df.index))
AssertionError
2025-07-21 14:13:43,940 - ERROR -   Error on one sample in lineage XFL: 
Traceback (most recent call last):
  File "/home/topcuoglu/openrecombinhunt/src/06_recombinhunt/run_recombinhunt.py", line 155, in run_recombinhunt_for_lineage
    assert set(nuc_change_data_list).issubset(set(experiment_environment.c2lp_df.index))
AssertionError
2025-07-21 14:13:43,951 - ERROR -   Error on one sample in lineage XFL: 
Traceback (most recent call last):
  File "/home/topcuoglu/openrecombinhunt/src/06_recombinhunt/run_recombinhunt.py", line 155, in run_recombinhunt_for_lineage
    assert set(nuc_change_data_list).issubset(set(experiment_environment.c2lp_df.index))
AssertionError
2025-07-21 14:13:43,953 - INFO -   Lineage 'XFB', Mode 'random': Requested 100, available 6. Processing all available.
2025-07-21 14:14:02,158 - INFO -   Lineage 'XEC', Mode 'random': Sampled 100 of 5170 available.
2025-07-21 14:14:46,620 - ERROR -   Error on one sample in lineage XEC: 
Traceback (most recent call last):
  File "/home/topcuoglu/openrecombinhunt/src/06_recombinhunt/run_recombinhunt.py", line 155, in run_recombinhunt_for_lineage
    assert set(nuc_change_data_list).issubset(set(experiment_environment.c2lp_df.index))
AssertionError
2025-07-21 14:15:07,377 - ERROR -   Error on one sample in lineage XEC: 
Traceback (most recent call last):
  File "/home/topcuoglu/openrecombinhunt/src/06_recombinhunt/run_recombinhunt.py", line 155, in run_recombinhunt_for_lineage
    assert set(nuc_change_data_list).issubset(set(experiment_environment.c2lp_df.index))
AssertionError
2025-07-21 14:19:17,938 - INFO -   Lineage 'XA', Mode 'random': Requested 100, available 35. Processing all available.
2025-07-21 14:21:06,163 - INFO -   Lineage 'XCT', Mode 'random': Requested 100, available 31. Processing all available.
2025-07-21 14:22:41,968 - INFO -   Lineage 'XU', Mode 'random': Requested 100, available 2. Processing all available.
2025-07-21 14:22:48,369 - INFO -   Lineage 'XBU', Mode 'random': Requested 100, available 8. Processing all available.
2025-07-21 14:23:15,284 - ERROR -   Error on one sample in lineage XBU: 
Traceback (most recent call last):
  File "/home/topcuoglu/openrecombinhunt/src/06_recombinhunt/run_recombinhunt.py", line 155, in run_recombinhunt_for_lineage
    assert set(nuc_change_data_list).issubset(set(experiment_environment.c2lp_df.index))
AssertionError
2025-07-21 14:23:15,308 - INFO -   Lineage 'XBZ', Mode 'random': Sampled 100 of 150 available.
2025-07-21 14:28:41,789 - INFO -   Lineage 'XFC', Mode 'random': Requested 100, available 53. Processing all available.
2025-07-21 14:31:46,474 - INFO -   Lineage 'XCC', Mode 'random': Requested 100, available 12. Processing all available.
2025-07-21 14:32:24,664 - INFO -   Lineage 'XDG', Mode 'random': Requested 100, available 10. Processing all available.
2025-07-21 14:32:58,397 - INFO -   Lineage 'XFM', Mode 'random': Requested 100, available 3. Processing all available.
2025-07-21 14:33:07,081 - INFO -   Lineage 'XCE', Mode 'random': Requested 100, available 4. Processing all available.
2025-07-21 14:33:19,900 - INFO -   Lineage 'XDC', Mode 'random': Requested 100, available 3. Processing all available.
2025-07-21 14:33:29,552 - INFO -   Lineage 'XCY', Mode 'random': Requested 100, available 5. Processing all available.
2025-07-21 14:33:48,316 - INFO -   Lineage 'XR', Mode 'random': Requested 100, available 84. Processing all available.
2025-07-21 14:38:12,879 - INFO -   Lineage 'XAH', Mode 'random': Requested 100, available 5. Processing all available.
2025-07-21 14:38:32,520 - INFO -   Lineage 'XCW', Mode 'random': Requested 100, available 51. Processing all available.
2025-07-21 14:41:12,724 - INFO -   Lineage 'XN', Mode 'random': Sampled 100 of 190 available.
2025-07-21 14:45:49,700 - INFO -   Lineage 'XE', Mode 'random': Sampled 100 of 1653 available.
2025-07-21 14:48:34,957 - ERROR -   Error on one sample in lineage XE: 
Traceback (most recent call last):
  File "/home/topcuoglu/openrecombinhunt/src/06_recombinhunt/run_recombinhunt.py", line 155, in run_recombinhunt_for_lineage
    assert set(nuc_change_data_list).issubset(set(experiment_environment.c2lp_df.index))
AssertionError
2025-07-21 14:51:02,071 - INFO -   Lineage 'XFA', Mode 'random': Requested 100, available 2. Processing all available.
2025-07-21 14:51:10,174 - INFO -   Lineage 'XZ', Mode 'random': Requested 100, available 70. Processing all available.
2025-07-21 14:55:37,722 - INFO -   Lineage 'XBK', Mode 'random': Sampled 100 of 137 available.
2025-07-21 14:56:58,846 - ERROR -   Error on one sample in lineage XBK: 
Traceback (most recent call last):
  File "/home/topcuoglu/openrecombinhunt/src/06_recombinhunt/run_recombinhunt.py", line 155, in run_recombinhunt_for_lineage
    assert set(nuc_change_data_list).issubset(set(experiment_environment.c2lp_df.index))
AssertionError
2025-07-21 14:57:43,330 - ERROR -   Error on one sample in lineage XBK: 
Traceback (most recent call last):
  File "/home/topcuoglu/openrecombinhunt/src/06_recombinhunt/run_recombinhunt.py", line 155, in run_recombinhunt_for_lineage
    assert set(nuc_change_data_list).issubset(set(experiment_environment.c2lp_df.index))
AssertionError
2025-07-21 14:58:34,168 - ERROR -   Error on one sample in lineage XBK: 
Traceback (most recent call last):
  File "/home/topcuoglu/openrecombinhunt/src/06_recombinhunt/run_recombinhunt.py", line 155, in run_recombinhunt_for_lineage
    assert set(nuc_change_data_list).issubset(set(experiment_environment.c2lp_df.index))
AssertionError
2025-07-21 15:00:46,535 - INFO -   Lineage 'XDE', Mode 'random': Requested 100, available 10. Processing all available.
2025-07-21 15:01:17,891 - INFO -   Lineage 'XEN', Mode 'random': Requested 100, available 28. Processing all available.
2025-07-21 15:01:49,221 - ERROR -   Error on one sample in lineage XEN: 
Traceback (most recent call last):
  File "/home/topcuoglu/openrecombinhunt/src/06_recombinhunt/run_recombinhunt.py", line 155, in run_recombinhunt_for_lineage
    assert set(nuc_change_data_list).issubset(set(experiment_environment.c2lp_df.index))
AssertionError
2025-07-21 15:02:45,502 - INFO -   Lineage 'XDS', Mode 'random': Requested 100, available 35. Processing all available.
2025-07-21 15:04:34,901 - INFO -   Lineage 'XDA', Mode 'random': Sampled 100 of 330 available.
2025-07-21 15:09:55,830 - INFO -   Lineage 'XEV', Mode 'random': Requested 100, available 56. Processing all available.
2025-07-21 15:11:25,968 - ERROR -   Error on one sample in lineage XEV: 
Traceback (most recent call last):
  File "/home/topcuoglu/openrecombinhunt/src/06_recombinhunt/run_recombinhunt.py", line 155, in run_recombinhunt_for_lineage
    assert set(nuc_change_data_list).issubset(set(experiment_environment.c2lp_df.index))
AssertionError
2025-07-21 15:11:37,223 - ERROR -   Error on one sample in lineage XEV: 
Traceback (most recent call last):
  File "/home/topcuoglu/openrecombinhunt/src/06_recombinhunt/run_recombinhunt.py", line 155, in run_recombinhunt_for_lineage
    assert set(nuc_change_data_list).issubset(set(experiment_environment.c2lp_df.index))
AssertionError
2025-07-21 15:11:37,234 - ERROR -   Error on one sample in lineage XEV: 
Traceback (most recent call last):
  File "/home/topcuoglu/openrecombinhunt/src/06_recombinhunt/run_recombinhunt.py", line 155, in run_recombinhunt_for_lineage
    assert set(nuc_change_data_list).issubset(set(experiment_environment.c2lp_df.index))
AssertionError
2025-07-21 15:13:13,186 - INFO -   Lineage 'XBR', Mode 'random': Requested 100, available 11. Processing all available.
2025-07-21 15:13:55,868 - INFO -   Lineage 'XY', Mode 'random': Requested 100, available 63. Processing all available.
2025-07-21 15:17:15,964 - INFO -   Lineage 'XAD', Mode 'random': Requested 100, available 28. Processing all available.
2025-07-21 15:18:59,463 - INFO -   Lineage 'XEU', Mode 'random': Requested 100, available 18. Processing all available.
2025-07-21 15:20:08,689 - INFO -   Lineage 'XEW', Mode 'random': Requested 100, available 18. Processing all available.
2025-07-21 15:21:47,138 - INFO -   Lineage 'XBQ', Mode 'random': Requested 100, available 36. Processing all available.
2025-07-21 15:23:40,150 - ERROR -   Error on one sample in lineage XBQ: 
Traceback (most recent call last):
  File "/home/topcuoglu/openrecombinhunt/src/06_recombinhunt/run_recombinhunt.py", line 155, in run_recombinhunt_for_lineage
    assert set(nuc_change_data_list).issubset(set(experiment_environment.c2lp_df.index))
AssertionError
2025-07-21 15:23:46,679 - INFO -   Lineage 'XAY', Mode 'random': Requested 100, available 1. Processing all available.
2025-07-21 15:23:49,922 - INFO -   Lineage 'XAV', Mode 'random': Requested 100, available 25. Processing all available.
2025-07-21 15:25:09,824 - INFO -   Lineage 'XEH', Mode 'random': Requested 100, available 40. Processing all available.
2025-07-21 15:27:04,217 - INFO -   Lineage 'XAN', Mode 'random': Requested 100, available 51. Processing all available.
2025-07-21 15:29:03,305 - ERROR -   Error on one sample in lineage XAN: 
Traceback (most recent call last):
  File "/home/topcuoglu/openrecombinhunt/src/06_recombinhunt/run_recombinhunt.py", line 155, in run_recombinhunt_for_lineage
    assert set(nuc_change_data_list).issubset(set(experiment_environment.c2lp_df.index))
AssertionError
2025-07-21 15:29:03,316 - ERROR -   Error on one sample in lineage XAN: 
Traceback (most recent call last):
  File "/home/topcuoglu/openrecombinhunt/src/06_recombinhunt/run_recombinhunt.py", line 155, in run_recombinhunt_for_lineage
    assert set(nuc_change_data_list).issubset(set(experiment_environment.c2lp_df.index))
AssertionError
2025-07-21 15:29:46,151 - INFO -   Lineage 'XBB', Mode 'random': Sampled 100 of 318 available.
2025-07-21 15:31:56,200 - ERROR -   Error on one sample in lineage XBB: 
Traceback (most recent call last):
  File "/home/topcuoglu/openrecombinhunt/src/06_recombinhunt/run_recombinhunt.py", line 155, in run_recombinhunt_for_lineage
    assert set(nuc_change_data_list).issubset(set(experiment_environment.c2lp_df.index))
AssertionError
2025-07-21 15:33:04,882 - ERROR -   Error on one sample in lineage XBB: 
Traceback (most recent call last):
  File "/home/topcuoglu/openrecombinhunt/src/06_recombinhunt/run_recombinhunt.py", line 155, in run_recombinhunt_for_lineage
    assert set(nuc_change_data_list).issubset(set(experiment_environment.c2lp_df.index))
AssertionError
2025-07-21 15:35:04,257 - INFO -   Lineage 'XET', Mode 'random': Requested 100, available 4. Processing all available.
2025-07-21 15:35:15,599 - INFO -   Lineage 'XBJ', Mode 'random': Requested 100, available 8. Processing all available.
2025-07-21 15:35:40,476 - INFO -   Lineage 'XEY', Mode 'random': Requested 100, available 2. Processing all available.
2025-07-21 15:35:48,290 - INFO -   Lineage 'XEM', Mode 'random': Requested 100, available 4. Processing all available.
2025-07-21 15:36:00,784 - INFO -   Lineage 'XDD', Mode 'random': Sampled 100 of 214 available.
2025-07-21 15:38:28,894 - ERROR -   Error on one sample in lineage XDD: 
Traceback (most recent call last):
  File "/home/topcuoglu/openrecombinhunt/src/06_recombinhunt/run_recombinhunt.py", line 155, in run_recombinhunt_for_lineage
    assert set(nuc_change_data_list).issubset(set(experiment_environment.c2lp_df.index))
AssertionError
2025-07-21 15:41:30,313 - INFO -   Lineage 'XEP', Mode 'random': Requested 100, available 17. Processing all available.
2025-07-21 15:42:20,297 - INFO -   Lineage 'XBS', Mode 'random': Requested 100, available 18. Processing all available.
2025-07-21 15:43:22,238 - INFO -   Lineage 'XBW', Mode 'random': Requested 100, available 23. Processing all available.
2025-07-21 15:44:50,600 - INFO -   Lineage 'XJ', Mode 'random': Requested 100, available 3. Processing all available.
2025-07-21 15:45:00,253 - INFO -   Lineage 'XCH', Mode 'random': Sampled 100 of 159 available.
2025-07-21 15:50:25,407 - INFO -   Lineage 'XDB', Mode 'random': Requested 100, available 23. Processing all available.
2025-07-21 15:50:35,637 - ERROR -   Error on one sample in lineage XDB: 
Traceback (most recent call last):
  File "/home/topcuoglu/openrecombinhunt/src/06_recombinhunt/run_recombinhunt.py", line 155, in run_recombinhunt_for_lineage
    assert set(nuc_change_data_list).issubset(set(experiment_environment.c2lp_df.index))
AssertionError
2025-07-21 15:51:37,901 - INFO -   Lineage 'XED', Mode 'random': Requested 100, available 23. Processing all available.
2025-07-21 15:52:50,536 - INFO -   Lineage 'XDT', Mode 'random': Requested 100, available 18. Processing all available.
2025-07-21 15:53:13,083 - ERROR -   Error on one sample in lineage XDT: 
Traceback (most recent call last):
  File "/home/topcuoglu/openrecombinhunt/src/06_recombinhunt/run_recombinhunt.py", line 155, in run_recombinhunt_for_lineage
    assert set(nuc_change_data_list).issubset(set(experiment_environment.c2lp_df.index))
AssertionError
2025-07-21 15:53:46,538 - INFO -   Lineage 'XFN', Mode 'random': Requested 100, available 6. Processing all available.
2025-07-21 15:54:07,135 - INFO -   Lineage 'XDR', Mode 'random': Requested 100, available 23. Processing all available.
2025-07-21 15:54:43,491 - ERROR -   Error on one sample in lineage XDR: 
Traceback (most recent call last):
  File "/home/topcuoglu/openrecombinhunt/src/06_recombinhunt/run_recombinhunt.py", line 155, in run_recombinhunt_for_lineage
    assert set(nuc_change_data_list).issubset(set(experiment_environment.c2lp_df.index))
AssertionError
2025-07-21 15:55:18,062 - INFO -   Lineage 'XBP', Mode 'random': Requested 100, available 29. Processing all available.
2025-07-21 15:57:03,933 - INFO -   Lineage 'XEF', Mode 'random': Requested 100, available 48. Processing all available.
2025-07-21 15:59:43,247 - INFO -   Lineage 'XAE', Mode 'random': Requested 100, available 18. Processing all available.
2025-07-21 16:00:40,936 - INFO -   Lineage 'XDJ', Mode 'random': Requested 100, available 1. Processing all available.
2025-07-21 16:00:44,767 - INFO -   Lineage 'XCR', Mode 'random': Sampled 100 of 170 available.
2025-07-21 16:02:19,263 - ERROR -   Error on one sample in lineage XCR: 
Traceback (most recent call last):
  File "/home/topcuoglu/openrecombinhunt/src/06_recombinhunt/run_recombinhunt.py", line 155, in run_recombinhunt_for_lineage
    assert set(nuc_change_data_list).issubset(set(experiment_environment.c2lp_df.index))
AssertionError
2025-07-21 16:03:15,755 - ERROR -   Error on one sample in lineage XCR: 
Traceback (most recent call last):
  File "/home/topcuoglu/openrecombinhunt/src/06_recombinhunt/run_recombinhunt.py", line 155, in run_recombinhunt_for_lineage
    assert set(nuc_change_data_list).issubset(set(experiment_environment.c2lp_df.index))
AssertionError
2025-07-21 16:03:48,749 - ERROR -   Error on one sample in lineage XCR: 
Traceback (most recent call last):
  File "/home/topcuoglu/openrecombinhunt/src/06_recombinhunt/run_recombinhunt.py", line 155, in run_recombinhunt_for_lineage
    assert set(nuc_change_data_list).issubset(set(experiment_environment.c2lp_df.index))
AssertionError
2025-07-21 16:04:49,852 - ERROR -   Error on one sample in lineage XCR: 
Traceback (most recent call last):
  File "/home/topcuoglu/openrecombinhunt/src/06_recombinhunt/run_recombinhunt.py", line 155, in run_recombinhunt_for_lineage
    assert set(nuc_change_data_list).issubset(set(experiment_environment.c2lp_df.index))
AssertionError
2025-07-21 16:04:53,135 - ERROR -   Error on one sample in lineage XCR: 
Traceback (most recent call last):
  File "/home/topcuoglu/openrecombinhunt/src/06_recombinhunt/run_recombinhunt.py", line 155, in run_recombinhunt_for_lineage
    assert set(nuc_change_data_list).issubset(set(experiment_environment.c2lp_df.index))
AssertionError
2025-07-21 16:05:48,176 - INFO -   Lineage 'XCG', Mode 'random': Requested 100, available 18. Processing all available.
2025-07-21 16:06:46,271 - INFO -   Lineage 'XDM', Mode 'random': Requested 100, available 19. Processing all available.
2025-07-21 16:07:51,177 - INFO -   Lineage 'XDP', Mode 'random': Sampled 100 of 218 available.
2025-07-21 16:08:26,005 - ERROR -   Error on one sample in lineage XDP: 
Traceback (most recent call last):
  File "/home/topcuoglu/openrecombinhunt/src/06_recombinhunt/run_recombinhunt.py", line 155, in run_recombinhunt_for_lineage
    assert set(nuc_change_data_list).issubset(set(experiment_environment.c2lp_df.index))
AssertionError
2025-07-21 16:13:04,066 - ERROR -   Error on one sample in lineage XDP: 
Traceback (most recent call last):
  File "/home/topcuoglu/openrecombinhunt/src/06_recombinhunt/run_recombinhunt.py", line 155, in run_recombinhunt_for_lineage
    assert set(nuc_change_data_list).issubset(set(experiment_environment.c2lp_df.index))
AssertionError
2025-07-21 16:13:04,153 - INFO -   Lineage 'XB', Mode 'random': Sampled 100 of 770 available.
2025-07-21 16:15:32,644 - ERROR -   Error on one sample in lineage XB: 
Traceback (most recent call last):
  File "/home/topcuoglu/openrecombinhunt/src/06_recombinhunt/run_recombinhunt.py", line 155, in run_recombinhunt_for_lineage
    assert set(nuc_change_data_list).issubset(set(experiment_environment.c2lp_df.index))
AssertionError
2025-07-21 16:16:16,572 - ERROR -   Error on one sample in lineage XB: 
Traceback (most recent call last):
  File "/home/topcuoglu/openrecombinhunt/src/06_recombinhunt/run_recombinhunt.py", line 155, in run_recombinhunt_for_lineage
    assert set(nuc_change_data_list).issubset(set(experiment_environment.c2lp_df.index))
AssertionError
2025-07-21 16:18:19,920 - INFO - Text report saved to: results/recombinhunt_output/sars-cov-2/dist0size0/experiment-output.random-100.txt
2025-07-21 16:18:19,921 - INFO - HTML report saved to: results/recombinhunt_output/sars-cov-2/dist0size0/experiment-detail.random-100.html
2025-07-21 16:18:19,935 - INFO - RecombinHunt experiment step finished successfully.
