2025-09-06 15:20:42,163 - INFO - Logging initialized. Log file at: logs/20250906_152042_influenza_pipeline_run.log
2025-09-06 15:20:42,163 - INFO - ================== STARTING PIPELINE FOR: INFLUENZA ==================
2025-09-06 15:20:42,164 - INFO - --- Executing: /home/topcuoglu/miniconda3/envs/orh/bin/python src/06_recombinhunt/run_recombinhunt.py --virus influenza --config config/config.yaml ---
2025-09-06 15:29:14,649 - INFO - Stdout from step:
INFO: Logging initialized. Log file at: logs/20250906_152043_influenza_06_run_recombinhunt.log
INFO: --- Starting Step 6: Run RecombinHunt for 'influenza' ---
INFO: Loading RecombinHunt environment from: environments/influenza/dist5size50
Starting formal checks of the environment...
INFO: Loading lineage totals from 'samples/influenza/dist5size50/samples_total.json'
INFO: Found 15 sample files in 'samples/influenza/dist5size50'.
INFO:   Lineage 'A.1.NmC3', Mode 'all': Processing all 406 samples.
WARNING: Gap made of only target mutations (How can it be? It's an almost impossible condition). Target mutation that minimizes the loss has been assigned to the right region).
WARNING: Gap made of only target mutations (How can it be? It's an almost impossible condition). Target mutation that minimizes the loss has been assigned to the right region).
INFO:   Lineage 'A.1.NmC9', Mode 'all': Processing all 215 samples.
INFO:   Lineage 'A.1.NmC12', Mode 'all': Processing all 640 samples.
WARNING: Gap made of only target mutations (How can it be? It's an almost impossible condition). Target mutation that minimizes the loss has been assigned to the right region).
WARNING: Gap made of only target mutations (How can it be? It's an almost impossible condition). Target mutation that minimizes the loss has been assigned to the right region).
WARNING: Gap made of only target mutations (How can it be? It's an almost impossible condition). Target mutation that minimizes the loss has been assigned to the right region).
WARNING: Gap made of only target mutations (How can it be? It's an almost impossible condition). Target mutation that minimizes the loss has been assigned to the right region).
WARNING: Gap made of only target mutations (How can it be? It's an almost impossible condition). Target mutation that minimizes the loss has been assigned to the right region).
WARNING: Gap made of only target mutations (How can it be? It's an almost impossible condition). Target mutation that minimizes the loss has been assigned to the right region).
WARNING: Gap made of only target mutations (How can it be? It's an almost impossible condition). Target mutation that minimizes the loss has been assigned to the right region).
WARNING: Gap made of only target mutations (How can it be? It's an almost impossible condition). Target mutation that minimizes the loss has been assigned to the right region).
WARNING: Gap made of only target mutations (How can it be? It's an almost impossible condition). Target mutation that minimizes the loss has been assigned to the right region).
WARNING: Gap made of only target mutations (How can it be? It's an almost impossible condition). Target mutation that minimizes the loss has been assigned to the right region).
WARNING: Gap made of only target mutations (How can it be? It's an almost impossible condition). Target mutation that minimizes the loss has been assigned to the right region).
INFO:   Lineage 'A.1.NmC7', Mode 'all': Processing all 1060 samples.
WARNING: Gap made of only target mutations (How can it be? It's an almost impossible condition). Target mutation that minimizes the loss has been assigned to the right region).
WARNING: Gap made of only target mutations (How can it be? It's an almost impossible condition). Target mutation that minimizes the loss has been assigned to the right region).
WARNING: Gap made of only target mutations (How can it be? It's an almost impossible condition). Target mutation that minimizes the loss has been assigned to the right region).
WARNING: Gap made of only target mutations (How can it be? It's an almost impossible condition). Target mutation that minimizes the loss has been assigned to the right region).
WARNING: Gap made of only target mutations (How can it be? It's an almost impossible condition). Target mutation that minimizes the loss has been assigned to the right region).
WARNING: Gap made of only target mutations (How can it be? It's an almost impossible condition). Target mutation that minimizes the loss has been assigned to the right region).
WARNING: Gap made of only target mutations (How can it be? It's an almost impossible condition). Target mutation that minimizes the loss has been assigned to the right region).
WARNING: Gap made of only target mutations (How can it be? It's an almost impossible condition). Target mutation that minimizes the loss has been assigned to the right region).
WARNING: Gap made of only target mutations (How can it be? It's an almost impossible condition). Target mutation that minimizes the loss has been assigned to the right region).
WARNING: Gap made of only target mutations (How can it be? It's an almost impossible condition). Target mutation that minimizes the loss has been assigned to the right region).
WARNING: Gap made of only target mutations (How can it be? It's an almost impossible condition). Target mutation that minimizes the loss has been assigned to the right region).
WARNING: Gap made of only target mutations (How can it be? It's an almost impossible condition). Target mutation that minimizes the loss has been assigned to the right region).
WARNING: Gap made of only target mutations (How can it be? It's an almost impossible condition). Target mutation that minimizes the loss has been assigned to the right region).
WARNING: Gap made of only target mutations (How can it be? It's an almost impossible condition). Target mutation that minimizes the loss has been assigned to the right region).
WARNING: Gap made of only target mutations (How can it be? It's an almost impossible condition). Target mutation that minimizes the loss has been assigned to the right region).
WARNING: Gap made of only target mutations (How can it be? It's an almost impossible condition). Target mutation that minimizes the loss has been assigned to the right region).
WARNING: Gap made of only target mutations (How can it be? It's an almost impossible condition). Target mutation that minimizes the loss has been assigned to the right region).
WARNING: Gap made of only target mutations (How can it be? It's an almost impossible condition). Target mutation that minimizes the loss has been assigned to the right region).
WARNING: Gap made of only target mutations (How can it be? It's an almost impossible condition). Target mutation that minimizes the loss has been assigned to the right region).
WARNING: Gap made of only target mutations (How can it be? It's an almost impossible condition). Target mutation that minimizes the loss has been assigned to the right region).
WARNING: Gap made of only target mutations (How can it be? It's an almost impossible condition). Target mutation that minimizes the loss has been assigned to the right region).
WARNING: Gap made of only target mutations (How can it be? It's an almost impossible condition). Target mutation that minimizes the loss has been assigned to the right region).
WARNING: Gap made of only target mutations (How can it be? It's an almost impossible condition). Target mutation that minimizes the loss has been assigned to the right region).
WARNING: Gap made of only target mutations (How can it be? It's an almost impossible condition). Target mutation that minimizes the loss has been assigned to the right region).
WARNING: Gap made of only target mutations (How can it be? It's an almost impossible condition). Target mutation that minimizes the loss has been assigned to the right region).
WARNING: Gap made of only target mutations (How can it be? It's an almost impossible condition). Target mutation that minimizes the loss has been assigned to the right region).
WARNING: Gap made of only target mutations (How can it be? It's an almost impossible condition). Target mutation that minimizes the loss has been assigned to the right region).
WARNING: Gap made of only target mutations (How can it be? It's an almost impossible condition). Target mutation that minimizes the loss has been assigned to the right region).
WARNING: Gap made of only target mutations (How can it be? It's an almost impossible condition). Target mutation that minimizes the loss has been assigned to the right region).
WARNING: Gap made of only target mutations (How can it be? It's an almost impossible condition). Target mutation that minimizes the loss has been assigned to the right region).
WARNING: Gap made of only target mutations (How can it be? It's an almost impossible condition). Target mutation that minimizes the loss has been assigned to the right region).
WARNING: Gap made of only target mutations (How can it be? It's an almost impossible condition). Target mutation that minimizes the loss has been assigned to the right region).
WARNING: Gap made of only target mutations (How can it be? It's an almost impossible condition). Target mutation that minimizes the loss has been assigned to the right region).
WARNING: Gap made of only target mutations (How can it be? It's an almost impossible condition). Target mutation that minimizes the loss has been assigned to the right region).
WARNING: Gap made of only target mutations (How can it be? It's an almost impossible condition). Target mutation that minimizes the loss has been assigned to the right region).
WARNING: Gap made of only target mutations (How can it be? It's an almost impossible condition). Target mutation that minimizes the loss has been assigned to the right region).
WARNING: Gap made of only target mutations (How can it be? It's an almost impossible condition). Target mutation that minimizes the loss has been assigned to the right region).
WARNING: Gap made of only target mutations (How can it be? It's an almost impossible condition). Target mutation that minimizes the loss has been assigned to the right region).
WARNING: Gap made of only target mutations (How can it be? It's an almost impossible condition). Target mutation that minimizes the loss has been assigned to the right region).
WARNING: Gap made of only target mutations (How can it be? It's an almost impossible condition). Target mutation that minimizes the loss has been assigned to the right region).
WARNING: Gap made of only target mutations (How can it be? It's an almost impossible condition). Target mutation that minimizes the loss has been assigned to the right region).
WARNING: Gap made of only target mutations (How can it be? It's an almost impossible condition). Target mutation that minimizes the loss has been assigned to the right region).
WARNING: Gap made of only target mutations (How can it be? It's an almost impossible condition). Target mutation that minimizes the loss has been assigned to the right region).
WARNING: Gap made of only target mutations (How can it be? It's an almost impossible condition). Target mutation that minimizes the loss has been assigned to the right region).
WARNING: Gap made of only target mutations (How can it be? It's an almost impossible condition). Target mutation that minimizes the loss has been assigned to the right region).
WARNING: Gap made of only target mutations (How can it be? It's an almost impossible condition). Target mutation that minimizes the loss has been assigned to the right region).
WARNING: Gap made of only target mutations (How can it be? It's an almost impossible condition). Target mutation that minimizes the loss has been assigned to the right region).
WARNING: Gap made of only target mutations (How can it be? It's an almost impossible condition). Target mutation that minimizes the loss has been assigned to the right region).
INFO:   Lineage 'A.1.NmC2', Mode 'all': Processing all 1989 samples.
WARNING: Gap made of only target mutations (How can it be? It's an almost impossible condition). Target mutation that minimizes the loss has been assigned to the right region).
WARNING: Gap made of only target mutations (How can it be? It's an almost impossible condition). Target mutation that minimizes the loss has been assigned to the right region).
WARNING: Gap made of only target mutations (How can it be? It's an almost impossible condition). Target mutation that minimizes the loss has been assigned to the right region).
WARNING: Gap made of only target mutations (How can it be? It's an almost impossible condition). Target mutation that minimizes the loss has been assigned to the right region).
WARNING: Gap made of only target mutations (How can it be? It's an almost impossible condition). Target mutation that minimizes the loss has been assigned to the right region).
WARNING: Gap made of only target mutations (How can it be? It's an almost impossible condition). Target mutation that minimizes the loss has been assigned to the right region).
WARNING: Gap made of only target mutations (How can it be? It's an almost impossible condition). Target mutation that minimizes the loss has been assigned to the right region).
WARNING: Gap made of only target mutations (How can it be? It's an almost impossible condition). Target mutation that minimizes the loss has been assigned to the right region).
WARNING: Gap made of only target mutations (How can it be? It's an almost impossible condition). Target mutation that minimizes the loss has been assigned to the right region).
WARNING: Gap made of only target mutations (How can it be? It's an almost impossible condition). Target mutation that minimizes the loss has been assigned to the right region).
WARNING: Gap made of only target mutations (How can it be? It's an almost impossible condition). Target mutation that minimizes the loss has been assigned to the right region).
WARNING: Gap made of only target mutations (How can it be? It's an almost impossible condition). Target mutation that minimizes the loss has been assigned to the right region).
WARNING: Gap made of only target mutations (How can it be? It's an almost impossible condition). Target mutation that minimizes the loss has been assigned to the right region).
WARNING: Gap made of only target mutations (How can it be? It's an almost impossible condition). Target mutation that minimizes the loss has been assigned to the right region).
WARNING: Gap made of only target mutations (How can it be? It's an almost impossible condition). Target mutation that minimizes the loss has been assigned to the right region).
WARNING: Gap made of only target mutations (How can it be? It's an almost impossible condition). Target mutation that minimizes the loss has been assigned to the right region).
WARNING: Gap made of only target mutations (How can it be? It's an almost impossible condition). Target mutation that minimizes the loss has been assigned to the right region).
WARNING: Gap made of only target mutations (How can it be? It's an almost impossible condition). Target mutation that minimizes the loss has been assigned to the right region).
WARNING: Gap made of only target mutations (How can it be? It's an almost impossible condition). Target mutation that minimizes the loss has been assigned to the right region).
WARNING: Gap made of only target mutations (How can it be? It's an almost impossible condition). Target mutation that minimizes the loss has been assigned to the right region).
WARNING: Gap made of only target mutations (How can it be? It's an almost impossible condition). Target mutation that minimizes the loss has been assigned to the right region).
WARNING: Gap made of only target mutations (How can it be? It's an almost impossible condition). Target mutation that minimizes the loss has been assigned to the right region).
WARNING: Gap made of only target mutations (How can it be? It's an almost impossible condition). Target mutation that minimizes the loss has been assigned to the right region).
WARNING: Gap made of only target mutations (How can it be? It's an almost impossible condition). Target mutation that minimizes the loss has been assigned to the right region).
WARNING: Gap made of only target mutations (How can it be? It's an almost impossible condition). Target mutation that minimizes the loss has been assigned to the right region).
INFO:   Lineage 'A.1.NmC1', Mode 'all': Processing all 1279 samples.
WARNING: Gap made of only target mutations (How can it be? It's an almost impossible condition). Target mutation that minimizes the loss has been assigned to the right region).
WARNING: Gap made of only target mutations (How can it be? It's an almost impossible condition). Target mutation that minimizes the loss has been assigned to the right region).
WARNING: Gap made of only target mutations (How can it be? It's an almost impossible condition). Target mutation that minimizes the loss has been assigned to the right region).
WARNING: Gap made of only target mutations (How can it be? It's an almost impossible condition). Target mutation that minimizes the loss has been assigned to the right region).
WARNING: Gap made of only target mutations (How can it be? It's an almost impossible condition). Target mutation that minimizes the loss has been assigned to the right region).
WARNING: Gap made of only target mutations (How can it be? It's an almost impossible condition). Target mutation that minimizes the loss has been assigned to the right region).
WARNING: Gap made of only target mutations (How can it be? It's an almost impossible condition). Target mutation that minimizes the loss has been assigned to the right region).
WARNING: Gap made of only target mutations (How can it be? It's an almost impossible condition). Target mutation that minimizes the loss has been assigned to the right region).
WARNING: Gap made of only target mutations (How can it be? It's an almost impossible condition). Target mutation that minimizes the loss has been assigned to the right region).
WARNING: Gap made of only target mutations (How can it be? It's an almost impossible condition). Target mutation that minimizes the loss has been assigned to the right region).
INFO:   Lineage 'A.1.NmC11', Mode 'all': Processing all 114 samples.
INFO:   Lineage 'A.1', Mode 'all': Processing all 3213 samples.
WARNING: Gap made of only target mutations (How can it be? It's an almost impossible condition). Target mutation that minimizes the loss has been assigned to the right region).
WARNING: Gap made of only target mutations (How can it be? It's an almost impossible condition). Target mutation that minimizes the loss has been assigned to the right region).
WARNING: Gap made of only target mutations (How can it be? It's an almost impossible condition). Target mutation that minimizes the loss has been assigned to the right region).
WARNING: Gap made of only target mutations (How can it be? It's an almost impossible condition). Target mutation that minimizes the loss has been assigned to the right region).
WARNING: Gap made of only target mutations (How can it be? It's an almost impossible condition). Target mutation that minimizes the loss has been assigned to the right region).
WARNING: Gap made of only target mutations (How can it be? It's an almost impossible condition). Target mutation that minimizes the loss has been assigned to the right region).
WARNING: Gap made of only target mutations (How can it be? It's an almost impossible condition). Target mutation that minimizes the loss has been assigned to the right region).
WARNING: Gap made of only target mutations (How can it be? It's an almost impossible condition). Target mutation that minimizes the loss has been assigned to the right region).
WARNING: Gap made of only target mutations (How can it be? It's an almost impossible condition). Target mutation that minimizes the loss has been assigned to the right region).
WARNING: Gap made of only target mutations (How can it be? It's an almost impossible condition). Target mutation that minimizes the loss has been assigned to the right region).
WARNING: Gap made of only target mutations (How can it be? It's an almost impossible condition). Target mutation that minimizes the loss has been assigned to the right region).
WARNING: Gap made of only target mutations (How can it be? It's an almost impossible condition). Target mutation that minimizes the loss has been assigned to the right region).
WARNING: Gap made of only target mutations (How can it be? It's an almost impossible condition). Target mutation that minimizes the loss has been assigned to the right region).
WARNING: Gap made of only target mutations (How can it be? It's an almost impossible condition). Target mutation that minimizes the loss has been assigned to the right region).
WARNING: Gap made of only target mutations (How can it be? It's an almost impossible condition). Target mutation that minimizes the loss has been assigned to the right region).
WARNING: Gap made of only target mutations (How can it be? It's an almost impossible condition). Target mutation that minimizes the loss has been assigned to the right region).
WARNING: Gap made of only target mutations (How can it be? It's an almost impossible condition). Target mutation that minimizes the loss has been assigned to the right region).
WARNING: Gap made of only target mutations (How can it be? It's an almost impossible condition). Target mutation that minimizes the loss has been assigned to the right region).
WARNING: Gap made of only target mutations (How can it be? It's an almost impossible condition). Target mutation that minimizes the loss has been assigned to the right region).
WARNING: Gap made of only target mutations (How can it be? It's an almost impossible condition). Target mutation that minimizes the loss has been assigned to the right region).
WARNING: Gap made of only target mutations (How can it be? It's an almost impossible condition). Target mutation that minimizes the loss has been assigned to the right region).
WARNING: Gap made of only target mutations (How can it be? It's an almost impossible condition). Target mutation that minimizes the loss has been assigned to the right region).
WARNING: Gap made of only target mutations (How can it be? It's an almost impossible condition). Target mutation that minimizes the loss has been assigned to the right region).
WARNING: Gap made of only target mutations (How can it be? It's an almost impossible condition). Target mutation that minimizes the loss has been assigned to the right region).
WARNING: Gap made of only target mutations (How can it be? It's an almost impossible condition). Target mutation that minimizes the loss has been assigned to the right region).
WARNING: Gap made of only target mutations (How can it be? It's an almost impossible condition). Target mutation that minimizes the loss has been assigned to the right region).
WARNING: Gap made of only target mutations (How can it be? It's an almost impossible condition). Target mutation that minimizes the loss has been assigned to the right region).
WARNING: Gap made of only target mutations (How can it be? It's an almost impossible condition). Target mutation that minimizes the loss has been assigned to the right region).
WARNING: Gap made of only target mutations (How can it be? It's an almost impossible condition). Target mutation that minimizes the loss has been assigned to the right region).
WARNING: Gap made of only target mutations (How can it be? It's an almost impossible condition). Target mutation that minimizes the loss has been assigned to the right region).
WARNING: Gap made of only target mutations (How can it be? It's an almost impossible condition). Target mutation that minimizes the loss has been assigned to the right region).
WARNING: Gap made of only target mutations (How can it be? It's an almost impossible condition). Target mutation that minimizes the loss has been assigned to the right region).
WARNING: Gap made of only target mutations (How can it be? It's an almost impossible condition). Target mutation that minimizes the loss has been assigned to the right region).
WARNING: Gap made of only target mutations (How can it be? It's an almost impossible condition). Target mutation that minimizes the loss has been assigned to the right region).
WARNING: Gap made of only target mutations (How can it be? It's an almost impossible condition). Target mutation that minimizes the loss has been assigned to the right region).
WARNING: Gap made of only target mutations (How can it be? It's an almost impossible condition). Target mutation that minimizes the loss has been assigned to the right region).
WARNING: Gap made of only target mutations (How can it be? It's an almost impossible condition). Target mutation that minimizes the loss has been assigned to the right region).
WARNING: Gap made of only target mutations (How can it be? It's an almost impossible condition). Target mutation that minimizes the loss has been assigned to the right region).
WARNING: Gap made of only target mutations (How can it be? It's an almost impossible condition). Target mutation that minimizes the loss has been assigned to the right region).
WARNING: Gap made of only target mutations (How can it be? It's an almost impossible condition). Target mutation that minimizes the loss has been assigned to the right region).
WARNING: Gap made of only target mutations (How can it be? It's an almost impossible condition). Target mutation that minimizes the loss has been assigned to the right region).
WARNING: Gap made of only target mutations (How can it be? It's an almost impossible condition). Target mutation that minimizes the loss has been assigned to the right region).
WARNING: Gap made of only target mutations (How can it be? It's an almost impossible condition). Target mutation that minimizes the loss has been assigned to the right region).
WARNING: Gap made of only target mutations (How can it be? It's an almost impossible condition). Target mutation that minimizes the loss has been assigned to the right region).
WARNING: Gap made of only target mutations (How can it be? It's an almost impossible condition). Target mutation that minimizes the loss has been assigned to the right region).
WARNING: Gap made of only target mutations (How can it be? It's an almost impossible condition). Target mutation that minimizes the loss has been assigned to the right region).
WARNING: Gap made of only target mutations (How can it be? It's an almost impossible condition). Target mutation that minimizes the loss has been assigned to the right region).
WARNING: Gap made of only target mutations (How can it be? It's an almost impossible condition). Target mutation that minimizes the loss has been assigned to the right region).
WARNING: Gap made of only target mutations (How can it be? It's an almost impossible condition). Target mutation that minimizes the loss has been assigned to the right region).
WARNING: Gap made of only target mutations (How can it be? It's an almost impossible condition). Target mutation that minimizes the loss has been assigned to the right region).
WARNING: Gap made of only target mutations (How can it be? It's an almost impossible condition). Target mutation that minimizes the loss has been assigned to the right region).
WARNING: Gap made of only target mutations (How can it be? It's an almost impossible condition). Target mutation that minimizes the loss has been assigned to the right region).
WARNING: Gap made of only target mutations (How can it be? It's an almost impossible condition). Target mutation that minimizes the loss has been assigned to the right region).
WARNING: Gap made of only target mutations (How can it be? It's an almost impossible condition). Target mutation that minimizes the loss has been assigned to the right region).
WARNING: Gap made of only target mutations (How can it be? It's an almost impossible condition). Target mutation that minimizes the loss has been assigned to the right region).
WARNING: Gap made of only target mutations (How can it be? It's an almost impossible condition). Target mutation that minimizes the loss has been assigned to the right region).
WARNING: Gap made of only target mutations (How can it be? It's an almost impossible condition). Target mutation that minimizes the loss has been assigned to the right region).
WARNING: Gap made of only target mutations (How can it be? It's an almost impossible condition). Target mutation that minimizes the loss has been assigned to the right region).
WARNING: Gap made of only target mutations (How can it be? It's an almost impossible condition). Target mutation that minimizes the loss has been assigned to the right region).
WARNING: Gap made of only target mutations (How can it be? It's an almost impossible condition). Target mutation that minimizes the loss has been assigned to the right region).
WARNING: Gap made of only target mutations (How can it be? It's an almost impossible condition). Target mutation that minimizes the loss has been assigned to the right region).
WARNING: Gap made of only target mutations (How can it be? It's an almost impossible condition). Target mutation that minimizes the loss has been assigned to the right region).
WARNING: Gap made of only target mutations (How can it be? It's an almost impossible condition). Target mutation that minimizes the loss has been assigned to the right region).
WARNING: Gap made of only target mutations (How can it be? It's an almost impossible condition). Target mutation that minimizes the loss has been assigned to the right region).
WARNING: Gap made of only target mutations (How can it be? It's an almost impossible condition). Target mutation that minimizes the loss has been assigned to the right region).
WARNING: Gap made of only target mutations (How can it be? It's an almost impossible condition). Target mutation that minimizes the loss has been assigned to the right region).
WARNING: Gap made of only target mutations (How can it be? It's an almost impossible condition). Target mutation that minimizes the loss has been assigned to the right region).
WARNING: Gap made of only target mutations (How can it be? It's an almost impossible condition). Target mutation that minimizes the loss has been assigned to the right region).
WARNING: Gap made of only target mutations (How can it be? It's an almost impossible condition). Target mutation that minimizes the loss has been assigned to the right region).
WARNING: Gap made of only target mutations (How can it be? It's an almost impossible condition). Target mutation that minimizes the loss has been assigned to the right region).
WARNING: Gap made of only target mutations (How can it be? It's an almost impossible condition). Target mutation that minimizes the loss has been assigned to the right region).
WARNING: Gap made of only target mutations (How can it be? It's an almost impossible condition). Target mutation that minimizes the loss has been assigned to the right region).
WARNING: Gap made of only target mutations (How can it be? It's an almost impossible condition). Target mutation that minimizes the loss has been assigned to the right region).
WARNING: Gap made of only target mutations (How can it be? It's an almost impossible condition). Target mutation that minimizes the loss has been assigned to the right region).
WARNING: Gap made of only target mutations (How can it be? It's an almost impossible condition). Target mutation that minimizes the loss has been assigned to the right region).
WARNING: Gap made of only target mutations (How can it be? It's an almost impossible condition). Target mutation that minimizes the loss has been assigned to the right region).
WARNING: Gap made of only target mutations (How can it be? It's an almost impossible condition). Target mutation that minimizes the loss has been assigned to the right region).
WARNING: Gap made of only target mutations (How can it be? It's an almost impossible condition). Target mutation that minimizes the loss has been assigned to the right region).
WARNING: Gap made of only target mutations (How can it be? It's an almost impossible condition). Target mutation that minimizes the loss has been assigned to the right region).
WARNING: Gap made of only target mutations (How can it be? It's an almost impossible condition). Target mutation that minimizes the loss has been assigned to the right region).
WARNING: Gap made of only target mutations (How can it be? It's an almost impossible condition). Target mutation that minimizes the loss has been assigned to the right region).
WARNING: Gap made of only target mutations (How can it be? It's an almost impossible condition). Target mutation that minimizes the loss has been assigned to the right region).
WARNING: Gap made of only target mutations (How can it be? It's an almost impossible condition). Target mutation that minimizes the loss has been assigned to the right region).
WARNING: Gap made of only target mutations (How can it be? It's an almost impossible condition). Target mutation that minimizes the loss has been assigned to the right region).
WARNING: Gap made of only target mutations (How can it be? It's an almost impossible condition). Target mutation that minimizes the loss has been assigned to the right region).
WARNING: Gap made of only target mutations (How can it be? It's an almost impossible condition). Target mutation that minimizes the loss has been assigned to the right region).
WARNING: Gap made of only target mutations (How can it be? It's an almost impossible condition). Target mutation that minimizes the loss has been assigned to the right region).
WARNING: Gap made of only target mutations (How can it be? It's an almost impossible condition). Target mutation that minimizes the loss has been assigned to the right region).
WARNING: Gap made of only target mutations (How can it be? It's an almost impossible condition). Target mutation that minimizes the loss has been assigned to the right region).
WARNING: Gap made of only target mutations (How can it be? It's an almost impossible condition). Target mutation that minimizes the loss has been assigned to the right region).
WARNING: Gap made of only target mutations (How can it be? It's an almost impossible condition). Target mutation that minimizes the loss has been assigned to the right region).
WARNING: Gap made of only target mutations (How can it be? It's an almost impossible condition). Target mutation that minimizes the loss has been assigned to the right region).
WARNING: Gap made of only target mutations (How can it be? It's an almost impossible condition). Target mutation that minimizes the loss has been assigned to the right region).
WARNING: Gap made of only target mutations (How can it be? It's an almost impossible condition). Target mutation that minimizes the loss has been assigned to the right region).
WARNING: Gap made of only target mutations (How can it be? It's an almost impossible condition). Target mutation that minimizes the loss has been assigned to the right region).
WARNING: Gap made of only target mutations (How can it be? It's an almost impossible condition). Target mutation that minimizes the loss has been assigned to the right region).
WARNING: Gap made of only target mutations (How can it be? It's an almost impossible condition). Target mutation that minimizes the loss has been assigned to the right region).
WARNING: Gap made of only target mutations (How can it be? It's an almost impossible condition). Target mutation that minimizes the loss has been assigned to the right region).
WARNING: Gap made of only target mutations (How can it be? It's an almost impossible condition). Target mutation that minimizes the loss has been assigned to the right region).
WARNING: Gap made of only target mutations (How can it be? It's an almost impossible condition). Target mutation that minimizes the loss has been assigned to the right region).
WARNING: Gap made of only target mutations (How can it be? It's an almost impossible condition). Target mutation that minimizes the loss has been assigned to the right region).
WARNING: Gap made of only target mutations (How can it be? It's an almost impossible condition). Target mutation that minimizes the loss has been assigned to the right region).
INFO:   Lineage 'A.1.NmC13', Mode 'all': Processing all 668 samples.
WARNING: Gap made of only target mutations (How can it be? It's an almost impossible condition). Target mutation that minimizes the loss has been assigned to the right region).
WARNING: Gap made of only target mutations (How can it be? It's an almost impossible condition). Target mutation that minimizes the loss has been assigned to the right region).
WARNING: Gap made of only target mutations (How can it be? It's an almost impossible condition). Target mutation that minimizes the loss has been assigned to the right region).
WARNING: Gap made of only target mutations (How can it be? It's an almost impossible condition). Target mutation that minimizes the loss has been assigned to the right region).
WARNING: Gap made of only target mutations (How can it be? It's an almost impossible condition). Target mutation that minimizes the loss has been assigned to the right region).
WARNING: Gap made of only target mutations (How can it be? It's an almost impossible condition). Target mutation that minimizes the loss has been assigned to the right region).
WARNING: Gap made of only target mutations (How can it be? It's an almost impossible condition). Target mutation that minimizes the loss has been assigned to the right region).
WARNING: Gap made of only target mutations (How can it be? It's an almost impossible condition). Target mutation that minimizes the loss has been assigned to the right region).
WARNING: Gap made of only target mutations (How can it be? It's an almost impossible condition). Target mutation that minimizes the loss has been assigned to the right region).
WARNING: Gap made of only target mutations (How can it be? It's an almost impossible condition). Target mutation that minimizes the loss has been assigned to the right region).
WARNING: Gap made of only target mutations (How can it be? It's an almost impossible condition). Target mutation that minimizes the loss has been assigned to the right region).
WARNING: Gap made of only target mutations (How can it be? It's an almost impossible condition). Target mutation that minimizes the loss has been assigned to the right region).
WARNING: Gap made of only target mutations (How can it be? It's an almost impossible condition). Target mutation that minimizes the loss has been assigned to the right region).
WARNING: Gap made of only target mutations (How can it be? It's an almost impossible condition). Target mutation that minimizes the loss has been assigned to the right region).
WARNING: Gap made of only target mutations (How can it be? It's an almost impossible condition). Target mutation that minimizes the loss has been assigned to the right region).
WARNING: Gap made of only target mutations (How can it be? It's an almost impossible condition). Target mutation that minimizes the loss has been assigned to the right region).
WARNING: Gap made of only target mutations (How can it be? It's an almost impossible condition). Target mutation that minimizes the loss has been assigned to the right region).
WARNING: Gap made of only target mutations (How can it be? It's an almost impossible condition). Target mutation that minimizes the loss has been assigned to the right region).
WARNING: Gap made of only target mutations (How can it be? It's an almost impossible condition). Target mutation that minimizes the loss has been assigned to the right region).
WARNING: Gap made of only target mutations (How can it be? It's an almost impossible condition). Target mutation that minimizes the loss has been assigned to the right region).
WARNING: Gap made of only target mutations (How can it be? It's an almost impossible condition). Target mutation that minimizes the loss has been assigned to the right region).
INFO:   Lineage 'A.1.NmC4', Mode 'all': Processing all 1744 samples.
WARNING: Gap made of only target mutations (How can it be? It's an almost impossible condition). Target mutation that minimizes the loss has been assigned to the right region).
WARNING: Gap made of only target mutations (How can it be? It's an almost impossible condition). Target mutation that minimizes the loss has been assigned to the right region).
WARNING: Gap made of only target mutations (How can it be? It's an almost impossible condition). Target mutation that minimizes the loss has been assigned to the right region).
WARNING: Gap made of only target mutations (How can it be? It's an almost impossible condition). Target mutation that minimizes the loss has been assigned to the right region).
WARNING: Gap made of only target mutations (How can it be? It's an almost impossible condition). Target mutation that minimizes the loss has been assigned to the right region).
WARNING: Gap made of only target mutations (How can it be? It's an almost impossible condition). Target mutation that minimizes the loss has been assigned to the right region).
WARNING: Gap made of only target mutations (How can it be? It's an almost impossible condition). Target mutation that minimizes the loss has been assigned to the right region).
WARNING: Gap made of only target mutations (How can it be? It's an almost impossible condition). Target mutation that minimizes the loss has been assigned to the right region).
WARNING: Gap made of only target mutations (How can it be? It's an almost impossible condition). Target mutation that minimizes the loss has been assigned to the right region).
WARNING: Gap made of only target mutations (How can it be? It's an almost impossible condition). Target mutation that minimizes the loss has been assigned to the right region).
WARNING: Gap made of only target mutations (How can it be? It's an almost impossible condition). Target mutation that minimizes the loss has been assigned to the right region).
WARNING: Gap made of only target mutations (How can it be? It's an almost impossible condition). Target mutation that minimizes the loss has been assigned to the right region).
WARNING: Gap made of only target mutations (How can it be? It's an almost impossible condition). Target mutation that minimizes the loss has been assigned to the right region).
WARNING: Gap made of only target mutations (How can it be? It's an almost impossible condition). Target mutation that minimizes the loss has been assigned to the right region).
WARNING: Gap made of only target mutations (How can it be? It's an almost impossible condition). Target mutation that minimizes the loss has been assigned to the right region).
WARNING: Gap made of only target mutations (How can it be? It's an almost impossible condition). Target mutation that minimizes the loss has been assigned to the right region).
WARNING: Gap made of only target mutations (How can it be? It's an almost impossible condition). Target mutation that minimizes the loss has been assigned to the right region).
WARNING: Gap made of only target mutations (How can it be? It's an almost impossible condition). Target mutation that minimizes the loss has been assigned to the right region).
WARNING: Gap made of only target mutations (How can it be? It's an almost impossible condition). Target mutation that minimizes the loss has been assigned to the right region).
WARNING: Gap made of only target mutations (How can it be? It's an almost impossible condition). Target mutation that minimizes the loss has been assigned to the right region).
WARNING: Gap made of only target mutations (How can it be? It's an almost impossible condition). Target mutation that minimizes the loss has been assigned to the right region).
WARNING: Gap made of only target mutations (How can it be? It's an almost impossible condition). Target mutation that minimizes the loss has been assigned to the right region).
WARNING: Gap made of only target mutations (How can it be? It's an almost impossible condition). Target mutation that minimizes the loss has been assigned to the right region).
WARNING: Gap made of only target mutations (How can it be? It's an almost impossible condition). Target mutation that minimizes the loss has been assigned to the right region).
WARNING: Gap made of only target mutations (How can it be? It's an almost impossible condition). Target mutation that minimizes the loss has been assigned to the right region).
WARNING: Gap made of only target mutations (How can it be? It's an almost impossible condition). Target mutation that minimizes the loss has been assigned to the right region).
WARNING: Gap made of only target mutations (How can it be? It's an almost impossible condition). Target mutation that minimizes the loss has been assigned to the right region).
WARNING: Gap made of only target mutations (How can it be? It's an almost impossible condition). Target mutation that minimizes the loss has been assigned to the right region).
WARNING: Gap made of only target mutations (How can it be? It's an almost impossible condition). Target mutation that minimizes the loss has been assigned to the right region).
WARNING: Gap made of only target mutations (How can it be? It's an almost impossible condition). Target mutation that minimizes the loss has been assigned to the right region).
WARNING: Gap made of only target mutations (How can it be? It's an almost impossible condition). Target mutation that minimizes the loss has been assigned to the right region).
WARNING: Gap made of only target mutations (How can it be? It's an almost impossible condition). Target mutation that minimizes the loss has been assigned to the right region).
WARNING: Gap made of only target mutations (How can it be? It's an almost impossible condition). Target mutation that minimizes the loss has been assigned to the right region).
WARNING: Gap made of only target mutations (How can it be? It's an almost impossible condition). Target mutation that minimizes the loss has been assigned to the right region).
WARNING: Gap made of only target mutations (How can it be? It's an almost impossible condition). Target mutation that minimizes the loss has been assigned to the right region).
WARNING: Gap made of only target mutations (How can it be? It's an almost impossible condition). Target mutation that minimizes the loss has been assigned to the right region).
WARNING: Gap made of only target mutations (How can it be? It's an almost impossible condition). Target mutation that minimizes the loss has been assigned to the right region).
WARNING: Gap made of only target mutations (How can it be? It's an almost impossible condition). Target mutation that minimizes the loss has been assigned to the right region).
WARNING: Gap made of only target mutations (How can it be? It's an almost impossible condition). Target mutation that minimizes the loss has been assigned to the right region).
WARNING: Gap made of only target mutations (How can it be? It's an almost impossible condition). Target mutation that minimizes the loss has been assigned to the right region).
WARNING: Gap made of only target mutations (How can it be? It's an almost impossible condition). Target mutation that minimizes the loss has been assigned to the right region).
WARNING: Gap made of only target mutations (How can it be? It's an almost impossible condition). Target mutation that minimizes the loss has been assigned to the right region).
WARNING: Gap made of only target mutations (How can it be? It's an almost impossible condition). Target mutation that minimizes the loss has been assigned to the right region).
WARNING: Gap made of only target mutations (How can it be? It's an almost impossible condition). Target mutation that minimizes the loss has been assigned to the right region).
WARNING: Gap made of only target mutations (How can it be? It's an almost impossible condition). Target mutation that minimizes the loss has been assigned to the right region).
WARNING: Gap made of only target mutations (How can it be? It's an almost impossible condition). Target mutation that minimizes the loss has been assigned to the right region).
WARNING: Gap made of only target mutations (How can it be? It's an almost impossible condition). Target mutation that minimizes the loss has been assigned to the right region).
WARNING: Gap made of only target mutations (How can it be? It's an almost impossible condition). Target mutation that minimizes the loss has been assigned to the right region).
WARNING: Gap made of only target mutations (How can it be? It's an almost impossible condition). Target mutation that minimizes the loss has been assigned to the right region).
WARNING: Gap made of only target mutations (How can it be? It's an almost impossible condition). Target mutation that minimizes the loss has been assigned to the right region).
WARNING: Gap made of only target mutations (How can it be? It's an almost impossible condition). Target mutation that minimizes the loss has been assigned to the right region).
WARNING: Gap made of only target mutations (How can it be? It's an almost impossible condition). Target mutation that minimizes the loss has been assigned to the right region).
WARNING: Gap made of only target mutations (How can it be? It's an almost impossible condition). Target mutation that minimizes the loss has been assigned to the right region).
WARNING: Gap made of only target mutations (How can it be? It's an almost impossible condition). Target mutation that minimizes the loss has been assigned to the right region).
WARNING: Gap made of only target mutations (How can it be? It's an almost impossible condition). Target mutation that minimizes the loss has been assigned to the right region).
WARNING: Gap made of only target mutations (How can it be? It's an almost impossible condition). Target mutation that minimizes the loss has been assigned to the right region).
WARNING: Gap made of only target mutations (How can it be? It's an almost impossible condition). Target mutation that minimizes the loss has been assigned to the right region).
WARNING: Gap made of only target mutations (How can it be? It's an almost impossible condition). Target mutation that minimizes the loss has been assigned to the right region).
WARNING: Gap made of only target mutations (How can it be? It's an almost impossible condition). Target mutation that minimizes the loss has been assigned to the right region).
WARNING: Gap made of only target mutations (How can it be? It's an almost impossible condition). Target mutation that minimizes the loss has been assigned to the right region).
WARNING: Gap made of only target mutations (How can it be? It's an almost impossible condition). Target mutation that minimizes the loss has been assigned to the right region).
WARNING: Gap made of only target mutations (How can it be? It's an almost impossible condition). Target mutation that minimizes the loss has been assigned to the right region).
WARNING: Gap made of only target mutations (How can it be? It's an almost impossible condition). Target mutation that minimizes the loss has been assigned to the right region).
WARNING: Gap made of only target mutations (How can it be? It's an almost impossible condition). Target mutation that minimizes the loss has been assigned to the right region).
WARNING: Gap made of only target mutations (How can it be? It's an almost impossible condition). Target mutation that minimizes the loss has been assigned to the right region).
WARNING: Gap made of only target mutations (How can it be? It's an almost impossible condition). Target mutation that minimizes the loss has been assigned to the right region).
WARNING: Gap made of only target mutations (How can it be? It's an almost impossible condition). Target mutation that minimizes the loss has been assigned to the right region).
WARNING: Gap made of only target mutations (How can it be? It's an almost impossible condition). Target mutation that minimizes the loss has been assigned to the right region).
WARNING: Gap made of only target mutations (How can it be? It's an almost impossible condition). Target mutation that minimizes the loss has been assigned to the right region).
WARNING: Gap made of only target mutations (How can it be? It's an almost impossible condition). Target mutation that minimizes the loss has been assigned to the right region).
WARNING: Gap made of only target mutations (How can it be? It's an almost impossible condition). Target mutation that minimizes the loss has been assigned to the right region).
WARNING: Gap made of only target mutations (How can it be? It's an almost impossible condition). Target mutation that minimizes the loss has been assigned to the right region).
WARNING: Gap made of only target mutations (How can it be? It's an almost impossible condition). Target mutation that minimizes the loss has been assigned to the right region).
WARNING: Gap made of only target mutations (How can it be? It's an almost impossible condition). Target mutation that minimizes the loss has been assigned to the right region).
WARNING: Gap made of only target mutations (How can it be? It's an almost impossible condition). Target mutation that minimizes the loss has been assigned to the right region).
WARNING: Gap made of only target mutations (How can it be? It's an almost impossible condition). Target mutation that minimizes the loss has been assigned to the right region).
WARNING: Gap made of only target mutations (How can it be? It's an almost impossible condition). Target mutation that minimizes the loss has been assigned to the right region).
WARNING: Gap made of only target mutations (How can it be? It's an almost impossible condition). Target mutation that minimizes the loss has been assigned to the right region).
WARNING: Gap made of only target mutations (How can it be? It's an almost impossible condition). Target mutation that minimizes the loss has been assigned to the right region).
WARNING: Gap made of only target mutations (How can it be? It's an almost impossible condition). Target mutation that minimizes the loss has been assigned to the right region).
WARNING: Gap made of only target mutations (How can it be? It's an almost impossible condition). Target mutation that minimizes the loss has been assigned to the right region).
WARNING: Gap made of only target mutations (How can it be? It's an almost impossible condition). Target mutation that minimizes the loss has been assigned to the right region).
WARNING: Gap made of only target mutations (How can it be? It's an almost impossible condition). Target mutation that minimizes the loss has been assigned to the right region).
WARNING: Gap made of only target mutations (How can it be? It's an almost impossible condition). Target mutation that minimizes the loss has been assigned to the right region).
WARNING: Gap made of only target mutations (How can it be? It's an almost impossible condition). Target mutation that minimizes the loss has been assigned to the right region).
WARNING: Gap made of only target mutations (How can it be? It's an almost impossible condition). Target mutation that minimizes the loss has been assigned to the right region).
WARNING: Gap made of only target mutations (How can it be? It's an almost impossible condition). Target mutation that minimizes the loss has been assigned to the right region).
WARNING: Gap made of only target mutations (How can it be? It's an almost impossible condition). Target mutation that minimizes the loss has been assigned to the right region).
WARNING: Gap made of only target mutations (How can it be? It's an almost impossible condition). Target mutation that minimizes the loss has been assigned to the right region).
WARNING: Gap made of only target mutations (How can it be? It's an almost impossible condition). Target mutation that minimizes the loss has been assigned to the right region).
WARNING: Gap made of only target mutations (How can it be? It's an almost impossible condition). Target mutation that minimizes the loss has been assigned to the right region).
WARNING: Gap made of only target mutations (How can it be? It's an almost impossible condition). Target mutation that minimizes the loss has been assigned to the right region).
WARNING: Gap made of only target mutations (How can it be? It's an almost impossible condition). Target mutation that minimizes the loss has been assigned to the right region).
WARNING: Gap made of only target mutations (How can it be? It's an almost impossible condition). Target mutation that minimizes the loss has been assigned to the right region).
WARNING: Gap made of only target mutations (How can it be? It's an almost impossible condition). Target mutation that minimizes the loss has been assigned to the right region).
WARNING: Gap made of only target mutations (How can it be? It's an almost impossible condition). Target mutation that minimizes the loss has been assigned to the right region).
WARNING: Gap made of only target mutations (How can it be? It's an almost impossible condition). Target mutation that minimizes the loss has been assigned to the right region).
WARNING: Gap made of only target mutations (How can it be? It's an almost impossible condition). Target mutation that minimizes the loss has been assigned to the right region).
WARNING: Gap made of only target mutations (How can it be? It's an almost impossible condition). Target mutation that minimizes the loss has been assigned to the right region).
WARNING: Gap made of only target mutations (How can it be? It's an almost impossible condition). Target mutation that minimizes the loss has been assigned to the right region).
WARNING: Gap made of only target mutations (How can it be? It's an almost impossible condition). Target mutation that minimizes the loss has been assigned to the right region).
WARNING: Gap made of only target mutations (How can it be? It's an almost impossible condition). Target mutation that minimizes the loss has been assigned to the right region).
WARNING: Gap made of only target mutations (How can it be? It's an almost impossible condition). Target mutation that minimizes the loss has been assigned to the right region).
WARNING: Gap made of only target mutations (How can it be? It's an almost impossible condition). Target mutation that minimizes the loss has been assigned to the right region).
WARNING: Gap made of only target mutations (How can it be? It's an almost impossible condition). Target mutation that minimizes the loss has been assigned to the right region).
WARNING: Gap made of only target mutations (How can it be? It's an almost impossible condition). Target mutation that minimizes the loss has been assigned to the right region).
WARNING: Gap made of only target mutations (How can it be? It's an almost impossible condition). Target mutation that minimizes the loss has been assigned to the right region).
WARNING: Gap made of only target mutations (How can it be? It's an almost impossible condition). Target mutation that minimizes the loss has been assigned to the right region).
WARNING: Gap made of only target mutations (How can it be? It's an almost impossible condition). Target mutation that minimizes the loss has been assigned to the right region).
WARNING: Gap made of only target mutations (How can it be? It's an almost impossible condition). Target mutation that minimizes the loss has been assigned to the right region).
WARNING: Gap made of only target mutations (How can it be? It's an almost impossible condition). Target mutation that minimizes the loss has been assigned to the right region).
WARNING: Gap made of only target mutations (How can it be? It's an almost impossible condition). Target mutation that minimizes the loss has been assigned to the right region).
WARNING: Gap made of only target mutations (How can it be? It's an almost impossible condition). Target mutation that minimizes the loss has been assigned to the right region).
WARNING: Gap made of only target mutations (How can it be? It's an almost impossible condition). Target mutation that minimizes the loss has been assigned to the right region).
WARNING: Gap made of only target mutations (How can it be? It's an almost impossible condition). Target mutation that minimizes the loss has been assigned to the right region).
WARNING: Gap made of only target mutations (How can it be? It's an almost impossible condition). Target mutation that minimizes the loss has been assigned to the right region).
WARNING: Gap made of only target mutations (How can it be? It's an almost impossible condition). Target mutation that minimizes the loss has been assigned to the right region).
WARNING: Gap made of only target mutations (How can it be? It's an almost impossible condition). Target mutation that minimizes the loss has been assigned to the right region).
WARNING: Gap made of only target mutations (How can it be? It's an almost impossible condition). Target mutation that minimizes the loss has been assigned to the right region).
WARNING: Gap made of only target mutations (How can it be? It's an almost impossible condition). Target mutation that minimizes the loss has been assigned to the right region).
WARNING: Gap made of only target mutations (How can it be? It's an almost impossible condition). Target mutation that minimizes the loss has been assigned to the right region).
WARNING: Gap made of only target mutations (How can it be? It's an almost impossible condition). Target mutation that minimizes the loss has been assigned to the right region).
WARNING: Gap made of only target mutations (How can it be? It's an almost impossible condition). Target mutation that minimizes the loss has been assigned to the right region).
WARNING: Gap made of only target mutations (How can it be? It's an almost impossible condition). Target mutation that minimizes the loss has been assigned to the right region).
WARNING: Gap made of only target mutations (How can it be? It's an almost impossible condition). Target mutation that minimizes the loss has been assigned to the right region).
WARNING: Gap made of only target mutations (How can it be? It's an almost impossible condition). Target mutation that minimizes the loss has been assigned to the right region).
WARNING: Gap made of only target mutations (How can it be? It's an almost impossible condition). Target mutation that minimizes the loss has been assigned to the right region).
WARNING: Gap made of only target mutations (How can it be? It's an almost impossible condition). Target mutation that minimizes the loss has been assigned to the right region).
WARNING: Gap made of only target mutations (How can it be? It's an almost impossible condition). Target mutation that minimizes the loss has been assigned to the right region).
WARNING: Gap made of only target mutations (How can it be? It's an almost impossible condition). Target mutation that minimizes the loss has been assigned to the right region).
WARNING: Gap made of only target mutations (How can it be? It's an almost impossible condition). Target mutation that minimizes the loss has been assigned to the right region).
WARNING: Gap made of only target mutations (How can it be? It's an almost impossible condition). Target mutation that minimizes the loss has been assigned to the right region).
WARNING: Gap made of only target mutations (How can it be? It's an almost impossible condition). Target mutation that minimizes the loss has been assigned to the right region).
WARNING: Gap made of only target mutations (How can it be? It's an almost impossible condition). Target mutation that minimizes the loss has been assigned to the right region).
WARNING: Gap made of only target mutations (How can it be? It's an almost impossible condition). Target mutation that minimizes the loss has been assigned to the right region).
WARNING: Gap made of only target mutations (How can it be? It's an almost impossible condition). Target mutation that minimizes the loss has been assigned to the right region).
INFO:   Lineage 'A.1.NmC14', Mode 'all': Processing all 72 samples.
WARNING: Gap made of only target mutations (How can it be? It's an almost impossible condition). Target mutation that minimizes the loss has been assigned to the right region).
INFO:   Lineage 'A.1.NmC10', Mode 'all': Processing all 95 samples.
INFO:   Lineage 'A.1.NmC6', Mode 'all': Processing all 294 samples.
INFO:   Lineage 'A.1.NmC8', Mode 'all': Processing all 84 samples.
INFO:   Lineage 'A.1.NmC5', Mode 'all': Processing all 1745 samples.
WARNING: Gap made of only target mutations (How can it be? It's an almost impossible condition). Target mutation that minimizes the loss has been assigned to the right region).
INFO: Recombinant summary saved to: results/recombinhunt_output/influenza/dist5size50/recombinant_summary.tsv
INFO: Saved extensive summary table to: results/recombinhunt_output/influenza/dist5size50/recombinant_summary_extensive.tsv
INFO: Text report saved to: results/recombinhunt_output/influenza/dist5size50/experiment-output.all.txt
INFO: HTML report saved to: results/recombinhunt_output/influenza/dist5size50/experiment-detail.all.html
INFO: RecombinHunt experiment step finished successfully with given config and run mode.

2025-09-06 15:29:14,651 - WARNING - Stderr from step:
/home/topcuoglu/openrecombinhunt/libs/recombinhunt-cov-7.0.0/src/recombinhunt/core/environment.py:238: UserWarning: RecombinHunt 5.+ expects a candidates_hierarchy.json in the environment dir but the file is missing. Backward compatibility is possible by calling Environment.embed_candidates_hierarchy() with a CandidatesHierarchy object. Resorting to default CandidatesHierarchy.
  warnings.warn("RecombinHunt 5.+ expects a candidates_hierarchy.json in the environment dir but the file is missing. Backward compatibility is possible by"

Running Experiments:   0%|          | 0/15 [00:00<?, ?it/s]
Running Experiments:   7%|         | 1/15 [00:12<02:48, 12.06s/it]
Running Experiments:  13%|        | 2/15 [00:23<02:29, 11.52s/it]
Running Experiments:  20%|        | 3/15 [00:45<03:16, 16.36s/it]
Running Experiments:  27%|       | 4/15 [01:22<04:29, 24.53s/it]
Running Experiments:  33%|      | 5/15 [02:22<06:14, 37.46s/it]
Running Experiments:  40%|      | 6/15 [03:13<06:18, 42.07s/it]
Running Experiments:  47%|     | 7/15 [03:17<03:56, 29.56s/it]
Running Experiments:  53%|    | 8/15 [05:26<07:08, 61.19s/it]
Running Experiments:  60%|    | 9/15 [05:50<04:57, 49.66s/it]
Running Experiments:  67%|   | 10/15 [06:56<04:33, 54.69s/it]
Running Experiments:  73%|  | 11/15 [06:58<02:34, 38.63s/it]
Running Experiments:  80%|  | 12/15 [07:01<01:23, 27.74s/it]
Running Experiments:  87%| | 13/15 [07:13<00:45, 22.98s/it]
Running Experiments:  93%|| 14/15 [07:16<00:16, 16.78s/it]
Running Experiments: 100%|| 15/15 [08:31<00:00, 34.26s/it]
Running Experiments: 100%|| 15/15 [08:31<00:00, 34.07s/it]

2025-09-06 15:29:14,652 - INFO - --- Step Succeeded: /home/topcuoglu/miniconda3/envs/orh/bin/python src/06_recombinhunt/run_recombinhunt.py --virus influenza --config config/config.yaml ---
2025-09-06 15:29:14,652 - INFO - ================== PIPELINE FOR INFLUENZA FINISHED ==================


