2025-07-15 14:56:21,721 - INFO - Logging initialized. Log file at: logs/20250715_145621_zika_05.1_create_environment.log
2025-07-15 14:56:21,722 - INFO - Virus is 'zika'. Using HaploCoV reformatted output as input.
2025-07-15 14:56:21,723 - INFO - Environment files will be saved to: environments/zika/dist3size10
2025-07-15 14:56:21,723 - INFO - Loading data from: results/haplocov_output/zika/dist3size10/haplocov_reformatted.tsv
2025-07-15 14:56:21,744 - INFO - Initial row count: 2,192
2025-07-15 14:56:21,747 - INFO - Dropped 76 rows with missing or empty 'mutations' column.
2025-07-15 14:56:21,747 - INFO - Row count after cleaning: 2,116
2025-07-15 14:56:21,747 - INFO - Calculating change probabilities...
2025-07-15 14:56:21,747 - INFO -   Total sequences for calculation: 2,116
2025-07-15 14:56:21,774 - INFO -   Found 6,461 unique mutations across all sequences.
2025-07-15 14:56:21,784 - INFO -   Finished calculating change probabilities. Shape of result: (6461, 2)
2025-07-15 14:56:21,785 - INFO - Calculating genome and variation counts per lineage...
2025-07-15 14:56:21,786 - INFO -   Found 5 unique lineages in the dataset.
2025-07-15 14:56:22,014 - INFO -   Finished calculating genome and variation counts.
2025-07-15 14:56:22,014 - INFO - 
Calculating 'lc_df.parquet'...
2025-07-15 14:56:22,015 - INFO - 
--- Running common logic: calculating lineage mutation frequencies ---
2025-07-15 14:56:22,015 - INFO - Selected 5 lineages with at least 10 genomes.
2025-07-15 14:56:22,020 - INFO - Removed 0 mutations that were not characteristic of any lineage.
2025-07-15 14:56:22,021 - INFO - lc_df calculation complete.
2025-07-15 14:56:22,021 - INFO - 
Calculating 'change2lineage_probability.parquet'...
2025-07-15 14:56:22,021 - INFO - 
--- Running common logic: calculating lineage mutation frequencies ---
2025-07-15 14:56:22,022 - INFO - Selected 5 lineages with at least 10 genomes.
2025-07-15 14:56:22,121 - INFO - change2lineage_probability calculation complete.
2025-07-15 14:56:22,122 - INFO - 
Calculating 'lc_quality_df.parquet'...
2025-07-15 14:56:22,122 - INFO - lc_quality_df calculation complete.
2025-07-15 14:56:22,122 - INFO - Saving environment files...
2025-07-15 14:56:22,156 - INFO - Environment creation complete.
