2025-07-15 14:56:00,044 - INFO - Logging initialized. Log file at: logs/20250715_145600_zika_02.1_prep_metadata_ncbi.log
2025-07-15 14:56:00,045 - INFO - Loading raw metadata from data/raw/zika/raw_metadata.tsv...
2025-07-15 14:56:00,069 - INFO - Step 1: Applying quality filters from config and checking for special characters in ID...
2025-07-15 14:56:00,071 - INFO -   Filter 'Isolate Collection date notna None': Removed 397 rows.
2025-07-15 14:56:00,072 - INFO -   Filter 'Accession notna None': Removed 0 rows.
2025-07-15 14:56:00,074 - INFO -   Filter 'Length notna None': Removed 0 rows.
2025-07-15 14:56:00,076 - INFO -   Filter 'Special Chars in ID': Removed 0 rows.
2025-07-15 14:56:00,076 - INFO - Step 2: Processing lineage column...
2025-07-15 14:56:00,076 - INFO - No source lineage column specified ('NONE'). Assigning default lineage 'A.1' to all rows.
2025-07-15 14:56:00,077 - INFO - Step 3: Performing final formatting on date and location columns...
2025-07-15 14:56:00,078 - INFO - Formatting date columns...
2025-07-15 14:56:00,078 - INFO -   - Analyzing and formatting 'Collection date'
2025-07-15 14:56:00,085 - INFO -     Date format statistics for 'Collection date':
2025-07-15 14:56:00,085 - INFO -       YYYY-MM-DD format: 1625
2025-07-15 14:56:00,085 - INFO -       YYYY-MM format   : 288
2025-07-15 14:56:00,085 - INFO -       YYYY format      : 279
2025-07-15 14:56:00,085 - INFO -       Other/unparseable: 0
2025-07-15 14:56:00,085 - INFO -       Missing (NA)     : 0
2025-07-15 14:56:00,091 - INFO -   - Analyzing and formatting 'Submission date'
2025-07-15 14:56:00,097 - INFO -     Date format statistics for 'Submission date':
2025-07-15 14:56:00,097 - INFO -       YYYY-MM-DD format: 0
2025-07-15 14:56:00,097 - INFO -       YYYY-MM format   : 0
2025-07-15 14:56:00,097 - INFO -       YYYY format      : 0
2025-07-15 14:56:00,097 - INFO -       Other/unparseable: 2192
2025-07-15 14:56:00,097 - INFO -       Missing (NA)     : 0
2025-07-15 14:56:00,102 - INFO - Formatting 'Location' column by combining 'Geographic Region' and 'Geographic Location'...
2025-07-15 14:56:00,128 - INFO - Preprocessing complete. Final dataset has 2192 rows.
2025-07-15 14:56:00,128 - INFO - Saving processed metadata (2192 rows) to data/processed/zika/metadata.tsv...
2025-07-15 14:56:00,135 - INFO - Saving 397 quality-filtered sequence IDs to data/processed/zika/filtered_sequence_ids.txt...
2025-07-15 14:56:00,136 - INFO - Saving 0 non-classified sequence IDs to data/processed/zika/non_classified_sequence_ids.txt...
2025-07-15 14:56:00,136 - INFO - Script finished successfully.
