2025-10-21 11:24:56,177 - INFO - Logging initialized. Log file at: logs/20251021_112456_sars-cov-2_pipeline_run.log
2025-10-21 11:24:56,177 - INFO - ================== STARTING PIPELINE FOR: SARS-COV-2 ==================
2025-10-21 11:24:56,177 - INFO - --- Executing: /home/topcuoglu/miniconda3/envs/orh/bin/python src/04_postprocessing/format_covid_variations.py --virus sars-cov-2 --config config/config.yaml ---
2025-10-21 11:39:17,061 - INFO - Stdout from step:
INFO: Logging initialized. Log file at: logs/20251021_112456_sars-cov-2_04_format_covid_variations.log
INFO: Loading processed metadata from: data/processed/sars-cov-2/metadata.tsv
INFO: Starting transformation of mutation columns...
INFO: Processing 'substitutions'...
INFO: Processing 'deletions'...
INFO: Processing 'insertions'...
INFO: Combining transformed columns into 'mutations' column...
INFO: Mutation processing complete.
INFO: Validating intermediate column formats...
INFO: All format assertions passed successfully!
INFO: Dropping intermediate and original mutation columns...
INFO: Renaming 'Pango lineage' column to 'pangoLin' for consistency...
INFO: Renaming 'Virus name' column to 'genomeID' for consistency...
INFO: Saving reformatted data with 5029153 rows to: results/nextstrain_output/sars-cov-2/nextstrain_reformatted.tsv
INFO: Using download_date from config: 2025-08-30
INFO: 6-month window: 2025-02-28 to 2025-08-30
INFO: Collection date range in filtered data: 2025-02-28 to 2025-08-06
INFO: Saving reformatted data from the last 6 months with 9755 rows to: results/nextstrain_output/sars-cov-2/nextstrain_reformatted_last_6_months.tsv
INFO: Script finished successfully.

2025-10-21 11:39:17,061 - INFO - --- Step Succeeded: /home/topcuoglu/miniconda3/envs/orh/bin/python src/04_postprocessing/format_covid_variations.py --virus sars-cov-2 --config config/config.yaml ---
2025-10-21 11:39:17,061 - INFO - ================== PIPELINE FOR SARS-COV-2 FINISHED ==================


