2025-09-10 11:22:28,698 - INFO - Logging initialized. Log file at: logs/20250910_112228_zika_06_run_recombinhunt.log
2025-09-10 11:22:28,698 - INFO - --- Starting Step 6: Run RecombinHunt for 'zika' ---
2025-09-10 11:22:28,698 - INFO - Loading RecombinHunt environment from: environments/zika/dist3size10
2025-09-10 11:22:28,743 - INFO - Loading lineage totals from 'samples/zika/dist3size10/samples_total.json'
2025-09-10 11:22:28,743 - INFO - Found 3 sample files in 'samples/zika/dist3size10'.
2025-09-10 11:22:28,759 - INFO -   Lineage 'A.1.NmC2', Mode 'all': Processing all 83 samples.
2025-09-10 11:22:30,316 - INFO -   Lineage 'A.1.NmC1', Mode 'all': Processing all 181 samples.
2025-09-10 11:22:33,980 - INFO -   Lineage 'A.1', Mode 'all': Processing all 995 samples.
2025-09-10 11:22:34,678 - ERROR -   Error on one sample in lineage A.1: No candidates found searching in both directions.
Traceback (most recent call last):
  File "/home/topcuoglu/openrecombinhunt/src/06_recombinhunt/run_recombinhunt.py", line 179, in run_recombinhunt_for_lineage
    result = experiment.run()
  File "/home/topcuoglu/openrecombinhunt/libs/recombinhunt-cov-7.0.0/src/recombinhunt/core/method.py", line 663, in run
    L1_reg: Region = search_L(self.merged_df, self.p_merged_df, self.change_probabilities, min_target_len=self.MIN_CANDIDATE_REGION_LENGTH, cache=self.cache)
  File "/home/topcuoglu/openrecombinhunt/libs/recombinhunt-cov-7.0.0/src/recombinhunt/core/method.py", line 1035, in search_L
    raise NoCandidatesFound("No candidates found searching in both directions.")
recombinhunt.core.method.NoCandidatesFound: No candidates found searching in both directions.
2025-09-10 11:22:34,695 - ERROR -   Error on one sample in lineage A.1: No candidates found searching in both directions.
Traceback (most recent call last):
  File "/home/topcuoglu/openrecombinhunt/src/06_recombinhunt/run_recombinhunt.py", line 179, in run_recombinhunt_for_lineage
    result = experiment.run()
  File "/home/topcuoglu/openrecombinhunt/libs/recombinhunt-cov-7.0.0/src/recombinhunt/core/method.py", line 663, in run
    L1_reg: Region = search_L(self.merged_df, self.p_merged_df, self.change_probabilities, min_target_len=self.MIN_CANDIDATE_REGION_LENGTH, cache=self.cache)
  File "/home/topcuoglu/openrecombinhunt/libs/recombinhunt-cov-7.0.0/src/recombinhunt/core/method.py", line 1035, in search_L
    raise NoCandidatesFound("No candidates found searching in both directions.")
recombinhunt.core.method.NoCandidatesFound: No candidates found searching in both directions.
2025-09-10 11:22:34,711 - ERROR -   Error on one sample in lineage A.1: No candidates found searching in both directions.
Traceback (most recent call last):
  File "/home/topcuoglu/openrecombinhunt/src/06_recombinhunt/run_recombinhunt.py", line 179, in run_recombinhunt_for_lineage
    result = experiment.run()
  File "/home/topcuoglu/openrecombinhunt/libs/recombinhunt-cov-7.0.0/src/recombinhunt/core/method.py", line 663, in run
    L1_reg: Region = search_L(self.merged_df, self.p_merged_df, self.change_probabilities, min_target_len=self.MIN_CANDIDATE_REGION_LENGTH, cache=self.cache)
  File "/home/topcuoglu/openrecombinhunt/libs/recombinhunt-cov-7.0.0/src/recombinhunt/core/method.py", line 1035, in search_L
    raise NoCandidatesFound("No candidates found searching in both directions.")
recombinhunt.core.method.NoCandidatesFound: No candidates found searching in both directions.
2025-09-10 11:22:34,724 - ERROR -   Error on one sample in lineage A.1: No candidates found searching in both directions.
Traceback (most recent call last):
  File "/home/topcuoglu/openrecombinhunt/src/06_recombinhunt/run_recombinhunt.py", line 179, in run_recombinhunt_for_lineage
    result = experiment.run()
  File "/home/topcuoglu/openrecombinhunt/libs/recombinhunt-cov-7.0.0/src/recombinhunt/core/method.py", line 663, in run
    L1_reg: Region = search_L(self.merged_df, self.p_merged_df, self.change_probabilities, min_target_len=self.MIN_CANDIDATE_REGION_LENGTH, cache=self.cache)
  File "/home/topcuoglu/openrecombinhunt/libs/recombinhunt-cov-7.0.0/src/recombinhunt/core/method.py", line 1035, in search_L
    raise NoCandidatesFound("No candidates found searching in both directions.")
recombinhunt.core.method.NoCandidatesFound: No candidates found searching in both directions.
2025-09-10 11:22:34,755 - ERROR -   Error on one sample in lineage A.1: No candidates found searching in both directions.
Traceback (most recent call last):
  File "/home/topcuoglu/openrecombinhunt/src/06_recombinhunt/run_recombinhunt.py", line 179, in run_recombinhunt_for_lineage
    result = experiment.run()
  File "/home/topcuoglu/openrecombinhunt/libs/recombinhunt-cov-7.0.0/src/recombinhunt/core/method.py", line 663, in run
    L1_reg: Region = search_L(self.merged_df, self.p_merged_df, self.change_probabilities, min_target_len=self.MIN_CANDIDATE_REGION_LENGTH, cache=self.cache)
  File "/home/topcuoglu/openrecombinhunt/libs/recombinhunt-cov-7.0.0/src/recombinhunt/core/method.py", line 1035, in search_L
    raise NoCandidatesFound("No candidates found searching in both directions.")
recombinhunt.core.method.NoCandidatesFound: No candidates found searching in both directions.
2025-09-10 11:22:34,787 - ERROR -   Error on one sample in lineage A.1: No candidates found searching in both directions.
Traceback (most recent call last):
  File "/home/topcuoglu/openrecombinhunt/src/06_recombinhunt/run_recombinhunt.py", line 179, in run_recombinhunt_for_lineage
    result = experiment.run()
  File "/home/topcuoglu/openrecombinhunt/libs/recombinhunt-cov-7.0.0/src/recombinhunt/core/method.py", line 663, in run
    L1_reg: Region = search_L(self.merged_df, self.p_merged_df, self.change_probabilities, min_target_len=self.MIN_CANDIDATE_REGION_LENGTH, cache=self.cache)
  File "/home/topcuoglu/openrecombinhunt/libs/recombinhunt-cov-7.0.0/src/recombinhunt/core/method.py", line 1035, in search_L
    raise NoCandidatesFound("No candidates found searching in both directions.")
recombinhunt.core.method.NoCandidatesFound: No candidates found searching in both directions.
2025-09-10 11:22:34,818 - ERROR -   Error on one sample in lineage A.1: No candidates found searching in both directions.
Traceback (most recent call last):
  File "/home/topcuoglu/openrecombinhunt/src/06_recombinhunt/run_recombinhunt.py", line 179, in run_recombinhunt_for_lineage
    result = experiment.run()
  File "/home/topcuoglu/openrecombinhunt/libs/recombinhunt-cov-7.0.0/src/recombinhunt/core/method.py", line 663, in run
    L1_reg: Region = search_L(self.merged_df, self.p_merged_df, self.change_probabilities, min_target_len=self.MIN_CANDIDATE_REGION_LENGTH, cache=self.cache)
  File "/home/topcuoglu/openrecombinhunt/libs/recombinhunt-cov-7.0.0/src/recombinhunt/core/method.py", line 1035, in search_L
    raise NoCandidatesFound("No candidates found searching in both directions.")
recombinhunt.core.method.NoCandidatesFound: No candidates found searching in both directions.
2025-09-10 11:22:34,901 - ERROR -   Error on one sample in lineage A.1: No candidates found searching in both directions.
Traceback (most recent call last):
  File "/home/topcuoglu/openrecombinhunt/src/06_recombinhunt/run_recombinhunt.py", line 179, in run_recombinhunt_for_lineage
    result = experiment.run()
  File "/home/topcuoglu/openrecombinhunt/libs/recombinhunt-cov-7.0.0/src/recombinhunt/core/method.py", line 663, in run
    L1_reg: Region = search_L(self.merged_df, self.p_merged_df, self.change_probabilities, min_target_len=self.MIN_CANDIDATE_REGION_LENGTH, cache=self.cache)
  File "/home/topcuoglu/openrecombinhunt/libs/recombinhunt-cov-7.0.0/src/recombinhunt/core/method.py", line 1035, in search_L
    raise NoCandidatesFound("No candidates found searching in both directions.")
recombinhunt.core.method.NoCandidatesFound: No candidates found searching in both directions.
2025-09-10 11:22:35,296 - WARNING - Gap made of only target mutations (How can it be? It's an almost impossible condition). Target mutation that minimizes the loss has been assigned to the right region).
2025-09-10 11:22:35,319 - WARNING - Gap made of only target mutations (How can it be? It's an almost impossible condition). Target mutation that minimizes the loss has been assigned to the right region).
2025-09-10 11:22:36,678 - WARNING - Gap made of only target mutations (How can it be? It's an almost impossible condition). Target mutation that minimizes the loss has been assigned to the right region).
2025-09-10 11:22:36,765 - WARNING - Gap made of only target mutations (How can it be? It's an almost impossible condition). Target mutation that minimizes the loss has been assigned to the right region).
2025-09-10 11:22:36,823 - WARNING - Gap made of only target mutations (How can it be? It's an almost impossible condition). Target mutation that minimizes the loss has been assigned to the right region).
2025-09-10 11:22:36,846 - WARNING - Gap made of only target mutations (How can it be? It's an almost impossible condition). Target mutation that minimizes the loss has been assigned to the right region).
2025-09-10 11:22:36,870 - WARNING - Gap made of only target mutations (How can it be? It's an almost impossible condition). Target mutation that minimizes the loss has been assigned to the right region).
2025-09-10 11:22:37,029 - WARNING - Gap made of only target mutations (How can it be? It's an almost impossible condition). Target mutation that minimizes the loss has been assigned to the right region).
2025-09-10 11:22:40,409 - ERROR -   Error on one sample in lineage A.1: No candidates found searching in both directions.
Traceback (most recent call last):
  File "/home/topcuoglu/openrecombinhunt/src/06_recombinhunt/run_recombinhunt.py", line 179, in run_recombinhunt_for_lineage
    result = experiment.run()
  File "/home/topcuoglu/openrecombinhunt/libs/recombinhunt-cov-7.0.0/src/recombinhunt/core/method.py", line 663, in run
    L1_reg: Region = search_L(self.merged_df, self.p_merged_df, self.change_probabilities, min_target_len=self.MIN_CANDIDATE_REGION_LENGTH, cache=self.cache)
  File "/home/topcuoglu/openrecombinhunt/libs/recombinhunt-cov-7.0.0/src/recombinhunt/core/method.py", line 1035, in search_L
    raise NoCandidatesFound("No candidates found searching in both directions.")
recombinhunt.core.method.NoCandidatesFound: No candidates found searching in both directions.
2025-09-10 11:22:40,523 - ERROR -   Error on one sample in lineage A.1: No candidates found searching in both directions.
Traceback (most recent call last):
  File "/home/topcuoglu/openrecombinhunt/src/06_recombinhunt/run_recombinhunt.py", line 179, in run_recombinhunt_for_lineage
    result = experiment.run()
  File "/home/topcuoglu/openrecombinhunt/libs/recombinhunt-cov-7.0.0/src/recombinhunt/core/method.py", line 663, in run
    L1_reg: Region = search_L(self.merged_df, self.p_merged_df, self.change_probabilities, min_target_len=self.MIN_CANDIDATE_REGION_LENGTH, cache=self.cache)
  File "/home/topcuoglu/openrecombinhunt/libs/recombinhunt-cov-7.0.0/src/recombinhunt/core/method.py", line 1035, in search_L
    raise NoCandidatesFound("No candidates found searching in both directions.")
recombinhunt.core.method.NoCandidatesFound: No candidates found searching in both directions.
2025-09-10 11:22:42,020 - WARNING - Gap made of only target mutations (How can it be? It's an almost impossible condition). Target mutation that minimizes the loss has been assigned to the right region).
2025-09-10 11:22:43,016 - WARNING - Gap made of only target mutations (How can it be? It's an almost impossible condition). Target mutation that minimizes the loss has been assigned to the right region).
2025-09-10 11:22:44,071 - WARNING - Gap made of only target mutations (How can it be? It's an almost impossible condition). Target mutation that minimizes the loss has been assigned to the right region).
2025-09-10 11:22:45,059 - WARNING - Gap made of only target mutations (How can it be? It's an almost impossible condition). Target mutation that minimizes the loss has been assigned to the right region).
2025-09-10 11:22:45,349 - WARNING - Gap made of only target mutations (How can it be? It's an almost impossible condition). Target mutation that minimizes the loss has been assigned to the right region).
2025-09-10 11:22:45,493 - WARNING - Gap made of only target mutations (How can it be? It's an almost impossible condition). Target mutation that minimizes the loss has been assigned to the right region).
2025-09-10 11:22:45,657 - WARNING - Gap made of only target mutations (How can it be? It's an almost impossible condition). Target mutation that minimizes the loss has been assigned to the right region).
2025-09-10 11:22:45,769 - WARNING - Gap made of only target mutations (How can it be? It's an almost impossible condition). Target mutation that minimizes the loss has been assigned to the right region).
2025-09-10 11:22:45,895 - WARNING - Gap made of only target mutations (How can it be? It's an almost impossible condition). Target mutation that minimizes the loss has been assigned to the right region).
2025-09-10 11:22:46,099 - WARNING - Gap made of only target mutations (How can it be? It's an almost impossible condition). Target mutation that minimizes the loss has been assigned to the right region).
2025-09-10 11:22:46,207 - WARNING - Gap made of only target mutations (How can it be? It's an almost impossible condition). Target mutation that minimizes the loss has been assigned to the right region).
2025-09-10 11:22:46,369 - WARNING - Gap made of only target mutations (How can it be? It's an almost impossible condition). Target mutation that minimizes the loss has been assigned to the right region).
2025-09-10 11:22:46,393 - WARNING - Gap made of only target mutations (How can it be? It's an almost impossible condition). Target mutation that minimizes the loss has been assigned to the right region).
2025-09-10 11:22:46,743 - WARNING - Gap made of only target mutations (How can it be? It's an almost impossible condition). Target mutation that minimizes the loss has been assigned to the right region).
2025-09-10 11:22:47,060 - WARNING - Gap made of only target mutations (How can it be? It's an almost impossible condition). Target mutation that minimizes the loss has been assigned to the right region).
2025-09-10 11:22:47,740 - WARNING - Gap made of only target mutations (How can it be? It's an almost impossible condition). Target mutation that minimizes the loss has been assigned to the right region).
2025-09-10 11:22:47,923 - WARNING - Gap made of only target mutations (How can it be? It's an almost impossible condition). Target mutation that minimizes the loss has been assigned to the right region).
2025-09-10 11:22:48,305 - WARNING - Gap made of only target mutations (How can it be? It's an almost impossible condition). Target mutation that minimizes the loss has been assigned to the right region).
2025-09-10 11:22:48,329 - WARNING - Gap made of only target mutations (How can it be? It's an almost impossible condition). Target mutation that minimizes the loss has been assigned to the right region).
2025-09-10 11:22:48,499 - WARNING - Gap made of only target mutations (How can it be? It's an almost impossible condition). Target mutation that minimizes the loss has been assigned to the right region).
2025-09-10 11:22:49,583 - WARNING - Gap made of only target mutations (How can it be? It's an almost impossible condition). Target mutation that minimizes the loss has been assigned to the right region).
2025-09-10 11:22:49,729 - WARNING - Gap made of only target mutations (How can it be? It's an almost impossible condition). Target mutation that minimizes the loss has been assigned to the right region).
2025-09-10 11:22:50,927 - WARNING - Gap made of only target mutations (How can it be? It's an almost impossible condition). Target mutation that minimizes the loss has been assigned to the right region).
2025-09-10 11:22:51,266 - WARNING - Gap made of only target mutations (How can it be? It's an almost impossible condition). Target mutation that minimizes the loss has been assigned to the right region).
2025-09-10 11:22:51,370 - WARNING - Gap made of only target mutations (How can it be? It's an almost impossible condition). Target mutation that minimizes the loss has been assigned to the right region).
2025-09-10 11:22:52,077 - WARNING - Gap made of only target mutations (How can it be? It's an almost impossible condition). Target mutation that minimizes the loss has been assigned to the right region).
2025-09-10 11:22:52,478 - ERROR -   Error on one sample in lineage A.1: No candidates found searching in both directions.
Traceback (most recent call last):
  File "/home/topcuoglu/openrecombinhunt/src/06_recombinhunt/run_recombinhunt.py", line 179, in run_recombinhunt_for_lineage
    result = experiment.run()
  File "/home/topcuoglu/openrecombinhunt/libs/recombinhunt-cov-7.0.0/src/recombinhunt/core/method.py", line 663, in run
    L1_reg: Region = search_L(self.merged_df, self.p_merged_df, self.change_probabilities, min_target_len=self.MIN_CANDIDATE_REGION_LENGTH, cache=self.cache)
  File "/home/topcuoglu/openrecombinhunt/libs/recombinhunt-cov-7.0.0/src/recombinhunt/core/method.py", line 1035, in search_L
    raise NoCandidatesFound("No candidates found searching in both directions.")
recombinhunt.core.method.NoCandidatesFound: No candidates found searching in both directions.
2025-09-10 11:22:52,923 - WARNING - Gap made of only target mutations (How can it be? It's an almost impossible condition). Target mutation that minimizes the loss has been assigned to the right region).
2025-09-10 11:22:53,038 - WARNING - Gap made of only target mutations (How can it be? It's an almost impossible condition). Target mutation that minimizes the loss has been assigned to the right region).
2025-09-10 11:22:53,114 - WARNING - Gap made of only target mutations (How can it be? It's an almost impossible condition). Target mutation that minimizes the loss has been assigned to the right region).
2025-09-10 11:22:53,503 - WARNING - Gap made of only target mutations (How can it be? It's an almost impossible condition). Target mutation that minimizes the loss has been assigned to the right region).
2025-09-10 11:22:53,526 - WARNING - Gap made of only target mutations (How can it be? It's an almost impossible condition). Target mutation that minimizes the loss has been assigned to the right region).
2025-09-10 11:22:54,455 - WARNING - Gap made of only target mutations (How can it be? It's an almost impossible condition). Target mutation that minimizes the loss has been assigned to the right region).
2025-09-10 11:22:54,519 - WARNING - Gap made of only target mutations (How can it be? It's an almost impossible condition). Target mutation that minimizes the loss has been assigned to the right region).
2025-09-10 11:22:54,613 - WARNING - Gap made of only target mutations (How can it be? It's an almost impossible condition). Target mutation that minimizes the loss has been assigned to the right region).
2025-09-10 11:22:54,889 - WARNING - Gap made of only target mutations (How can it be? It's an almost impossible condition). Target mutation that minimizes the loss has been assigned to the right region).
2025-09-10 11:22:55,147 - WARNING - Gap made of only target mutations (How can it be? It's an almost impossible condition). Target mutation that minimizes the loss has been assigned to the right region).
2025-09-10 11:22:55,170 - WARNING - Gap made of only target mutations (How can it be? It's an almost impossible condition). Target mutation that minimizes the loss has been assigned to the right region).
2025-09-10 11:22:55,193 - WARNING - Gap made of only target mutations (How can it be? It's an almost impossible condition). Target mutation that minimizes the loss has been assigned to the right region).
2025-09-10 11:22:55,343 - WARNING - Gap made of only target mutations (How can it be? It's an almost impossible condition). Target mutation that minimizes the loss has been assigned to the right region).
2025-09-10 11:22:55,367 - WARNING - Gap made of only target mutations (How can it be? It's an almost impossible condition). Target mutation that minimizes the loss has been assigned to the right region).
2025-09-10 11:22:58,758 - WARNING - Gap made of only target mutations (How can it be? It's an almost impossible condition). Target mutation that minimizes the loss has been assigned to the right region).
2025-09-10 11:22:58,898 - WARNING - Gap made of only target mutations (How can it be? It's an almost impossible condition). Target mutation that minimizes the loss has been assigned to the right region).
2025-09-10 11:22:59,028 - WARNING - Gap made of only target mutations (How can it be? It's an almost impossible condition). Target mutation that minimizes the loss has been assigned to the right region).
2025-09-10 11:22:59,122 - WARNING - Gap made of only target mutations (How can it be? It's an almost impossible condition). Target mutation that minimizes the loss has been assigned to the right region).
2025-09-10 11:22:59,690 - WARNING - Gap made of only target mutations (How can it be? It's an almost impossible condition). Target mutation that minimizes the loss has been assigned to the right region).
2025-09-10 11:22:59,721 - WARNING - Gap made of only target mutations (How can it be? It's an almost impossible condition). Target mutation that minimizes the loss has been assigned to the right region).
2025-09-10 11:22:59,753 - WARNING - Gap made of only target mutations (How can it be? It's an almost impossible condition). Target mutation that minimizes the loss has been assigned to the right region).
2025-09-10 11:22:59,783 - WARNING - Gap made of only target mutations (How can it be? It's an almost impossible condition). Target mutation that minimizes the loss has been assigned to the right region).
2025-09-10 11:22:59,815 - WARNING - Gap made of only target mutations (How can it be? It's an almost impossible condition). Target mutation that minimizes the loss has been assigned to the right region).
2025-09-10 11:22:59,847 - WARNING - Gap made of only target mutations (How can it be? It's an almost impossible condition). Target mutation that minimizes the loss has been assigned to the right region).
2025-09-10 11:22:59,952 - WARNING - Gap made of only target mutations (How can it be? It's an almost impossible condition). Target mutation that minimizes the loss has been assigned to the right region).
2025-09-10 11:23:01,649 - INFO - Recombinant summary saved to: results/recombinhunt_output/zika/dist3size10/recombinant_summary.tsv
2025-09-10 11:23:01,669 - INFO - Saved extensive summary table to: results/recombinhunt_output/zika/dist3size10/recombinant_summary_extensive.tsv
2025-09-10 11:23:01,669 - INFO - Text report saved to: results/recombinhunt_output/zika/dist3size10/experiment-output.all.txt
2025-09-10 11:23:01,669 - INFO - HTML report saved to: results/recombinhunt_output/zika/dist3size10/experiment-detail.all.html
2025-09-10 11:23:01,670 - INFO - RecombinHunt experiment step finished successfully with given config and run mode.
