2025-08-30 15:54:16,317 - INFO - Logging initialized. Log file at: logs/20250830_155416_monkeypox_05.1_create_environment.log
2025-08-30 15:54:16,318 - INFO - Virus is 'monkeypox'. Using HaploCoV reformatted output as input.
2025-08-30 15:54:16,318 - INFO - Environment files will be saved to: environments/monkeypox/dist3size10
2025-08-30 15:54:16,318 - INFO - Loading data from: results/haplocov_output/monkeypox/dist3size10/haplocov_reformatted.tsv
2025-08-30 15:54:16,396 - INFO - Initial row count: 8,584
2025-08-30 15:54:16,401 - INFO - Dropped 1 rows with missing or empty 'mutations' column.
2025-08-30 15:54:16,401 - INFO - Row count after cleaning: 8,583
2025-08-30 15:54:16,401 - INFO - Calculating change probabilities...
2025-08-30 15:54:16,401 - INFO -   Total sequences for calculation: 8,583
2025-08-30 15:54:16,502 - INFO -   Found 9,414 unique mutations across all sequences.
2025-08-30 15:54:16,515 - INFO -   Finished calculating change probabilities. Shape of result: (9414, 2)
2025-08-30 15:54:16,521 - INFO - Calculating genome and variation counts per lineage...
2025-08-30 15:54:16,522 - INFO -   Found 90 unique lineages in the dataset.
2025-08-30 15:54:17,364 - INFO -   Finished calculating genome and variation counts.
2025-08-30 15:54:17,365 - INFO - 
Calculating 'lc_df.parquet'...
2025-08-30 15:54:17,365 - INFO - 
--- Running common logic: calculating lineage mutation frequencies ---
2025-08-30 15:54:17,365 - INFO - Selected 90 lineages with at least 10 genomes.
2025-08-30 15:54:17,386 - INFO - Removed 0 mutations that were not characteristic of any lineage.
2025-08-30 15:54:17,388 - INFO - lc_df calculation complete.
2025-08-30 15:54:17,388 - INFO - 
Calculating 'change2lineage_probability.parquet'...
2025-08-30 15:54:17,388 - INFO - 
--- Running common logic: calculating lineage mutation frequencies ---
2025-08-30 15:54:17,389 - INFO - Selected 90 lineages with at least 10 genomes.
2025-08-30 15:54:17,736 - INFO - change2lineage_probability calculation complete.
2025-08-30 15:54:17,737 - INFO - 
Calculating 'lc_quality_df.parquet'...
2025-08-30 15:54:17,737 - INFO - lc_quality_df calculation complete.
2025-08-30 15:54:17,737 - INFO - Saving environment files...
2025-08-30 15:54:17,862 - INFO - Environment creation complete.
