2025-09-18 08:09:19,780 - INFO - Logging initialized. Log file at: logs/20250918_080919_rsv-b_pipeline_run.log
2025-09-18 08:09:19,780 - INFO - ================== STARTING PIPELINE FOR: RSV-B ==================
2025-09-18 08:09:19,780 - INFO - --- Executing: /home/topcuoglu/miniconda3/envs/orh/bin/python src/03_haplocov/run_haplocov.py --virus rsv-b --config config/config.yaml ---
2025-09-18 08:13:15,251 - INFO - Stdout from step:
INFO: Logging initialized. Log file at: logs/20250918_080919_rsv-b_03_run_haplocov.log
INFO: --- Starting Step 3: Run HaploCoV for 'rsv-b' ---
INFO: Created temporary working directory: results/haplocov_output/rsv-b/dist50size100/temp_work
INFO: Creating symbolic links for input files in temporary directory...
INFO: Executing HaploCoV with designation_mode: 'both'
INFO: Executing: perl ../../../../../libs/haplocov/addToTableNCBI.pl --metadata metadata.tsv --ref reference.fasta --seq sequences.fasta --outfile out.HaploCoV --nproc 16
INFO: Executing: perl ../../../../../libs/haplocov/computeDefining.pl out.HaploCoV
INFO: Executing: perl ../../../../../libs/haplocov/assign.pl --dfile out.HaploCoV.definingVariants.txt --infile out.HaploCoV --outfile out.HaploCoV.assigned
INFO: Executing: perl ../../../../../libs/haplocov/augmentClusters.pl --metafile out.HaploCoV.assigned --deffile out.HaploCoV.definingVariants.txt --posFile out.HaploCoV.frequentVariants.txt --outfile out.HaploCoV.definingVariantsNew.txt --dist 50 --size 100
INFO: Executing: perl ../../../../../libs/haplocov/assign.pl --dfile out.HaploCoV.definingVariantsNew.txt --infile out.HaploCoV --outfile out.HaploCoV.assignedNew
INFO: Executing: cut -f 10 out.HaploCoV.assignedNew | sort | uniq -c > rsv-b-report.txt
INFO: Moving final output file 'out.HaploCoV.assignedNew' to 'results/haplocov_output/rsv-b/dist50size100/haplocov_assigned.tsv'
INFO: HaploCoV step completed.
INFO: HaploCoV step finished successfully.

2025-09-18 08:13:15,251 - INFO - --- Step Succeeded: /home/topcuoglu/miniconda3/envs/orh/bin/python src/03_haplocov/run_haplocov.py --virus rsv-b --config config/config.yaml ---
2025-09-18 08:13:15,251 - INFO - --- Executing: /home/topcuoglu/miniconda3/envs/orh/bin/python src/04_postprocessing/format_haplocov_variations.py --virus rsv-b --config config/config.yaml ---
2025-09-18 08:13:18,333 - INFO - Stdout from step:
INFO: Logging initialized. Log file at: logs/20250918_081315_rsv-b_04_postprocess_haplocov.log
INFO: Loading HaploCoV output from: results/haplocov_output/rsv-b/dist50size100/haplocov_assigned.tsv
INFO: Reformatting mutations in the 'listV' column...
INFO: Saving reformatted data to: results/haplocov_output/rsv-b/dist50size100/haplocov_reformatted.tsv
INFO: Script finished successfully.

2025-09-18 08:13:18,333 - WARNING - Stderr from step:

Formatting mutations:   0%|          | 0/18051 [00:00<?, ?it/s]
Formatting mutations:  16%|█▌        | 2914/18051 [00:00<00:00, 29107.97it/s]
Formatting mutations:  32%|███▏      | 5825/18051 [00:00<00:00, 21748.83it/s]
Formatting mutations:  45%|████▍     | 8111/18051 [00:00<00:00, 20129.31it/s]
Formatting mutations:  56%|█████▋    | 10179/18051 [00:00<00:00, 17567.76it/s]
Formatting mutations:  66%|██████▋   | 11987/18051 [00:00<00:00, 16364.15it/s]
Formatting mutations:  78%|███████▊  | 14157/18051 [00:00<00:00, 17843.48it/s]
Formatting mutations:  89%|████████▊ | 15993/18051 [00:00<00:00, 16440.57it/s]
Formatting mutations:  98%|█████████▊| 17679/18051 [00:01<00:00, 11385.67it/s]
Formatting mutations: 100%|██████████| 18051/18051 [00:01<00:00, 14479.54it/s]

2025-09-18 08:13:18,333 - INFO - --- Step Succeeded: /home/topcuoglu/miniconda3/envs/orh/bin/python src/04_postprocessing/format_haplocov_variations.py --virus rsv-b --config config/config.yaml ---
2025-09-18 08:13:18,334 - INFO - ================== PIPELINE FOR RSV-B FINISHED ==================


