2025-07-15 11:38:29,096 - INFO - Logging initialized. Log file at: logs/20250715_113829_rsv-b_02.1_prep_metadata_nextstrain.log
2025-07-15 11:38:29,096 - INFO - Loading raw metadata from data/raw/rsv-b/raw_metadata.tsv...
2025-07-15 11:38:29,221 - INFO - Starting preprocessing of Nextstrain metadata with 22427 rows.
2025-07-15 11:38:29,221 - INFO - Step 1: Applying quality filters from config...
2025-07-15 11:38:29,227 - INFO -   Filter 'accession notna None': Removed 0 rows.
2025-07-15 11:38:29,231 - INFO -   Filter 'date notna None': Removed 0 rows.
2025-07-15 11:38:29,238 - INFO -   Filter 'qc.overallStatus == good': Removed 829 rows.
2025-07-15 11:38:29,243 - INFO -   Filter 'missing_data < 3': Removed 2916 rows.
2025-07-15 11:38:29,243 - INFO - Step 2: Checking for special characters in ID...
2025-07-15 11:38:29,254 - INFO -   Filter 'Special Chars in ID': Removed 0 rows.
2025-07-15 11:38:29,254 - INFO - Step 3: Processing lineage column...
2025-07-15 11:38:29,254 - INFO - Using source column 'clade' for lineage information.
2025-07-15 11:38:29,258 - INFO -   Identified and removed 0 non-classified rows (missing 'clade').
2025-07-15 11:38:29,258 - INFO - Step 4: Performing final formatting...
2025-07-15 11:38:29,261 - INFO - Formatting date columns...
2025-07-15 11:38:29,262 - INFO -   - Analyzing and formatting 'Collection date'
2025-07-15 11:38:29,278 - INFO -     Removed 1418 rows with incomplete 'XXXX' dates.
2025-07-15 11:38:29,316 - INFO -     Date format statistics for 'Collection date':
2025-07-15 11:38:29,316 - INFO -       YYYY-MM-DD format: 11751
2025-07-15 11:38:29,316 - INFO -       YYYY-MM format   : 0
2025-07-15 11:38:29,316 - INFO -       YYYY format      : 0
2025-07-15 11:38:29,316 - INFO -       Other/unparseable: 5513
2025-07-15 11:38:29,316 - INFO -       Missing (NA)     : 0
2025-07-15 11:38:29,353 - INFO -   - Analyzing and formatting 'Submission date'
2025-07-15 11:38:29,396 - INFO -     Date format statistics for 'Submission date':
2025-07-15 11:38:29,396 - INFO -       YYYY-MM-DD format: 17264
2025-07-15 11:38:29,396 - INFO -       YYYY-MM format   : 0
2025-07-15 11:38:29,396 - INFO -       YYYY format      : 0
2025-07-15 11:38:29,396 - INFO -       Other/unparseable: 0
2025-07-15 11:38:29,396 - INFO -       Missing (NA)     : 0
2025-07-15 11:38:29,434 - INFO - Formatting 'Location' column by combining 'region' and 'country'...
2025-07-15 11:38:29,618 - INFO - Preprocessing complete. Final dataset has 17264 rows.
2025-07-15 11:38:29,623 - INFO - Saving processed metadata (17264 rows) to data/processed/rsv-b/metadata.tsv...
2025-07-15 11:38:29,663 - INFO - Saving 5163 quality-filtered sequence IDs to data/processed/rsv-b/filtered_sequence_ids.txt...
2025-07-15 11:38:29,663 - INFO - Saving 0 non-classified sequence IDs to data/processed/rsv-b/non_classified_sequence_ids.txt...
2025-07-15 11:38:29,663 - INFO - Script finished successfully.
