2025-08-30 15:24:44,258 - INFO - Logging initialized. Log file at: logs/20250830_152444_influenza_05.1_create_environment.log
2025-08-30 15:24:44,258 - INFO - Virus is 'influenza'. Using HaploCoV reformatted output as input.
2025-08-30 15:24:44,258 - INFO - Environment files will be saved to: environments/influenza/dist5size50
2025-08-30 15:24:44,258 - INFO - Loading data from: results/haplocov_output/influenza/dist5size50/haplocov_reformatted.tsv
2025-08-30 15:24:44,492 - INFO - Initial row count: 13,619
2025-08-30 15:24:44,498 - INFO - Dropped 1 rows with missing or empty 'mutations' column.
2025-08-30 15:24:44,498 - INFO - Row count after cleaning: 13,618
2025-08-30 15:24:44,498 - INFO - Calculating change probabilities...
2025-08-30 15:24:44,498 - INFO -   Total sequences for calculation: 13,618
2025-08-30 15:24:44,921 - INFO -   Found 1,910 unique mutations across all sequences.
2025-08-30 15:24:44,926 - INFO -   Finished calculating change probabilities. Shape of result: (1910, 2)
2025-08-30 15:24:44,953 - INFO - Calculating genome and variation counts per lineage...
2025-08-30 15:24:44,954 - INFO -   Found 15 unique lineages in the dataset.
2025-08-30 15:24:46,819 - INFO -   Finished calculating genome and variation counts.
2025-08-30 15:24:46,833 - INFO - 
Calculating 'lc_df.parquet'...
2025-08-30 15:24:46,833 - INFO - 
--- Running common logic: calculating lineage mutation frequencies ---
2025-08-30 15:24:46,833 - INFO - Selected 15 lineages with at least 10 genomes.
2025-08-30 15:24:46,846 - INFO - Removed 0 mutations that were not characteristic of any lineage.
2025-08-30 15:24:46,850 - INFO - lc_df calculation complete.
2025-08-30 15:24:46,850 - INFO - 
Calculating 'change2lineage_probability.parquet'...
2025-08-30 15:24:46,850 - INFO - 
--- Running common logic: calculating lineage mutation frequencies ---
2025-08-30 15:24:46,850 - INFO - Selected 15 lineages with at least 10 genomes.
2025-08-30 15:24:46,890 - INFO - change2lineage_probability calculation complete.
2025-08-30 15:24:46,890 - INFO - 
Calculating 'lc_quality_df.parquet'...
2025-08-30 15:24:46,890 - INFO - lc_quality_df calculation complete.
2025-08-30 15:24:46,890 - INFO - Saving environment files...
2025-08-30 15:24:46,947 - INFO - Environment creation complete.
