2025-09-04 09:57:44,770 - INFO - Logging initialized. Log file at: logs/20250904_095744_zika_05.1_create_environment.log
2025-09-04 09:57:44,770 - INFO - Virus is 'zika'. Using HaploCoV reformatted output as input.
2025-09-04 09:57:44,770 - INFO - Environment files will be saved to: environments/zika/dist3size10
2025-09-04 09:57:44,770 - INFO - Loading data from: results/haplocov_output/zika/dist3size10/haplocov_reformatted.tsv
2025-09-04 09:57:44,788 - INFO - Initial row count: 1,262
2025-09-04 09:57:44,791 - INFO - Dropped 3 rows with missing or empty 'mutations' column.
2025-09-04 09:57:44,791 - INFO - Row count after cleaning: 1,259
2025-09-04 09:57:44,791 - INFO - Calculating change probabilities...
2025-09-04 09:57:44,791 - INFO -   Total sequences for calculation: 1,259
2025-09-04 09:57:44,815 - INFO -   Found 5,829 unique mutations across all sequences.
2025-09-04 09:57:44,823 - INFO -   Finished calculating change probabilities. Shape of result: (5829, 2)
2025-09-04 09:57:44,825 - INFO - Calculating genome and variation counts per lineage...
2025-09-04 09:57:44,825 - INFO -   Found 3 unique lineages in the dataset.
2025-09-04 09:57:44,970 - INFO -   Finished calculating genome and variation counts.
2025-09-04 09:57:44,970 - INFO - 
Calculating 'lc_df.parquet'...
2025-09-04 09:57:44,970 - INFO - 
--- Running common logic: calculating lineage mutation frequencies ---
2025-09-04 09:57:44,970 - INFO - Selected 3 lineages with at least 10 genomes.
2025-09-04 09:57:44,975 - INFO - Removed 0 mutations that were not characteristic of any lineage.
2025-09-04 09:57:44,976 - INFO - lc_df calculation complete.
2025-09-04 09:57:44,976 - INFO - 
Calculating 'change2lineage_probability.parquet'...
2025-09-04 09:57:44,977 - INFO - 
--- Running common logic: calculating lineage mutation frequencies ---
2025-09-04 09:57:44,977 - INFO - Selected 3 lineages with at least 10 genomes.
2025-09-04 09:57:45,056 - INFO - change2lineage_probability calculation complete.
2025-09-04 09:57:45,057 - INFO - 
Calculating 'lc_quality_df.parquet'...
2025-09-04 09:57:45,057 - INFO - lc_quality_df calculation complete.
2025-09-04 09:57:45,057 - INFO - Saving environment files...
2025-09-04 09:57:45,343 - INFO - Environment creation complete.
