2025-07-14 10:04:25,892 - INFO - Logging initialized. Log file at: logs/20250714_100425_rsv-a_05.2_create_samples.log
2025-07-14 10:04:25,892 - INFO - --- Starting Step 5.2: Create Samples for 'rsv-a' ---
2025-07-14 10:04:25,892 - INFO - Virus is 'rsv-a'. Using HaploCoV reformatted output as input.
2025-07-14 10:04:25,892 - INFO - Sample files will be saved to: samples/rsv-a/dist5size50
2025-07-14 10:04:25,893 - INFO - Loading data from: results/haplocov_output/rsv-a/dist5size50/haplocov_reformatted.tsv
2025-07-14 10:04:26,302 - INFO - Cleaning data by dropping rows with missing pangoLin or mutations...
2025-07-14 10:04:26,304 - INFO - Initially, there were 23819 rows.
2025-07-14 10:04:26,305 - INFO - Data cleaning complete. 23819 rows remaining for sample creation.
2025-07-14 10:04:26,305 - INFO - Grouping by lineage and creating sample files...
2025-07-14 10:04:26,382 - INFO -   Saved: samples/rsv-a/dist5size50/samples_A.2.1.csv (367 rows)
2025-07-14 10:04:26,385 - INFO -   Saved: samples/rsv-a/dist5size50/samples_A.2.1.1.csv (31 rows)
2025-07-14 10:04:26,389 - INFO -   Saved: samples/rsv-a/dist5size50/samples_A.3.csv (247 rows)
2025-07-14 10:04:26,403 - INFO -   Saved: samples/rsv-a/dist5size50/samples_A.3.1.csv (2022 rows)
2025-07-14 10:04:26,409 - INFO -   Saved: samples/rsv-a/dist5size50/samples_A.3.1.1.csv (631 rows)
2025-07-14 10:04:26,412 - INFO -   Saved: samples/rsv-a/dist5size50/samples_A.3.1.1.NmC1.csv (284 rows)
2025-07-14 10:04:26,420 - INFO -   Saved: samples/rsv-a/dist5size50/samples_A.3.1.NmC1.csv (483 rows)
2025-07-14 10:04:26,422 - INFO -   Saved: samples/rsv-a/dist5size50/samples_A.3.1.NmC2.csv (65 rows)
2025-07-14 10:04:26,436 - INFO -   Saved: samples/rsv-a/dist5size50/samples_A.D.csv (2389 rows)
2025-07-14 10:04:26,465 - INFO -   Saved: samples/rsv-a/dist5size50/samples_A.D.1.csv (1406 rows)
2025-07-14 10:04:26,562 - INFO -   Saved: samples/rsv-a/dist5size50/samples_A.D.1.2.csv (573 rows)
2025-07-14 10:04:26,589 - INFO -   Saved: samples/rsv-a/dist5size50/samples_A.D.1.3.csv (154 rows)
2025-07-14 10:04:26,597 - INFO -   Saved: samples/rsv-a/dist5size50/samples_A.D.1.4.csv (35 rows)
2025-07-14 10:04:26,628 - INFO -   Saved: samples/rsv-a/dist5size50/samples_A.D.1.5.csv (175 rows)
2025-07-14 10:04:26,642 - INFO -   Saved: samples/rsv-a/dist5size50/samples_A.D.1.6.csv (74 rows)
2025-07-14 10:04:26,657 - INFO -   Saved: samples/rsv-a/dist5size50/samples_A.D.1.7.csv (83 rows)
2025-07-14 10:04:26,679 - INFO -   Saved: samples/rsv-a/dist5size50/samples_A.D.1.8.csv (123 rows)
2025-07-14 10:04:26,725 - INFO -   Saved: samples/rsv-a/dist5size50/samples_A.D.2.csv (2380 rows)
2025-07-14 10:04:26,728 - INFO -   Saved: samples/rsv-a/dist5size50/samples_A.D.2.1.csv (30 rows)
2025-07-14 10:04:26,734 - INFO -   Saved: samples/rsv-a/dist5size50/samples_A.D.2.2.csv (589 rows)
2025-07-14 10:04:26,737 - INFO -   Saved: samples/rsv-a/dist5size50/samples_A.D.2.2.1.csv (38 rows)
2025-07-14 10:04:26,742 - INFO -   Saved: samples/rsv-a/dist5size50/samples_A.D.2.2.NmC1.csv (437 rows)
2025-07-14 10:04:26,753 - INFO -   Saved: samples/rsv-a/dist5size50/samples_A.D.2.NmC1.csv (461 rows)
2025-07-14 10:04:26,757 - INFO -   Saved: samples/rsv-a/dist5size50/samples_A.D.2.NmC2.csv (132 rows)
2025-07-14 10:04:26,759 - INFO -   Saved: samples/rsv-a/dist5size50/samples_A.D.3.csv (101 rows)
2025-07-14 10:04:26,761 - INFO -   Saved: samples/rsv-a/dist5size50/samples_A.D.3.1.csv (18 rows)
2025-07-14 10:04:26,768 - INFO -   Saved: samples/rsv-a/dist5size50/samples_A.D.3.1.NmC1.csv (393 rows)
2025-07-14 10:04:26,777 - INFO -   Saved: samples/rsv-a/dist5size50/samples_A.D.3.2.csv (43 rows)
2025-07-14 10:04:27,066 - INFO -   Saved: samples/rsv-a/dist5size50/samples_A.D.3.3.csv (1786 rows)
2025-07-14 10:04:27,071 - INFO -   Saved: samples/rsv-a/dist5size50/samples_A.D.3.4.csv (18 rows)
2025-07-14 10:04:27,076 - INFO -   Saved: samples/rsv-a/dist5size50/samples_A.D.3.6.csv (665 rows)
2025-07-14 10:04:27,083 - INFO -   Saved: samples/rsv-a/dist5size50/samples_A.D.3.NmC1.csv (405 rows)
2025-07-14 10:04:27,087 - INFO -   Saved: samples/rsv-a/dist5size50/samples_A.D.4.csv (176 rows)
2025-07-14 10:04:27,090 - INFO -   Saved: samples/rsv-a/dist5size50/samples_A.D.4.1.csv (103 rows)
2025-07-14 10:04:27,113 - INFO -   Saved: samples/rsv-a/dist5size50/samples_A.D.4.NmC1.csv (1686 rows)
2025-07-14 10:04:27,125 - INFO -   Saved: samples/rsv-a/dist5size50/samples_A.D.4.NmC2.csv (848 rows)
2025-07-14 10:04:27,150 - INFO -   Saved: samples/rsv-a/dist5size50/samples_A.D.4.NmC3.csv (1649 rows)
2025-07-14 10:04:27,152 - INFO -   Saved: samples/rsv-a/dist5size50/samples_A.D.5.csv (113 rows)
2025-07-14 10:04:27,255 - INFO -   Saved: samples/rsv-a/dist5size50/samples_A.D.5.1.csv (627 rows)
2025-07-14 10:04:27,316 - INFO -   Saved: samples/rsv-a/dist5size50/samples_A.D.5.2.csv (358 rows)
2025-07-14 10:04:27,320 - INFO -   Saved: samples/rsv-a/dist5size50/samples_A.D.5.3.csv (47 rows)
2025-07-14 10:04:27,325 - INFO -   Saved: samples/rsv-a/dist5size50/samples_A.D.5.NmC1.csv (424 rows)
2025-07-14 10:04:27,329 - INFO -   Saved: samples/rsv-a/dist5size50/samples_A.D.NmC1.csv (516 rows)
2025-07-14 10:04:27,337 - INFO -   Saved: samples/rsv-a/dist5size50/samples_A.D.NmC2.csv (634 rows)
2025-07-14 10:04:27,338 - INFO - Saving lineage count summary to: samples/rsv-a/dist5size50/samples_total.json
2025-07-14 10:04:27,352 - INFO - Sample creation step finished successfully.
