2025-09-15 14:52:25,627 - INFO - Logging initialized. Log file at: logs/20250915_145225_rsv-b_pipeline_run.log
2025-09-15 14:52:25,628 - INFO - ================== STARTING PIPELINE FOR: RSV-B ==================
2025-09-15 14:52:25,628 - INFO - --- Executing: /home/topcuoglu/miniconda3/envs/orh/bin/python src/03_haplocov/run_haplocov.py --virus rsv-b --config config/config.yaml ---
2025-09-15 14:56:19,333 - INFO - Stdout from step:
INFO: Logging initialized. Log file at: logs/20250915_145225_rsv-b_03_run_haplocov.log
INFO: --- Starting Step 3: Run HaploCoV for 'rsv-b' ---
INFO: Created temporary working directory: results/haplocov_output/rsv-b/dist10size100/temp_work
INFO: Creating symbolic links for input files in temporary directory...
INFO: Executing HaploCoV with designation_mode: 'both'
INFO: Executing: perl ../../../../../libs/haplocov/addToTableNCBI.pl --metadata metadata.tsv --ref reference.fasta --seq sequences.fasta --outfile out.HaploCoV --nproc 16
INFO: Executing: perl ../../../../../libs/haplocov/computeDefining.pl out.HaploCoV
INFO: Executing: perl ../../../../../libs/haplocov/assign.pl --dfile out.HaploCoV.definingVariants.txt --infile out.HaploCoV --outfile out.HaploCoV.assigned
INFO: Executing: perl ../../../../../libs/haplocov/augmentClusters.pl --metafile out.HaploCoV.assigned --deffile out.HaploCoV.definingVariants.txt --posFile out.HaploCoV.frequentVariants.txt --outfile out.HaploCoV.definingVariantsNew.txt --dist 10 --size 100
INFO: Executing: perl ../../../../../libs/haplocov/assign.pl --dfile out.HaploCoV.definingVariantsNew.txt --infile out.HaploCoV --outfile out.HaploCoV.assignedNew
INFO: Executing: cut -f 10 out.HaploCoV.assignedNew | sort | uniq -c > rsv-b-report.txt
INFO: Moving final output file 'out.HaploCoV.assignedNew' to 'results/haplocov_output/rsv-b/dist10size100/haplocov_assigned.tsv'
INFO: HaploCoV step completed.
INFO: HaploCoV step finished successfully.

2025-09-15 14:56:19,334 - INFO - --- Step Succeeded: /home/topcuoglu/miniconda3/envs/orh/bin/python src/03_haplocov/run_haplocov.py --virus rsv-b --config config/config.yaml ---
2025-09-15 14:56:19,334 - INFO - --- Executing: /home/topcuoglu/miniconda3/envs/orh/bin/python src/04_postprocessing/format_haplocov_variations.py --virus rsv-b --config config/config.yaml ---
2025-09-15 14:56:22,362 - INFO - Stdout from step:
INFO: Logging initialized. Log file at: logs/20250915_145619_rsv-b_04_postprocess_haplocov.log
INFO: Loading HaploCoV output from: results/haplocov_output/rsv-b/dist10size100/haplocov_assigned.tsv
INFO: Reformatting mutations in the 'listV' column...
INFO: Saving reformatted data to: results/haplocov_output/rsv-b/dist10size100/haplocov_reformatted.tsv
INFO: Script finished successfully.

2025-09-15 14:56:22,363 - WARNING - Stderr from step:

Formatting mutations:   0%|          | 0/18051 [00:00<?, ?it/s]
Formatting mutations:  16%|█▋        | 2956/18051 [00:00<00:00, 29530.46it/s]
Formatting mutations:  33%|███▎      | 5910/18051 [00:00<00:00, 20820.93it/s]
Formatting mutations:  45%|████▌     | 8142/18051 [00:00<00:00, 19475.73it/s]
Formatting mutations:  56%|█████▋    | 10162/18051 [00:00<00:00, 17318.12it/s]
Formatting mutations:  66%|██████▌   | 11945/18051 [00:00<00:00, 16082.66it/s]
Formatting mutations:  80%|███████▉  | 14380/18051 [00:00<00:00, 18358.03it/s]
Formatting mutations:  90%|█████████ | 16286/18051 [00:00<00:00, 16300.38it/s]
Formatting mutations: 100%|█████████▉| 17988/18051 [00:01<00:00, 10514.06it/s]
Formatting mutations: 100%|██████████| 18051/18051 [00:01<00:00, 14424.74it/s]

2025-09-15 14:56:22,363 - INFO - --- Step Succeeded: /home/topcuoglu/miniconda3/envs/orh/bin/python src/04_postprocessing/format_haplocov_variations.py --virus rsv-b --config config/config.yaml ---
2025-09-15 14:56:22,363 - INFO - ================== PIPELINE FOR RSV-B FINISHED ==================


