2025-08-30 15:20:22,793 - INFO - Logging initialized. Log file at: logs/20250830_152022_influenza_pipeline_run.log
2025-08-30 15:20:22,793 - INFO - ================== STARTING PIPELINE FOR: INFLUENZA ==================
2025-08-30 15:20:22,793 - INFO - --- Executing: /home/topcuoglu/miniconda3/envs/orh/bin/python src/02_preprocessing/ftp/prep_metadata_ftp.py --virus influenza --config config/config.yaml ---
2025-08-30 15:23:23,718 - INFO - Stdout from step:
INFO: Logging initialized. Log file at: logs/20250830_152023_influenza_02.1_prep_metadata_ftp.log
INFO: Loading raw metadata from data/raw/influenza/raw_metadata.csv...
INFO: Starting metadata processing...
INFO: Step 1: Applying filtering rules...
INFO:   Filtering complete. Kept 13620 rows out of 14342667.
INFO: Step 2: Renaming columns to standard format...
INFO: Step 3: Creating 'Pango lineage' column and setting to 'A.1'...
INFO: Step 4: Formatting Location and Date columns...
INFO:   - Formatting 'Location' column...
INFO:   - Formatting date columns...
INFO: Processing complete. Final DataFrame has 13620 rows.
INFO: Saving processed metadata (13620 rows) to data/processed/influenza/metadata.tsv...
INFO: Saving 13620 unique accession IDs to data/processed/influenza/influenza-accession-ids.txt...
INFO: Script finished successfully.

2025-08-30 15:23:23,718 - WARNING - Stderr from step:
/home/topcuoglu/openrecombinhunt/src/02_preprocessing/ftp/prep_metadata_ftp.py:128: SettingWithCopyWarning: 
A value is trying to be set on a copy of a slice from a DataFrame.
Try using .loc[row_indexer,col_indexer] = value instead

See the caveats in the documentation: https://pandas.pydata.org/pandas-docs/stable/user_guide/indexing.html#returning-a-view-versus-a-copy
  df_final['Location'] = "North America / " + df_final['Location']

2025-08-30 15:23:23,718 - INFO - --- Step Succeeded: /home/topcuoglu/miniconda3/envs/orh/bin/python src/02_preprocessing/ftp/prep_metadata_ftp.py --virus influenza --config config/config.yaml ---
2025-08-30 15:23:23,718 - INFO - --- Executing: /home/topcuoglu/miniconda3/envs/orh/bin/python src/02_preprocessing/ftp/fetch_ftp_sequences_by_id.py --virus influenza --config config/config.yaml ---
2025-08-30 15:23:30,050 - INFO - Stdout from step:
INFO: Logging initialized. Log file at: logs/20250830_152324_influenza_02.2_fetch_sequences_by_id.log
INFO: --- Starting Step 2.2: Fetch Sequences by ID for 'influenza' ---
INFO: Created temporary working directory: data/processed/influenza/temp_fetch_sequences
INFO: Executing: datasets download virus genome accession --inputfile influenza-accession-ids.txt --filename influenza-sequences.zip
INFO: Unzipping data/processed/influenza/temp_fetch_sequences/influenza-sequences.zip...
INFO: Found: data/processed/influenza/temp_fetch_sequences/ncbi_dataset/data/genomic.fna. Moving and renaming to data/processed/influenza/sequences.fasta
INFO: Cleaning up temporary working directory...
INFO: Cleanup complete.
INFO: Sequence fetching step finished successfully.

2025-08-30 15:23:30,051 - INFO - --- Step Succeeded: /home/topcuoglu/miniconda3/envs/orh/bin/python src/02_preprocessing/ftp/fetch_ftp_sequences_by_id.py --virus influenza --config config/config.yaml ---
2025-08-30 15:23:30,051 - INFO - --- Executing: /home/topcuoglu/miniconda3/envs/orh/bin/python src/02_preprocessing/ftp/fetch_ftp_reference.py --virus influenza --config config/config.yaml ---
2025-08-30 15:23:31,022 - INFO - Stdout from step:
INFO: Logging initialized. Log file at: logs/20250830_152330_influenza_02.3_fetch_reference.log
INFO: --- Starting Step 2.3: Fetch Reference Sequence for 'influenza' ---
INFO: Found reference accession ID: NC_007362.1
INFO: Created temporary working directory: data/processed/influenza/temp_fetch_reference
INFO: Executing: datasets download virus genome accession NC_007362.1 --include genome --filename influenza-reference.zip
INFO: Unzipping data/processed/influenza/temp_fetch_reference/influenza-reference.zip...
INFO: Found: data/processed/influenza/temp_fetch_reference/ncbi_dataset/data/genomic.fna. Moving and renaming to data/processed/influenza/reference.fasta
INFO: Cleaning up temporary working directory...
INFO: Cleanup complete.
INFO: Reference sequence fetching step finished successfully.

2025-08-30 15:23:31,022 - INFO - --- Step Succeeded: /home/topcuoglu/miniconda3/envs/orh/bin/python src/02_preprocessing/ftp/fetch_ftp_reference.py --virus influenza --config config/config.yaml ---
2025-08-30 15:23:31,022 - INFO - --- Executing: /home/topcuoglu/miniconda3/envs/orh/bin/python src/03_haplocov/run_haplocov.py --virus influenza --config config/config.yaml ---
2025-08-30 15:24:41,348 - INFO - Stdout from step:
INFO: Logging initialized. Log file at: logs/20250830_152331_influenza_03_run_haplocov.log
INFO: --- Starting Step 3: Run HaploCoV for 'influenza' ---
INFO: Created temporary working directory: results/haplocov_output/influenza/dist5size50/temp_work
INFO: Creating symbolic links for input files in temporary directory...
INFO: Executing HaploCoV with designation_mode: 'haplocov'
INFO: Executing: perl ../../../../../libs/haplocov/addToTableNCBI.pl --metadata metadata.tsv --ref reference.fasta --seq sequences.fasta --outfile out.HaploCoV --nproc 16
INFO: Executing: perl ../../../../../libs/haplocov/computeDefining.pl out.HaploCoV
INFO: Executing: perl ../../../../../libs/haplocov/assign.pl --dfile out.HaploCoV.definingVariants.txt --infile out.HaploCoV --outfile out.HaploCoV.assigned
INFO: Executing: perl ../../../../../libs/haplocov/augmentClusters.pl --metafile out.HaploCoV.assigned --deffile out.HaploCoV.definingVariants.txt --posFile out.HaploCoV.frequentVariants.txt --outfile out.HaploCoV.definingVariantsNew.txt --dist 5 --size 50
INFO: Executing: perl ../../../../../libs/haplocov/assign.pl --dfile out.HaploCoV.definingVariantsNew.txt --infile out.HaploCoV --outfile out.HaploCoV.assignedNew
INFO: Executing: cut -f 10 out.HaploCoV.assignedNew | sort | uniq -c > influenza-report.txt
INFO: Moving final output file 'out.HaploCoV.assignedNew' to 'results/haplocov_output/influenza/dist5size50/haplocov_assigned.tsv'
INFO: HaploCoV step completed.
INFO: HaploCoV step finished successfully.

2025-08-30 15:24:41,348 - INFO - --- Step Succeeded: /home/topcuoglu/miniconda3/envs/orh/bin/python src/03_haplocov/run_haplocov.py --virus influenza --config config/config.yaml ---
2025-08-30 15:24:41,348 - INFO - --- Executing: /home/topcuoglu/miniconda3/envs/orh/bin/python src/04_postprocessing/format_haplocov_variations.py --virus influenza --config config/config.yaml ---
2025-08-30 15:24:43,655 - INFO - Stdout from step:
INFO: Logging initialized. Log file at: logs/20250830_152441_influenza_04_postprocess_haplocov.log
INFO: Loading HaploCoV output from: results/haplocov_output/influenza/dist5size50/haplocov_assigned.tsv
INFO: Reformatting mutations in the 'listV' column...
INFO: Saving reformatted data to: results/haplocov_output/influenza/dist5size50/haplocov_reformatted.tsv
INFO: Script finished successfully.

2025-08-30 15:24:43,656 - WARNING - Stderr from step:

Formatting mutations:   0%|          | 0/13619 [00:00<?, ?it/s]
Formatting mutations:  11%|█         | 1502/13619 [00:00<00:00, 15013.11it/s]
Formatting mutations:  22%|██▏       | 3058/13619 [00:00<00:00, 15333.49it/s]
Formatting mutations:  34%|███▍      | 4602/13619 [00:00<00:00, 15377.39it/s]
Formatting mutations:  45%|████▌     | 6155/13619 [00:00<00:00, 15433.94it/s]
Formatting mutations:  57%|█████▋    | 7700/13619 [00:00<00:00, 15436.55it/s]
Formatting mutations:  68%|██████▊   | 9244/13619 [00:00<00:00, 15393.12it/s]
Formatting mutations:  79%|███████▉  | 10784/13619 [00:00<00:00, 15291.49it/s]
Formatting mutations:  91%|█████████ | 12329/13619 [00:00<00:00, 15339.84it/s]
Formatting mutations: 100%|██████████| 13619/13619 [00:00<00:00, 15347.31it/s]

2025-08-30 15:24:43,656 - INFO - --- Step Succeeded: /home/topcuoglu/miniconda3/envs/orh/bin/python src/04_postprocessing/format_haplocov_variations.py --virus influenza --config config/config.yaml ---
2025-08-30 15:24:43,656 - INFO - --- Executing: /home/topcuoglu/miniconda3/envs/orh/bin/python src/05_prepare_recombinhunt/create_environment.py --virus influenza --config config/config.yaml ---
2025-08-30 15:24:47,052 - INFO - Stdout from step:
INFO: Logging initialized. Log file at: logs/20250830_152444_influenza_05.1_create_environment.log
INFO: Virus is 'influenza'. Using HaploCoV reformatted output as input.
INFO: Environment files will be saved to: environments/influenza/dist5size50
INFO: Loading data from: results/haplocov_output/influenza/dist5size50/haplocov_reformatted.tsv
INFO: Initial row count: 13,619
INFO: Dropped 1 rows with missing or empty 'mutations' column.
INFO: Row count after cleaning: 13,618
INFO: Calculating change probabilities...
INFO:   Total sequences for calculation: 13,618
INFO:   Found 1,910 unique mutations across all sequences.
INFO:   Finished calculating change probabilities. Shape of result: (1910, 2)
INFO: Calculating genome and variation counts per lineage...
INFO:   Found 15 unique lineages in the dataset.
INFO:   Finished calculating genome and variation counts.
INFO: 
Calculating 'lc_df.parquet'...
INFO: 
--- Running common logic: calculating lineage mutation frequencies ---
INFO: Selected 15 lineages with at least 10 genomes.
INFO: Removed 0 mutations that were not characteristic of any lineage.
INFO: lc_df calculation complete.
INFO: 
Calculating 'change2lineage_probability.parquet'...
INFO: 
--- Running common logic: calculating lineage mutation frequencies ---
INFO: Selected 15 lineages with at least 10 genomes.
INFO: change2lineage_probability calculation complete.
INFO: 
Calculating 'lc_quality_df.parquet'...
INFO: lc_quality_df calculation complete.
INFO: Saving environment files...
INFO: Environment creation complete.

2025-08-30 15:24:47,053 - INFO - --- Step Succeeded: /home/topcuoglu/miniconda3/envs/orh/bin/python src/05_prepare_recombinhunt/create_environment.py --virus influenza --config config/config.yaml ---
2025-08-30 15:24:47,053 - INFO - --- Executing: /home/topcuoglu/miniconda3/envs/orh/bin/python src/05_prepare_recombinhunt/create_samples.py --virus influenza --config config/config.yaml ---
2025-08-30 15:24:48,440 - INFO - Stdout from step:
INFO: Logging initialized. Log file at: logs/20250830_152447_influenza_05.2_create_samples.log
INFO: --- Starting Step 5.2: Create Samples for 'influenza' ---
INFO: Virus is 'influenza'. Using HaploCoV reformatted output as input.
INFO: Sample files will be saved to: samples/influenza/dist5size50
INFO: Loading data from: results/haplocov_output/influenza/dist5size50/haplocov_reformatted.tsv
INFO: Cleaning data by dropping rows with missing pangoLin or mutations...
WARNING: Found 1 sequences with missing 'mutations'. They will be dropped.
WARNING:   Dropped IDs (missing mutations): ['PV846325.1']
INFO: Initially, there were 13619 rows.
INFO: Data cleaning complete. 13618 rows remaining for sample creation.
INFO: Grouping by lineage and creating sample files...
INFO:   Saved: samples/influenza/dist5size50/samples_A.1.csv (3213 rows)
INFO:   Saved: samples/influenza/dist5size50/samples_A.1.NmC1.csv (1279 rows)
INFO:   Saved: samples/influenza/dist5size50/samples_A.1.NmC10.csv (95 rows)
INFO:   Saved: samples/influenza/dist5size50/samples_A.1.NmC11.csv (114 rows)
INFO:   Saved: samples/influenza/dist5size50/samples_A.1.NmC12.csv (640 rows)
INFO:   Saved: samples/influenza/dist5size50/samples_A.1.NmC13.csv (668 rows)
INFO:   Saved: samples/influenza/dist5size50/samples_A.1.NmC14.csv (72 rows)
INFO:   Saved: samples/influenza/dist5size50/samples_A.1.NmC2.csv (1989 rows)
INFO:   Saved: samples/influenza/dist5size50/samples_A.1.NmC3.csv (406 rows)
INFO:   Saved: samples/influenza/dist5size50/samples_A.1.NmC4.csv (1744 rows)
INFO:   Saved: samples/influenza/dist5size50/samples_A.1.NmC5.csv (1745 rows)
INFO:   Saved: samples/influenza/dist5size50/samples_A.1.NmC6.csv (294 rows)
INFO:   Saved: samples/influenza/dist5size50/samples_A.1.NmC7.csv (1060 rows)
INFO:   Saved: samples/influenza/dist5size50/samples_A.1.NmC8.csv (84 rows)
INFO:   Saved: samples/influenza/dist5size50/samples_A.1.NmC9.csv (215 rows)
INFO: Saving lineage count summary to: samples/influenza/dist5size50/samples_total.json
INFO: Sample creation step finished successfully.

2025-08-30 15:24:48,441 - INFO - --- Step Succeeded: /home/topcuoglu/miniconda3/envs/orh/bin/python src/05_prepare_recombinhunt/create_samples.py --virus influenza --config config/config.yaml ---
2025-08-30 15:24:48,441 - INFO - --- Executing: /home/topcuoglu/miniconda3/envs/orh/bin/python src/06_recombinhunt/run_recombinhunt.py --virus influenza --config config/config.yaml ---
2025-08-30 15:32:43,777 - INFO - Stdout from step:
INFO: Logging initialized. Log file at: logs/20250830_152449_influenza_06_run_recombinhunt.log
INFO: --- Starting Step 6: Run RecombinHunt for 'influenza' ---
INFO: Loading RecombinHunt environment from: environments/influenza/dist5size50
Starting formal checks of the environment...
INFO: Loading lineage totals from 'samples/influenza/dist5size50/samples_total.json'
INFO: Found 15 sample files in 'samples/influenza/dist5size50'.
INFO:   Lineage 'A.1.NmC3', Mode 'all': Processing all 406 samples.
WARNING: Gap made of only target mutations (How can it be? It's an almost impossible condition). Target mutation that minimizes the loss has been assigned to the right region).
WARNING: Gap made of only target mutations (How can it be? It's an almost impossible condition). Target mutation that minimizes the loss has been assigned to the right region).
INFO:   Lineage 'A.1.NmC9', Mode 'all': Processing all 215 samples.
INFO:   Lineage 'A.1.NmC12', Mode 'all': Processing all 640 samples.
WARNING: Gap made of only target mutations (How can it be? It's an almost impossible condition). Target mutation that minimizes the loss has been assigned to the right region).
WARNING: Gap made of only target mutations (How can it be? It's an almost impossible condition). Target mutation that minimizes the loss has been assigned to the right region).
WARNING: Gap made of only target mutations (How can it be? It's an almost impossible condition). Target mutation that minimizes the loss has been assigned to the right region).
WARNING: Gap made of only target mutations (How can it be? It's an almost impossible condition). Target mutation that minimizes the loss has been assigned to the right region).
WARNING: Gap made of only target mutations (How can it be? It's an almost impossible condition). Target mutation that minimizes the loss has been assigned to the right region).
WARNING: Gap made of only target mutations (How can it be? It's an almost impossible condition). Target mutation that minimizes the loss has been assigned to the right region).
WARNING: Gap made of only target mutations (How can it be? It's an almost impossible condition). Target mutation that minimizes the loss has been assigned to the right region).
WARNING: Gap made of only target mutations (How can it be? It's an almost impossible condition). Target mutation that minimizes the loss has been assigned to the right region).
WARNING: Gap made of only target mutations (How can it be? It's an almost impossible condition). Target mutation that minimizes the loss has been assigned to the right region).
WARNING: Gap made of only target mutations (How can it be? It's an almost impossible condition). Target mutation that minimizes the loss has been assigned to the right region).
WARNING: Gap made of only target mutations (How can it be? It's an almost impossible condition). Target mutation that minimizes the loss has been assigned to the right region).
INFO:   Lineage 'A.1.NmC7', Mode 'all': Processing all 1060 samples.
WARNING: Gap made of only target mutations (How can it be? It's an almost impossible condition). Target mutation that minimizes the loss has been assigned to the right region).
WARNING: Gap made of only target mutations (How can it be? It's an almost impossible condition). Target mutation that minimizes the loss has been assigned to the right region).
WARNING: Gap made of only target mutations (How can it be? It's an almost impossible condition). Target mutation that minimizes the loss has been assigned to the right region).
WARNING: Gap made of only target mutations (How can it be? It's an almost impossible condition). Target mutation that minimizes the loss has been assigned to the right region).
WARNING: Gap made of only target mutations (How can it be? It's an almost impossible condition). Target mutation that minimizes the loss has been assigned to the right region).
WARNING: Gap made of only target mutations (How can it be? It's an almost impossible condition). Target mutation that minimizes the loss has been assigned to the right region).
WARNING: Gap made of only target mutations (How can it be? It's an almost impossible condition). Target mutation that minimizes the loss has been assigned to the right region).
WARNING: Gap made of only target mutations (How can it be? It's an almost impossible condition). Target mutation that minimizes the loss has been assigned to the right region).
WARNING: Gap made of only target mutations (How can it be? It's an almost impossible condition). Target mutation that minimizes the loss has been assigned to the right region).
WARNING: Gap made of only target mutations (How can it be? It's an almost impossible condition). Target mutation that minimizes the loss has been assigned to the right region).
WARNING: Gap made of only target mutations (How can it be? It's an almost impossible condition). Target mutation that minimizes the loss has been assigned to the right region).
WARNING: Gap made of only target mutations (How can it be? It's an almost impossible condition). Target mutation that minimizes the loss has been assigned to the right region).
WARNING: Gap made of only target mutations (How can it be? It's an almost impossible condition). Target mutation that minimizes the loss has been assigned to the right region).
WARNING: Gap made of only target mutations (How can it be? It's an almost impossible condition). Target mutation that minimizes the loss has been assigned to the right region).
WARNING: Gap made of only target mutations (How can it be? It's an almost impossible condition). Target mutation that minimizes the loss has been assigned to the right region).
WARNING: Gap made of only target mutations (How can it be? It's an almost impossible condition). Target mutation that minimizes the loss has been assigned to the right region).
WARNING: Gap made of only target mutations (How can it be? It's an almost impossible condition). Target mutation that minimizes the loss has been assigned to the right region).
WARNING: Gap made of only target mutations (How can it be? It's an almost impossible condition). Target mutation that minimizes the loss has been assigned to the right region).
WARNING: Gap made of only target mutations (How can it be? It's an almost impossible condition). Target mutation that minimizes the loss has been assigned to the right region).
WARNING: Gap made of only target mutations (How can it be? It's an almost impossible condition). Target mutation that minimizes the loss has been assigned to the right region).
WARNING: Gap made of only target mutations (How can it be? It's an almost impossible condition). Target mutation that minimizes the loss has been assigned to the right region).
WARNING: Gap made of only target mutations (How can it be? It's an almost impossible condition). Target mutation that minimizes the loss has been assigned to the right region).
WARNING: Gap made of only target mutations (How can it be? It's an almost impossible condition). Target mutation that minimizes the loss has been assigned to the right region).
WARNING: Gap made of only target mutations (How can it be? It's an almost impossible condition). Target mutation that minimizes the loss has been assigned to the right region).
WARNING: Gap made of only target mutations (How can it be? It's an almost impossible condition). Target mutation that minimizes the loss has been assigned to the right region).
WARNING: Gap made of only target mutations (How can it be? It's an almost impossible condition). Target mutation that minimizes the loss has been assigned to the right region).
WARNING: Gap made of only target mutations (How can it be? It's an almost impossible condition). Target mutation that minimizes the loss has been assigned to the right region).
WARNING: Gap made of only target mutations (How can it be? It's an almost impossible condition). Target mutation that minimizes the loss has been assigned to the right region).
WARNING: Gap made of only target mutations (How can it be? It's an almost impossible condition). Target mutation that minimizes the loss has been assigned to the right region).
WARNING: Gap made of only target mutations (How can it be? It's an almost impossible condition). Target mutation that minimizes the loss has been assigned to the right region).
WARNING: Gap made of only target mutations (How can it be? It's an almost impossible condition). Target mutation that minimizes the loss has been assigned to the right region).
WARNING: Gap made of only target mutations (How can it be? It's an almost impossible condition). Target mutation that minimizes the loss has been assigned to the right region).
WARNING: Gap made of only target mutations (How can it be? It's an almost impossible condition). Target mutation that minimizes the loss has been assigned to the right region).
WARNING: Gap made of only target mutations (How can it be? It's an almost impossible condition). Target mutation that minimizes the loss has been assigned to the right region).
WARNING: Gap made of only target mutations (How can it be? It's an almost impossible condition). Target mutation that minimizes the loss has been assigned to the right region).
WARNING: Gap made of only target mutations (How can it be? It's an almost impossible condition). Target mutation that minimizes the loss has been assigned to the right region).
WARNING: Gap made of only target mutations (How can it be? It's an almost impossible condition). Target mutation that minimizes the loss has been assigned to the right region).
WARNING: Gap made of only target mutations (How can it be? It's an almost impossible condition). Target mutation that minimizes the loss has been assigned to the right region).
WARNING: Gap made of only target mutations (How can it be? It's an almost impossible condition). Target mutation that minimizes the loss has been assigned to the right region).
WARNING: Gap made of only target mutations (How can it be? It's an almost impossible condition). Target mutation that minimizes the loss has been assigned to the right region).
WARNING: Gap made of only target mutations (How can it be? It's an almost impossible condition). Target mutation that minimizes the loss has been assigned to the right region).
WARNING: Gap made of only target mutations (How can it be? It's an almost impossible condition). Target mutation that minimizes the loss has been assigned to the right region).
WARNING: Gap made of only target mutations (How can it be? It's an almost impossible condition). Target mutation that minimizes the loss has been assigned to the right region).
WARNING: Gap made of only target mutations (How can it be? It's an almost impossible condition). Target mutation that minimizes the loss has been assigned to the right region).
WARNING: Gap made of only target mutations (How can it be? It's an almost impossible condition). Target mutation that minimizes the loss has been assigned to the right region).
WARNING: Gap made of only target mutations (How can it be? It's an almost impossible condition). Target mutation that minimizes the loss has been assigned to the right region).
WARNING: Gap made of only target mutations (How can it be? It's an almost impossible condition). Target mutation that minimizes the loss has been assigned to the right region).
WARNING: Gap made of only target mutations (How can it be? It's an almost impossible condition). Target mutation that minimizes the loss has been assigned to the right region).
INFO:   Lineage 'A.1.NmC2', Mode 'all': Processing all 1989 samples.
WARNING: Gap made of only target mutations (How can it be? It's an almost impossible condition). Target mutation that minimizes the loss has been assigned to the right region).
WARNING: Gap made of only target mutations (How can it be? It's an almost impossible condition). Target mutation that minimizes the loss has been assigned to the right region).
WARNING: Gap made of only target mutations (How can it be? It's an almost impossible condition). Target mutation that minimizes the loss has been assigned to the right region).
WARNING: Gap made of only target mutations (How can it be? It's an almost impossible condition). Target mutation that minimizes the loss has been assigned to the right region).
WARNING: Gap made of only target mutations (How can it be? It's an almost impossible condition). Target mutation that minimizes the loss has been assigned to the right region).
WARNING: Gap made of only target mutations (How can it be? It's an almost impossible condition). Target mutation that minimizes the loss has been assigned to the right region).
WARNING: Gap made of only target mutations (How can it be? It's an almost impossible condition). Target mutation that minimizes the loss has been assigned to the right region).
WARNING: Gap made of only target mutations (How can it be? It's an almost impossible condition). Target mutation that minimizes the loss has been assigned to the right region).
WARNING: Gap made of only target mutations (How can it be? It's an almost impossible condition). Target mutation that minimizes the loss has been assigned to the right region).
WARNING: Gap made of only target mutations (How can it be? It's an almost impossible condition). Target mutation that minimizes the loss has been assigned to the right region).
WARNING: Gap made of only target mutations (How can it be? It's an almost impossible condition). Target mutation that minimizes the loss has been assigned to the right region).
WARNING: Gap made of only target mutations (How can it be? It's an almost impossible condition). Target mutation that minimizes the loss has been assigned to the right region).
WARNING: Gap made of only target mutations (How can it be? It's an almost impossible condition). Target mutation that minimizes the loss has been assigned to the right region).
WARNING: Gap made of only target mutations (How can it be? It's an almost impossible condition). Target mutation that minimizes the loss has been assigned to the right region).
WARNING: Gap made of only target mutations (How can it be? It's an almost impossible condition). Target mutation that minimizes the loss has been assigned to the right region).
WARNING: Gap made of only target mutations (How can it be? It's an almost impossible condition). Target mutation that minimizes the loss has been assigned to the right region).
WARNING: Gap made of only target mutations (How can it be? It's an almost impossible condition). Target mutation that minimizes the loss has been assigned to the right region).
WARNING: Gap made of only target mutations (How can it be? It's an almost impossible condition). Target mutation that minimizes the loss has been assigned to the right region).
WARNING: Gap made of only target mutations (How can it be? It's an almost impossible condition). Target mutation that minimizes the loss has been assigned to the right region).
WARNING: Gap made of only target mutations (How can it be? It's an almost impossible condition). Target mutation that minimizes the loss has been assigned to the right region).
WARNING: Gap made of only target mutations (How can it be? It's an almost impossible condition). Target mutation that minimizes the loss has been assigned to the right region).
WARNING: Gap made of only target mutations (How can it be? It's an almost impossible condition). Target mutation that minimizes the loss has been assigned to the right region).
WARNING: Gap made of only target mutations (How can it be? It's an almost impossible condition). Target mutation that minimizes the loss has been assigned to the right region).
WARNING: Gap made of only target mutations (How can it be? It's an almost impossible condition). Target mutation that minimizes the loss has been assigned to the right region).
WARNING: Gap made of only target mutations (How can it be? It's an almost impossible condition). Target mutation that minimizes the loss has been assigned to the right region).
INFO:   Lineage 'A.1.NmC1', Mode 'all': Processing all 1279 samples.
WARNING: Gap made of only target mutations (How can it be? It's an almost impossible condition). Target mutation that minimizes the loss has been assigned to the right region).
WARNING: Gap made of only target mutations (How can it be? It's an almost impossible condition). Target mutation that minimizes the loss has been assigned to the right region).
WARNING: Gap made of only target mutations (How can it be? It's an almost impossible condition). Target mutation that minimizes the loss has been assigned to the right region).
WARNING: Gap made of only target mutations (How can it be? It's an almost impossible condition). Target mutation that minimizes the loss has been assigned to the right region).
WARNING: Gap made of only target mutations (How can it be? It's an almost impossible condition). Target mutation that minimizes the loss has been assigned to the right region).
WARNING: Gap made of only target mutations (How can it be? It's an almost impossible condition). Target mutation that minimizes the loss has been assigned to the right region).
WARNING: Gap made of only target mutations (How can it be? It's an almost impossible condition). Target mutation that minimizes the loss has been assigned to the right region).
WARNING: Gap made of only target mutations (How can it be? It's an almost impossible condition). Target mutation that minimizes the loss has been assigned to the right region).
WARNING: Gap made of only target mutations (How can it be? It's an almost impossible condition). Target mutation that minimizes the loss has been assigned to the right region).
WARNING: Gap made of only target mutations (How can it be? It's an almost impossible condition). Target mutation that minimizes the loss has been assigned to the right region).
INFO:   Lineage 'A.1.NmC11', Mode 'all': Processing all 114 samples.
INFO:   Lineage 'A.1', Mode 'all': Processing all 3213 samples.
WARNING: Gap made of only target mutations (How can it be? It's an almost impossible condition). Target mutation that minimizes the loss has been assigned to the right region).
WARNING: Gap made of only target mutations (How can it be? It's an almost impossible condition). Target mutation that minimizes the loss has been assigned to the right region).
WARNING: Gap made of only target mutations (How can it be? It's an almost impossible condition). Target mutation that minimizes the loss has been assigned to the right region).
WARNING: Gap made of only target mutations (How can it be? It's an almost impossible condition). Target mutation that minimizes the loss has been assigned to the right region).
WARNING: Gap made of only target mutations (How can it be? It's an almost impossible condition). Target mutation that minimizes the loss has been assigned to the right region).
WARNING: Gap made of only target mutations (How can it be? It's an almost impossible condition). Target mutation that minimizes the loss has been assigned to the right region).
WARNING: Gap made of only target mutations (How can it be? It's an almost impossible condition). Target mutation that minimizes the loss has been assigned to the right region).
WARNING: Gap made of only target mutations (How can it be? It's an almost impossible condition). Target mutation that minimizes the loss has been assigned to the right region).
WARNING: Gap made of only target mutations (How can it be? It's an almost impossible condition). Target mutation that minimizes the loss has been assigned to the right region).
WARNING: Gap made of only target mutations (How can it be? It's an almost impossible condition). Target mutation that minimizes the loss has been assigned to the right region).
WARNING: Gap made of only target mutations (How can it be? It's an almost impossible condition). Target mutation that minimizes the loss has been assigned to the right region).
WARNING: Gap made of only target mutations (How can it be? It's an almost impossible condition). Target mutation that minimizes the loss has been assigned to the right region).
WARNING: Gap made of only target mutations (How can it be? It's an almost impossible condition). Target mutation that minimizes the loss has been assigned to the right region).
WARNING: Gap made of only target mutations (How can it be? It's an almost impossible condition). Target mutation that minimizes the loss has been assigned to the right region).
WARNING: Gap made of only target mutations (How can it be? It's an almost impossible condition). Target mutation that minimizes the loss has been assigned to the right region).
WARNING: Gap made of only target mutations (How can it be? It's an almost impossible condition). Target mutation that minimizes the loss has been assigned to the right region).
WARNING: Gap made of only target mutations (How can it be? It's an almost impossible condition). Target mutation that minimizes the loss has been assigned to the right region).
WARNING: Gap made of only target mutations (How can it be? It's an almost impossible condition). Target mutation that minimizes the loss has been assigned to the right region).
WARNING: Gap made of only target mutations (How can it be? It's an almost impossible condition). Target mutation that minimizes the loss has been assigned to the right region).
WARNING: Gap made of only target mutations (How can it be? It's an almost impossible condition). Target mutation that minimizes the loss has been assigned to the right region).
WARNING: Gap made of only target mutations (How can it be? It's an almost impossible condition). Target mutation that minimizes the loss has been assigned to the right region).
WARNING: Gap made of only target mutations (How can it be? It's an almost impossible condition). Target mutation that minimizes the loss has been assigned to the right region).
WARNING: Gap made of only target mutations (How can it be? It's an almost impossible condition). Target mutation that minimizes the loss has been assigned to the right region).
WARNING: Gap made of only target mutations (How can it be? It's an almost impossible condition). Target mutation that minimizes the loss has been assigned to the right region).
WARNING: Gap made of only target mutations (How can it be? It's an almost impossible condition). Target mutation that minimizes the loss has been assigned to the right region).
WARNING: Gap made of only target mutations (How can it be? It's an almost impossible condition). Target mutation that minimizes the loss has been assigned to the right region).
WARNING: Gap made of only target mutations (How can it be? It's an almost impossible condition). Target mutation that minimizes the loss has been assigned to the right region).
WARNING: Gap made of only target mutations (How can it be? It's an almost impossible condition). Target mutation that minimizes the loss has been assigned to the right region).
WARNING: Gap made of only target mutations (How can it be? It's an almost impossible condition). Target mutation that minimizes the loss has been assigned to the right region).
WARNING: Gap made of only target mutations (How can it be? It's an almost impossible condition). Target mutation that minimizes the loss has been assigned to the right region).
WARNING: Gap made of only target mutations (How can it be? It's an almost impossible condition). Target mutation that minimizes the loss has been assigned to the right region).
WARNING: Gap made of only target mutations (How can it be? It's an almost impossible condition). Target mutation that minimizes the loss has been assigned to the right region).
WARNING: Gap made of only target mutations (How can it be? It's an almost impossible condition). Target mutation that minimizes the loss has been assigned to the right region).
WARNING: Gap made of only target mutations (How can it be? It's an almost impossible condition). Target mutation that minimizes the loss has been assigned to the right region).
WARNING: Gap made of only target mutations (How can it be? It's an almost impossible condition). Target mutation that minimizes the loss has been assigned to the right region).
WARNING: Gap made of only target mutations (How can it be? It's an almost impossible condition). Target mutation that minimizes the loss has been assigned to the right region).
WARNING: Gap made of only target mutations (How can it be? It's an almost impossible condition). Target mutation that minimizes the loss has been assigned to the right region).
WARNING: Gap made of only target mutations (How can it be? It's an almost impossible condition). Target mutation that minimizes the loss has been assigned to the right region).
WARNING: Gap made of only target mutations (How can it be? It's an almost impossible condition). Target mutation that minimizes the loss has been assigned to the right region).
WARNING: Gap made of only target mutations (How can it be? It's an almost impossible condition). Target mutation that minimizes the loss has been assigned to the right region).
WARNING: Gap made of only target mutations (How can it be? It's an almost impossible condition). Target mutation that minimizes the loss has been assigned to the right region).
WARNING: Gap made of only target mutations (How can it be? It's an almost impossible condition). Target mutation that minimizes the loss has been assigned to the right region).
WARNING: Gap made of only target mutations (How can it be? It's an almost impossible condition). Target mutation that minimizes the loss has been assigned to the right region).
WARNING: Gap made of only target mutations (How can it be? It's an almost impossible condition). Target mutation that minimizes the loss has been assigned to the right region).
WARNING: Gap made of only target mutations (How can it be? It's an almost impossible condition). Target mutation that minimizes the loss has been assigned to the right region).
WARNING: Gap made of only target mutations (How can it be? It's an almost impossible condition). Target mutation that minimizes the loss has been assigned to the right region).
WARNING: Gap made of only target mutations (How can it be? It's an almost impossible condition). Target mutation that minimizes the loss has been assigned to the right region).
WARNING: Gap made of only target mutations (How can it be? It's an almost impossible condition). Target mutation that minimizes the loss has been assigned to the right region).
WARNING: Gap made of only target mutations (How can it be? It's an almost impossible condition). Target mutation that minimizes the loss has been assigned to the right region).
WARNING: Gap made of only target mutations (How can it be? It's an almost impossible condition). Target mutation that minimizes the loss has been assigned to the right region).
WARNING: Gap made of only target mutations (How can it be? It's an almost impossible condition). Target mutation that minimizes the loss has been assigned to the right region).
WARNING: Gap made of only target mutations (How can it be? It's an almost impossible condition). Target mutation that minimizes the loss has been assigned to the right region).
WARNING: Gap made of only target mutations (How can it be? It's an almost impossible condition). Target mutation that minimizes the loss has been assigned to the right region).
WARNING: Gap made of only target mutations (How can it be? It's an almost impossible condition). Target mutation that minimizes the loss has been assigned to the right region).
WARNING: Gap made of only target mutations (How can it be? It's an almost impossible condition). Target mutation that minimizes the loss has been assigned to the right region).
WARNING: Gap made of only target mutations (How can it be? It's an almost impossible condition). Target mutation that minimizes the loss has been assigned to the right region).
WARNING: Gap made of only target mutations (How can it be? It's an almost impossible condition). Target mutation that minimizes the loss has been assigned to the right region).
WARNING: Gap made of only target mutations (How can it be? It's an almost impossible condition). Target mutation that minimizes the loss has been assigned to the right region).
WARNING: Gap made of only target mutations (How can it be? It's an almost impossible condition). Target mutation that minimizes the loss has been assigned to the right region).
WARNING: Gap made of only target mutations (How can it be? It's an almost impossible condition). Target mutation that minimizes the loss has been assigned to the right region).
WARNING: Gap made of only target mutations (How can it be? It's an almost impossible condition). Target mutation that minimizes the loss has been assigned to the right region).
WARNING: Gap made of only target mutations (How can it be? It's an almost impossible condition). Target mutation that minimizes the loss has been assigned to the right region).
WARNING: Gap made of only target mutations (How can it be? It's an almost impossible condition). Target mutation that minimizes the loss has been assigned to the right region).
WARNING: Gap made of only target mutations (How can it be? It's an almost impossible condition). Target mutation that minimizes the loss has been assigned to the right region).
WARNING: Gap made of only target mutations (How can it be? It's an almost impossible condition). Target mutation that minimizes the loss has been assigned to the right region).
WARNING: Gap made of only target mutations (How can it be? It's an almost impossible condition). Target mutation that minimizes the loss has been assigned to the right region).
WARNING: Gap made of only target mutations (How can it be? It's an almost impossible condition). Target mutation that minimizes the loss has been assigned to the right region).
WARNING: Gap made of only target mutations (How can it be? It's an almost impossible condition). Target mutation that minimizes the loss has been assigned to the right region).
WARNING: Gap made of only target mutations (How can it be? It's an almost impossible condition). Target mutation that minimizes the loss has been assigned to the right region).
WARNING: Gap made of only target mutations (How can it be? It's an almost impossible condition). Target mutation that minimizes the loss has been assigned to the right region).
WARNING: Gap made of only target mutations (How can it be? It's an almost impossible condition). Target mutation that minimizes the loss has been assigned to the right region).
WARNING: Gap made of only target mutations (How can it be? It's an almost impossible condition). Target mutation that minimizes the loss has been assigned to the right region).
WARNING: Gap made of only target mutations (How can it be? It's an almost impossible condition). Target mutation that minimizes the loss has been assigned to the right region).
WARNING: Gap made of only target mutations (How can it be? It's an almost impossible condition). Target mutation that minimizes the loss has been assigned to the right region).
WARNING: Gap made of only target mutations (How can it be? It's an almost impossible condition). Target mutation that minimizes the loss has been assigned to the right region).
WARNING: Gap made of only target mutations (How can it be? It's an almost impossible condition). Target mutation that minimizes the loss has been assigned to the right region).
WARNING: Gap made of only target mutations (How can it be? It's an almost impossible condition). Target mutation that minimizes the loss has been assigned to the right region).
WARNING: Gap made of only target mutations (How can it be? It's an almost impossible condition). Target mutation that minimizes the loss has been assigned to the right region).
WARNING: Gap made of only target mutations (How can it be? It's an almost impossible condition). Target mutation that minimizes the loss has been assigned to the right region).
WARNING: Gap made of only target mutations (How can it be? It's an almost impossible condition). Target mutation that minimizes the loss has been assigned to the right region).
WARNING: Gap made of only target mutations (How can it be? It's an almost impossible condition). Target mutation that minimizes the loss has been assigned to the right region).
WARNING: Gap made of only target mutations (How can it be? It's an almost impossible condition). Target mutation that minimizes the loss has been assigned to the right region).
WARNING: Gap made of only target mutations (How can it be? It's an almost impossible condition). Target mutation that minimizes the loss has been assigned to the right region).
WARNING: Gap made of only target mutations (How can it be? It's an almost impossible condition). Target mutation that minimizes the loss has been assigned to the right region).
WARNING: Gap made of only target mutations (How can it be? It's an almost impossible condition). Target mutation that minimizes the loss has been assigned to the right region).
WARNING: Gap made of only target mutations (How can it be? It's an almost impossible condition). Target mutation that minimizes the loss has been assigned to the right region).
WARNING: Gap made of only target mutations (How can it be? It's an almost impossible condition). Target mutation that minimizes the loss has been assigned to the right region).
WARNING: Gap made of only target mutations (How can it be? It's an almost impossible condition). Target mutation that minimizes the loss has been assigned to the right region).
WARNING: Gap made of only target mutations (How can it be? It's an almost impossible condition). Target mutation that minimizes the loss has been assigned to the right region).
WARNING: Gap made of only target mutations (How can it be? It's an almost impossible condition). Target mutation that minimizes the loss has been assigned to the right region).
WARNING: Gap made of only target mutations (How can it be? It's an almost impossible condition). Target mutation that minimizes the loss has been assigned to the right region).
WARNING: Gap made of only target mutations (How can it be? It's an almost impossible condition). Target mutation that minimizes the loss has been assigned to the right region).
WARNING: Gap made of only target mutations (How can it be? It's an almost impossible condition). Target mutation that minimizes the loss has been assigned to the right region).
WARNING: Gap made of only target mutations (How can it be? It's an almost impossible condition). Target mutation that minimizes the loss has been assigned to the right region).
WARNING: Gap made of only target mutations (How can it be? It's an almost impossible condition). Target mutation that minimizes the loss has been assigned to the right region).
WARNING: Gap made of only target mutations (How can it be? It's an almost impossible condition). Target mutation that minimizes the loss has been assigned to the right region).
WARNING: Gap made of only target mutations (How can it be? It's an almost impossible condition). Target mutation that minimizes the loss has been assigned to the right region).
WARNING: Gap made of only target mutations (How can it be? It's an almost impossible condition). Target mutation that minimizes the loss has been assigned to the right region).
WARNING: Gap made of only target mutations (How can it be? It's an almost impossible condition). Target mutation that minimizes the loss has been assigned to the right region).
WARNING: Gap made of only target mutations (How can it be? It's an almost impossible condition). Target mutation that minimizes the loss has been assigned to the right region).
WARNING: Gap made of only target mutations (How can it be? It's an almost impossible condition). Target mutation that minimizes the loss has been assigned to the right region).
WARNING: Gap made of only target mutations (How can it be? It's an almost impossible condition). Target mutation that minimizes the loss has been assigned to the right region).
INFO:   Lineage 'A.1.NmC13', Mode 'all': Processing all 668 samples.
WARNING: Gap made of only target mutations (How can it be? It's an almost impossible condition). Target mutation that minimizes the loss has been assigned to the right region).
WARNING: Gap made of only target mutations (How can it be? It's an almost impossible condition). Target mutation that minimizes the loss has been assigned to the right region).
WARNING: Gap made of only target mutations (How can it be? It's an almost impossible condition). Target mutation that minimizes the loss has been assigned to the right region).
WARNING: Gap made of only target mutations (How can it be? It's an almost impossible condition). Target mutation that minimizes the loss has been assigned to the right region).
WARNING: Gap made of only target mutations (How can it be? It's an almost impossible condition). Target mutation that minimizes the loss has been assigned to the right region).
WARNING: Gap made of only target mutations (How can it be? It's an almost impossible condition). Target mutation that minimizes the loss has been assigned to the right region).
WARNING: Gap made of only target mutations (How can it be? It's an almost impossible condition). Target mutation that minimizes the loss has been assigned to the right region).
WARNING: Gap made of only target mutations (How can it be? It's an almost impossible condition). Target mutation that minimizes the loss has been assigned to the right region).
WARNING: Gap made of only target mutations (How can it be? It's an almost impossible condition). Target mutation that minimizes the loss has been assigned to the right region).
WARNING: Gap made of only target mutations (How can it be? It's an almost impossible condition). Target mutation that minimizes the loss has been assigned to the right region).
WARNING: Gap made of only target mutations (How can it be? It's an almost impossible condition). Target mutation that minimizes the loss has been assigned to the right region).
WARNING: Gap made of only target mutations (How can it be? It's an almost impossible condition). Target mutation that minimizes the loss has been assigned to the right region).
WARNING: Gap made of only target mutations (How can it be? It's an almost impossible condition). Target mutation that minimizes the loss has been assigned to the right region).
WARNING: Gap made of only target mutations (How can it be? It's an almost impossible condition). Target mutation that minimizes the loss has been assigned to the right region).
WARNING: Gap made of only target mutations (How can it be? It's an almost impossible condition). Target mutation that minimizes the loss has been assigned to the right region).
WARNING: Gap made of only target mutations (How can it be? It's an almost impossible condition). Target mutation that minimizes the loss has been assigned to the right region).
WARNING: Gap made of only target mutations (How can it be? It's an almost impossible condition). Target mutation that minimizes the loss has been assigned to the right region).
WARNING: Gap made of only target mutations (How can it be? It's an almost impossible condition). Target mutation that minimizes the loss has been assigned to the right region).
WARNING: Gap made of only target mutations (How can it be? It's an almost impossible condition). Target mutation that minimizes the loss has been assigned to the right region).
WARNING: Gap made of only target mutations (How can it be? It's an almost impossible condition). Target mutation that minimizes the loss has been assigned to the right region).
WARNING: Gap made of only target mutations (How can it be? It's an almost impossible condition). Target mutation that minimizes the loss has been assigned to the right region).
INFO:   Lineage 'A.1.NmC4', Mode 'all': Processing all 1744 samples.
WARNING: Gap made of only target mutations (How can it be? It's an almost impossible condition). Target mutation that minimizes the loss has been assigned to the right region).
WARNING: Gap made of only target mutations (How can it be? It's an almost impossible condition). Target mutation that minimizes the loss has been assigned to the right region).
WARNING: Gap made of only target mutations (How can it be? It's an almost impossible condition). Target mutation that minimizes the loss has been assigned to the right region).
WARNING: Gap made of only target mutations (How can it be? It's an almost impossible condition). Target mutation that minimizes the loss has been assigned to the right region).
WARNING: Gap made of only target mutations (How can it be? It's an almost impossible condition). Target mutation that minimizes the loss has been assigned to the right region).
WARNING: Gap made of only target mutations (How can it be? It's an almost impossible condition). Target mutation that minimizes the loss has been assigned to the right region).
WARNING: Gap made of only target mutations (How can it be? It's an almost impossible condition). Target mutation that minimizes the loss has been assigned to the right region).
WARNING: Gap made of only target mutations (How can it be? It's an almost impossible condition). Target mutation that minimizes the loss has been assigned to the right region).
WARNING: Gap made of only target mutations (How can it be? It's an almost impossible condition). Target mutation that minimizes the loss has been assigned to the right region).
WARNING: Gap made of only target mutations (How can it be? It's an almost impossible condition). Target mutation that minimizes the loss has been assigned to the right region).
WARNING: Gap made of only target mutations (How can it be? It's an almost impossible condition). Target mutation that minimizes the loss has been assigned to the right region).
WARNING: Gap made of only target mutations (How can it be? It's an almost impossible condition). Target mutation that minimizes the loss has been assigned to the right region).
WARNING: Gap made of only target mutations (How can it be? It's an almost impossible condition). Target mutation that minimizes the loss has been assigned to the right region).
WARNING: Gap made of only target mutations (How can it be? It's an almost impossible condition). Target mutation that minimizes the loss has been assigned to the right region).
WARNING: Gap made of only target mutations (How can it be? It's an almost impossible condition). Target mutation that minimizes the loss has been assigned to the right region).
WARNING: Gap made of only target mutations (How can it be? It's an almost impossible condition). Target mutation that minimizes the loss has been assigned to the right region).
WARNING: Gap made of only target mutations (How can it be? It's an almost impossible condition). Target mutation that minimizes the loss has been assigned to the right region).
WARNING: Gap made of only target mutations (How can it be? It's an almost impossible condition). Target mutation that minimizes the loss has been assigned to the right region).
WARNING: Gap made of only target mutations (How can it be? It's an almost impossible condition). Target mutation that minimizes the loss has been assigned to the right region).
WARNING: Gap made of only target mutations (How can it be? It's an almost impossible condition). Target mutation that minimizes the loss has been assigned to the right region).
WARNING: Gap made of only target mutations (How can it be? It's an almost impossible condition). Target mutation that minimizes the loss has been assigned to the right region).
WARNING: Gap made of only target mutations (How can it be? It's an almost impossible condition). Target mutation that minimizes the loss has been assigned to the right region).
WARNING: Gap made of only target mutations (How can it be? It's an almost impossible condition). Target mutation that minimizes the loss has been assigned to the right region).
WARNING: Gap made of only target mutations (How can it be? It's an almost impossible condition). Target mutation that minimizes the loss has been assigned to the right region).
WARNING: Gap made of only target mutations (How can it be? It's an almost impossible condition). Target mutation that minimizes the loss has been assigned to the right region).
WARNING: Gap made of only target mutations (How can it be? It's an almost impossible condition). Target mutation that minimizes the loss has been assigned to the right region).
WARNING: Gap made of only target mutations (How can it be? It's an almost impossible condition). Target mutation that minimizes the loss has been assigned to the right region).
WARNING: Gap made of only target mutations (How can it be? It's an almost impossible condition). Target mutation that minimizes the loss has been assigned to the right region).
WARNING: Gap made of only target mutations (How can it be? It's an almost impossible condition). Target mutation that minimizes the loss has been assigned to the right region).
WARNING: Gap made of only target mutations (How can it be? It's an almost impossible condition). Target mutation that minimizes the loss has been assigned to the right region).
WARNING: Gap made of only target mutations (How can it be? It's an almost impossible condition). Target mutation that minimizes the loss has been assigned to the right region).
WARNING: Gap made of only target mutations (How can it be? It's an almost impossible condition). Target mutation that minimizes the loss has been assigned to the right region).
WARNING: Gap made of only target mutations (How can it be? It's an almost impossible condition). Target mutation that minimizes the loss has been assigned to the right region).
WARNING: Gap made of only target mutations (How can it be? It's an almost impossible condition). Target mutation that minimizes the loss has been assigned to the right region).
WARNING: Gap made of only target mutations (How can it be? It's an almost impossible condition). Target mutation that minimizes the loss has been assigned to the right region).
WARNING: Gap made of only target mutations (How can it be? It's an almost impossible condition). Target mutation that minimizes the loss has been assigned to the right region).
WARNING: Gap made of only target mutations (How can it be? It's an almost impossible condition). Target mutation that minimizes the loss has been assigned to the right region).
WARNING: Gap made of only target mutations (How can it be? It's an almost impossible condition). Target mutation that minimizes the loss has been assigned to the right region).
WARNING: Gap made of only target mutations (How can it be? It's an almost impossible condition). Target mutation that minimizes the loss has been assigned to the right region).
WARNING: Gap made of only target mutations (How can it be? It's an almost impossible condition). Target mutation that minimizes the loss has been assigned to the right region).
WARNING: Gap made of only target mutations (How can it be? It's an almost impossible condition). Target mutation that minimizes the loss has been assigned to the right region).
WARNING: Gap made of only target mutations (How can it be? It's an almost impossible condition). Target mutation that minimizes the loss has been assigned to the right region).
WARNING: Gap made of only target mutations (How can it be? It's an almost impossible condition). Target mutation that minimizes the loss has been assigned to the right region).
WARNING: Gap made of only target mutations (How can it be? It's an almost impossible condition). Target mutation that minimizes the loss has been assigned to the right region).
WARNING: Gap made of only target mutations (How can it be? It's an almost impossible condition). Target mutation that minimizes the loss has been assigned to the right region).
WARNING: Gap made of only target mutations (How can it be? It's an almost impossible condition). Target mutation that minimizes the loss has been assigned to the right region).
WARNING: Gap made of only target mutations (How can it be? It's an almost impossible condition). Target mutation that minimizes the loss has been assigned to the right region).
WARNING: Gap made of only target mutations (How can it be? It's an almost impossible condition). Target mutation that minimizes the loss has been assigned to the right region).
WARNING: Gap made of only target mutations (How can it be? It's an almost impossible condition). Target mutation that minimizes the loss has been assigned to the right region).
WARNING: Gap made of only target mutations (How can it be? It's an almost impossible condition). Target mutation that minimizes the loss has been assigned to the right region).
WARNING: Gap made of only target mutations (How can it be? It's an almost impossible condition). Target mutation that minimizes the loss has been assigned to the right region).
WARNING: Gap made of only target mutations (How can it be? It's an almost impossible condition). Target mutation that minimizes the loss has been assigned to the right region).
WARNING: Gap made of only target mutations (How can it be? It's an almost impossible condition). Target mutation that minimizes the loss has been assigned to the right region).
WARNING: Gap made of only target mutations (How can it be? It's an almost impossible condition). Target mutation that minimizes the loss has been assigned to the right region).
WARNING: Gap made of only target mutations (How can it be? It's an almost impossible condition). Target mutation that minimizes the loss has been assigned to the right region).
WARNING: Gap made of only target mutations (How can it be? It's an almost impossible condition). Target mutation that minimizes the loss has been assigned to the right region).
WARNING: Gap made of only target mutations (How can it be? It's an almost impossible condition). Target mutation that minimizes the loss has been assigned to the right region).
WARNING: Gap made of only target mutations (How can it be? It's an almost impossible condition). Target mutation that minimizes the loss has been assigned to the right region).
WARNING: Gap made of only target mutations (How can it be? It's an almost impossible condition). Target mutation that minimizes the loss has been assigned to the right region).
WARNING: Gap made of only target mutations (How can it be? It's an almost impossible condition). Target mutation that minimizes the loss has been assigned to the right region).
WARNING: Gap made of only target mutations (How can it be? It's an almost impossible condition). Target mutation that minimizes the loss has been assigned to the right region).
WARNING: Gap made of only target mutations (How can it be? It's an almost impossible condition). Target mutation that minimizes the loss has been assigned to the right region).
WARNING: Gap made of only target mutations (How can it be? It's an almost impossible condition). Target mutation that minimizes the loss has been assigned to the right region).
WARNING: Gap made of only target mutations (How can it be? It's an almost impossible condition). Target mutation that minimizes the loss has been assigned to the right region).
WARNING: Gap made of only target mutations (How can it be? It's an almost impossible condition). Target mutation that minimizes the loss has been assigned to the right region).
WARNING: Gap made of only target mutations (How can it be? It's an almost impossible condition). Target mutation that minimizes the loss has been assigned to the right region).
WARNING: Gap made of only target mutations (How can it be? It's an almost impossible condition). Target mutation that minimizes the loss has been assigned to the right region).
WARNING: Gap made of only target mutations (How can it be? It's an almost impossible condition). Target mutation that minimizes the loss has been assigned to the right region).
WARNING: Gap made of only target mutations (How can it be? It's an almost impossible condition). Target mutation that minimizes the loss has been assigned to the right region).
WARNING: Gap made of only target mutations (How can it be? It's an almost impossible condition). Target mutation that minimizes the loss has been assigned to the right region).
WARNING: Gap made of only target mutations (How can it be? It's an almost impossible condition). Target mutation that minimizes the loss has been assigned to the right region).
WARNING: Gap made of only target mutations (How can it be? It's an almost impossible condition). Target mutation that minimizes the loss has been assigned to the right region).
WARNING: Gap made of only target mutations (How can it be? It's an almost impossible condition). Target mutation that minimizes the loss has been assigned to the right region).
WARNING: Gap made of only target mutations (How can it be? It's an almost impossible condition). Target mutation that minimizes the loss has been assigned to the right region).
WARNING: Gap made of only target mutations (How can it be? It's an almost impossible condition). Target mutation that minimizes the loss has been assigned to the right region).
WARNING: Gap made of only target mutations (How can it be? It's an almost impossible condition). Target mutation that minimizes the loss has been assigned to the right region).
WARNING: Gap made of only target mutations (How can it be? It's an almost impossible condition). Target mutation that minimizes the loss has been assigned to the right region).
WARNING: Gap made of only target mutations (How can it be? It's an almost impossible condition). Target mutation that minimizes the loss has been assigned to the right region).
WARNING: Gap made of only target mutations (How can it be? It's an almost impossible condition). Target mutation that minimizes the loss has been assigned to the right region).
WARNING: Gap made of only target mutations (How can it be? It's an almost impossible condition). Target mutation that minimizes the loss has been assigned to the right region).
WARNING: Gap made of only target mutations (How can it be? It's an almost impossible condition). Target mutation that minimizes the loss has been assigned to the right region).
WARNING: Gap made of only target mutations (How can it be? It's an almost impossible condition). Target mutation that minimizes the loss has been assigned to the right region).
WARNING: Gap made of only target mutations (How can it be? It's an almost impossible condition). Target mutation that minimizes the loss has been assigned to the right region).
WARNING: Gap made of only target mutations (How can it be? It's an almost impossible condition). Target mutation that minimizes the loss has been assigned to the right region).
WARNING: Gap made of only target mutations (How can it be? It's an almost impossible condition). Target mutation that minimizes the loss has been assigned to the right region).
WARNING: Gap made of only target mutations (How can it be? It's an almost impossible condition). Target mutation that minimizes the loss has been assigned to the right region).
WARNING: Gap made of only target mutations (How can it be? It's an almost impossible condition). Target mutation that minimizes the loss has been assigned to the right region).
WARNING: Gap made of only target mutations (How can it be? It's an almost impossible condition). Target mutation that minimizes the loss has been assigned to the right region).
WARNING: Gap made of only target mutations (How can it be? It's an almost impossible condition). Target mutation that minimizes the loss has been assigned to the right region).
WARNING: Gap made of only target mutations (How can it be? It's an almost impossible condition). Target mutation that minimizes the loss has been assigned to the right region).
WARNING: Gap made of only target mutations (How can it be? It's an almost impossible condition). Target mutation that minimizes the loss has been assigned to the right region).
WARNING: Gap made of only target mutations (How can it be? It's an almost impossible condition). Target mutation that minimizes the loss has been assigned to the right region).
WARNING: Gap made of only target mutations (How can it be? It's an almost impossible condition). Target mutation that minimizes the loss has been assigned to the right region).
WARNING: Gap made of only target mutations (How can it be? It's an almost impossible condition). Target mutation that minimizes the loss has been assigned to the right region).
WARNING: Gap made of only target mutations (How can it be? It's an almost impossible condition). Target mutation that minimizes the loss has been assigned to the right region).
WARNING: Gap made of only target mutations (How can it be? It's an almost impossible condition). Target mutation that minimizes the loss has been assigned to the right region).
WARNING: Gap made of only target mutations (How can it be? It's an almost impossible condition). Target mutation that minimizes the loss has been assigned to the right region).
WARNING: Gap made of only target mutations (How can it be? It's an almost impossible condition). Target mutation that minimizes the loss has been assigned to the right region).
WARNING: Gap made of only target mutations (How can it be? It's an almost impossible condition). Target mutation that minimizes the loss has been assigned to the right region).
WARNING: Gap made of only target mutations (How can it be? It's an almost impossible condition). Target mutation that minimizes the loss has been assigned to the right region).
WARNING: Gap made of only target mutations (How can it be? It's an almost impossible condition). Target mutation that minimizes the loss has been assigned to the right region).
WARNING: Gap made of only target mutations (How can it be? It's an almost impossible condition). Target mutation that minimizes the loss has been assigned to the right region).
WARNING: Gap made of only target mutations (How can it be? It's an almost impossible condition). Target mutation that minimizes the loss has been assigned to the right region).
WARNING: Gap made of only target mutations (How can it be? It's an almost impossible condition). Target mutation that minimizes the loss has been assigned to the right region).
WARNING: Gap made of only target mutations (How can it be? It's an almost impossible condition). Target mutation that minimizes the loss has been assigned to the right region).
WARNING: Gap made of only target mutations (How can it be? It's an almost impossible condition). Target mutation that minimizes the loss has been assigned to the right region).
WARNING: Gap made of only target mutations (How can it be? It's an almost impossible condition). Target mutation that minimizes the loss has been assigned to the right region).
WARNING: Gap made of only target mutations (How can it be? It's an almost impossible condition). Target mutation that minimizes the loss has been assigned to the right region).
WARNING: Gap made of only target mutations (How can it be? It's an almost impossible condition). Target mutation that minimizes the loss has been assigned to the right region).
WARNING: Gap made of only target mutations (How can it be? It's an almost impossible condition). Target mutation that minimizes the loss has been assigned to the right region).
WARNING: Gap made of only target mutations (How can it be? It's an almost impossible condition). Target mutation that minimizes the loss has been assigned to the right region).
WARNING: Gap made of only target mutations (How can it be? It's an almost impossible condition). Target mutation that minimizes the loss has been assigned to the right region).
WARNING: Gap made of only target mutations (How can it be? It's an almost impossible condition). Target mutation that minimizes the loss has been assigned to the right region).
WARNING: Gap made of only target mutations (How can it be? It's an almost impossible condition). Target mutation that minimizes the loss has been assigned to the right region).
WARNING: Gap made of only target mutations (How can it be? It's an almost impossible condition). Target mutation that minimizes the loss has been assigned to the right region).
WARNING: Gap made of only target mutations (How can it be? It's an almost impossible condition). Target mutation that minimizes the loss has been assigned to the right region).
WARNING: Gap made of only target mutations (How can it be? It's an almost impossible condition). Target mutation that minimizes the loss has been assigned to the right region).
WARNING: Gap made of only target mutations (How can it be? It's an almost impossible condition). Target mutation that minimizes the loss has been assigned to the right region).
WARNING: Gap made of only target mutations (How can it be? It's an almost impossible condition). Target mutation that minimizes the loss has been assigned to the right region).
WARNING: Gap made of only target mutations (How can it be? It's an almost impossible condition). Target mutation that minimizes the loss has been assigned to the right region).
WARNING: Gap made of only target mutations (How can it be? It's an almost impossible condition). Target mutation that minimizes the loss has been assigned to the right region).
WARNING: Gap made of only target mutations (How can it be? It's an almost impossible condition). Target mutation that minimizes the loss has been assigned to the right region).
WARNING: Gap made of only target mutations (How can it be? It's an almost impossible condition). Target mutation that minimizes the loss has been assigned to the right region).
WARNING: Gap made of only target mutations (How can it be? It's an almost impossible condition). Target mutation that minimizes the loss has been assigned to the right region).
WARNING: Gap made of only target mutations (How can it be? It's an almost impossible condition). Target mutation that minimizes the loss has been assigned to the right region).
WARNING: Gap made of only target mutations (How can it be? It's an almost impossible condition). Target mutation that minimizes the loss has been assigned to the right region).
WARNING: Gap made of only target mutations (How can it be? It's an almost impossible condition). Target mutation that minimizes the loss has been assigned to the right region).
WARNING: Gap made of only target mutations (How can it be? It's an almost impossible condition). Target mutation that minimizes the loss has been assigned to the right region).
WARNING: Gap made of only target mutations (How can it be? It's an almost impossible condition). Target mutation that minimizes the loss has been assigned to the right region).
WARNING: Gap made of only target mutations (How can it be? It's an almost impossible condition). Target mutation that minimizes the loss has been assigned to the right region).
WARNING: Gap made of only target mutations (How can it be? It's an almost impossible condition). Target mutation that minimizes the loss has been assigned to the right region).
WARNING: Gap made of only target mutations (How can it be? It's an almost impossible condition). Target mutation that minimizes the loss has been assigned to the right region).
WARNING: Gap made of only target mutations (How can it be? It's an almost impossible condition). Target mutation that minimizes the loss has been assigned to the right region).
WARNING: Gap made of only target mutations (How can it be? It's an almost impossible condition). Target mutation that minimizes the loss has been assigned to the right region).
WARNING: Gap made of only target mutations (How can it be? It's an almost impossible condition). Target mutation that minimizes the loss has been assigned to the right region).
WARNING: Gap made of only target mutations (How can it be? It's an almost impossible condition). Target mutation that minimizes the loss has been assigned to the right region).
INFO:   Lineage 'A.1.NmC14', Mode 'all': Processing all 72 samples.
WARNING: Gap made of only target mutations (How can it be? It's an almost impossible condition). Target mutation that minimizes the loss has been assigned to the right region).
INFO:   Lineage 'A.1.NmC10', Mode 'all': Processing all 95 samples.
INFO:   Lineage 'A.1.NmC6', Mode 'all': Processing all 294 samples.
INFO:   Lineage 'A.1.NmC8', Mode 'all': Processing all 84 samples.
INFO:   Lineage 'A.1.NmC5', Mode 'all': Processing all 1745 samples.
WARNING: Gap made of only target mutations (How can it be? It's an almost impossible condition). Target mutation that minimizes the loss has been assigned to the right region).
INFO: Recombinant summary saved to: results/recombinhunt_output/influenza/dist5size50/recombinant_summary.tsv
INFO: Saved extensive summary table to: results/recombinhunt_output/influenza/dist5size50/recombinant_summary_extensive.tsv
INFO: Text report saved to: results/recombinhunt_output/influenza/dist5size50/experiment-output.all.txt
INFO: HTML report saved to: results/recombinhunt_output/influenza/dist5size50/experiment-detail.all.html
INFO: RecombinHunt experiment step finished successfully.

2025-08-30 15:32:43,779 - WARNING - Stderr from step:
/home/topcuoglu/openrecombinhunt/libs/recombinhunt-cov-7.0.0/src/recombinhunt/core/environment.py:237: UserWarning: RecombinHunt 5.+ expects a candidates_hierarchy.json in the environment dir but the file is missing. Backward compatibility is possible by calling Environment.embed_candidates_hierarchy() with a CandidatesHierarchy object. Resorting to default CandidatesHierarchy.
  warnings.warn("RecombinHunt 5.+ expects a candidates_hierarchy.json in the environment dir but the file is missing. Backward compatibility is possible by"

Running Experiments:   0%|          | 0/15 [00:00<?, ?it/s]
Running Experiments:   7%|▋         | 1/15 [00:11<02:39, 11.43s/it]
Running Experiments:  13%|█▎        | 2/15 [00:21<02:21, 10.87s/it]
Running Experiments:  20%|██        | 3/15 [00:42<03:05, 15.44s/it]
Running Experiments:  27%|██▋       | 4/15 [01:17<04:15, 23.20s/it]
Running Experiments:  33%|███▎      | 5/15 [02:15<05:54, 35.44s/it]
Running Experiments:  40%|████      | 6/15 [03:01<05:52, 39.19s/it]
Running Experiments:  47%|████▋     | 7/15 [03:04<03:39, 27.48s/it]
Running Experiments:  53%|█████▎    | 8/15 [05:01<06:31, 55.99s/it]
Running Experiments:  60%|██████    | 9/15 [05:24<04:34, 45.69s/it]
Running Experiments:  67%|██████▋   | 10/15 [06:25<04:11, 50.28s/it]
Running Experiments:  73%|███████▎  | 11/15 [06:27<02:22, 35.54s/it]
Running Experiments:  80%|████████  | 12/15 [06:30<01:16, 25.55s/it]
Running Experiments:  87%|████████▋ | 13/15 [06:41<00:42, 21.23s/it]
Running Experiments:  93%|█████████▎| 14/15 [06:43<00:15, 15.53s/it]
Running Experiments: 100%|██████████| 15/15 [07:53<00:00, 31.95s/it]
Running Experiments: 100%|██████████| 15/15 [07:53<00:00, 31.60s/it]

2025-08-30 15:32:43,779 - INFO - --- Step Succeeded: /home/topcuoglu/miniconda3/envs/orh/bin/python src/06_recombinhunt/run_recombinhunt.py --virus influenza --config config/config.yaml ---
2025-08-30 15:32:43,780 - INFO - ================== PIPELINE FOR INFLUENZA FINISHED ==================


