2025-09-04 09:54:28,853 - INFO - Logging initialized. Log file at: logs/20250904_095428_zika_02.1_prep_metadata_ncbi.log
2025-09-04 09:54:28,853 - INFO - Loading raw metadata from data/raw/zika/raw_metadata.tsv...
2025-09-04 09:54:28,878 - INFO - Step 1: Applying quality filters from config and checking for special characters in ID...
2025-09-04 09:54:28,880 - INFO -   Filter 'Isolate Collection date notna None': Removed 397 rows.
2025-09-04 09:54:28,881 - INFO -   Filter 'Accession notna None': Removed 0 rows.
2025-09-04 09:54:28,882 - INFO -   Filter 'Length notna None': Removed 0 rows.
2025-09-04 09:54:28,884 - INFO -   Filter 'Length >= 9727': Removed 930 rows.
2025-09-04 09:54:28,886 - INFO -   Filter 'Special Chars in ID': Removed 0 rows.
2025-09-04 09:54:28,886 - INFO - Step 2: Processing lineage column...
2025-09-04 09:54:28,886 - INFO - No source lineage column specified ('NONE'). Assigning default lineage 'A.1' to all rows.
2025-09-04 09:54:28,886 - INFO - Step 3: Performing final formatting on date and location columns...
2025-09-04 09:54:28,888 - INFO - Formatting date columns...
2025-09-04 09:54:28,888 - INFO -   - Analyzing and formatting 'Collection date'
2025-09-04 09:54:28,892 - INFO -     Date format statistics for 'Collection date':
2025-09-04 09:54:28,892 - INFO -       YYYY-MM-DD format: 1030
2025-09-04 09:54:28,892 - INFO -       YYYY-MM format   : 124
2025-09-04 09:54:28,892 - INFO -       YYYY format      : 108
2025-09-04 09:54:28,893 - INFO -       Other/unparseable: 0
2025-09-04 09:54:28,893 - INFO -       Missing (NA)     : 0
2025-09-04 09:54:28,896 - INFO -   - Analyzing and formatting 'Submission date'
2025-09-04 09:54:28,900 - INFO -     Date format statistics for 'Submission date':
2025-09-04 09:54:28,900 - INFO -       YYYY-MM-DD format: 0
2025-09-04 09:54:28,900 - INFO -       YYYY-MM format   : 0
2025-09-04 09:54:28,900 - INFO -       YYYY format      : 0
2025-09-04 09:54:28,900 - INFO -       Other/unparseable: 1262
2025-09-04 09:54:28,901 - INFO -       Missing (NA)     : 0
2025-09-04 09:54:28,903 - INFO - Formatting 'Location' column by combining 'Geographic Region' and 'Geographic Location'...
2025-09-04 09:54:28,920 - INFO - Preprocessing complete. Final dataset has 1262 rows.
2025-09-04 09:54:28,921 - INFO - Saving processed metadata (1262 rows) to data/processed/zika/metadata.tsv...
2025-09-04 09:54:28,925 - INFO - Saving 1327 quality-filtered sequence IDs to data/processed/zika/filtered_sequence_ids.txt...
2025-09-04 09:54:28,925 - INFO - Saving 0 non-classified sequence IDs to data/processed/zika/non_classified_sequence_ids.txt...
2025-09-04 09:54:28,925 - INFO - Script finished successfully.
