2025-09-04 09:54:29,824 - INFO - Logging initialized. Log file at: logs/20250904_095429_zika_03_run_haplocov.log
2025-09-04 09:54:29,824 - INFO - --- Starting Step 3: Run HaploCoV for 'zika' ---
2025-09-04 09:54:29,825 - INFO - Created temporary working directory: results/haplocov_output/zika/dist3size10/temp_work
2025-09-04 09:54:29,825 - INFO - Creating symbolic links for input files in temporary directory...
2025-09-04 09:54:29,825 - INFO - Executing HaploCoV with designation_mode: 'haplocov'
2025-09-04 09:54:29,825 - INFO - Executing: perl ../../../../../libs/haplocov/addToTableNCBI.pl --metadata metadata.tsv --ref reference.fasta --seq sequences.fasta --outfile out.HaploCoV --nproc 16
2025-09-04 09:54:29,927 - ERROR - Command failed with exit code 255
2025-09-04 09:54:29,927 - ERROR - Command: perl ../../../../../libs/haplocov/addToTableNCBI.pl --metadata metadata.tsv --ref reference.fasta --seq sequences.fasta --outfile out.HaploCoV --nproc 16
2025-09-04 09:54:29,927 - ERROR - Stderr: No novel sequences were detected in your fasta file
Execution will stop here
Your Haplocov metadata file already contains all the metadata for all the genomes in the fasta file
Or the start date you set is way far ahead in the future. Please check

2025-09-04 09:54:29,927 - ERROR - Stdout: indexing out.HaploCoV
indexing done
Now reading input metadata file
metadata read done
Now subsetting the fasta file

2025-09-04 09:54:29,927 - INFO - HaploCoV step completed.
2025-09-04 09:54:29,928 - CRITICAL - HaploCoV step failed with a critical error: Command 'perl ../../../../../libs/haplocov/addToTableNCBI.pl --metadata metadata.tsv --ref reference.fasta --seq sequences.fasta --outfile out.HaploCoV --nproc 16' returned non-zero exit status 255.
Traceback (most recent call last):
  File "/home/topcuoglu/openrecombinhunt/src/03_haplocov/run_haplocov.py", line 147, in main
    run_haplocov_step(args.virus, config)
  File "/home/topcuoglu/openrecombinhunt/src/03_haplocov/run_haplocov.py", line 110, in run_haplocov_step
    run_command(command, working_dir=temp_work_dir)
  File "/home/topcuoglu/openrecombinhunt/src/utils/utils.py", line 53, in run_command
    result = subprocess.run(
  File "/home/topcuoglu/miniconda3/envs/orh/lib/python3.10/subprocess.py", line 526, in run
    raise CalledProcessError(retcode, process.args,
subprocess.CalledProcessError: Command 'perl ../../../../../libs/haplocov/addToTableNCBI.pl --metadata metadata.tsv --ref reference.fasta --seq sequences.fasta --outfile out.HaploCoV --nproc 16' returned non-zero exit status 255.
