2025-07-15 11:42:15,010 - INFO - Logging initialized. Log file at: logs/20250715_114215_rsv-b_05.2_create_samples.log
2025-07-15 11:42:15,011 - INFO - --- Starting Step 5.2: Create Samples for 'rsv-b' ---
2025-07-15 11:42:15,011 - INFO - Virus is 'rsv-b'. Using HaploCoV reformatted output as input.
2025-07-15 11:42:15,011 - INFO - Sample files will be saved to: samples/rsv-b/dist5size50
2025-07-15 11:42:15,011 - INFO - Loading data from: results/haplocov_output/rsv-b/dist5size50/haplocov_reformatted.tsv
2025-07-15 11:42:15,278 - INFO - Cleaning data by dropping rows with missing pangoLin or mutations...
2025-07-15 11:42:15,280 - WARNING - Found 1 sequences with missing 'mutations'. They will be dropped.
2025-07-15 11:42:15,280 - WARNING -   Dropped IDs (missing mutations): ['KY078406']
2025-07-15 11:42:15,285 - INFO - Initially, there were 17264 rows.
2025-07-15 11:42:15,285 - INFO - Data cleaning complete. 17263 rows remaining for sample creation.
2025-07-15 11:42:15,285 - INFO - Grouping by lineage and creating sample files...
2025-07-15 11:42:15,291 - INFO -   Saved: samples/rsv-b/dist5size50/samples_B.csv (19 rows)
2025-07-15 11:42:15,293 - INFO -   Saved: samples/rsv-b/dist5size50/samples_B.3.csv (35 rows)
2025-07-15 11:42:15,296 - INFO -   Saved: samples/rsv-b/dist5size50/samples_B.D.csv (193 rows)
2025-07-15 11:42:15,304 - INFO -   Saved: samples/rsv-b/dist5size50/samples_B.D.1.csv (399 rows)
2025-07-15 11:42:15,306 - INFO -   Saved: samples/rsv-b/dist5size50/samples_B.D.1.1.csv (103 rows)
2025-07-15 11:42:15,328 - INFO -   Saved: samples/rsv-b/dist5size50/samples_B.D.1.NmC1.csv (1410 rows)
2025-07-15 11:42:15,337 - INFO -   Saved: samples/rsv-b/dist5size50/samples_B.D.2.csv (655 rows)
2025-07-15 11:42:15,340 - INFO -   Saved: samples/rsv-b/dist5size50/samples_B.D.3.csv (215 rows)
2025-07-15 11:42:15,355 - INFO -   Saved: samples/rsv-b/dist5size50/samples_B.D.4.csv (2010 rows)
2025-07-15 11:42:15,361 - INFO -   Saved: samples/rsv-b/dist5size50/samples_B.D.4.1.csv (617 rows)
2025-07-15 11:42:15,369 - INFO -   Saved: samples/rsv-b/dist5size50/samples_B.D.4.1.1.csv (259 rows)
2025-07-15 11:42:15,397 - INFO -   Saved: samples/rsv-b/dist5size50/samples_B.D.4.1.1.NmC1.csv (2198 rows)
2025-07-15 11:42:15,538 - INFO -   Saved: samples/rsv-b/dist5size50/samples_B.D.4.1.2.csv (1251 rows)
2025-07-15 11:42:15,556 - INFO -   Saved: samples/rsv-b/dist5size50/samples_B.D.4.1.3.NmC1.csv (1267 rows)
2025-07-15 11:42:15,568 - INFO -   Saved: samples/rsv-b/dist5size50/samples_B.D.4.NmC1.csv (1292 rows)
2025-07-15 11:42:15,658 - INFO -   Saved: samples/rsv-b/dist5size50/samples_B.D.E.1.csv (714 rows)
2025-07-15 11:42:15,665 - INFO -   Saved: samples/rsv-b/dist5size50/samples_B.D.E.1.1.csv (46 rows)
2025-07-15 11:42:15,678 - INFO -   Saved: samples/rsv-b/dist5size50/samples_B.D.E.1.2.csv (89 rows)
2025-07-15 11:42:15,689 - INFO -   Saved: samples/rsv-b/dist5size50/samples_B.D.E.2.csv (1275 rows)
2025-07-15 11:42:15,847 - INFO -   Saved: samples/rsv-b/dist5size50/samples_B.D.E.4.csv (1317 rows)
2025-07-15 11:42:15,879 - INFO -   Saved: samples/rsv-b/dist5size50/samples_B.D.E.5.csv (277 rows)
2025-07-15 11:42:15,903 - INFO -   Saved: samples/rsv-b/dist5size50/samples_B.D.NmC1.csv (1622 rows)
2025-07-15 11:42:15,903 - INFO - Saving lineage count summary to: samples/rsv-b/dist5size50/samples_total.json
2025-07-15 11:42:15,907 - INFO - Sample creation step finished successfully.
